
AVRASM ver. 2.1.30  D:\Belajar\AVRProject2\03 Potensiometer\List\Potensio.asm Wed Sep 11 16:07:06 2019

                 
                 
                 ;CodeVisionAVR C Compiler V2.05.3 Standard
                 ;(C) Copyright 1998-2011 Pavel Haiduc, HP InfoTech s.r.l.
                 ;http://www.hpinfotech.com
                 
                 ;Chip type                : ATmega8535
                 ;Program type             : Application
                 ;Clock frequency          : 11.059200 MHz
                 ;Memory model             : Small
                 ;Optimize for             : Size
                 ;(s)printf features       : int, width
                 ;(s)scanf features        : int, width
                 ;External RAM size        : 0
                 ;Data Stack size          : 128 byte(s)
                 ;Heap size                : 0 byte(s)
                 ;Promote 'char' to 'int'  : Yes
                 ;'char' is unsigned       : Yes
                 ;8 bit enums              : Yes
                 ;Global 'const' stored in FLASH     : No
                 ;Enhanced function parameter passing: Yes
                 ;Enhanced core instructions         : On
                 ;Smart register allocation          : On
                 ;Automatic register allocation      : On
                 
                 	#pragma AVRPART ADMIN PART_NAME ATmega8535
                 	#pragma AVRPART MEMORY PROG_FLASH 8192
                 	#pragma AVRPART MEMORY EEPROM 512
                 	#pragma AVRPART MEMORY INT_SRAM SIZE 607
                 	#pragma AVRPART MEMORY INT_SRAM START_ADDR 0x60
                 
                 	.LISTMAC
                 	.EQU UDRE=0x5
                 	.EQU RXC=0x7
                 	.EQU USR=0xB
                 	.EQU UDR=0xC
                 	.EQU SPSR=0xE
                 	.EQU SPDR=0xF
                 	.EQU EERE=0x0
                 	.EQU EEWE=0x1
                 	.EQU EEMWE=0x2
                 	.EQU EECR=0x1C
                 	.EQU EEDR=0x1D
                 	.EQU EEARL=0x1E
                 	.EQU EEARH=0x1F
                 	.EQU WDTCR=0x21
                 	.EQU MCUCR=0x35
                 	.EQU GICR=0x3B
                 	.EQU SPL=0x3D
                 	.EQU SPH=0x3E
                 	.EQU SREG=0x3F
                 
                 	.DEF R0X0=R0
                 	.DEF R0X1=R1
                 	.DEF R0X2=R2
                 	.DEF R0X3=R3
                 	.DEF R0X4=R4
                 	.DEF R0X5=R5
                 	.DEF R0X6=R6
                 	.DEF R0X7=R7
                 	.DEF R0X8=R8
                 	.DEF R0X9=R9
                 	.DEF R0XA=R10
                 	.DEF R0XB=R11
                 	.DEF R0XC=R12
                 	.DEF R0XD=R13
                 	.DEF R0XE=R14
                 	.DEF R0XF=R15
                 	.DEF R0X10=R16
                 	.DEF R0X11=R17
                 	.DEF R0X12=R18
                 	.DEF R0X13=R19
                 	.DEF R0X14=R20
                 	.DEF R0X15=R21
                 	.DEF R0X16=R22
                 	.DEF R0X17=R23
                 	.DEF R0X18=R24
                 	.DEF R0X19=R25
                 	.DEF R0X1A=R26
                 	.DEF R0X1B=R27
                 	.DEF R0X1C=R28
                 	.DEF R0X1D=R29
                 	.DEF R0X1E=R30
                 	.DEF R0X1F=R31
                 
                 	.EQU __SRAM_START=0x0060
                 	.EQU __SRAM_END=0x025F
                 	.EQU __DSTACK_SIZE=0x0080
                 	.EQU __HEAP_SIZE=0x0000
                 	.EQU __CLEAR_SRAM_SIZE=__SRAM_END-__SRAM_START+1
                 
                 	.MACRO __CPD1N
                 	CPI  R30,LOW(@0)
                 	LDI  R26,HIGH(@0)
                 	CPC  R31,R26
                 	LDI  R26,BYTE3(@0)
                 	CPC  R22,R26
                 	LDI  R26,BYTE4(@0)
                 	CPC  R23,R26
                 	.ENDM
                 
                 	.MACRO __CPD2N
                 	CPI  R26,LOW(@0)
                 	LDI  R30,HIGH(@0)
                 	CPC  R27,R30
                 	LDI  R30,BYTE3(@0)
                 	CPC  R24,R30
                 	LDI  R30,BYTE4(@0)
                 	CPC  R25,R30
                 	.ENDM
                 
                 	.MACRO __CPWRR
                 	CP   R@0,R@2
                 	CPC  R@1,R@3
                 	.ENDM
                 
                 	.MACRO __CPWRN
                 	CPI  R@0,LOW(@2)
                 	LDI  R30,HIGH(@2)
                 	CPC  R@1,R30
                 	.ENDM
                 
                 	.MACRO __ADDB1MN
                 	SUBI R30,LOW(-@0-(@1))
                 	.ENDM
                 
                 	.MACRO __ADDB2MN
                 	SUBI R26,LOW(-@0-(@1))
                 	.ENDM
                 
                 	.MACRO __ADDW1MN
                 	SUBI R30,LOW(-@0-(@1))
                 	SBCI R31,HIGH(-@0-(@1))
                 	.ENDM
                 
                 	.MACRO __ADDW2MN
                 	SUBI R26,LOW(-@0-(@1))
                 	SBCI R27,HIGH(-@0-(@1))
                 	.ENDM
                 
                 	.MACRO __ADDW1FN
                 	SUBI R30,LOW(-2*@0-(@1))
                 	SBCI R31,HIGH(-2*@0-(@1))
                 	.ENDM
                 
                 	.MACRO __ADDD1FN
                 	SUBI R30,LOW(-2*@0-(@1))
                 	SBCI R31,HIGH(-2*@0-(@1))
                 	SBCI R22,BYTE3(-2*@0-(@1))
                 	.ENDM
                 
                 	.MACRO __ADDD1N
                 	SUBI R30,LOW(-@0)
                 	SBCI R31,HIGH(-@0)
                 	SBCI R22,BYTE3(-@0)
                 	SBCI R23,BYTE4(-@0)
                 	.ENDM
                 
                 	.MACRO __ADDD2N
                 	SUBI R26,LOW(-@0)
                 	SBCI R27,HIGH(-@0)
                 	SBCI R24,BYTE3(-@0)
                 	SBCI R25,BYTE4(-@0)
                 	.ENDM
                 
                 	.MACRO __SUBD1N
                 	SUBI R30,LOW(@0)
                 	SBCI R31,HIGH(@0)
                 	SBCI R22,BYTE3(@0)
                 	SBCI R23,BYTE4(@0)
                 	.ENDM
                 
                 	.MACRO __SUBD2N
                 	SUBI R26,LOW(@0)
                 	SBCI R27,HIGH(@0)
                 	SBCI R24,BYTE3(@0)
                 	SBCI R25,BYTE4(@0)
                 	.ENDM
                 
                 	.MACRO __ANDBMNN
                 	LDS  R30,@0+(@1)
                 	ANDI R30,LOW(@2)
                 	STS  @0+(@1),R30
                 	.ENDM
                 
                 	.MACRO __ANDWMNN
                 	LDS  R30,@0+(@1)
                 	ANDI R30,LOW(@2)
                 	STS  @0+(@1),R30
                 	LDS  R30,@0+(@1)+1
                 	ANDI R30,HIGH(@2)
                 	STS  @0+(@1)+1,R30
                 	.ENDM
                 
                 	.MACRO __ANDD1N
                 	ANDI R30,LOW(@0)
                 	ANDI R31,HIGH(@0)
                 	ANDI R22,BYTE3(@0)
                 	ANDI R23,BYTE4(@0)
                 	.ENDM
                 
                 	.MACRO __ANDD2N
                 	ANDI R26,LOW(@0)
                 	ANDI R27,HIGH(@0)
                 	ANDI R24,BYTE3(@0)
                 	ANDI R25,BYTE4(@0)
                 	.ENDM
                 
                 	.MACRO __ORBMNN
                 	LDS  R30,@0+(@1)
                 	ORI  R30,LOW(@2)
                 	STS  @0+(@1),R30
                 	.ENDM
                 
                 	.MACRO __ORWMNN
                 	LDS  R30,@0+(@1)
                 	ORI  R30,LOW(@2)
                 	STS  @0+(@1),R30
                 	LDS  R30,@0+(@1)+1
                 	ORI  R30,HIGH(@2)
                 	STS  @0+(@1)+1,R30
                 	.ENDM
                 
                 	.MACRO __ORD1N
                 	ORI  R30,LOW(@0)
                 	ORI  R31,HIGH(@0)
                 	ORI  R22,BYTE3(@0)
                 	ORI  R23,BYTE4(@0)
                 	.ENDM
                 
                 	.MACRO __ORD2N
                 	ORI  R26,LOW(@0)
                 	ORI  R27,HIGH(@0)
                 	ORI  R24,BYTE3(@0)
                 	ORI  R25,BYTE4(@0)
                 	.ENDM
                 
                 	.MACRO __DELAY_USB
                 	LDI  R24,LOW(@0)
                 __DELAY_USB_LOOP:
                 	DEC  R24
                 	BRNE __DELAY_USB_LOOP
                 	.ENDM
                 
                 	.MACRO __DELAY_USW
                 	LDI  R24,LOW(@0)
                 	LDI  R25,HIGH(@0)
                 __DELAY_USW_LOOP:
                 	SBIW R24,1
                 	BRNE __DELAY_USW_LOOP
                 	.ENDM
                 
                 	.MACRO __GETD1S
                 	LDD  R30,Y+@0
                 	LDD  R31,Y+@0+1
                 	LDD  R22,Y+@0+2
                 	LDD  R23,Y+@0+3
                 	.ENDM
                 
                 	.MACRO __GETD2S
                 	LDD  R26,Y+@0
                 	LDD  R27,Y+@0+1
                 	LDD  R24,Y+@0+2
                 	LDD  R25,Y+@0+3
                 	.ENDM
                 
                 	.MACRO __PUTD1S
                 	STD  Y+@0,R30
                 	STD  Y+@0+1,R31
                 	STD  Y+@0+2,R22
                 	STD  Y+@0+3,R23
                 	.ENDM
                 
                 	.MACRO __PUTD2S
                 	STD  Y+@0,R26
                 	STD  Y+@0+1,R27
                 	STD  Y+@0+2,R24
                 	STD  Y+@0+3,R25
                 	.ENDM
                 
                 	.MACRO __PUTDZ2
                 	STD  Z+@0,R26
                 	STD  Z+@0+1,R27
                 	STD  Z+@0+2,R24
                 	STD  Z+@0+3,R25
                 	.ENDM
                 
                 	.MACRO __CLRD1S
                 	STD  Y+@0,R30
                 	STD  Y+@0+1,R30
                 	STD  Y+@0+2,R30
                 	STD  Y+@0+3,R30
                 	.ENDM
                 
                 	.MACRO __POINTB1MN
                 	LDI  R30,LOW(@0+(@1))
                 	.ENDM
                 
                 	.MACRO __POINTW1MN
                 	LDI  R30,LOW(@0+(@1))
                 	LDI  R31,HIGH(@0+(@1))
                 	.ENDM
                 
                 	.MACRO __POINTD1M
                 	LDI  R30,LOW(@0)
                 	LDI  R31,HIGH(@0)
                 	LDI  R22,BYTE3(@0)
                 	LDI  R23,BYTE4(@0)
                 	.ENDM
                 
                 	.MACRO __POINTW1FN
                 	LDI  R30,LOW(2*@0+(@1))
                 	LDI  R31,HIGH(2*@0+(@1))
                 	.ENDM
                 
                 	.MACRO __POINTD1FN
                 	LDI  R30,LOW(2*@0+(@1))
                 	LDI  R31,HIGH(2*@0+(@1))
                 	LDI  R22,BYTE3(2*@0+(@1))
                 	LDI  R23,BYTE4(2*@0+(@1))
                 	.ENDM
                 
                 	.MACRO __POINTB2MN
                 	LDI  R26,LOW(@0+(@1))
                 	.ENDM
                 
                 	.MACRO __POINTW2MN
                 	LDI  R26,LOW(@0+(@1))
                 	LDI  R27,HIGH(@0+(@1))
                 	.ENDM
                 
                 	.MACRO __POINTW2FN
                 	LDI  R26,LOW(2*@0+(@1))
                 	LDI  R27,HIGH(2*@0+(@1))
                 	.ENDM
                 
                 	.MACRO __POINTD2FN
                 	LDI  R26,LOW(2*@0+(@1))
                 	LDI  R27,HIGH(2*@0+(@1))
                 	LDI  R24,BYTE3(2*@0+(@1))
                 	LDI  R25,BYTE4(2*@0+(@1))
                 	.ENDM
                 
                 	.MACRO __POINTBRM
                 	LDI  R@0,LOW(@1)
                 	.ENDM
                 
                 	.MACRO __POINTWRM
                 	LDI  R@0,LOW(@2)
                 	LDI  R@1,HIGH(@2)
                 	.ENDM
                 
                 	.MACRO __POINTBRMN
                 	LDI  R@0,LOW(@1+(@2))
                 	.ENDM
                 
                 	.MACRO __POINTWRMN
                 	LDI  R@0,LOW(@2+(@3))
                 	LDI  R@1,HIGH(@2+(@3))
                 	.ENDM
                 
                 	.MACRO __POINTWRFN
                 	LDI  R@0,LOW(@2*2+(@3))
                 	LDI  R@1,HIGH(@2*2+(@3))
                 	.ENDM
                 
                 	.MACRO __GETD1N
                 	LDI  R30,LOW(@0)
                 	LDI  R31,HIGH(@0)
                 	LDI  R22,BYTE3(@0)
                 	LDI  R23,BYTE4(@0)
                 	.ENDM
                 
                 	.MACRO __GETD2N
                 	LDI  R26,LOW(@0)
                 	LDI  R27,HIGH(@0)
                 	LDI  R24,BYTE3(@0)
                 	LDI  R25,BYTE4(@0)
                 	.ENDM
                 
                 	.MACRO __GETB1MN
                 	LDS  R30,@0+(@1)
                 	.ENDM
                 
                 	.MACRO __GETB1HMN
                 	LDS  R31,@0+(@1)
                 	.ENDM
                 
                 	.MACRO __GETW1MN
                 	LDS  R30,@0+(@1)
                 	LDS  R31,@0+(@1)+1
                 	.ENDM
                 
                 	.MACRO __GETD1MN
                 	LDS  R30,@0+(@1)
                 	LDS  R31,@0+(@1)+1
                 	LDS  R22,@0+(@1)+2
                 	LDS  R23,@0+(@1)+3
                 	.ENDM
                 
                 	.MACRO __GETBRMN
                 	LDS  R@0,@1+(@2)
                 	.ENDM
                 
                 	.MACRO __GETWRMN
                 	LDS  R@0,@2+(@3)
                 	LDS  R@1,@2+(@3)+1
                 	.ENDM
                 
                 	.MACRO __GETWRZ
                 	LDD  R@0,Z+@2
                 	LDD  R@1,Z+@2+1
                 	.ENDM
                 
                 	.MACRO __GETD2Z
                 	LDD  R26,Z+@0
                 	LDD  R27,Z+@0+1
                 	LDD  R24,Z+@0+2
                 	LDD  R25,Z+@0+3
                 	.ENDM
                 
                 	.MACRO __GETB2MN
                 	LDS  R26,@0+(@1)
                 	.ENDM
                 
                 	.MACRO __GETW2MN
                 	LDS  R26,@0+(@1)
                 	LDS  R27,@0+(@1)+1
                 	.ENDM
                 
                 	.MACRO __GETD2MN
                 	LDS  R26,@0+(@1)
                 	LDS  R27,@0+(@1)+1
                 	LDS  R24,@0+(@1)+2
                 	LDS  R25,@0+(@1)+3
                 	.ENDM
                 
                 	.MACRO __PUTB1MN
                 	STS  @0+(@1),R30
                 	.ENDM
                 
                 	.MACRO __PUTW1MN
                 	STS  @0+(@1),R30
                 	STS  @0+(@1)+1,R31
                 	.ENDM
                 
                 	.MACRO __PUTD1MN
                 	STS  @0+(@1),R30
                 	STS  @0+(@1)+1,R31
                 	STS  @0+(@1)+2,R22
                 	STS  @0+(@1)+3,R23
                 	.ENDM
                 
                 	.MACRO __PUTB1EN
                 	LDI  R26,LOW(@0+(@1))
                 	LDI  R27,HIGH(@0+(@1))
                 	RCALL __EEPROMWRB
                 	.ENDM
                 
                 	.MACRO __PUTW1EN
                 	LDI  R26,LOW(@0+(@1))
                 	LDI  R27,HIGH(@0+(@1))
                 	RCALL __EEPROMWRW
                 	.ENDM
                 
                 	.MACRO __PUTD1EN
                 	LDI  R26,LOW(@0+(@1))
                 	LDI  R27,HIGH(@0+(@1))
                 	RCALL __EEPROMWRD
                 	.ENDM
                 
                 	.MACRO __PUTBR0MN
                 	STS  @0+(@1),R0
                 	.ENDM
                 
                 	.MACRO __PUTBMRN
                 	STS  @0+(@1),R@2
                 	.ENDM
                 
                 	.MACRO __PUTWMRN
                 	STS  @0+(@1),R@2
                 	STS  @0+(@1)+1,R@3
                 	.ENDM
                 
                 	.MACRO __PUTBZR
                 	STD  Z+@1,R@0
                 	.ENDM
                 
                 	.MACRO __PUTWZR
                 	STD  Z+@2,R@0
                 	STD  Z+@2+1,R@1
                 	.ENDM
                 
                 	.MACRO __GETW1R
                 	MOV  R30,R@0
                 	MOV  R31,R@1
                 	.ENDM
                 
                 	.MACRO __GETW2R
                 	MOV  R26,R@0
                 	MOV  R27,R@1
                 	.ENDM
                 
                 	.MACRO __GETWRN
                 	LDI  R@0,LOW(@2)
                 	LDI  R@1,HIGH(@2)
                 	.ENDM
                 
                 	.MACRO __PUTW1R
                 	MOV  R@0,R30
                 	MOV  R@1,R31
                 	.ENDM
                 
                 	.MACRO __PUTW2R
                 	MOV  R@0,R26
                 	MOV  R@1,R27
                 	.ENDM
                 
                 	.MACRO __ADDWRN
                 	SUBI R@0,LOW(-@2)
                 	SBCI R@1,HIGH(-@2)
                 	.ENDM
                 
                 	.MACRO __ADDWRR
                 	ADD  R@0,R@2
                 	ADC  R@1,R@3
                 	.ENDM
                 
                 	.MACRO __SUBWRN
                 	SUBI R@0,LOW(@2)
                 	SBCI R@1,HIGH(@2)
                 	.ENDM
                 
                 	.MACRO __SUBWRR
                 	SUB  R@0,R@2
                 	SBC  R@1,R@3
                 	.ENDM
                 
                 	.MACRO __ANDWRN
                 	ANDI R@0,LOW(@2)
                 	ANDI R@1,HIGH(@2)
                 	.ENDM
                 
                 	.MACRO __ANDWRR
                 	AND  R@0,R@2
                 	AND  R@1,R@3
                 	.ENDM
                 
                 	.MACRO __ORWRN
                 	ORI  R@0,LOW(@2)
                 	ORI  R@1,HIGH(@2)
                 	.ENDM
                 
                 	.MACRO __ORWRR
                 	OR   R@0,R@2
                 	OR   R@1,R@3
                 	.ENDM
                 
                 	.MACRO __EORWRR
                 	EOR  R@0,R@2
                 	EOR  R@1,R@3
                 	.ENDM
                 
                 	.MACRO __GETWRS
                 	LDD  R@0,Y+@2
                 	LDD  R@1,Y+@2+1
                 	.ENDM
                 
                 	.MACRO __PUTBSR
                 	STD  Y+@1,R@0
                 	.ENDM
                 
                 	.MACRO __PUTWSR
                 	STD  Y+@2,R@0
                 	STD  Y+@2+1,R@1
                 	.ENDM
                 
                 	.MACRO __MOVEWRR
                 	MOV  R@0,R@2
                 	MOV  R@1,R@3
                 	.ENDM
                 
                 	.MACRO __INWR
                 	IN   R@0,@2
                 	IN   R@1,@2+1
                 	.ENDM
                 
                 	.MACRO __OUTWR
                 	OUT  @2+1,R@1
                 	OUT  @2,R@0
                 	.ENDM
                 
                 	.MACRO __CALL1MN
                 	LDS  R30,@0+(@1)
                 	LDS  R31,@0+(@1)+1
                 	ICALL
                 	.ENDM
                 
                 	.MACRO __CALL1FN
                 	LDI  R30,LOW(2*@0+(@1))
                 	LDI  R31,HIGH(2*@0+(@1))
                 	RCALL __GETW1PF
                 	ICALL
                 	.ENDM
                 
                 	.MACRO __CALL2EN
                 	LDI  R26,LOW(@0+(@1))
                 	LDI  R27,HIGH(@0+(@1))
                 	RCALL __EEPROMRDW
                 	ICALL
                 	.ENDM
                 
                 	.MACRO __GETW1STACK
                 	IN   R26,SPL
                 	IN   R27,SPH
                 	ADIW R26,@0+1
                 	LD   R30,X+
                 	LD   R31,X
                 	.ENDM
                 
                 	.MACRO __GETD1STACK
                 	IN   R26,SPL
                 	IN   R27,SPH
                 	ADIW R26,@0+1
                 	LD   R30,X+
                 	LD   R31,X+
                 	LD   R22,X
                 	.ENDM
                 
                 	.MACRO __NBST
                 	BST  R@0,@1
                 	IN   R30,SREG
                 	LDI  R31,0x40
                 	EOR  R30,R31
                 	OUT  SREG,R30
                 	.ENDM
                 
                 
                 	.MACRO __PUTB1SN
                 	LDD  R26,Y+@0
                 	LDD  R27,Y+@0+1
                 	SUBI R26,LOW(-@1)
                 	SBCI R27,HIGH(-@1)
                 	ST   X,R30
                 	.ENDM
                 
                 	.MACRO __PUTW1SN
                 	LDD  R26,Y+@0
                 	LDD  R27,Y+@0+1
                 	SUBI R26,LOW(-@1)
                 	SBCI R27,HIGH(-@1)
                 	ST   X+,R30
                 	ST   X,R31
                 	.ENDM
                 
                 	.MACRO __PUTD1SN
                 	LDD  R26,Y+@0
                 	LDD  R27,Y+@0+1
                 	SUBI R26,LOW(-@1)
                 	SBCI R27,HIGH(-@1)
                 	RCALL __PUTDP1
                 	.ENDM
                 
                 	.MACRO __PUTB1SNS
                 	LDD  R26,Y+@0
                 	LDD  R27,Y+@0+1
                 	ADIW R26,@1
                 	ST   X,R30
                 	.ENDM
                 
                 	.MACRO __PUTW1SNS
                 	LDD  R26,Y+@0
                 	LDD  R27,Y+@0+1
                 	ADIW R26,@1
                 	ST   X+,R30
                 	ST   X,R31
                 	.ENDM
                 
                 	.MACRO __PUTD1SNS
                 	LDD  R26,Y+@0
                 	LDD  R27,Y+@0+1
                 	ADIW R26,@1
                 	RCALL __PUTDP1
                 	.ENDM
                 
                 	.MACRO __PUTB1PMN
                 	LDS  R26,@0
                 	LDS  R27,@0+1
                 	SUBI R26,LOW(-@1)
                 	SBCI R27,HIGH(-@1)
                 	ST   X,R30
                 	.ENDM
                 
                 	.MACRO __PUTW1PMN
                 	LDS  R26,@0
                 	LDS  R27,@0+1
                 	SUBI R26,LOW(-@1)
                 	SBCI R27,HIGH(-@1)
                 	ST   X+,R30
                 	ST   X,R31
                 	.ENDM
                 
                 	.MACRO __PUTD1PMN
                 	LDS  R26,@0
                 	LDS  R27,@0+1
                 	SUBI R26,LOW(-@1)
                 	SBCI R27,HIGH(-@1)
                 	RCALL __PUTDP1
                 	.ENDM
                 
                 	.MACRO __PUTB1PMNS
                 	LDS  R26,@0
                 	LDS  R27,@0+1
                 	ADIW R26,@1
                 	ST   X,R30
                 	.ENDM
                 
                 	.MACRO __PUTW1PMNS
                 	LDS  R26,@0
                 	LDS  R27,@0+1
                 	ADIW R26,@1
                 	ST   X+,R30
                 	ST   X,R31
                 	.ENDM
                 
                 	.MACRO __PUTD1PMNS
                 	LDS  R26,@0
                 	LDS  R27,@0+1
                 	ADIW R26,@1
                 	RCALL __PUTDP1
                 	.ENDM
                 
                 	.MACRO __PUTB1RN
                 	MOVW R26,R@0
                 	SUBI R26,LOW(-@1)
                 	SBCI R27,HIGH(-@1)
                 	ST   X,R30
                 	.ENDM
                 
                 	.MACRO __PUTW1RN
                 	MOVW R26,R@0
                 	SUBI R26,LOW(-@1)
                 	SBCI R27,HIGH(-@1)
                 	ST   X+,R30
                 	ST   X,R31
                 	.ENDM
                 
                 	.MACRO __PUTD1RN
                 	MOVW R26,R@0
                 	SUBI R26,LOW(-@1)
                 	SBCI R27,HIGH(-@1)
                 	RCALL __PUTDP1
                 	.ENDM
                 
                 	.MACRO __PUTB1RNS
                 	MOVW R26,R@0
                 	ADIW R26,@1
                 	ST   X,R30
                 	.ENDM
                 
                 	.MACRO __PUTW1RNS
                 	MOVW R26,R@0
                 	ADIW R26,@1
                 	ST   X+,R30
                 	ST   X,R31
                 	.ENDM
                 
                 	.MACRO __PUTD1RNS
                 	MOVW R26,R@0
                 	ADIW R26,@1
                 	RCALL __PUTDP1
                 	.ENDM
                 
                 	.MACRO __PUTB1RON
                 	MOV  R26,R@0
                 	MOV  R27,R@1
                 	SUBI R26,LOW(-@2)
                 	SBCI R27,HIGH(-@2)
                 	ST   X,R30
                 	.ENDM
                 
                 	.MACRO __PUTW1RON
                 	MOV  R26,R@0
                 	MOV  R27,R@1
                 	SUBI R26,LOW(-@2)
                 	SBCI R27,HIGH(-@2)
                 	ST   X+,R30
                 	ST   X,R31
                 	.ENDM
                 
                 	.MACRO __PUTD1RON
                 	MOV  R26,R@0
                 	MOV  R27,R@1
                 	SUBI R26,LOW(-@2)
                 	SBCI R27,HIGH(-@2)
                 	RCALL __PUTDP1
                 	.ENDM
                 
                 	.MACRO __PUTB1RONS
                 	MOV  R26,R@0
                 	MOV  R27,R@1
                 	ADIW R26,@2
                 	ST   X,R30
                 	.ENDM
                 
                 	.MACRO __PUTW1RONS
                 	MOV  R26,R@0
                 	MOV  R27,R@1
                 	ADIW R26,@2
                 	ST   X+,R30
                 	ST   X,R31
                 	.ENDM
                 
                 	.MACRO __PUTD1RONS
                 	MOV  R26,R@0
                 	MOV  R27,R@1
                 	ADIW R26,@2
                 	RCALL __PUTDP1
                 	.ENDM
                 
                 
                 	.MACRO __GETB1SX
                 	MOVW R30,R28
                 	SUBI R30,LOW(-@0)
                 	SBCI R31,HIGH(-@0)
                 	LD   R30,Z
                 	.ENDM
                 
                 	.MACRO __GETB1HSX
                 	MOVW R30,R28
                 	SUBI R30,LOW(-@0)
                 	SBCI R31,HIGH(-@0)
                 	LD   R31,Z
                 	.ENDM
                 
                 	.MACRO __GETW1SX
                 	MOVW R30,R28
                 	SUBI R30,LOW(-@0)
                 	SBCI R31,HIGH(-@0)
                 	LD   R0,Z+
                 	LD   R31,Z
                 	MOV  R30,R0
                 	.ENDM
                 
                 	.MACRO __GETD1SX
                 	MOVW R30,R28
                 	SUBI R30,LOW(-@0)
                 	SBCI R31,HIGH(-@0)
                 	LD   R0,Z+
                 	LD   R1,Z+
                 	LD   R22,Z+
                 	LD   R23,Z
                 	MOVW R30,R0
                 	.ENDM
                 
                 	.MACRO __GETB2SX
                 	MOVW R26,R28
                 	SUBI R26,LOW(-@0)
                 	SBCI R27,HIGH(-@0)
                 	LD   R26,X
                 	.ENDM
                 
                 	.MACRO __GETW2SX
                 	MOVW R26,R28
                 	SUBI R26,LOW(-@0)
                 	SBCI R27,HIGH(-@0)
                 	LD   R0,X+
                 	LD   R27,X
                 	MOV  R26,R0
                 	.ENDM
                 
                 	.MACRO __GETD2SX
                 	MOVW R26,R28
                 	SUBI R26,LOW(-@0)
                 	SBCI R27,HIGH(-@0)
                 	LD   R0,X+
                 	LD   R1,X+
                 	LD   R24,X+
                 	LD   R25,X
                 	MOVW R26,R0
                 	.ENDM
                 
                 	.MACRO __GETBRSX
                 	MOVW R30,R28
                 	SUBI R30,LOW(-@1)
                 	SBCI R31,HIGH(-@1)
                 	LD   R@0,Z
                 	.ENDM
                 
                 	.MACRO __GETWRSX
                 	MOVW R30,R28
                 	SUBI R30,LOW(-@2)
                 	SBCI R31,HIGH(-@2)
                 	LD   R@0,Z+
                 	LD   R@1,Z
                 	.ENDM
                 
                 	.MACRO __GETBRSX2
                 	MOVW R26,R28
                 	SUBI R26,LOW(-@1)
                 	SBCI R27,HIGH(-@1)
                 	LD   R@0,X
                 	.ENDM
                 
                 	.MACRO __GETWRSX2
                 	MOVW R26,R28
                 	SUBI R26,LOW(-@2)
                 	SBCI R27,HIGH(-@2)
                 	LD   R@0,X+
                 	LD   R@1,X
                 	.ENDM
                 
                 	.MACRO __LSLW8SX
                 	MOVW R30,R28
                 	SUBI R30,LOW(-@0)
                 	SBCI R31,HIGH(-@0)
                 	LD   R31,Z
                 	CLR  R30
                 	.ENDM
                 
                 	.MACRO __PUTB1SX
                 	MOVW R26,R28
                 	SUBI R26,LOW(-@0)
                 	SBCI R27,HIGH(-@0)
                 	ST   X,R30
                 	.ENDM
                 
                 	.MACRO __PUTW1SX
                 	MOVW R26,R28
                 	SUBI R26,LOW(-@0)
                 	SBCI R27,HIGH(-@0)
                 	ST   X+,R30
                 	ST   X,R31
                 	.ENDM
                 
                 	.MACRO __PUTD1SX
                 	MOVW R26,R28
                 	SUBI R26,LOW(-@0)
                 	SBCI R27,HIGH(-@0)
                 	ST   X+,R30
                 	ST   X+,R31
                 	ST   X+,R22
                 	ST   X,R23
                 	.ENDM
                 
                 	.MACRO __CLRW1SX
                 	MOVW R26,R28
                 	SUBI R26,LOW(-@0)
                 	SBCI R27,HIGH(-@0)
                 	ST   X+,R30
                 	ST   X,R30
                 	.ENDM
                 
                 	.MACRO __CLRD1SX
                 	MOVW R26,R28
                 	SUBI R26,LOW(-@0)
                 	SBCI R27,HIGH(-@0)
                 	ST   X+,R30
                 	ST   X+,R30
                 	ST   X+,R30
                 	ST   X,R30
                 	.ENDM
                 
                 	.MACRO __PUTB2SX
                 	MOVW R30,R28
                 	SUBI R30,LOW(-@0)
                 	SBCI R31,HIGH(-@0)
                 	ST   Z,R26
                 	.ENDM
                 
                 	.MACRO __PUTW2SX
                 	MOVW R30,R28
                 	SUBI R30,LOW(-@0)
                 	SBCI R31,HIGH(-@0)
                 	ST   Z+,R26
                 	ST   Z,R27
                 	.ENDM
                 
                 	.MACRO __PUTD2SX
                 	MOVW R30,R28
                 	SUBI R30,LOW(-@0)
                 	SBCI R31,HIGH(-@0)
                 	ST   Z+,R26
                 	ST   Z+,R27
                 	ST   Z+,R24
                 	ST   Z,R25
                 	.ENDM
                 
                 	.MACRO __PUTBSRX
                 	MOVW R30,R28
                 	SUBI R30,LOW(-@1)
                 	SBCI R31,HIGH(-@1)
                 	ST   Z,R@0
                 	.ENDM
                 
                 	.MACRO __PUTWSRX
                 	MOVW R30,R28
                 	SUBI R30,LOW(-@2)
                 	SBCI R31,HIGH(-@2)
                 	ST   Z+,R@0
                 	ST   Z,R@1
                 	.ENDM
                 
                 	.MACRO __PUTB1SNX
                 	MOVW R26,R28
                 	SUBI R26,LOW(-@0)
                 	SBCI R27,HIGH(-@0)
                 	LD   R0,X+
                 	LD   R27,X
                 	MOV  R26,R0
                 	SUBI R26,LOW(-@1)
                 	SBCI R27,HIGH(-@1)
                 	ST   X,R30
                 	.ENDM
                 
                 	.MACRO __PUTW1SNX
                 	MOVW R26,R28
                 	SUBI R26,LOW(-@0)
                 	SBCI R27,HIGH(-@0)
                 	LD   R0,X+
                 	LD   R27,X
                 	MOV  R26,R0
                 	SUBI R26,LOW(-@1)
                 	SBCI R27,HIGH(-@1)
                 	ST   X+,R30
                 	ST   X,R31
                 	.ENDM
                 
                 	.MACRO __PUTD1SNX
                 	MOVW R26,R28
                 	SUBI R26,LOW(-@0)
                 	SBCI R27,HIGH(-@0)
                 	LD   R0,X+
                 	LD   R27,X
                 	MOV  R26,R0
                 	SUBI R26,LOW(-@1)
                 	SBCI R27,HIGH(-@1)
                 	ST   X+,R30
                 	ST   X+,R31
                 	ST   X+,R22
                 	ST   X,R23
                 	.ENDM
                 
                 	.MACRO __MULBRR
                 	MULS R@0,R@1
                 	MOVW R30,R0
                 	.ENDM
                 
                 	.MACRO __MULBRRU
                 	MUL  R@0,R@1
                 	MOVW R30,R0
                 	.ENDM
                 
                 	.MACRO __MULBRR0
                 	MULS R@0,R@1
                 	.ENDM
                 
                 	.MACRO __MULBRRU0
                 	MUL  R@0,R@1
                 	.ENDM
                 
                 	.MACRO __MULBNWRU
                 	LDI  R26,@2
                 	MUL  R26,R@0
                 	MOVW R30,R0
                 	MUL  R26,R@1
                 	ADD  R31,R0
                 	.ENDM
                 
                 	.CSEG
                 	.ORG 0x00
                 
                 ;START OF CODE MARKER
                 __START_OF_CODE:
                 
                 ;INTERRUPT VECTORS
000000 c014      	RJMP __RESET
000001 cffe      	RJMP 0x00
000002 cffd      	RJMP 0x00
000003 cffc      	RJMP 0x00
000004 cffb      	RJMP 0x00
000005 cffa      	RJMP 0x00
000006 cff9      	RJMP 0x00
000007 cff8      	RJMP 0x00
000008 cff7      	RJMP 0x00
000009 cff6      	RJMP 0x00
00000a cff5      	RJMP 0x00
00000b cff4      	RJMP 0x00
00000c cff3      	RJMP 0x00
00000d cff2      	RJMP 0x00
00000e cff1      	RJMP 0x00
00000f cff0      	RJMP 0x00
000010 cfef      	RJMP 0x00
000011 cfee      	RJMP 0x00
000012 cfed      	RJMP 0x00
000013 cfec      	RJMP 0x00
000014 cfeb      	RJMP 0x00
                 
                 __RESET:
000015 94f8      	CLI
000016 27ee      	CLR  R30
000017 bbec      	OUT  EECR,R30
                 
                 ;INTERRUPT VECTORS ARE PLACED
                 ;AT THE START OF FLASH
000018 e0f1      	LDI  R31,1
000019 bffb      	OUT  GICR,R31
00001a bfeb      	OUT  GICR,R30
00001b bfe5      	OUT  MCUCR,R30
                 
                 ;DISABLE WATCHDOG
00001c e1f8      	LDI  R31,0x18
00001d bdf1      	OUT  WDTCR,R31
00001e bde1      	OUT  WDTCR,R30
                 
                 ;CLEAR R2-R14
00001f e08d      	LDI  R24,(14-2)+1
000020 e0a2      	LDI  R26,2
000021 27bb      	CLR  R27
                 __CLEAR_REG:
000022 93ed      	ST   X+,R30
000023 958a      	DEC  R24
000024 f7e9      	BRNE __CLEAR_REG
                 
                 ;CLEAR SRAM
000025 e080      	LDI  R24,LOW(__CLEAR_SRAM_SIZE)
000026 e092      	LDI  R25,HIGH(__CLEAR_SRAM_SIZE)
000027 e6a0      	LDI  R26,__SRAM_START
                 __CLEAR_SRAM:
000028 93ed      	ST   X+,R30
000029 9701      	SBIW R24,1
00002a f7e9      	BRNE __CLEAR_SRAM
                 
                 ;HARDWARE STACK POINTER INITIALIZATION
00002b e5ef      	LDI  R30,LOW(__SRAM_END-__HEAP_SIZE)
00002c bfed      	OUT  SPL,R30
00002d e0e2      	LDI  R30,HIGH(__SRAM_END-__HEAP_SIZE)
00002e bfee      	OUT  SPH,R30
                 
                 ;DATA STACK POINTER INITIALIZATION
00002f eec0      	LDI  R28,LOW(__SRAM_START+__DSTACK_SIZE)
000030 e0d0      	LDI  R29,HIGH(__SRAM_START+__DSTACK_SIZE)
                 
000031 c06e      	RJMP _main
                 
                 	.ESEG
                 	.ORG 0
                 
                 	.DSEG
                 	.ORG 0xE0
                 
                 	.CSEG
                 ;/*****************************************************
                 ;This program was produced by the
                 ;CodeWizardAVR V2.05.3 Standard
                 ;Automatic Program Generator
                 ;© Copyright 1998-2011 Pavel Haiduc, HP InfoTech s.r.l.
                 ;http://www.hpinfotech.com
                 ;
                 ;Project :
                 ;Version :
                 ;Date    : 9/11/2019
                 ;Author  : unknown
                 ;Company :
                 ;Comments:
                 ;
                 ;
                 ;Chip type               : ATmega8535
                 ;Program type            : Application
                 ;AVR Core Clock frequency: 11.059200 MHz
                 ;Memory model            : Small
                 ;External RAM size       : 0
                 ;Data Stack size         : 128
                 ;*****************************************************/
                 ;
                 ;#include <mega8535.h>
                 	#ifndef __SLEEP_DEFINED__
                 	#define __SLEEP_DEFINED__
                 	.EQU __se_bit=0x40
                 	.EQU __sm_mask=0xB0
                 	.EQU __sm_powerdown=0x20
                 	.EQU __sm_powersave=0x30
                 	.EQU __sm_standby=0xA0
                 	.EQU __sm_ext_standby=0xB0
                 	.EQU __sm_adc_noise_red=0x10
                 	.SET power_ctrl_reg=mcucr
                 	#endif
                 ;
                 ;#include <delay.h>
                 ;#include "myLCD.h"
                 
                 	.CSEG
                 _LCD_Init_Cmd:
000032 93aa      	ST   -Y,R26
                 ;	xData -> Y+0
000033 d0c0      	RCALL SUBOPT_0x0
000034 c069      	RJMP _0x2000001
                 _LCD_Perintah:
000035 93aa      	ST   -Y,R26
                 ;	xData -> Y+0
000036 98c3      	CBI  0x18,3
000037 d0bc      	RCALL SUBOPT_0x0
000038 d0c4      	RCALL SUBOPT_0x1
000039 60e4      	ORI  R30,4
00003a d0c9      	RCALL SUBOPT_0x2
                +
00003b e88f     +LDI R24 , LOW ( 1935 )
00003c e097     +LDI R25 , HIGH ( 1935 )
                +__DELAY_USW_LOOP :
00003d 9701     +SBIW R24 , 1
00003e f7f1     +BRNE __DELAY_USW_LOOP
                 	__DELAY_USW 1935
00003f 9ac2      	SBI  0x18,2
000040 c05d      	RJMP _0x2000001
                 _LCD_Data:
000041 93aa      	ST   -Y,R26
                 ;	xData -> Y+0
000042 9ac3      	SBI  0x18,3
000043 81e8      	LD   R30,Y
000044 7fe0      	ANDI R30,LOW(0xF0)
000045 60ec      	ORI  R30,LOW(0xC)
000046 d0bd      	RCALL SUBOPT_0x2
000047 d0b5      	RCALL SUBOPT_0x1
000048 60ec      	ORI  R30,LOW(0xC)
000049 d0ba      	RCALL SUBOPT_0x2
                +
00004a e983     +LDI R24 , LOW ( 147 )
                +__DELAY_USB_LOOP :
00004b 958a     +DEC R24
00004c f7f1     +BRNE __DELAY_USB_LOOP
                 	__DELAY_USB 147
00004d 9ac2      	SBI  0x18,2
00004e c04f      	RJMP _0x2000001
                 _LCD_Init:
00004f e3a2      	LDI  R26,LOW(50)
000050 d0b9      	RCALL SUBOPT_0x3
000051 e0a5      	LDI  R26,LOW(5)
000052 d0b7      	RCALL SUBOPT_0x3
000053 e0a1      	LDI  R26,LOW(1)
000054 d0b5      	RCALL SUBOPT_0x3
000055 d0b8      	RCALL SUBOPT_0x4
000056 e2a0      	LDI  R26,LOW(32)
000057 dfda      	RCALL _LCD_Init_Cmd
000058 e2a8      	LDI  R26,LOW(40)
000059 dfdb      	RCALL _LCD_Perintah
00005a e1a0      	LDI  R26,LOW(16)
00005b dfd9      	RCALL _LCD_Perintah
00005c e0ac      	LDI  R26,LOW(12)
00005d dfd7      	RCALL _LCD_Perintah
00005e e0a6      	LDI  R26,LOW(6)
00005f dfd5      	RCALL _LCD_Perintah
000060 e0a1      	LDI  R26,LOW(1)
000061 dfd3      	RCALL _LCD_Perintah
000062 d0ab      	RCALL SUBOPT_0x4
000063 9508      	RET
                 _LCD_GotoXY:
000064 93aa      	ST   -Y,R26
000065 931a      	ST   -Y,R17
                 ;	x -> Y+2
                 ;	y -> Y+1
                 ;	baris -> R17
000066 81e9      	LDD  R30,Y+1
000067 30e0      	CPI  R30,0
000068 f419      	BRNE _0x15
000069 81aa      	LDD  R26,Y+2
00006a 58a0      	SUBI R26,-LOW(128)
00006b c002      	RJMP _0x3C
                 _0x15:
00006c 81aa      	LDD  R26,Y+2
00006d 54a0      	SUBI R26,-LOW(192)
                 _0x3C:
00006e dfc6      	RCALL _LCD_Perintah
00006f 8118      	LDD  R17,Y+0
000070 9623      	ADIW R28,3
000071 9508      	RET
                 ;	*text -> Y+0
                 ;	*text -> Y+0
                 ;	Baris -> Y+2
                 ;	*text -> Y+0
                 ;	Baris -> Y+2
                 ;	*text -> Y+0
                 ;	Baris -> Y+1
                 ;	i -> R17
                 ;	Baris -> Y+1
                 ;	i -> R17
                 ;	Baris -> Y+2
                 ;	i -> R17
                 ;	j -> R16
                 ;	Baris -> Y+3
                 ;	*text -> Y+1
                 ;	i -> R17
                 ;	Baris -> Y+4
                 ;	*text -> Y+2
                 ;	i -> R17
                 ;	j -> R16
                 ;	Baris -> Y+4
                 ;	*text -> Y+2
                 ;	i -> R17
                 ;	j -> R16
                 ;	Baris -> Y+4
                 ;	*text -> Y+2
                 ;	i -> R17
                 ;	j -> R16
                 ;	x -> Y+0
                 _LCD_Angka3:
000072 93ba      	ST   -Y,R27
000073 93aa      	ST   -Y,R26
                 ;	x -> Y+0
000074 81a9      	LDD  R26,Y+1
000075 23aa      	TST  R26
000076 f44a      	BRPL _0x33
000077 81e8      	LD   R30,Y
000078 81f9      	LDD  R31,Y+1
000079 efaf      	LDI  R26,LOW(65535)
00007a efbf      	LDI  R27,HIGH(65535)
00007b d0be      	RCALL __MULW12
00007c 83e8      	ST   Y,R30
00007d 83f9      	STD  Y+1,R31
00007e e2ad      	LDI  R26,LOW(45)
00007f dfc1      	RCALL _LCD_Data
                 _0x33:
000080 d090      	RCALL SUBOPT_0x5
000081 d094      	RCALL SUBOPT_0x6
000082 d08e      	RCALL SUBOPT_0x5
000083 d0d3      	RCALL __MODW21
000084 01df      	MOVW R26,R30
000085 e0ea      	LDI  R30,LOW(10)
000086 e0f0      	LDI  R31,HIGH(10)
000087 d08e      	RCALL SUBOPT_0x6
000088 81a8      	LD   R26,Y
000089 81b9      	LDD  R27,Y+1
00008a e0ea      	LDI  R30,LOW(10)
00008b e0f0      	LDI  R31,HIGH(10)
00008c d0ca      	RCALL __MODW21
00008d 5de0      	SUBI R30,-LOW(48)
00008e 2fae      	MOV  R26,R30
00008f dfb1      	RCALL _LCD_Data
000090 9622      	ADIW R28,2
000091 9508      	RET
                 ;	x -> Y+0
                 ;	x -> Y+0
                 ;
                 ;#define ADC_VREF_TYPE 0x20
                 ;
                 ;// Read the 8 most significant bits
                 ;// of the AD conversion result
                 ;unsigned char read_adc(unsigned char adc_input)
                 ; 0000 0022 {
                 _read_adc:
                 ; 0000 0023 ADMUX=adc_input | (ADC_VREF_TYPE & 0xff);
000092 93aa      	ST   -Y,R26
                 ;	adc_input -> Y+0
000093 81e8      	LD   R30,Y
000094 62e0      	ORI  R30,0x20
000095 b9e7      	OUT  0x7,R30
                 ; 0000 0024 // Delay needed for the stabilization of the ADC input voltage
                 ; 0000 0025 delay_us(10);
                +
000096 e285     +LDI R24 , LOW ( 37 )
                +__DELAY_USB_LOOP :
000097 958a     +DEC R24
000098 f7f1     +BRNE __DELAY_USB_LOOP
                 	__DELAY_USB 37
                 ; 0000 0026 // Start the AD conversion
                 ; 0000 0027 ADCSRA|=0x40;
000099 9a36      	SBI  0x6,6
                 ; 0000 0028 // Wait for the AD conversion to complete
                 ; 0000 0029 while ((ADCSRA & 0x10)==0);
                 _0x35:
00009a 9b34      	SBIS 0x6,4
00009b cffe      	RJMP _0x35
                 ; 0000 002A ADCSRA|=0x10;
00009c 9a34      	SBI  0x6,4
                 ; 0000 002B return ADCH;
00009d b1e5      	IN   R30,0x5
                 _0x2000001:
00009e 9621      	ADIW R28,1
00009f 9508      	RET
                 ; 0000 002C }
                 ;
                 ;// Declare your global variables here
                 ;
                 ;void main(void)
                 ; 0000 0031 {
                 _main:
                 ; 0000 0032 // Declare your local variables here
                 ; 0000 0033 
                 ; 0000 0034 // Input/Output Ports initialization
                 ; 0000 0035 // Port A initialization
                 ; 0000 0036 // Func7=In Func6=In Func5=In Func4=In Func3=In Func2=In Func1=In Func0=In
                 ; 0000 0037 // State7=T State6=T State5=T State4=T State3=T State2=T State1=T State0=T
                 ; 0000 0038 PORTA=0x00;
0000a0 e0e0      	LDI  R30,LOW(0)
0000a1 bbeb      	OUT  0x1B,R30
                 ; 0000 0039 DDRA=0x00;
0000a2 bbea      	OUT  0x1A,R30
                 ; 0000 003A 
                 ; 0000 003B // Port B initialization
                 ; 0000 003C // Func7=Out Func6=Out Func5=Out Func4=Out Func3=Out Func2=Out Func1=Out Func0=Out
                 ; 0000 003D // State7=0 State6=0 State5=0 State4=0 State3=0 State2=0 State1=0 State0=0
                 ; 0000 003E PORTB=0x00;
0000a3 bbe8      	OUT  0x18,R30
                 ; 0000 003F DDRB=0xFF;
0000a4 efef      	LDI  R30,LOW(255)
0000a5 bbe7      	OUT  0x17,R30
                 ; 0000 0040 
                 ; 0000 0041 // Port C initialization
                 ; 0000 0042 // Func7=In Func6=In Func5=In Func4=In Func3=In Func2=In Func1=In Func0=In
                 ; 0000 0043 // State7=P State6=P State5=P State4=P State3=P State2=P State1=P State0=P
                 ; 0000 0044 PORTC=0xFF;
0000a6 bbe5      	OUT  0x15,R30
                 ; 0000 0045 DDRC=0x00;
0000a7 e0e0      	LDI  R30,LOW(0)
0000a8 bbe4      	OUT  0x14,R30
                 ; 0000 0046 
                 ; 0000 0047 // Port D initialization
                 ; 0000 0048 // Func7=In Func6=In Func5=In Func4=In Func3=In Func2=In Func1=In Func0=In
                 ; 0000 0049 // State7=T State6=T State5=T State4=T State3=T State2=T State1=T State0=T
                 ; 0000 004A PORTD=0x00;
0000a9 bbe2      	OUT  0x12,R30
                 ; 0000 004B DDRD=0x00;
0000aa bbe1      	OUT  0x11,R30
                 ; 0000 004C 
                 ; 0000 004D // Timer/Counter 0 initialization
                 ; 0000 004E // Clock source: System Clock
                 ; 0000 004F // Clock value: Timer 0 Stopped
                 ; 0000 0050 // Mode: Normal top=0xFF
                 ; 0000 0051 // OC0 output: Disconnected
                 ; 0000 0052 TCCR0=0x00;
0000ab bfe3      	OUT  0x33,R30
                 ; 0000 0053 TCNT0=0x00;
0000ac bfe2      	OUT  0x32,R30
                 ; 0000 0054 OCR0=0x00;
0000ad bfec      	OUT  0x3C,R30
                 ; 0000 0055 
                 ; 0000 0056 // Timer/Counter 1 initialization
                 ; 0000 0057 // Clock source: System Clock
                 ; 0000 0058 // Clock value: Timer1 Stopped
                 ; 0000 0059 // Mode: Normal top=0xFFFF
                 ; 0000 005A // OC1A output: Discon.
                 ; 0000 005B // OC1B output: Discon.
                 ; 0000 005C // Noise Canceler: Off
                 ; 0000 005D // Input Capture on Falling Edge
                 ; 0000 005E // Timer1 Overflow Interrupt: Off
                 ; 0000 005F // Input Capture Interrupt: Off
                 ; 0000 0060 // Compare A Match Interrupt: Off
                 ; 0000 0061 // Compare B Match Interrupt: Off
                 ; 0000 0062 TCCR1A=0x00;
0000ae bdef      	OUT  0x2F,R30
                 ; 0000 0063 TCCR1B=0x00;
0000af bdee      	OUT  0x2E,R30
                 ; 0000 0064 TCNT1H=0x00;
0000b0 bded      	OUT  0x2D,R30
                 ; 0000 0065 TCNT1L=0x00;
0000b1 bdec      	OUT  0x2C,R30
                 ; 0000 0066 ICR1H=0x00;
0000b2 bde7      	OUT  0x27,R30
                 ; 0000 0067 ICR1L=0x00;
0000b3 bde6      	OUT  0x26,R30
                 ; 0000 0068 OCR1AH=0x00;
0000b4 bdeb      	OUT  0x2B,R30
                 ; 0000 0069 OCR1AL=0x00;
0000b5 bdea      	OUT  0x2A,R30
                 ; 0000 006A OCR1BH=0x00;
0000b6 bde9      	OUT  0x29,R30
                 ; 0000 006B OCR1BL=0x00;
0000b7 bde8      	OUT  0x28,R30
                 ; 0000 006C 
                 ; 0000 006D // Timer/Counter 2 initialization
                 ; 0000 006E // Clock source: System Clock
                 ; 0000 006F // Clock value: Timer2 Stopped
                 ; 0000 0070 // Mode: Normal top=0xFF
                 ; 0000 0071 // OC2 output: Disconnected
                 ; 0000 0072 ASSR=0x00;
0000b8 bde2      	OUT  0x22,R30
                 ; 0000 0073 TCCR2=0x00;
0000b9 bde5      	OUT  0x25,R30
                 ; 0000 0074 TCNT2=0x00;
0000ba bde4      	OUT  0x24,R30
                 ; 0000 0075 OCR2=0x00;
0000bb bde3      	OUT  0x23,R30
                 ; 0000 0076 
                 ; 0000 0077 // External Interrupt(s) initialization
                 ; 0000 0078 // INT0: Off
                 ; 0000 0079 // INT1: Off
                 ; 0000 007A // INT2: Off
                 ; 0000 007B MCUCR=0x00;
0000bc bfe5      	OUT  0x35,R30
                 ; 0000 007C MCUCSR=0x00;
0000bd bfe4      	OUT  0x34,R30
                 ; 0000 007D 
                 ; 0000 007E // Timer(s)/Counter(s) Interrupt(s) initialization
                 ; 0000 007F TIMSK=0x00;
0000be bfe9      	OUT  0x39,R30
                 ; 0000 0080 
                 ; 0000 0081 // USART initialization
                 ; 0000 0082 // USART disabled
                 ; 0000 0083 UCSRB=0x00;
0000bf b9ea      	OUT  0xA,R30
                 ; 0000 0084 
                 ; 0000 0085 // Analog Comparator initialization
                 ; 0000 0086 // Analog Comparator: Off
                 ; 0000 0087 // Analog Comparator Input Capture by Timer/Counter 1: Off
                 ; 0000 0088 ACSR=0x80;
0000c0 e8e0      	LDI  R30,LOW(128)
0000c1 b9e8      	OUT  0x8,R30
                 ; 0000 0089 SFIOR=0x00;
0000c2 e0e0      	LDI  R30,LOW(0)
0000c3 bfe0      	OUT  0x30,R30
                 ; 0000 008A 
                 ; 0000 008B // ADC initialization
                 ; 0000 008C // ADC Clock frequency: 691.200 kHz
                 ; 0000 008D // ADC Voltage Reference: AREF pin
                 ; 0000 008E // ADC High Speed Mode: Off
                 ; 0000 008F // ADC Auto Trigger Source: ADC Stopped
                 ; 0000 0090 // Only the 8 most significant bits of
                 ; 0000 0091 // the AD conversion result are used
                 ; 0000 0092 ADMUX=ADC_VREF_TYPE & 0xff;
0000c4 e2e0      	LDI  R30,LOW(32)
0000c5 b9e7      	OUT  0x7,R30
                 ; 0000 0093 ADCSRA=0x84;
0000c6 e8e4      	LDI  R30,LOW(132)
0000c7 b9e6      	OUT  0x6,R30
                 ; 0000 0094 SFIOR&=0xEF;
0000c8 b7e0      	IN   R30,0x30
0000c9 7eef      	ANDI R30,0xEF
0000ca bfe0      	OUT  0x30,R30
                 ; 0000 0095 
                 ; 0000 0096 // SPI initialization
                 ; 0000 0097 // SPI disabled
                 ; 0000 0098 SPCR=0x00;
0000cb e0e0      	LDI  R30,LOW(0)
0000cc b9ed      	OUT  0xD,R30
                 ; 0000 0099 
                 ; 0000 009A // TWI initialization
                 ; 0000 009B // TWI disabled
                 ; 0000 009C TWCR=0x00;
0000cd bfe6      	OUT  0x36,R30
                 ; 0000 009D 
                 ; 0000 009E LCD_Init();
0000ce df80      	RCALL _LCD_Init
                 ; 0000 009F while (1)
                 _0x38:
                 ; 0000 00A0       {
                 ; 0000 00A1       // Place your code here
                 ; 0000 00A2            LCD_GotoXY(0,0);  LCD_Angka3(read_adc(0));
0000cf e0e0      	LDI  R30,LOW(0)
0000d0 d049      	RCALL SUBOPT_0x7
0000d1 e0a0      	LDI  R26,LOW(0)
0000d2 d04a      	RCALL SUBOPT_0x8
                 ; 0000 00A3            LCD_GotoXY(4,0);  LCD_Angka3(read_adc(1));
0000d3 e0e4      	LDI  R30,LOW(4)
0000d4 d045      	RCALL SUBOPT_0x7
0000d5 e0a1      	LDI  R26,LOW(1)
0000d6 d046      	RCALL SUBOPT_0x8
                 ; 0000 00A4            LCD_GotoXY(8,0);  LCD_Angka3(read_adc(2));
0000d7 e0e8      	LDI  R30,LOW(8)
0000d8 d041      	RCALL SUBOPT_0x7
0000d9 e0a2      	LDI  R26,LOW(2)
0000da d042      	RCALL SUBOPT_0x8
                 ; 0000 00A5            LCD_GotoXY(12,0); LCD_Angka3(read_adc(3));
0000db e0ec      	LDI  R30,LOW(12)
0000dc d03d      	RCALL SUBOPT_0x7
0000dd e0a3      	LDI  R26,LOW(3)
0000de d03e      	RCALL SUBOPT_0x8
                 ; 0000 00A6            LCD_GotoXY(0,1);  LCD_Angka3(read_adc(4));
0000df e0e0      	LDI  R30,LOW(0)
0000e0 d040      	RCALL SUBOPT_0x9
0000e1 e0a4      	LDI  R26,LOW(4)
0000e2 d03a      	RCALL SUBOPT_0x8
                 ; 0000 00A7            LCD_GotoXY(4,1);  LCD_Angka3(read_adc(5));
0000e3 e0e4      	LDI  R30,LOW(4)
0000e4 d03c      	RCALL SUBOPT_0x9
0000e5 e0a5      	LDI  R26,LOW(5)
0000e6 d036      	RCALL SUBOPT_0x8
                 ; 0000 00A8            LCD_GotoXY(8,1);  LCD_Angka3(read_adc(6));
0000e7 e0e8      	LDI  R30,LOW(8)
0000e8 d038      	RCALL SUBOPT_0x9
0000e9 e0a6      	LDI  R26,LOW(6)
0000ea d032      	RCALL SUBOPT_0x8
                 ; 0000 00A9            LCD_GotoXY(12,1); LCD_Angka3(read_adc(7));
0000eb e0ec      	LDI  R30,LOW(12)
0000ec d034      	RCALL SUBOPT_0x9
0000ed e0a7      	LDI  R26,LOW(7)
0000ee d02e      	RCALL SUBOPT_0x8
                 ; 0000 00AA            delay_ms(300);
0000ef e2ac      	LDI  R26,LOW(300)
0000f0 e0b1      	LDI  R27,HIGH(300)
0000f1 d032      	RCALL _delay_ms
                 ; 0000 00AB       }
0000f2 cfdc      	RJMP _0x38
                 ; 0000 00AC }
                 _0x3B:
0000f3 cfff      	RJMP _0x3B
                 
                 	.CSEG
                 ;OPTIMIZER ADDED SUBROUTINE, CALLED 2 TIMES, CODE SIZE REDUCTION:5 WORDS
                 SUBOPT_0x0:
0000f4 81e8      	LD   R30,Y
0000f5 7fe0      	ANDI R30,LOW(0xF0)
0000f6 60e4      	ORI  R30,4
0000f7 bbe8      	OUT  0x18,R30
                +
0000f8 e084     +LDI R24 , LOW ( 4 )
                +__DELAY_USB_LOOP :
0000f9 958a     +DEC R24
0000fa f7f1     +BRNE __DELAY_USB_LOOP
                 	__DELAY_USB 4
0000fb 98c2      	CBI  0x18,2
0000fc 9508      	RET
                 
                 ;OPTIMIZER ADDED SUBROUTINE, CALLED 2 TIMES, CODE SIZE REDUCTION:3 WORDS
                 SUBOPT_0x1:
                +
0000fd e182     +LDI R24 , LOW ( 18 )
                +__DELAY_USB_LOOP :
0000fe 958a     +DEC R24
0000ff f7f1     +BRNE __DELAY_USB_LOOP
                 	__DELAY_USB 18
000100 81e8      	LD   R30,Y
000101 95e2      	SWAP R30
000102 7fe0      	ANDI R30,0xF0
000103 9508      	RET
                 
                 ;OPTIMIZER ADDED SUBROUTINE, CALLED 3 TIMES, CODE SIZE REDUCTION:6 WORDS
                 SUBOPT_0x2:
000104 bbe8      	OUT  0x18,R30
                +
000105 e084     +LDI R24 , LOW ( 4 )
                +__DELAY_USB_LOOP :
000106 958a     +DEC R24
000107 f7f1     +BRNE __DELAY_USB_LOOP
                 	__DELAY_USB 4
000108 98c2      	CBI  0x18,2
000109 9508      	RET
                 
                 ;OPTIMIZER ADDED SUBROUTINE, CALLED 3 TIMES, CODE SIZE REDUCTION:8 WORDS
                 SUBOPT_0x3:
00010a e0b0      	LDI  R27,0
00010b d018      	RCALL _delay_ms
00010c e3a0      	LDI  R26,LOW(48)
00010d cf24      	RJMP _LCD_Init_Cmd
                 
                 ;OPTIMIZER ADDED SUBROUTINE, CALLED 2 TIMES, CODE SIZE REDUCTION:2 WORDS
                 SUBOPT_0x4:
00010e e0a1      	LDI  R26,LOW(1)
00010f e0b0      	LDI  R27,0
000110 c013      	RJMP _delay_ms
                 
                 ;OPTIMIZER ADDED SUBROUTINE, CALLED 2 TIMES, CODE SIZE REDUCTION:1 WORDS
                 SUBOPT_0x5:
000111 81a8      	LD   R26,Y
000112 81b9      	LDD  R27,Y+1
000113 e6e4      	LDI  R30,LOW(100)
000114 e0f0      	LDI  R31,HIGH(100)
000115 9508      	RET
                 
                 ;OPTIMIZER ADDED SUBROUTINE, CALLED 2 TIMES, CODE SIZE REDUCTION:1 WORDS
                 SUBOPT_0x6:
000116 d03b      	RCALL __DIVW21
000117 5de0      	SUBI R30,-LOW(48)
000118 2fae      	MOV  R26,R30
000119 cf27      	RJMP _LCD_Data
                 
                 ;OPTIMIZER ADDED SUBROUTINE, CALLED 4 TIMES, CODE SIZE REDUCTION:4 WORDS
                 SUBOPT_0x7:
00011a 93ea      	ST   -Y,R30
00011b e0a0      	LDI  R26,LOW(0)
00011c cf47      	RJMP _LCD_GotoXY
                 
                 ;OPTIMIZER ADDED SUBROUTINE, CALLED 8 TIMES, CODE SIZE REDUCTION:33 WORDS
                 SUBOPT_0x8:
00011d df74      	RCALL _read_adc
00011e e0f0      	LDI  R31,0
00011f 01df      	MOVW R26,R30
000120 cf51      	RJMP _LCD_Angka3
                 
                 ;OPTIMIZER ADDED SUBROUTINE, CALLED 4 TIMES, CODE SIZE REDUCTION:4 WORDS
                 SUBOPT_0x9:
000121 93ea      	ST   -Y,R30
000122 e0a1      	LDI  R26,LOW(1)
000123 cf40      	RJMP _LCD_GotoXY
                 
                 
                 	.CSEG
                 _delay_ms:
000124 9610      	adiw r26,0
000125 f039      	breq __delay_ms1
                 __delay_ms0:
                +
000126 ec8d     +LDI R24 , LOW ( 0xACD )
000127 e09a     +LDI R25 , HIGH ( 0xACD )
                +__DELAY_USW_LOOP :
000128 9701     +SBIW R24 , 1
000129 f7f1     +BRNE __DELAY_USW_LOOP
                 	__DELAY_USW 0xACD
00012a 95a8      	wdr
00012b 9711      	sbiw r26,1
00012c f7c9      	brne __delay_ms0
                 __delay_ms1:
00012d 9508      	ret
                 
                 __ANEGW1:
00012e 95f1      	NEG  R31
00012f 95e1      	NEG  R30
000130 40f0      	SBCI R31,0
000131 9508      	RET
                 
                 __MULW12U:
000132 9ffa      	MUL  R31,R26
000133 2df0      	MOV  R31,R0
000134 9feb      	MUL  R30,R27
000135 0df0      	ADD  R31,R0
000136 9fea      	MUL  R30,R26
000137 2de0      	MOV  R30,R0
000138 0df1      	ADD  R31,R1
000139 9508      	RET
                 
                 __MULW12:
00013a d02a      	RCALL __CHKSIGNW
00013b dff6      	RCALL __MULW12U
00013c f40e      	BRTC __MULW121
00013d dff0      	RCALL __ANEGW1
                 __MULW121:
00013e 9508      	RET
                 
                 __DIVW21U:
00013f 2400      	CLR  R0
000140 2411      	CLR  R1
000141 e190      	LDI  R25,16
                 __DIVW21U1:
000142 0faa      	LSL  R26
000143 1fbb      	ROL  R27
000144 1c00      	ROL  R0
000145 1c11      	ROL  R1
000146 1a0e      	SUB  R0,R30
000147 0a1f      	SBC  R1,R31
000148 f418      	BRCC __DIVW21U2
000149 0e0e      	ADD  R0,R30
00014a 1e1f      	ADC  R1,R31
00014b c001      	RJMP __DIVW21U3
                 __DIVW21U2:
00014c 60a1      	SBR  R26,1
                 __DIVW21U3:
00014d 959a      	DEC  R25
00014e f799      	BRNE __DIVW21U1
00014f 01fd      	MOVW R30,R26
000150 01d0      	MOVW R26,R0
000151 9508      	RET
                 
                 __DIVW21:
000152 d012      	RCALL __CHKSIGNW
000153 dfeb      	RCALL __DIVW21U
000154 f40e      	BRTC __DIVW211
000155 dfd8      	RCALL __ANEGW1
                 __DIVW211:
000156 9508      	RET
                 
                 __MODW21:
000157 94e8      	CLT
000158 ffb7      	SBRS R27,7
000159 c004      	RJMP __MODW211
00015a 95a0      	COM  R26
00015b 95b0      	COM  R27
00015c 9611      	ADIW R26,1
00015d 9468      	SET
                 __MODW211:
00015e fdf7      	SBRC R31,7
00015f dfce      	RCALL __ANEGW1
000160 dfde      	RCALL __DIVW21U
000161 01fd      	MOVW R30,R26
000162 f40e      	BRTC __MODW212
000163 dfca      	RCALL __ANEGW1
                 __MODW212:
000164 9508      	RET
                 
                 __CHKSIGNW:
000165 94e8      	CLT
000166 fff7      	SBRS R31,7
000167 c002      	RJMP __CHKSW1
000168 dfc5      	RCALL __ANEGW1
000169 9468      	SET
                 __CHKSW1:
00016a ffb7      	SBRS R27,7
00016b c006      	RJMP __CHKSW2
00016c 95a0      	COM  R26
00016d 95b0      	COM  R27
00016e 9611      	ADIW R26,1
00016f f800      	BLD  R0,0
000170 9403      	INC  R0
000171 fa00      	BST  R0,0
                 __CHKSW2:
000172 9508      	RET
                 
                 ;END OF CODE MARKER
                 __END_OF_CODE:


RESOURCE USE INFORMATION
------------------------

Notice:
The register and instruction counts are symbol table hit counts,
and hence implicitly used resources are not counted, eg, the
'lpm' instruction without operands implicitly uses r0 and z,
none of which are counted.

x,y,z are separate entities in the symbol table and are
counted separately from r26..r31 here.

.dseg memory usage only counts static data declared with .byte

ATmega8535 register use summary:
r0 :  11 r1 :   5 r2 :   0 r3 :   0 r4 :   0 r5 :   0 r6 :   0 r7 :   0 
r8 :   0 r9 :   0 r10:   0 r11:   0 r12:   0 r13:   0 r14:   0 r15:   0 
r16:   0 r17:   2 r18:   0 r19:   0 r20:   0 r21:   0 r22:   0 r23:   0 
r24:  18 r25:   5 r26:  57 r27:  14 r28:   4 r29:   1 r30: 105 r31:  20 
x  :   2 y  :  27 z  :   0 
Registers used: 13 out of 35 (37.1%)

ATmega8535 instruction use summary:
.lds  :   0 .lds.l:   0 .sts  :   0 .sts.l:   0 adc   :   1 add   :   3 
adiw  :   6 and   :   0 andi  :   4 asr   :   0 bclr  :   0 bld   :   1 
brbc  :   0 brbs  :   0 brcc  :   1 brcs  :   0 break :   0 breq  :   1 
brge  :   0 brhc  :   0 brhs  :   0 brid  :   0 brie  :   0 brlo  :   0 
brlt  :   0 brmi  :   0 brne  :  12 brpl  :   1 brsh  :   0 brtc  :   3 
brts  :   0 brvc  :   0 brvs  :   0 bset  :   0 bst   :   1 cbi   :   3 
cbr   :   0 clc   :   0 clh   :   0 cli   :   1 cln   :   0 clr   :   4 
cls   :   0 clt   :   2 clv   :   0 clz   :   0 com   :   4 cp    :   0 
cpc   :   0 cpi   :   1 cpse  :   0 dec   :   7 des   :   0 eor   :   0 
fmul  :   0 fmuls :   0 fmulsu:   0 icall :   0 ijmp  :   0 in    :   2 
inc   :   1 ld    :   7 ldd   :   8 ldi   :  72 lds   :   0 lpm   :   0 
lsl   :   1 lsr   :   0 mov   :   4 movw  :   5 mul   :   3 muls  :   0 
mulsu :   0 neg   :   2 nop   :   0 or    :   0 ori   :   5 out   :  47 
pop   :   0 push  :   0 rcall :  59 ret   :  16 reti  :   0 rjmp  :  39 
rol   :   3 ror   :   0 sbc   :   1 sbci  :   1 sbi   :   5 sbic  :   0 
sbis  :   1 sbiw  :   4 sbr   :   1 sbrc  :   1 sbrs  :   3 sec   :   0 
seh   :   0 sei   :   0 sen   :   0 ser   :   0 ses   :   0 set   :   2 
sev   :   0 sez   :   0 sleep :   0 spm   :   0 st    :  13 std   :   1 
sts   :   0 sub   :   1 subi  :   4 swap  :   1 tst   :   1 wdr   :   1 

Instructions used: 50 out of 114 (43.9%)

ATmega8535 memory use summary [bytes]:
Segment   Begin    End      Code   Data   Used    Size   Use%
---------------------------------------------------------------
[.cseg] 0x000000 0x0002e6    742      0    742    8192   9.1%
[.dseg] 0x000060 0x0000e0      0      0      0     607   0.0%
[.eseg] 0x000000 0x000000      0      0      0     512   0.0%

Assembly complete, 0 errors, 0 warnings
