
AVRASM ver. 2.1.30  D:\Belajar\AVRProject3\09 Servo Kecepatan\List\main.asm Mon Nov 04 09:36:19 2019

D:\Belajar\AVRProject3\09 Servo Kecepatan\List\main.asm(1074): warning: Register r4 already defined by the .DEF directive
D:\Belajar\AVRProject3\09 Servo Kecepatan\List\main.asm(1075): warning: Register r6 already defined by the .DEF directive
D:\Belajar\AVRProject3\09 Servo Kecepatan\List\main.asm(1076): warning: Register r8 already defined by the .DEF directive
D:\Belajar\AVRProject3\09 Servo Kecepatan\List\main.asm(1077): warning: Register r10 already defined by the .DEF directive
D:\Belajar\AVRProject3\09 Servo Kecepatan\List\main.asm(1078): warning: Register r13 already defined by the .DEF directive
D:\Belajar\AVRProject3\09 Servo Kecepatan\List\main.asm(1079): warning: Register r12 already defined by the .DEF directive
                 
                 
                 ;CodeVisionAVR C Compiler V2.05.3 Standard
                 ;(C) Copyright 1998-2011 Pavel Haiduc, HP InfoTech s.r.l.
                 ;http://www.hpinfotech.com
                 
                 ;Chip type                : ATmega128
                 ;Program type             : Application
                 ;Clock frequency          : 16.000000 MHz
                 ;Memory model             : Small
                 ;Optimize for             : Size
                 ;(s)printf features       : int, width
                 ;(s)scanf features        : int, width
                 ;External RAM size        : 0
                 ;Data Stack size          : 1024 byte(s)
                 ;Heap size                : 0 byte(s)
                 ;Promote 'char' to 'int'  : Yes
                 ;'char' is unsigned       : Yes
                 ;8 bit enums              : Yes
                 ;Global 'const' stored in FLASH     : No
                 ;Enhanced function parameter passing: Yes
                 ;Enhanced core instructions         : On
                 ;Smart register allocation          : On
                 ;Automatic register allocation      : On
                 
                 	#pragma AVRPART ADMIN PART_NAME ATmega128
                 	#pragma AVRPART MEMORY PROG_FLASH 131072
                 	#pragma AVRPART MEMORY EEPROM 4096
                 	#pragma AVRPART MEMORY INT_SRAM SIZE 4351
                 	#pragma AVRPART MEMORY INT_SRAM START_ADDR 0x100
                 
                 	#define CALL_SUPPORTED 1
                 
                 	.LISTMAC
                 	.EQU UDRE=0x5
                 	.EQU RXC=0x7
                 	.EQU USR=0xB
                 	.EQU UDR=0xC
                 	.EQU SPSR=0xE
                 	.EQU SPDR=0xF
                 	.EQU EERE=0x0
                 	.EQU EEWE=0x1
                 	.EQU EEMWE=0x2
                 	.EQU EECR=0x1C
                 	.EQU EEDR=0x1D
                 	.EQU EEARL=0x1E
                 	.EQU EEARH=0x1F
                 	.EQU WDTCR=0x21
                 	.EQU MCUCR=0x35
                 	.EQU RAMPZ=0x3B
                 	.EQU SPL=0x3D
                 	.EQU SPH=0x3E
                 	.EQU SREG=0x3F
                 	.EQU XMCRA=0x6D
                 	.EQU XMCRB=0x6C
                 
                 	.DEF R0X0=R0
                 	.DEF R0X1=R1
                 	.DEF R0X2=R2
                 	.DEF R0X3=R3
                 	.DEF R0X4=R4
                 	.DEF R0X5=R5
                 	.DEF R0X6=R6
                 	.DEF R0X7=R7
                 	.DEF R0X8=R8
                 	.DEF R0X9=R9
                 	.DEF R0XA=R10
                 	.DEF R0XB=R11
                 	.DEF R0XC=R12
                 	.DEF R0XD=R13
                 	.DEF R0XE=R14
                 	.DEF R0XF=R15
                 	.DEF R0X10=R16
                 	.DEF R0X11=R17
                 	.DEF R0X12=R18
                 	.DEF R0X13=R19
                 	.DEF R0X14=R20
                 	.DEF R0X15=R21
                 	.DEF R0X16=R22
                 	.DEF R0X17=R23
                 	.DEF R0X18=R24
                 	.DEF R0X19=R25
                 	.DEF R0X1A=R26
                 	.DEF R0X1B=R27
                 	.DEF R0X1C=R28
                 	.DEF R0X1D=R29
                 	.DEF R0X1E=R30
                 	.DEF R0X1F=R31
                 
                 	.EQU __SRAM_START=0x0100
                 	.EQU __SRAM_END=0x10FF
                 	.EQU __DSTACK_SIZE=0x0400
                 	.EQU __HEAP_SIZE=0x0000
                 	.EQU __CLEAR_SRAM_SIZE=__SRAM_END-__SRAM_START+1
                 
                 	.MACRO __CPD1N
                 	CPI  R30,LOW(@0)
                 	LDI  R26,HIGH(@0)
                 	CPC  R31,R26
                 	LDI  R26,BYTE3(@0)
                 	CPC  R22,R26
                 	LDI  R26,BYTE4(@0)
                 	CPC  R23,R26
                 	.ENDM
                 
                 	.MACRO __CPD2N
                 	CPI  R26,LOW(@0)
                 	LDI  R30,HIGH(@0)
                 	CPC  R27,R30
                 	LDI  R30,BYTE3(@0)
                 	CPC  R24,R30
                 	LDI  R30,BYTE4(@0)
                 	CPC  R25,R30
                 	.ENDM
                 
                 	.MACRO __CPWRR
                 	CP   R@0,R@2
                 	CPC  R@1,R@3
                 	.ENDM
                 
                 	.MACRO __CPWRN
                 	CPI  R@0,LOW(@2)
                 	LDI  R30,HIGH(@2)
                 	CPC  R@1,R30
                 	.ENDM
                 
                 	.MACRO __ADDB1MN
                 	SUBI R30,LOW(-@0-(@1))
                 	.ENDM
                 
                 	.MACRO __ADDB2MN
                 	SUBI R26,LOW(-@0-(@1))
                 	.ENDM
                 
                 	.MACRO __ADDW1MN
                 	SUBI R30,LOW(-@0-(@1))
                 	SBCI R31,HIGH(-@0-(@1))
                 	.ENDM
                 
                 	.MACRO __ADDW2MN
                 	SUBI R26,LOW(-@0-(@1))
                 	SBCI R27,HIGH(-@0-(@1))
                 	.ENDM
                 
                 	.MACRO __ADDW1FN
                 	SUBI R30,LOW(-2*@0-(@1))
                 	SBCI R31,HIGH(-2*@0-(@1))
                 	.ENDM
                 
                 	.MACRO __ADDD1FN
                 	SUBI R30,LOW(-2*@0-(@1))
                 	SBCI R31,HIGH(-2*@0-(@1))
                 	SBCI R22,BYTE3(-2*@0-(@1))
                 	.ENDM
                 
                 	.MACRO __ADDD1N
                 	SUBI R30,LOW(-@0)
                 	SBCI R31,HIGH(-@0)
                 	SBCI R22,BYTE3(-@0)
                 	SBCI R23,BYTE4(-@0)
                 	.ENDM
                 
                 	.MACRO __ADDD2N
                 	SUBI R26,LOW(-@0)
                 	SBCI R27,HIGH(-@0)
                 	SBCI R24,BYTE3(-@0)
                 	SBCI R25,BYTE4(-@0)
                 	.ENDM
                 
                 	.MACRO __SUBD1N
                 	SUBI R30,LOW(@0)
                 	SBCI R31,HIGH(@0)
                 	SBCI R22,BYTE3(@0)
                 	SBCI R23,BYTE4(@0)
                 	.ENDM
                 
                 	.MACRO __SUBD2N
                 	SUBI R26,LOW(@0)
                 	SBCI R27,HIGH(@0)
                 	SBCI R24,BYTE3(@0)
                 	SBCI R25,BYTE4(@0)
                 	.ENDM
                 
                 	.MACRO __ANDBMNN
                 	LDS  R30,@0+(@1)
                 	ANDI R30,LOW(@2)
                 	STS  @0+(@1),R30
                 	.ENDM
                 
                 	.MACRO __ANDWMNN
                 	LDS  R30,@0+(@1)
                 	ANDI R30,LOW(@2)
                 	STS  @0+(@1),R30
                 	LDS  R30,@0+(@1)+1
                 	ANDI R30,HIGH(@2)
                 	STS  @0+(@1)+1,R30
                 	.ENDM
                 
                 	.MACRO __ANDD1N
                 	ANDI R30,LOW(@0)
                 	ANDI R31,HIGH(@0)
                 	ANDI R22,BYTE3(@0)
                 	ANDI R23,BYTE4(@0)
                 	.ENDM
                 
                 	.MACRO __ANDD2N
                 	ANDI R26,LOW(@0)
                 	ANDI R27,HIGH(@0)
                 	ANDI R24,BYTE3(@0)
                 	ANDI R25,BYTE4(@0)
                 	.ENDM
                 
                 	.MACRO __ORBMNN
                 	LDS  R30,@0+(@1)
                 	ORI  R30,LOW(@2)
                 	STS  @0+(@1),R30
                 	.ENDM
                 
                 	.MACRO __ORWMNN
                 	LDS  R30,@0+(@1)
                 	ORI  R30,LOW(@2)
                 	STS  @0+(@1),R30
                 	LDS  R30,@0+(@1)+1
                 	ORI  R30,HIGH(@2)
                 	STS  @0+(@1)+1,R30
                 	.ENDM
                 
                 	.MACRO __ORD1N
                 	ORI  R30,LOW(@0)
                 	ORI  R31,HIGH(@0)
                 	ORI  R22,BYTE3(@0)
                 	ORI  R23,BYTE4(@0)
                 	.ENDM
                 
                 	.MACRO __ORD2N
                 	ORI  R26,LOW(@0)
                 	ORI  R27,HIGH(@0)
                 	ORI  R24,BYTE3(@0)
                 	ORI  R25,BYTE4(@0)
                 	.ENDM
                 
                 	.MACRO __DELAY_USB
                 	LDI  R24,LOW(@0)
                 __DELAY_USB_LOOP:
                 	DEC  R24
                 	BRNE __DELAY_USB_LOOP
                 	.ENDM
                 
                 	.MACRO __DELAY_USW
                 	LDI  R24,LOW(@0)
                 	LDI  R25,HIGH(@0)
                 __DELAY_USW_LOOP:
                 	SBIW R24,1
                 	BRNE __DELAY_USW_LOOP
                 	.ENDM
                 
                 	.MACRO __GETD1S
                 	LDD  R30,Y+@0
                 	LDD  R31,Y+@0+1
                 	LDD  R22,Y+@0+2
                 	LDD  R23,Y+@0+3
                 	.ENDM
                 
                 	.MACRO __GETD2S
                 	LDD  R26,Y+@0
                 	LDD  R27,Y+@0+1
                 	LDD  R24,Y+@0+2
                 	LDD  R25,Y+@0+3
                 	.ENDM
                 
                 	.MACRO __PUTD1S
                 	STD  Y+@0,R30
                 	STD  Y+@0+1,R31
                 	STD  Y+@0+2,R22
                 	STD  Y+@0+3,R23
                 	.ENDM
                 
                 	.MACRO __PUTD2S
                 	STD  Y+@0,R26
                 	STD  Y+@0+1,R27
                 	STD  Y+@0+2,R24
                 	STD  Y+@0+3,R25
                 	.ENDM
                 
                 	.MACRO __PUTDZ2
                 	STD  Z+@0,R26
                 	STD  Z+@0+1,R27
                 	STD  Z+@0+2,R24
                 	STD  Z+@0+3,R25
                 	.ENDM
                 
                 	.MACRO __CLRD1S
                 	STD  Y+@0,R30
                 	STD  Y+@0+1,R30
                 	STD  Y+@0+2,R30
                 	STD  Y+@0+3,R30
                 	.ENDM
                 
                 	.MACRO __POINTB1MN
                 	LDI  R30,LOW(@0+(@1))
                 	.ENDM
                 
                 	.MACRO __POINTW1MN
                 	LDI  R30,LOW(@0+(@1))
                 	LDI  R31,HIGH(@0+(@1))
                 	.ENDM
                 
                 	.MACRO __POINTD1M
                 	LDI  R30,LOW(@0)
                 	LDI  R31,HIGH(@0)
                 	LDI  R22,BYTE3(@0)
                 	LDI  R23,BYTE4(@0)
                 	.ENDM
                 
                 	.MACRO __POINTW1FN
                 	LDI  R30,LOW(2*@0+(@1))
                 	LDI  R31,HIGH(2*@0+(@1))
                 	.ENDM
                 
                 	.MACRO __POINTD1FN
                 	LDI  R30,LOW(2*@0+(@1))
                 	LDI  R31,HIGH(2*@0+(@1))
                 	LDI  R22,BYTE3(2*@0+(@1))
                 	LDI  R23,BYTE4(2*@0+(@1))
                 	.ENDM
                 
                 	.MACRO __POINTB2MN
                 	LDI  R26,LOW(@0+(@1))
                 	.ENDM
                 
                 	.MACRO __POINTW2MN
                 	LDI  R26,LOW(@0+(@1))
                 	LDI  R27,HIGH(@0+(@1))
                 	.ENDM
                 
                 	.MACRO __POINTW2FN
                 	LDI  R26,LOW(2*@0+(@1))
                 	LDI  R27,HIGH(2*@0+(@1))
                 	.ENDM
                 
                 	.MACRO __POINTD2FN
                 	LDI  R26,LOW(2*@0+(@1))
                 	LDI  R27,HIGH(2*@0+(@1))
                 	LDI  R24,BYTE3(2*@0+(@1))
                 	LDI  R25,BYTE4(2*@0+(@1))
                 	.ENDM
                 
                 	.MACRO __POINTBRM
                 	LDI  R@0,LOW(@1)
                 	.ENDM
                 
                 	.MACRO __POINTWRM
                 	LDI  R@0,LOW(@2)
                 	LDI  R@1,HIGH(@2)
                 	.ENDM
                 
                 	.MACRO __POINTBRMN
                 	LDI  R@0,LOW(@1+(@2))
                 	.ENDM
                 
                 	.MACRO __POINTWRMN
                 	LDI  R@0,LOW(@2+(@3))
                 	LDI  R@1,HIGH(@2+(@3))
                 	.ENDM
                 
                 	.MACRO __POINTWRFN
                 	LDI  R@0,LOW(@2*2+(@3))
                 	LDI  R@1,HIGH(@2*2+(@3))
                 	.ENDM
                 
                 	.MACRO __GETD1N
                 	LDI  R30,LOW(@0)
                 	LDI  R31,HIGH(@0)
                 	LDI  R22,BYTE3(@0)
                 	LDI  R23,BYTE4(@0)
                 	.ENDM
                 
                 	.MACRO __GETD2N
                 	LDI  R26,LOW(@0)
                 	LDI  R27,HIGH(@0)
                 	LDI  R24,BYTE3(@0)
                 	LDI  R25,BYTE4(@0)
                 	.ENDM
                 
                 	.MACRO __GETB1MN
                 	LDS  R30,@0+(@1)
                 	.ENDM
                 
                 	.MACRO __GETB1HMN
                 	LDS  R31,@0+(@1)
                 	.ENDM
                 
                 	.MACRO __GETW1MN
                 	LDS  R30,@0+(@1)
                 	LDS  R31,@0+(@1)+1
                 	.ENDM
                 
                 	.MACRO __GETD1MN
                 	LDS  R30,@0+(@1)
                 	LDS  R31,@0+(@1)+1
                 	LDS  R22,@0+(@1)+2
                 	LDS  R23,@0+(@1)+3
                 	.ENDM
                 
                 	.MACRO __GETBRMN
                 	LDS  R@0,@1+(@2)
                 	.ENDM
                 
                 	.MACRO __GETWRMN
                 	LDS  R@0,@2+(@3)
                 	LDS  R@1,@2+(@3)+1
                 	.ENDM
                 
                 	.MACRO __GETWRZ
                 	LDD  R@0,Z+@2
                 	LDD  R@1,Z+@2+1
                 	.ENDM
                 
                 	.MACRO __GETD2Z
                 	LDD  R26,Z+@0
                 	LDD  R27,Z+@0+1
                 	LDD  R24,Z+@0+2
                 	LDD  R25,Z+@0+3
                 	.ENDM
                 
                 	.MACRO __GETB2MN
                 	LDS  R26,@0+(@1)
                 	.ENDM
                 
                 	.MACRO __GETW2MN
                 	LDS  R26,@0+(@1)
                 	LDS  R27,@0+(@1)+1
                 	.ENDM
                 
                 	.MACRO __GETD2MN
                 	LDS  R26,@0+(@1)
                 	LDS  R27,@0+(@1)+1
                 	LDS  R24,@0+(@1)+2
                 	LDS  R25,@0+(@1)+3
                 	.ENDM
                 
                 	.MACRO __PUTB1MN
                 	STS  @0+(@1),R30
                 	.ENDM
                 
                 	.MACRO __PUTW1MN
                 	STS  @0+(@1),R30
                 	STS  @0+(@1)+1,R31
                 	.ENDM
                 
                 	.MACRO __PUTD1MN
                 	STS  @0+(@1),R30
                 	STS  @0+(@1)+1,R31
                 	STS  @0+(@1)+2,R22
                 	STS  @0+(@1)+3,R23
                 	.ENDM
                 
                 	.MACRO __PUTB1EN
                 	LDI  R26,LOW(@0+(@1))
                 	LDI  R27,HIGH(@0+(@1))
                 	CALL __EEPROMWRB
                 	.ENDM
                 
                 	.MACRO __PUTW1EN
                 	LDI  R26,LOW(@0+(@1))
                 	LDI  R27,HIGH(@0+(@1))
                 	CALL __EEPROMWRW
                 	.ENDM
                 
                 	.MACRO __PUTD1EN
                 	LDI  R26,LOW(@0+(@1))
                 	LDI  R27,HIGH(@0+(@1))
                 	CALL __EEPROMWRD
                 	.ENDM
                 
                 	.MACRO __PUTBR0MN
                 	STS  @0+(@1),R0
                 	.ENDM
                 
                 	.MACRO __PUTBMRN
                 	STS  @0+(@1),R@2
                 	.ENDM
                 
                 	.MACRO __PUTWMRN
                 	STS  @0+(@1),R@2
                 	STS  @0+(@1)+1,R@3
                 	.ENDM
                 
                 	.MACRO __PUTBZR
                 	STD  Z+@1,R@0
                 	.ENDM
                 
                 	.MACRO __PUTWZR
                 	STD  Z+@2,R@0
                 	STD  Z+@2+1,R@1
                 	.ENDM
                 
                 	.MACRO __GETW1R
                 	MOV  R30,R@0
                 	MOV  R31,R@1
                 	.ENDM
                 
                 	.MACRO __GETW2R
                 	MOV  R26,R@0
                 	MOV  R27,R@1
                 	.ENDM
                 
                 	.MACRO __GETWRN
                 	LDI  R@0,LOW(@2)
                 	LDI  R@1,HIGH(@2)
                 	.ENDM
                 
                 	.MACRO __PUTW1R
                 	MOV  R@0,R30
                 	MOV  R@1,R31
                 	.ENDM
                 
                 	.MACRO __PUTW2R
                 	MOV  R@0,R26
                 	MOV  R@1,R27
                 	.ENDM
                 
                 	.MACRO __ADDWRN
                 	SUBI R@0,LOW(-@2)
                 	SBCI R@1,HIGH(-@2)
                 	.ENDM
                 
                 	.MACRO __ADDWRR
                 	ADD  R@0,R@2
                 	ADC  R@1,R@3
                 	.ENDM
                 
                 	.MACRO __SUBWRN
                 	SUBI R@0,LOW(@2)
                 	SBCI R@1,HIGH(@2)
                 	.ENDM
                 
                 	.MACRO __SUBWRR
                 	SUB  R@0,R@2
                 	SBC  R@1,R@3
                 	.ENDM
                 
                 	.MACRO __ANDWRN
                 	ANDI R@0,LOW(@2)
                 	ANDI R@1,HIGH(@2)
                 	.ENDM
                 
                 	.MACRO __ANDWRR
                 	AND  R@0,R@2
                 	AND  R@1,R@3
                 	.ENDM
                 
                 	.MACRO __ORWRN
                 	ORI  R@0,LOW(@2)
                 	ORI  R@1,HIGH(@2)
                 	.ENDM
                 
                 	.MACRO __ORWRR
                 	OR   R@0,R@2
                 	OR   R@1,R@3
                 	.ENDM
                 
                 	.MACRO __EORWRR
                 	EOR  R@0,R@2
                 	EOR  R@1,R@3
                 	.ENDM
                 
                 	.MACRO __GETWRS
                 	LDD  R@0,Y+@2
                 	LDD  R@1,Y+@2+1
                 	.ENDM
                 
                 	.MACRO __PUTBSR
                 	STD  Y+@1,R@0
                 	.ENDM
                 
                 	.MACRO __PUTWSR
                 	STD  Y+@2,R@0
                 	STD  Y+@2+1,R@1
                 	.ENDM
                 
                 	.MACRO __MOVEWRR
                 	MOV  R@0,R@2
                 	MOV  R@1,R@3
                 	.ENDM
                 
                 	.MACRO __INWR
                 	IN   R@0,@2
                 	IN   R@1,@2+1
                 	.ENDM
                 
                 	.MACRO __OUTWR
                 	OUT  @2+1,R@1
                 	OUT  @2,R@0
                 	.ENDM
                 
                 	.MACRO __CALL1MN
                 	LDS  R30,@0+(@1)
                 	LDS  R31,@0+(@1)+1
                 	ICALL
                 	.ENDM
                 
                 	.MACRO __CALL1FN
                 	LDI  R30,LOW(2*@0+(@1))
                 	LDI  R31,HIGH(2*@0+(@1))
                 	CALL __GETW1PF
                 	ICALL
                 	.ENDM
                 
                 	.MACRO __CALL2EN
                 	LDI  R26,LOW(@0+(@1))
                 	LDI  R27,HIGH(@0+(@1))
                 	CALL __EEPROMRDW
                 	ICALL
                 	.ENDM
                 
                 	.MACRO __GETW1STACK
                 	IN   R26,SPL
                 	IN   R27,SPH
                 	ADIW R26,@0+1
                 	LD   R30,X+
                 	LD   R31,X
                 	.ENDM
                 
                 	.MACRO __GETD1STACK
                 	IN   R26,SPL
                 	IN   R27,SPH
                 	ADIW R26,@0+1
                 	LD   R30,X+
                 	LD   R31,X+
                 	LD   R22,X
                 	.ENDM
                 
                 	.MACRO __NBST
                 	BST  R@0,@1
                 	IN   R30,SREG
                 	LDI  R31,0x40
                 	EOR  R30,R31
                 	OUT  SREG,R30
                 	.ENDM
                 
                 
                 	.MACRO __PUTB1SN
                 	LDD  R26,Y+@0
                 	LDD  R27,Y+@0+1
                 	SUBI R26,LOW(-@1)
                 	SBCI R27,HIGH(-@1)
                 	ST   X,R30
                 	.ENDM
                 
                 	.MACRO __PUTW1SN
                 	LDD  R26,Y+@0
                 	LDD  R27,Y+@0+1
                 	SUBI R26,LOW(-@1)
                 	SBCI R27,HIGH(-@1)
                 	ST   X+,R30
                 	ST   X,R31
                 	.ENDM
                 
                 	.MACRO __PUTD1SN
                 	LDD  R26,Y+@0
                 	LDD  R27,Y+@0+1
                 	SUBI R26,LOW(-@1)
                 	SBCI R27,HIGH(-@1)
                 	CALL __PUTDP1
                 	.ENDM
                 
                 	.MACRO __PUTB1SNS
                 	LDD  R26,Y+@0
                 	LDD  R27,Y+@0+1
                 	ADIW R26,@1
                 	ST   X,R30
                 	.ENDM
                 
                 	.MACRO __PUTW1SNS
                 	LDD  R26,Y+@0
                 	LDD  R27,Y+@0+1
                 	ADIW R26,@1
                 	ST   X+,R30
                 	ST   X,R31
                 	.ENDM
                 
                 	.MACRO __PUTD1SNS
                 	LDD  R26,Y+@0
                 	LDD  R27,Y+@0+1
                 	ADIW R26,@1
                 	CALL __PUTDP1
                 	.ENDM
                 
                 	.MACRO __PUTB1PMN
                 	LDS  R26,@0
                 	LDS  R27,@0+1
                 	SUBI R26,LOW(-@1)
                 	SBCI R27,HIGH(-@1)
                 	ST   X,R30
                 	.ENDM
                 
                 	.MACRO __PUTW1PMN
                 	LDS  R26,@0
                 	LDS  R27,@0+1
                 	SUBI R26,LOW(-@1)
                 	SBCI R27,HIGH(-@1)
                 	ST   X+,R30
                 	ST   X,R31
                 	.ENDM
                 
                 	.MACRO __PUTD1PMN
                 	LDS  R26,@0
                 	LDS  R27,@0+1
                 	SUBI R26,LOW(-@1)
                 	SBCI R27,HIGH(-@1)
                 	CALL __PUTDP1
                 	.ENDM
                 
                 	.MACRO __PUTB1PMNS
                 	LDS  R26,@0
                 	LDS  R27,@0+1
                 	ADIW R26,@1
                 	ST   X,R30
                 	.ENDM
                 
                 	.MACRO __PUTW1PMNS
                 	LDS  R26,@0
                 	LDS  R27,@0+1
                 	ADIW R26,@1
                 	ST   X+,R30
                 	ST   X,R31
                 	.ENDM
                 
                 	.MACRO __PUTD1PMNS
                 	LDS  R26,@0
                 	LDS  R27,@0+1
                 	ADIW R26,@1
                 	CALL __PUTDP1
                 	.ENDM
                 
                 	.MACRO __PUTB1RN
                 	MOVW R26,R@0
                 	SUBI R26,LOW(-@1)
                 	SBCI R27,HIGH(-@1)
                 	ST   X,R30
                 	.ENDM
                 
                 	.MACRO __PUTW1RN
                 	MOVW R26,R@0
                 	SUBI R26,LOW(-@1)
                 	SBCI R27,HIGH(-@1)
                 	ST   X+,R30
                 	ST   X,R31
                 	.ENDM
                 
                 	.MACRO __PUTD1RN
                 	MOVW R26,R@0
                 	SUBI R26,LOW(-@1)
                 	SBCI R27,HIGH(-@1)
                 	CALL __PUTDP1
                 	.ENDM
                 
                 	.MACRO __PUTB1RNS
                 	MOVW R26,R@0
                 	ADIW R26,@1
                 	ST   X,R30
                 	.ENDM
                 
                 	.MACRO __PUTW1RNS
                 	MOVW R26,R@0
                 	ADIW R26,@1
                 	ST   X+,R30
                 	ST   X,R31
                 	.ENDM
                 
                 	.MACRO __PUTD1RNS
                 	MOVW R26,R@0
                 	ADIW R26,@1
                 	CALL __PUTDP1
                 	.ENDM
                 
                 	.MACRO __PUTB1RON
                 	MOV  R26,R@0
                 	MOV  R27,R@1
                 	SUBI R26,LOW(-@2)
                 	SBCI R27,HIGH(-@2)
                 	ST   X,R30
                 	.ENDM
                 
                 	.MACRO __PUTW1RON
                 	MOV  R26,R@0
                 	MOV  R27,R@1
                 	SUBI R26,LOW(-@2)
                 	SBCI R27,HIGH(-@2)
                 	ST   X+,R30
                 	ST   X,R31
                 	.ENDM
                 
                 	.MACRO __PUTD1RON
                 	MOV  R26,R@0
                 	MOV  R27,R@1
                 	SUBI R26,LOW(-@2)
                 	SBCI R27,HIGH(-@2)
                 	CALL __PUTDP1
                 	.ENDM
                 
                 	.MACRO __PUTB1RONS
                 	MOV  R26,R@0
                 	MOV  R27,R@1
                 	ADIW R26,@2
                 	ST   X,R30
                 	.ENDM
                 
                 	.MACRO __PUTW1RONS
                 	MOV  R26,R@0
                 	MOV  R27,R@1
                 	ADIW R26,@2
                 	ST   X+,R30
                 	ST   X,R31
                 	.ENDM
                 
                 	.MACRO __PUTD1RONS
                 	MOV  R26,R@0
                 	MOV  R27,R@1
                 	ADIW R26,@2
                 	CALL __PUTDP1
                 	.ENDM
                 
                 
                 	.MACRO __GETB1SX
                 	MOVW R30,R28
                 	SUBI R30,LOW(-@0)
                 	SBCI R31,HIGH(-@0)
                 	LD   R30,Z
                 	.ENDM
                 
                 	.MACRO __GETB1HSX
                 	MOVW R30,R28
                 	SUBI R30,LOW(-@0)
                 	SBCI R31,HIGH(-@0)
                 	LD   R31,Z
                 	.ENDM
                 
                 	.MACRO __GETW1SX
                 	MOVW R30,R28
                 	SUBI R30,LOW(-@0)
                 	SBCI R31,HIGH(-@0)
                 	LD   R0,Z+
                 	LD   R31,Z
                 	MOV  R30,R0
                 	.ENDM
                 
                 	.MACRO __GETD1SX
                 	MOVW R30,R28
                 	SUBI R30,LOW(-@0)
                 	SBCI R31,HIGH(-@0)
                 	LD   R0,Z+
                 	LD   R1,Z+
                 	LD   R22,Z+
                 	LD   R23,Z
                 	MOVW R30,R0
                 	.ENDM
                 
                 	.MACRO __GETB2SX
                 	MOVW R26,R28
                 	SUBI R26,LOW(-@0)
                 	SBCI R27,HIGH(-@0)
                 	LD   R26,X
                 	.ENDM
                 
                 	.MACRO __GETW2SX
                 	MOVW R26,R28
                 	SUBI R26,LOW(-@0)
                 	SBCI R27,HIGH(-@0)
                 	LD   R0,X+
                 	LD   R27,X
                 	MOV  R26,R0
                 	.ENDM
                 
                 	.MACRO __GETD2SX
                 	MOVW R26,R28
                 	SUBI R26,LOW(-@0)
                 	SBCI R27,HIGH(-@0)
                 	LD   R0,X+
                 	LD   R1,X+
                 	LD   R24,X+
                 	LD   R25,X
                 	MOVW R26,R0
                 	.ENDM
                 
                 	.MACRO __GETBRSX
                 	MOVW R30,R28
                 	SUBI R30,LOW(-@1)
                 	SBCI R31,HIGH(-@1)
                 	LD   R@0,Z
                 	.ENDM
                 
                 	.MACRO __GETWRSX
                 	MOVW R30,R28
                 	SUBI R30,LOW(-@2)
                 	SBCI R31,HIGH(-@2)
                 	LD   R@0,Z+
                 	LD   R@1,Z
                 	.ENDM
                 
                 	.MACRO __GETBRSX2
                 	MOVW R26,R28
                 	SUBI R26,LOW(-@1)
                 	SBCI R27,HIGH(-@1)
                 	LD   R@0,X
                 	.ENDM
                 
                 	.MACRO __GETWRSX2
                 	MOVW R26,R28
                 	SUBI R26,LOW(-@2)
                 	SBCI R27,HIGH(-@2)
                 	LD   R@0,X+
                 	LD   R@1,X
                 	.ENDM
                 
                 	.MACRO __LSLW8SX
                 	MOVW R30,R28
                 	SUBI R30,LOW(-@0)
                 	SBCI R31,HIGH(-@0)
                 	LD   R31,Z
                 	CLR  R30
                 	.ENDM
                 
                 	.MACRO __PUTB1SX
                 	MOVW R26,R28
                 	SUBI R26,LOW(-@0)
                 	SBCI R27,HIGH(-@0)
                 	ST   X,R30
                 	.ENDM
                 
                 	.MACRO __PUTW1SX
                 	MOVW R26,R28
                 	SUBI R26,LOW(-@0)
                 	SBCI R27,HIGH(-@0)
                 	ST   X+,R30
                 	ST   X,R31
                 	.ENDM
                 
                 	.MACRO __PUTD1SX
                 	MOVW R26,R28
                 	SUBI R26,LOW(-@0)
                 	SBCI R27,HIGH(-@0)
                 	ST   X+,R30
                 	ST   X+,R31
                 	ST   X+,R22
                 	ST   X,R23
                 	.ENDM
                 
                 	.MACRO __CLRW1SX
                 	MOVW R26,R28
                 	SUBI R26,LOW(-@0)
                 	SBCI R27,HIGH(-@0)
                 	ST   X+,R30
                 	ST   X,R30
                 	.ENDM
                 
                 	.MACRO __CLRD1SX
                 	MOVW R26,R28
                 	SUBI R26,LOW(-@0)
                 	SBCI R27,HIGH(-@0)
                 	ST   X+,R30
                 	ST   X+,R30
                 	ST   X+,R30
                 	ST   X,R30
                 	.ENDM
                 
                 	.MACRO __PUTB2SX
                 	MOVW R30,R28
                 	SUBI R30,LOW(-@0)
                 	SBCI R31,HIGH(-@0)
                 	ST   Z,R26
                 	.ENDM
                 
                 	.MACRO __PUTW2SX
                 	MOVW R30,R28
                 	SUBI R30,LOW(-@0)
                 	SBCI R31,HIGH(-@0)
                 	ST   Z+,R26
                 	ST   Z,R27
                 	.ENDM
                 
                 	.MACRO __PUTD2SX
                 	MOVW R30,R28
                 	SUBI R30,LOW(-@0)
                 	SBCI R31,HIGH(-@0)
                 	ST   Z+,R26
                 	ST   Z+,R27
                 	ST   Z+,R24
                 	ST   Z,R25
                 	.ENDM
                 
                 	.MACRO __PUTBSRX
                 	MOVW R30,R28
                 	SUBI R30,LOW(-@1)
                 	SBCI R31,HIGH(-@1)
                 	ST   Z,R@0
                 	.ENDM
                 
                 	.MACRO __PUTWSRX
                 	MOVW R30,R28
                 	SUBI R30,LOW(-@2)
                 	SBCI R31,HIGH(-@2)
                 	ST   Z+,R@0
                 	ST   Z,R@1
                 	.ENDM
                 
                 	.MACRO __PUTB1SNX
                 	MOVW R26,R28
                 	SUBI R26,LOW(-@0)
                 	SBCI R27,HIGH(-@0)
                 	LD   R0,X+
                 	LD   R27,X
                 	MOV  R26,R0
                 	SUBI R26,LOW(-@1)
                 	SBCI R27,HIGH(-@1)
                 	ST   X,R30
                 	.ENDM
                 
                 	.MACRO __PUTW1SNX
                 	MOVW R26,R28
                 	SUBI R26,LOW(-@0)
                 	SBCI R27,HIGH(-@0)
                 	LD   R0,X+
                 	LD   R27,X
                 	MOV  R26,R0
                 	SUBI R26,LOW(-@1)
                 	SBCI R27,HIGH(-@1)
                 	ST   X+,R30
                 	ST   X,R31
                 	.ENDM
                 
                 	.MACRO __PUTD1SNX
                 	MOVW R26,R28
                 	SUBI R26,LOW(-@0)
                 	SBCI R27,HIGH(-@0)
                 	LD   R0,X+
                 	LD   R27,X
                 	MOV  R26,R0
                 	SUBI R26,LOW(-@1)
                 	SBCI R27,HIGH(-@1)
                 	ST   X+,R30
                 	ST   X+,R31
                 	ST   X+,R22
                 	ST   X,R23
                 	.ENDM
                 
                 	.MACRO __MULBRR
                 	MULS R@0,R@1
                 	MOVW R30,R0
                 	.ENDM
                 
                 	.MACRO __MULBRRU
                 	MUL  R@0,R@1
                 	MOVW R30,R0
                 	.ENDM
                 
                 	.MACRO __MULBRR0
                 	MULS R@0,R@1
                 	.ENDM
                 
                 	.MACRO __MULBRRU0
                 	MUL  R@0,R@1
                 	.ENDM
                 
                 	.MACRO __MULBNWRU
                 	LDI  R26,@2
                 	MUL  R26,R@0
                 	MOVW R30,R0
                 	MUL  R26,R@1
                 	ADD  R31,R0
                 	.ENDM
                 
                 ;NAME DEFINITIONS FOR GLOBAL VARIABLES ALLOCATED TO REGISTERS
                 	.DEF _EnkoderKi=R4
                 	.DEF _EnkoderKa=R6
                 	.DEF _dCounterKi=R8
                 	.DEF _dCounterKa=R10
                 	.DEF _dSpeedKi=R13
                 	.DEF _dSpeedKa=R12
                 
                 	.CSEG
                 	.ORG 0x00
                 
                 ;START OF CODE MARKER
                 __START_OF_CODE:
                 
                 ;INTERRUPT VECTORS
000000 940c 0059 	JMP  __RESET
000002 940c 0000 	JMP  0x00
000004 940c 0000 	JMP  0x00
000006 940c 0000 	JMP  0x00
000008 940c 0000 	JMP  0x00
00000a 940c 0000 	JMP  0x00
00000c 940c 0000 	JMP  0x00
00000e 940c 0115 	JMP  _ext_int6_isr
000010 940c 0145 	JMP  _ext_int7_isr
000012 940c 017a 	JMP  _timer2_comp_isr
000014 940c 0000 	JMP  0x00
000016 940c 0179 	JMP  _timer1_capt_isr
000018 940c 0000 	JMP  0x00
00001a 940c 0000 	JMP  0x00
00001c 940c 0178 	JMP  _timer1_ovf_isr
00001e 940c 0000 	JMP  0x00
000020 940c 0000 	JMP  0x00
000022 940c 0000 	JMP  0x00
000024 940c 0000 	JMP  0x00
000026 940c 0000 	JMP  0x00
000028 940c 0000 	JMP  0x00
00002a 940c 0000 	JMP  0x00
00002c 940c 0000 	JMP  0x00
00002e 940c 0000 	JMP  0x00
000030 940c 0000 	JMP  0x00
000032 940c 0000 	JMP  0x00
000034 940c 0000 	JMP  0x00
000036 940c 0000 	JMP  0x00
000038 940c 0000 	JMP  0x00
00003a 940c 0000 	JMP  0x00
00003c 940c 0000 	JMP  0x00
00003e 940c 0000 	JMP  0x00
000040 940c 0000 	JMP  0x00
000042 940c 0000 	JMP  0x00
000044 940c 0000 	JMP  0x00
                 
                 _0x6A:
D:\Belajar\AVRProject3\09 Servo Kecepatan\List\main.asm(1125): warning: .cseg .db misalignment - padding zero byte
000046 000a      	.DB  0xA
                 _0x0:
000047 654b
000048 6563
000049 6170
00004a 6174      	.DB  0x4B,0x65,0x63,0x65,0x70,0x61,0x74,0x61
00004b 206e
00004c 614b
00004d 003a
00004e 654b      	.DB  0x6E,0x20,0x4B,0x61,0x3A,0x0,0x4B,0x65
00004f 6563
000050 6170
000051 6174
000052 206e      	.DB  0x63,0x65,0x70,0x61,0x74,0x61,0x6E,0x20
000053 694b
000054 003a      	.DB  0x4B,0x69,0x3A,0x0
                 
                 __GLOBAL_INI_TBL:
000055 0001      	.DW  0x01
000056 050a      	.DW  _Timer2Tick_S0000019000
000057 008c      	.DW  _0x6A*2
                 
                 _0xFFFFFFFF:
000058 0000      	.DW  0
                 
                 __RESET:
000059 94f8      	CLI
00005a 27ee      	CLR  R30
00005b bbec      	OUT  EECR,R30
                 
                 ;INTERRUPT VECTORS ARE PLACED
                 ;AT THE START OF FLASH
00005c e0f1      	LDI  R31,1
00005d bff5      	OUT  MCUCR,R31
00005e bfe5      	OUT  MCUCR,R30
00005f 93e0 006c 	STS  XMCRB,R30
                 
                 ;DISABLE WATCHDOG
000061 e1f8      	LDI  R31,0x18
000062 bdf1      	OUT  WDTCR,R31
000063 bde1      	OUT  WDTCR,R30
                 
                 ;CLEAR R2-R14
000064 e08d      	LDI  R24,(14-2)+1
000065 e0a2      	LDI  R26,2
000066 27bb      	CLR  R27
                 __CLEAR_REG:
000067 93ed      	ST   X+,R30
000068 958a      	DEC  R24
000069 f7e9      	BRNE __CLEAR_REG
                 
                 ;CLEAR SRAM
00006a e080      	LDI  R24,LOW(__CLEAR_SRAM_SIZE)
00006b e190      	LDI  R25,HIGH(__CLEAR_SRAM_SIZE)
00006c e0a0      	LDI  R26,LOW(__SRAM_START)
00006d e0b1      	LDI  R27,HIGH(__SRAM_START)
                 __CLEAR_SRAM:
00006e 93ed      	ST   X+,R30
00006f 9701      	SBIW R24,1
000070 f7e9      	BRNE __CLEAR_SRAM
                 
                 ;GLOBAL VARIABLES INITIALIZATION
000071 eaea      	LDI  R30,LOW(__GLOBAL_INI_TBL*2)
000072 e0f0      	LDI  R31,HIGH(__GLOBAL_INI_TBL*2)
                 __GLOBAL_INI_NEXT:
000073 9185      	LPM  R24,Z+
000074 9195      	LPM  R25,Z+
000075 9700      	SBIW R24,0
000076 f061      	BREQ __GLOBAL_INI_END
000077 91a5      	LPM  R26,Z+
000078 91b5      	LPM  R27,Z+
000079 9005      	LPM  R0,Z+
00007a 9015      	LPM  R1,Z+
00007b 01bf      	MOVW R22,R30
00007c 01f0      	MOVW R30,R0
                 __GLOBAL_INI_LOOP:
00007d 9005      	LPM  R0,Z+
00007e 920d      	ST   X+,R0
00007f 9701      	SBIW R24,1
000080 f7e1      	BRNE __GLOBAL_INI_LOOP
000081 01fb      	MOVW R30,R22
000082 cff0      	RJMP __GLOBAL_INI_NEXT
                 __GLOBAL_INI_END:
                 
000083 bf8b      	OUT  RAMPZ,R24
                 
                 ;HARDWARE STACK POINTER INITIALIZATION
000084 efef      	LDI  R30,LOW(__SRAM_END-__HEAP_SIZE)
000085 bfed      	OUT  SPL,R30
000086 e1e0      	LDI  R30,HIGH(__SRAM_END-__HEAP_SIZE)
000087 bfee      	OUT  SPH,R30
                 
                 ;DATA STACK POINTER INITIALIZATION
000088 e0c0      	LDI  R28,LOW(__SRAM_START+__DSTACK_SIZE)
000089 e0d5      	LDI  R29,HIGH(__SRAM_START+__DSTACK_SIZE)
                 
00008a 940c 021d 	JMP  _main
                 
                 	.ESEG
                 	.ORG 0
                 
                 	.DSEG
                 	.ORG 0x500
                 
                 	.CSEG
                 ;/*****************************************************
                 ;This program was produced by the
                 ;CodeWizardAVR V2.05.3 Standard
                 ;Automatic Program Generator
                 ;© Copyright 1998-2011 Pavel Haiduc, HP InfoTech s.r.l.
                 ;http://www.hpinfotech.com
                 ;
                 ;Project :
                 ;Version :
                 ;Date    : 11/4/2019
                 ;Author  : unknown
                 ;Company :
                 ;Comments:
                 ;
                 ;
                 ;Chip type               : ATmega128
                 ;Program type            : Application
                 ;AVR Core Clock frequency: 16.000000 MHz
                 ;Memory model            : Small
                 ;External RAM size       : 0
                 ;Data Stack size         : 1024
                 ;*****************************************************/
                 ;
                 ;#include <mega128.h>
                 	#ifndef __SLEEP_DEFINED__
                 	#define __SLEEP_DEFINED__
                 	.EQU __se_bit=0x20
                 	.EQU __sm_mask=0x1C
                 	.EQU __sm_powerdown=0x10
                 	.EQU __sm_powersave=0x18
                 	.EQU __sm_standby=0x14
                 	.EQU __sm_ext_standby=0x1C
                 	.EQU __sm_adc_noise_red=0x08
                 	.SET power_ctrl_reg=mcucr
                 	#endif
                 ;#include <delay.h>
                 ;#include "adroit.h"
                 ;#include "adroit_LCD.h"
                 
                 	.CSEG
                 _LCD_Init_Cmd:
00008c 93aa      	ST   -Y,R26
                 ;	xData -> Y+0
00008d 81e8      	LD   R30,Y
00008e 7fe0      	ANDI R30,LOW(0xF0)
00008f 60e4      	ORI  R30,4
000090 d281      	RCALL SUBOPT_0x0
000091 c01b      	RJMP _0x2000004
                 _LCD_Perintah:
000092 93aa      	ST   -Y,R26
                 ;	xData -> Y+0
000093 98d8      	CBI  0x1B,0
000094 81e8      	LD   R30,Y
000095 7fe0      	ANDI R30,LOW(0xF0)
000096 60ec      	ORI  R30,LOW(0xC)
000097 d27a      	RCALL SUBOPT_0x0
000098 d27f      	RCALL SUBOPT_0x1
000099 60ec      	ORI  R30,LOW(0xC)
00009a d277      	RCALL SUBOPT_0x0
                +
00009b ef80     +LDI R24 , LOW ( 2800 )
00009c e09a     +LDI R25 , HIGH ( 2800 )
                +__DELAY_USW_LOOP :
00009d 9701     +SBIW R24 , 1
00009e f7f1     +BRNE __DELAY_USW_LOOP
                 	__DELAY_USW 2800
00009f c00c      	RJMP _0x2000003
                 _LCD_Data:
0000a0 93aa      	ST   -Y,R26
                 ;	xData -> Y+0
0000a1 9ad8      	SBI  0x1B,0
0000a2 81e8      	LD   R30,Y
0000a3 7fe0      	ANDI R30,LOW(0xF0)
0000a4 60ed      	ORI  R30,LOW(0xD)
0000a5 d26c      	RCALL SUBOPT_0x0
0000a6 d271      	RCALL SUBOPT_0x1
0000a7 60ed      	ORI  R30,LOW(0xD)
0000a8 d269      	RCALL SUBOPT_0x0
                +
0000a9 ed85     +LDI R24 , LOW ( 213 )
                +__DELAY_USB_LOOP :
0000aa 958a     +DEC R24
0000ab f7f1     +BRNE __DELAY_USB_LOOP
                 	__DELAY_USB 213
                 _0x2000003:
0000ac 9ada      	SBI  0x1B,2
                 _0x2000004:
0000ad 9621      	ADIW R28,1
0000ae 9508      	RET
                 _LCD_Init:
0000af e3a2      	LDI  R26,LOW(50)
0000b0 d26e      	RCALL SUBOPT_0x2
0000b1 e0a5      	LDI  R26,LOW(5)
0000b2 d26c      	RCALL SUBOPT_0x2
0000b3 e0a1      	LDI  R26,LOW(1)
0000b4 d26a      	RCALL SUBOPT_0x2
0000b5 e0a1      	LDI  R26,LOW(1)
0000b6 e0b0      	LDI  R27,0
0000b7 940e 0334 	CALL _delay_ms
0000b9 e2a0      	LDI  R26,LOW(32)
0000ba dfd1      	RCALL _LCD_Init_Cmd
0000bb e2a8      	LDI  R26,LOW(40)
0000bc dfd5      	RCALL _LCD_Perintah
0000bd e1a0      	LDI  R26,LOW(16)
0000be dfd3      	RCALL _LCD_Perintah
0000bf e0ac      	LDI  R26,LOW(12)
0000c0 dfd1      	RCALL _LCD_Perintah
0000c1 e0a6      	LDI  R26,LOW(6)
0000c2 dfcf      	RCALL _LCD_Perintah
0000c3 e0a1      	LDI  R26,LOW(1)
0000c4 dfcd      	RCALL _LCD_Perintah
0000c5 9508      	RET
                 _LCD_GotoXY:
0000c6 93aa      	ST   -Y,R26
0000c7 931a      	ST   -Y,R17
                 ;	x -> Y+2
                 ;	y -> Y+1
                 ;	baris -> R17
0000c8 81e9      	LDD  R30,Y+1
0000c9 30e0      	CPI  R30,0
0000ca f419      	BRNE _0x27
0000cb 81aa      	LDD  R26,Y+2
0000cc 58a0      	SUBI R26,-LOW(128)
0000cd c002      	RJMP _0x92
                 _0x27:
0000ce 81aa      	LDD  R26,Y+2
0000cf 54a0      	SUBI R26,-LOW(192)
                 _0x92:
0000d0 dfc1      	RCALL _LCD_Perintah
0000d1 8118      	LDD  R17,Y+0
0000d2 c01b      	RJMP _0x2000002
                 _LCD_TextF:
0000d3 93ba      	ST   -Y,R27
0000d4 93aa      	ST   -Y,R26
                 ;	*text -> Y+0
                 _0x29:
0000d5 81e8      	LD   R30,Y
0000d6 81f9      	LDD  R31,Y+1
0000d7 91e4      	LPM  R30,Z
0000d8 30e0      	CPI  R30,0
0000d9 f051      	BREQ _0x2B
0000da 81e8      	LD   R30,Y
0000db 81f9      	LDD  R31,Y+1
0000dc 91a4      	LPM  R26,Z
0000dd dfc2      	RCALL _LCD_Data
0000de 81e8      	LD   R30,Y
0000df 81f9      	LDD  R31,Y+1
0000e0 9631      	ADIW R30,1
0000e1 83e8      	ST   Y,R30
0000e2 83f9      	STD  Y+1,R31
0000e3 cff1      	RJMP _0x29
                 _0x2B:
0000e4 c02e      	RJMP _0x2000001
                 ;	*text -> Y+0
                 _LCD_TulisF:
0000e5 93ba      	ST   -Y,R27
0000e6 93aa      	ST   -Y,R26
                 ;	Baris -> Y+2
                 ;	*text -> Y+0
0000e7 e0e0      	LDI  R30,LOW(0)
0000e8 93ea      	ST   -Y,R30
0000e9 81ab      	LDD  R26,Y+3
0000ea dfdb      	RCALL _LCD_GotoXY
0000eb 81a8      	LD   R26,Y
0000ec 81b9      	LDD  R27,Y+1
0000ed dfe5      	RCALL _LCD_TextF
                 _0x2000002:
0000ee 9623      	ADIW R28,3
0000ef 9508      	RET
                 ;	Baris -> Y+1
                 ;	i -> R17
                 ;	Baris -> Y+1
                 ;	i -> R17
                 ;	Baris -> Y+2
                 ;	i -> R17
                 ;	j -> R16
                 ;	Baris -> Y+3
                 ;	*text -> Y+1
                 ;	i -> R17
                 ;	Baris -> Y+4
                 ;	*text -> Y+2
                 ;	i -> R17
                 ;	j -> R16
                 ;	Baris -> Y+4
                 ;	*text -> Y+2
                 ;	i -> R17
                 ;	j -> R16
                 ;	Baris -> Y+4
                 ;	*text -> Y+2
                 ;	i -> R17
                 ;	j -> R16
                 ;	x -> Y+0
                 _LCD_Angka3:
0000f0 93ba      	ST   -Y,R27
0000f1 93aa      	ST   -Y,R26
                 ;	x -> Y+0
0000f2 81a9      	LDD  R26,Y+1
0000f3 23aa      	TST  R26
0000f4 f452      	BRPL _0x45
0000f5 81e8      	LD   R30,Y
0000f6 81f9      	LDD  R31,Y+1
0000f7 efaf      	LDI  R26,LOW(65535)
0000f8 efbf      	LDI  R27,HIGH(65535)
0000f9 940e 034f 	CALL __MULW12
0000fb 83e8      	ST   Y,R30
0000fc 83f9      	STD  Y+1,R31
0000fd e2ad      	LDI  R26,LOW(45)
0000fe dfa1      	RCALL _LCD_Data
                 _0x45:
0000ff 81a8      	LD   R26,Y
000100 81b9      	LDD  R27,Y+1
000101 e6e4      	LDI  R30,LOW(100)
000102 e0f0      	LDI  R31,HIGH(100)
000103 d220      	RCALL SUBOPT_0x3
000104 e6e4      	LDI  R30,LOW(100)
000105 e0f0      	LDI  R31,HIGH(100)
000106 940e 036c 	CALL __MODW21
000108 01df      	MOVW R26,R30
000109 e0ea      	LDI  R30,LOW(10)
00010a e0f0      	LDI  R31,HIGH(10)
00010b d218      	RCALL SUBOPT_0x3
00010c e0ea      	LDI  R30,LOW(10)
00010d e0f0      	LDI  R31,HIGH(10)
00010e 940e 036c 	CALL __MODW21
000110 5de0      	SUBI R30,-LOW(48)
000111 2fae      	MOV  R26,R30
000112 df8d      	RCALL _LCD_Data
                 _0x2000001:
000113 9622      	ADIW R28,2
000114 9508      	RET
                 ;	x -> Y+0
                 ;	x -> Y+0
                 ;	x -> Y+1
                 ;	i -> R17
                 ;
                 ;#define SetGlobalInterrupt #asm("sei")
                 ;#define ClrGlobalInterrupt #asm("cli")
                 ;int EnkoderKi, EnkoderKa;
                 ;unsigned int dCounterKi, dCounterKa;
                 ;unsigned char dSpeedKi, dSpeedKa;
                 ;signed short SpeedKa, SpeedKi;
                 ;
                 ;#define MaxPWM  (signed short)  400
                 ;
                 ;#define KPmKa   (signed short)  8
                 ;#define KImKa   (signed short)  10
                 ;#define KDmKa   (signed short)  1
                 ;
                 ;#define KPmKi   (signed short)  8
                 ;#define KImKi   (signed short)  10
                 ;#define KDmKi   (signed short)  1
                 ;
                 ;void HitungPIDmotorKa(void);
                 ;void HitungPIDmotorKi(void);
                 ;
                 ;// External Interrupt 6 service routine
                 ;interrupt [EXT_INT6] void ext_int6_isr(void)
                 ; 0000 0033 {
                 _ext_int6_isr:
000115 93ea      	ST   -Y,R30
000116 93fa      	ST   -Y,R31
000117 b7ef      	IN   R30,SREG
000118 93ea      	ST   -Y,R30
                 ; 0000 0034 // Place your code here
                 ; 0000 0035     if(P_Enkoder1A){
000119 9b0e      	SBIS 0x1,6
00011a c002      	RJMP _0x4D
00011b e0e1      	LDI  R30,LOW(1)
00011c c001      	RJMP _0x4E
                 _0x4D:
00011d e0e0      	LDI  R30,LOW(0)
                 _0x4E:
00011e 30e0      	CPI  R30,0
00011f f081      	BREQ _0x4C
                 ; 0000 0036         if(P_Enkoder1B) {
000120 9bb0      	SBIS 0x16,0
000121 c002      	RJMP _0x51
000122 e0e1      	LDI  R30,LOW(1)
000123 c001      	RJMP _0x52
                 _0x51:
000124 e0e0      	LDI  R30,LOW(0)
                 _0x52:
000125 30e0      	CPI  R30,0
000126 f021      	BREQ _0x50
                 ; 0000 0037             ClrGlobalInterrupt;
000127 94f8      	cli
                 ; 0000 0038             EnkoderKi--;
000128 01f2      	MOVW R30,R4
000129 9731      	SBIW R30,1
00012a c003      	RJMP _0x94
                 ; 0000 0039         } else {
                 _0x50:
                 ; 0000 003A             ClrGlobalInterrupt;
00012b 94f8      	cli
                 ; 0000 003B             EnkoderKi++;
00012c 01f2      	MOVW R30,R4
00012d 9631      	ADIW R30,1
                 _0x94:
00012e 012f      	MOVW R4,R30
                 ; 0000 003C         }
                 ; 0000 003D     } else {
00012f c010      	RJMP _0x55
                 _0x4C:
                 ; 0000 003E         if(P_Enkoder1B) {
000130 9bb0      	SBIS 0x16,0
000131 c002      	RJMP _0x57
000132 e0e1      	LDI  R30,LOW(1)
000133 c001      	RJMP _0x58
                 _0x57:
000134 e0e0      	LDI  R30,LOW(0)
                 _0x58:
000135 30e0      	CPI  R30,0
000136 f029      	BREQ _0x56
                 ; 0000 003F             ClrGlobalInterrupt;
000137 94f8      	cli
                 ; 0000 0040             EnkoderKi++;
000138 01f2      	MOVW R30,R4
000139 9631      	ADIW R30,1
00013a 012f      	MOVW R4,R30
                 ; 0000 0041         } else {
00013b c004      	RJMP _0x5A
                 _0x56:
                 ; 0000 0042             ClrGlobalInterrupt;
00013c 94f8      	cli
                 ; 0000 0043             EnkoderKa--;
00013d 01f3      	MOVW R30,R6
00013e 9731      	SBIW R30,1
00013f 013f      	MOVW R6,R30
                 ; 0000 0044         }
                 _0x5A:
                 ; 0000 0045     }
                 _0x55:
                 ; 0000 0046     SetGlobalInterrupt;
000140 9478      	sei
                 ; 0000 0047     dCounterKi++;
000141 01f4      	MOVW R30,R8
000142 9631      	ADIW R30,1
000143 014f      	MOVW R8,R30
                 ; 0000 0048 }
000144 c02e      	RJMP _0x9E
                 ;
                 ;// External Interrupt 7 service routine
                 ;interrupt [EXT_INT7] void ext_int7_isr(void)
                 ; 0000 004C {
                 _ext_int7_isr:
000145 93ea      	ST   -Y,R30
000146 93fa      	ST   -Y,R31
000147 b7ef      	IN   R30,SREG
000148 93ea      	ST   -Y,R30
                 ; 0000 004D // Place your code here
                 ; 0000 004E     if(P_Enkoder2A) {
000149 9b0f      	SBIS 0x1,7
00014a c002      	RJMP _0x5C
00014b e0e1      	LDI  R30,LOW(1)
00014c c001      	RJMP _0x5D
                 _0x5C:
00014d e0e0      	LDI  R30,LOW(0)
                 _0x5D:
00014e 30e0      	CPI  R30,0
00014f f081      	BREQ _0x5B
                 ; 0000 004F         if(P_Enkoder2B) {
000150 9bb2      	SBIS 0x16,2
000151 c002      	RJMP _0x60
000152 e0e1      	LDI  R30,LOW(1)
000153 c001      	RJMP _0x61
                 _0x60:
000154 e0e0      	LDI  R30,LOW(0)
                 _0x61:
000155 30e0      	CPI  R30,0
000156 f021      	BREQ _0x5F
                 ; 0000 0050             ClrGlobalInterrupt;
000157 94f8      	cli
                 ; 0000 0051             EnkoderKa++;
000158 01f3      	MOVW R30,R6
000159 9631      	ADIW R30,1
00015a c003      	RJMP _0x95
                 ; 0000 0052         } else {
                 _0x5F:
                 ; 0000 0053             ClrGlobalInterrupt;
00015b 94f8      	cli
                 ; 0000 0054             EnkoderKa--;
00015c 01f3      	MOVW R30,R6
00015d 9731      	SBIW R30,1
                 _0x95:
00015e 013f      	MOVW R6,R30
                 ; 0000 0055         }
                 ; 0000 0056     } else {
00015f c00f      	RJMP _0x64
                 _0x5B:
                 ; 0000 0057         if(P_Enkoder2B) {
000160 9bb2      	SBIS 0x16,2
000161 c002      	RJMP _0x66
000162 e0e1      	LDI  R30,LOW(1)
000163 c001      	RJMP _0x67
                 _0x66:
000164 e0e0      	LDI  R30,LOW(0)
                 _0x67:
000165 30e0      	CPI  R30,0
000166 f021      	BREQ _0x65
                 ; 0000 0058             ClrGlobalInterrupt;
000167 94f8      	cli
                 ; 0000 0059             EnkoderKa--;
000168 01f3      	MOVW R30,R6
000169 9731      	SBIW R30,1
00016a c003      	RJMP _0x96
                 ; 0000 005A         } else {
                 _0x65:
                 ; 0000 005B             ClrGlobalInterrupt;
00016b 94f8      	cli
                 ; 0000 005C             EnkoderKa++;
00016c 01f3      	MOVW R30,R6
00016d 9631      	ADIW R30,1
                 _0x96:
00016e 013f      	MOVW R6,R30
                 ; 0000 005D         }
                 ; 0000 005E     }
                 _0x64:
                 ; 0000 005F     SetGlobalInterrupt;
00016f 9478      	sei
                 ; 0000 0060     dCounterKa++;
000170 01f5      	MOVW R30,R10
000171 9631      	ADIW R30,1
000172 015f      	MOVW R10,R30
                 ; 0000 0061 }
                 _0x9E:
000173 91e9      	LD   R30,Y+
000174 bfef      	OUT  SREG,R30
000175 91f9      	LD   R31,Y+
000176 91e9      	LD   R30,Y+
000177 9518      	RETI
                 ;
                 ;// Timer1 overflow interrupt service routine
                 ;interrupt [TIM1_OVF] void timer1_ovf_isr(void)
                 ; 0000 0065 {
                 _timer1_ovf_isr:
                 ; 0000 0066 // Place your code here
                 ; 0000 0067 
                 ; 0000 0068 }
000178 9518      	RETI
                 ;
                 ;// Timer1 input capture interrupt service routine
                 ;interrupt [TIM1_CAPT] void timer1_capt_isr(void)
                 ; 0000 006C {
                 _timer1_capt_isr:
                 ; 0000 006D // Place your code here
                 ; 0000 006E 
                 ; 0000 006F }
000179 9518      	RETI
                 ;
                 ;// Timer2 output compare interrupt service routine
                 ;interrupt [TIM2_COMP] void timer2_comp_isr(void)
                 ; 0000 0073 {
                 _timer2_comp_isr:
00017a 920a      	ST   -Y,R0
00017b 921a      	ST   -Y,R1
00017c 92fa      	ST   -Y,R15
00017d 936a      	ST   -Y,R22
00017e 937a      	ST   -Y,R23
00017f 938a      	ST   -Y,R24
000180 939a      	ST   -Y,R25
000181 93aa      	ST   -Y,R26
000182 93ba      	ST   -Y,R27
000183 93ea      	ST   -Y,R30
000184 93fa      	ST   -Y,R31
000185 b7ef      	IN   R30,SREG
000186 93ea      	ST   -Y,R30
                 ; 0000 0074 // Place your code here
                 ; 0000 0075     static unsigned short step_timer = 0, step = 0;
                 ; 0000 0076     static unsigned char _dCounterKi = 0, _dCounterKa=0, Timer2Tick = 10;
                 
                 	.DSEG
                 
                 	.CSEG
                 ; 0000 0077     SetGlobalInterrupt;
000187 9478      	sei
                 ; 0000 0078     if(--Timer2Tick == 0) Timer2Tick = 10;
000188 91e0 050a 	LDS  R30,_Timer2Tick_S0000019000
00018a 50e1      	SUBI R30,LOW(1)
00018b 93e0 050a 	STS  _Timer2Tick_S0000019000,R30
00018d 30e0      	CPI  R30,0
00018e f419      	BRNE _0x6B
00018f e0ea      	LDI  R30,LOW(10)
000190 93e0 050a 	STS  _Timer2Tick_S0000019000,R30
                 ; 0000 0079     switch(Timer2Tick){
                 _0x6B:
000192 91e0 050a 	LDS  R30,_Timer2Tick_S0000019000
000194 e0f0      	LDI  R31,0
                 ; 0000 007A         case 9:
000195 30e9      	CPI  R30,LOW(0x9)
000196 e0a0      	LDI  R26,HIGH(0x9)
000197 07fa      	CPC  R31,R26
000198 f4b1      	BRNE _0x6F
                 ; 0000 007B             if(dCounterKi > _dCounterKi) dSpeedKi = dCounterKi - _dCounterKi;
000199 91e0 0508 	LDS  R30,__dCounterKi_S0000019000
00019b 01d4      	MOVW R26,R8
00019c e0f0      	LDI  R31,0
00019d 17ea      	CP   R30,R26
00019e 07fb      	CPC  R31,R27
00019f f428      	BRSH _0x70
0001a0 91a0 0508 	LDS  R26,__dCounterKi_S0000019000
0001a2 2de8      	MOV  R30,R8
0001a3 1bea      	SUB  R30,R26
0001a4 c006      	RJMP _0x97
                 ; 0000 007C             else dSpeedKi = 0xFF - _dCounterKi + dCounterKi + 1;
                 _0x70:
0001a5 91a0 0508 	LDS  R26,__dCounterKi_S0000019000
0001a7 efef      	LDI  R30,LOW(255)
0001a8 1bea      	SUB  R30,R26
0001a9 0de8      	ADD  R30,R8
0001aa 5fef      	SUBI R30,-LOW(1)
                 _0x97:
0001ab 2ede      	MOV  R13,R30
                 ; 0000 007D             _dCounterKi = dCounterKi;
0001ac 9280 0508 	STS  __dCounterKi_S0000019000,R8
                 ; 0000 007E             break;
0001ae c023      	RJMP _0x6E
                 ; 0000 007F         case 8:
                 _0x6F:
0001af 30e8      	CPI  R30,LOW(0x8)
0001b0 e0a0      	LDI  R26,HIGH(0x8)
0001b1 07fa      	CPC  R31,R26
0001b2 f0f9      	BREQ _0x6E
                 ; 0000 0080             //HitungPIDmotorKi();
                 ; 0000 0081             break;
                 ; 0000 0082         case 4:
0001b3 30e4      	CPI  R30,LOW(0x4)
0001b4 e0a0      	LDI  R26,HIGH(0x4)
0001b5 07fa      	CPC  R31,R26
0001b6 f4b1      	BRNE _0x73
                 ; 0000 0083             if(dCounterKa > _dCounterKa) dSpeedKa = dCounterKa - _dCounterKa;
0001b7 91e0 0509 	LDS  R30,__dCounterKa_S0000019000
0001b9 01d5      	MOVW R26,R10
0001ba e0f0      	LDI  R31,0
0001bb 17ea      	CP   R30,R26
0001bc 07fb      	CPC  R31,R27
0001bd f428      	BRSH _0x74
0001be 91a0 0509 	LDS  R26,__dCounterKa_S0000019000
0001c0 2dea      	MOV  R30,R10
0001c1 1bea      	SUB  R30,R26
0001c2 c006      	RJMP _0x98
                 ; 0000 0084             else dSpeedKa = 0xFF - _dCounterKa + dCounterKa + 1;
                 _0x74:
0001c3 91a0 0509 	LDS  R26,__dCounterKa_S0000019000
0001c5 efef      	LDI  R30,LOW(255)
0001c6 1bea      	SUB  R30,R26
0001c7 0dea      	ADD  R30,R10
0001c8 5fef      	SUBI R30,-LOW(1)
                 _0x98:
0001c9 2ece      	MOV  R12,R30
                 ; 0000 0085             _dCounterKa = dCounterKa;
0001ca 92a0 0509 	STS  __dCounterKa_S0000019000,R10
                 ; 0000 0086             break;
0001cc c005      	RJMP _0x6E
                 ; 0000 0087         case 3:
                 _0x73:
0001cd 30e3      	CPI  R30,LOW(0x3)
0001ce e0a0      	LDI  R26,HIGH(0x3)
0001cf 07fa      	CPC  R31,R26
0001d0 f409      	BRNE _0x6E
                 ; 0000 0088             HitungPIDmotorKa();
0001d1 d0e4      	RCALL _HitungPIDmotorKa
                 ; 0000 0089             break;
                 ; 0000 008A     }
                 _0x6E:
                 ; 0000 008B 
                 ; 0000 008C     if(step == 0){
0001d2 91e0 0506 	LDS  R30,_step_S0000019000
0001d4 91f0 0507 	LDS  R31,_step_S0000019000+1
0001d6 9730      	SBIW R30,0
0001d7 f441      	BRNE _0x77
                 ; 0000 008D         SpeedKa = 0;
0001d8 e0e0      	LDI  R30,LOW(0)
0001d9 93e0 0500 	STS  _SpeedKa,R30
0001db 93e0 0501 	STS  _SpeedKa+1,R30
                 ; 0000 008E         PwmMKi(0);
0001dd 93e0 0085 	STS  133,R30
0001df c00a      	RJMP _0x99
                 ; 0000 008F     } else {
                 _0x77:
                 ; 0000 0090         SpeedKa = 18;
0001e0 e1e2      	LDI  R30,LOW(18)
0001e1 e0f0      	LDI  R31,HIGH(18)
0001e2 93e0 0500 	STS  _SpeedKa,R30
0001e4 93f0 0501 	STS  _SpeedKa+1,R31
                 ; 0000 0091         PwmMKi(400);
0001e6 e0e1      	LDI  R30,LOW(1)
0001e7 93e0 0085 	STS  133,R30
0001e9 e9e0      	LDI  R30,LOW(144)
                 _0x99:
0001ea 93e0 0084 	STS  132,R30
                 ; 0000 0092     }
                 ; 0000 0093     if(step_timer++ > 500){
0001ec e0a4      	LDI  R26,LOW(_step_timer_S0000019000)
0001ed e0b5      	LDI  R27,HIGH(_step_timer_S0000019000)
0001ee 91ed      	LD   R30,X+
0001ef 91fd      	LD   R31,X+
0001f0 9631      	ADIW R30,1
0001f1 93fe      	ST   -X,R31
0001f2 93ee      	ST   -X,R30
0001f3 9731      	SBIW R30,1
0001f4 3fe5      	CPI  R30,LOW(0x1F5)
0001f5 e0a1      	LDI  R26,HIGH(0x1F5)
0001f6 07fa      	CPC  R31,R26
0001f7 f0b8      	BRLO _0x79
                 ; 0000 0094         if(step == 0){
0001f8 91e0 0506 	LDS  R30,_step_S0000019000
0001fa 91f0 0507 	LDS  R31,_step_S0000019000+1
0001fc 9730      	SBIW R30,0
0001fd f439      	BRNE _0x7A
                 ; 0000 0095             step = 1;
0001fe e0e1      	LDI  R30,LOW(1)
0001ff e0f0      	LDI  R31,HIGH(1)
000200 93e0 0506 	STS  _step_S0000019000,R30
000202 93f0 0507 	STS  _step_S0000019000+1,R31
                 ; 0000 0096         } else {
000204 c005      	RJMP _0x7B
                 _0x7A:
                 ; 0000 0097             step = 0;
000205 e0e0      	LDI  R30,LOW(0)
000206 93e0 0506 	STS  _step_S0000019000,R30
000208 93e0 0507 	STS  _step_S0000019000+1,R30
                 ; 0000 0098         }
                 _0x7B:
                 ; 0000 0099         step_timer = 0;
00020a e0e0      	LDI  R30,LOW(0)
00020b 93e0 0504 	STS  _step_timer_S0000019000,R30
00020d 93e0 0505 	STS  _step_timer_S0000019000+1,R30
                 ; 0000 009A     }
                 ; 0000 009B }
                 _0x79:
00020f 91e9      	LD   R30,Y+
000210 bfef      	OUT  SREG,R30
000211 91f9      	LD   R31,Y+
000212 91e9      	LD   R30,Y+
000213 91b9      	LD   R27,Y+
000214 91a9      	LD   R26,Y+
000215 9199      	LD   R25,Y+
000216 9189      	LD   R24,Y+
000217 9179      	LD   R23,Y+
000218 9169      	LD   R22,Y+
000219 90f9      	LD   R15,Y+
00021a 9019      	LD   R1,Y+
00021b 9009      	LD   R0,Y+
00021c 9518      	RETI
                 ;
                 ;// Declare your global variables here
                 ;
                 ;void main(void)
                 ; 0000 00A0 {
                 _main:
                 ; 0000 00A1 // Declare your local variables here
                 ; 0000 00A2 
                 ; 0000 00A3 // Input/Output Ports initialization
                 ; 0000 00A4 // Port A initialization
                 ; 0000 00A5 // Func7=Out Func6=Out Func5=Out Func4=Out Func3=Out Func2=Out Func1=Out Func0=Out
                 ; 0000 00A6 // State7=0 State6=0 State5=0 State4=0 State3=0 State2=0 State1=0 State0=0
                 ; 0000 00A7 PORTA=0x00;
00021d e0e0      	LDI  R30,LOW(0)
00021e bbeb      	OUT  0x1B,R30
                 ; 0000 00A8 DDRA=0xFF;
00021f efef      	LDI  R30,LOW(255)
000220 bbea      	OUT  0x1A,R30
                 ; 0000 00A9 
                 ; 0000 00AA // Port B initialization
                 ; 0000 00AB // Func7=Out Func6=Out Func5=Out Func4=Out Func3=Out Func2=In Func1=In Func0=In
                 ; 0000 00AC // State7=0 State6=0 State5=0 State4=0 State3=0 State2=P State1=T State0=P
                 ; 0000 00AD PORTB=0x05;
000221 e0e5      	LDI  R30,LOW(5)
000222 bbe8      	OUT  0x18,R30
                 ; 0000 00AE DDRB=0xF8;
000223 efe8      	LDI  R30,LOW(248)
000224 bbe7      	OUT  0x17,R30
                 ; 0000 00AF 
                 ; 0000 00B0 // Port C initialization
                 ; 0000 00B1 // Func7=Out Func6=Out Func5=Out Func4=Out Func3=In Func2=In Func1=In Func0=In
                 ; 0000 00B2 // State7=0 State6=0 State5=0 State4=0 State3=P State2=P State1=P State0=P
                 ; 0000 00B3 PORTC=0x0F;
000225 e0ef      	LDI  R30,LOW(15)
000226 bbe5      	OUT  0x15,R30
                 ; 0000 00B4 DDRC=0xF0;
000227 efe0      	LDI  R30,LOW(240)
000228 bbe4      	OUT  0x14,R30
                 ; 0000 00B5 
                 ; 0000 00B6 // Port D initialization
                 ; 0000 00B7 // Func7=Out Func6=Out Func5=Out Func4=Out Func3=In Func2=In Func1=In Func0=In
                 ; 0000 00B8 // State7=0 State6=0 State5=0 State4=0 State3=T State2=T State1=T State0=T
                 ; 0000 00B9 PORTD=0x00;
000229 e0e0      	LDI  R30,LOW(0)
00022a bbe2      	OUT  0x12,R30
                 ; 0000 00BA DDRD=0xF0;
00022b efe0      	LDI  R30,LOW(240)
00022c bbe1      	OUT  0x11,R30
                 ; 0000 00BB 
                 ; 0000 00BC // Port E initialization
                 ; 0000 00BD // Func7=In Func6=In Func5=Out Func4=Out Func3=Out Func2=Out Func1=In Func0=In
                 ; 0000 00BE // State7=P State6=P State5=0 State4=0 State3=0 State2=0 State1=T State0=T
                 ; 0000 00BF PORTE=0xC0;
00022d ece0      	LDI  R30,LOW(192)
00022e b9e3      	OUT  0x3,R30
                 ; 0000 00C0 DDRE=0x3C;
00022f e3ec      	LDI  R30,LOW(60)
000230 b9e2      	OUT  0x2,R30
                 ; 0000 00C1 
                 ; 0000 00C2 // Port F initialization
                 ; 0000 00C3 // Func7=In Func6=In Func5=In Func4=In Func3=In Func2=In Func1=In Func0=In
                 ; 0000 00C4 // State7=T State6=T State5=T State4=T State3=T State2=T State1=T State0=T
                 ; 0000 00C5 PORTF=0x00;
000231 e0e0      	LDI  R30,LOW(0)
000232 93e0 0062 	STS  98,R30
                 ; 0000 00C6 DDRF=0x00;
000234 93e0 0061 	STS  97,R30
                 ; 0000 00C7 
                 ; 0000 00C8 // Port G initialization
                 ; 0000 00C9 // Func4=In Func3=In Func2=In Func1=In Func0=In
                 ; 0000 00CA // State4=T State3=P State2=P State1=P State0=P
                 ; 0000 00CB PORTG=0x0F;
000236 e0ef      	LDI  R30,LOW(15)
000237 93e0 0065 	STS  101,R30
                 ; 0000 00CC DDRG=0x00;
000239 e0e0      	LDI  R30,LOW(0)
00023a 93e0 0064 	STS  100,R30
                 ; 0000 00CD 
                 ; 0000 00CE // Timer/Counter 0 initialization
                 ; 0000 00CF // Clock source: System Clock
                 ; 0000 00D0 // Clock value: 250.000 kHz
                 ; 0000 00D1 // Mode: CTC top=OCR0
                 ; 0000 00D2 // OC0 output: Toggle on compare match
                 ; 0000 00D3 ASSR=0x00;
00023c bfe0      	OUT  0x30,R30
                 ; 0000 00D4 TCCR0=0x1C;
00023d e1ec      	LDI  R30,LOW(28)
00023e bfe3      	OUT  0x33,R30
                 ; 0000 00D5 TCNT0=0x00;
00023f e0e0      	LDI  R30,LOW(0)
000240 bfe2      	OUT  0x32,R30
                 ; 0000 00D6 OCR0=0x00;
000241 bfe1      	OUT  0x31,R30
                 ; 0000 00D7 
                 ; 0000 00D8 // Timer/Counter 1 initialization
                 ; 0000 00D9 // Clock source: System Clock
                 ; 0000 00DA // Clock value: 2000.000 kHz
                 ; 0000 00DB // Mode: Ph. & fr. cor. PWM top=ICR1
                 ; 0000 00DC // OC1A output: Non-Inv.
                 ; 0000 00DD // OC1B output: Non-Inv.
                 ; 0000 00DE // OC1C output: Non-Inv.
                 ; 0000 00DF // Noise Canceler: Off
                 ; 0000 00E0 // Input Capture on Falling Edge
                 ; 0000 00E1 // Timer1 Overflow Interrupt: On
                 ; 0000 00E2 // Input Capture Interrupt: On
                 ; 0000 00E3 // Compare A Match Interrupt: Off
                 ; 0000 00E4 // Compare B Match Interrupt: Off
                 ; 0000 00E5 // Compare C Match Interrupt: Off
                 ; 0000 00E6 TCCR1A=0xA8;
000242 eae8      	LDI  R30,LOW(168)
000243 bdef      	OUT  0x2F,R30
                 ; 0000 00E7 TCCR1B=0x12;
000244 e1e2      	LDI  R30,LOW(18)
000245 bdee      	OUT  0x2E,R30
                 ; 0000 00E8 TCNT1H=0x00;
000246 e0e0      	LDI  R30,LOW(0)
000247 bded      	OUT  0x2D,R30
                 ; 0000 00E9 TCNT1L=0x00;
000248 bdec      	OUT  0x2C,R30
                 ; 0000 00EA ICR1H=0x13;
000249 e1e3      	LDI  R30,LOW(19)
00024a bde7      	OUT  0x27,R30
                 ; 0000 00EB ICR1L=0x87;
00024b e8e7      	LDI  R30,LOW(135)
00024c bde6      	OUT  0x26,R30
                 ; 0000 00EC OCR1AH=0x00;
00024d e0e0      	LDI  R30,LOW(0)
00024e bdeb      	OUT  0x2B,R30
                 ; 0000 00ED OCR1AL=0x00;
00024f bdea      	OUT  0x2A,R30
                 ; 0000 00EE OCR1BH=0x00;
000250 bde9      	OUT  0x29,R30
                 ; 0000 00EF OCR1BL=0x00;
000251 bde8      	OUT  0x28,R30
                 ; 0000 00F0 OCR1CH=0x00;
000252 93e0 0079 	STS  121,R30
                 ; 0000 00F1 OCR1CL=0x00;
000254 93e0 0078 	STS  120,R30
                 ; 0000 00F2 
                 ; 0000 00F3 // Timer/Counter 2 initialization
                 ; 0000 00F4 // Clock source: System Clock
                 ; 0000 00F5 // Clock value: 250.000 kHz
                 ; 0000 00F6 // Mode: CTC top=OCR2
                 ; 0000 00F7 // OC2 output: Disconnected
                 ; 0000 00F8 TCCR2=0x0B;
000256 e0eb      	LDI  R30,LOW(11)
000257 bde5      	OUT  0x25,R30
                 ; 0000 00F9 TCNT2=0x00;
000258 e0e0      	LDI  R30,LOW(0)
000259 bde4      	OUT  0x24,R30
                 ; 0000 00FA OCR2=0xF9;
00025a efe9      	LDI  R30,LOW(249)
00025b bde3      	OUT  0x23,R30
                 ; 0000 00FB 
                 ; 0000 00FC // Timer/Counter 3 initialization
                 ; 0000 00FD // Clock source: System Clock
                 ; 0000 00FE // Clock value: 16000.000 kHz
                 ; 0000 00FF // Mode: Ph. correct PWM top=ICR3
                 ; 0000 0100 // OC3A output: Inverted
                 ; 0000 0101 // OC3B output: Inverted
                 ; 0000 0102 // OC3C output: Discon.
                 ; 0000 0103 // Noise Canceler: Off
                 ; 0000 0104 // Input Capture on Falling Edge
                 ; 0000 0105 // Timer3 Overflow Interrupt: Off
                 ; 0000 0106 // Input Capture Interrupt: Off
                 ; 0000 0107 // Compare A Match Interrupt: Off
                 ; 0000 0108 // Compare B Match Interrupt: Off
                 ; 0000 0109 // Compare C Match Interrupt: Off
                 ; 0000 010A TCCR3A=0xF2;
00025c efe2      	LDI  R30,LOW(242)
00025d 93e0 008b 	STS  139,R30
                 ; 0000 010B TCCR3B=0x11;
00025f e1e1      	LDI  R30,LOW(17)
000260 93e0 008a 	STS  138,R30
                 ; 0000 010C TCNT3H=0x00;
000262 e0e0      	LDI  R30,LOW(0)
000263 93e0 0089 	STS  137,R30
                 ; 0000 010D TCNT3L=0x00;
000265 93e0 0088 	STS  136,R30
                 ; 0000 010E ICR3H=0x01;
000267 e0e1      	LDI  R30,LOW(1)
000268 93e0 0081 	STS  129,R30
                 ; 0000 010F ICR3L=0x90;
00026a e9e0      	LDI  R30,LOW(144)
00026b 93e0 0080 	STS  128,R30
                 ; 0000 0110 OCR3AH=0x00;
00026d d0be      	RCALL SUBOPT_0x4
                 ; 0000 0111 OCR3AL=0x00;
00026e 93e0 0086 	STS  134,R30
                 ; 0000 0112 OCR3BH=0x00;
000270 e0e0      	LDI  R30,LOW(0)
000271 93e0 0085 	STS  133,R30
                 ; 0000 0113 OCR3BL=0x00;
000273 93e0 0084 	STS  132,R30
                 ; 0000 0114 OCR3CH=0x00;
000275 93e0 0083 	STS  131,R30
                 ; 0000 0115 OCR3CL=0xC8;
000277 ece8      	LDI  R30,LOW(200)
000278 93e0 0082 	STS  130,R30
                 ; 0000 0116 
                 ; 0000 0117 // External Interrupt(s) initialization
                 ; 0000 0118 // INT0: Off
                 ; 0000 0119 // INT1: Off
                 ; 0000 011A // INT2: Off
                 ; 0000 011B // INT3: Off
                 ; 0000 011C // INT4: Off
                 ; 0000 011D // INT5: Off
                 ; 0000 011E // INT6: On
                 ; 0000 011F // INT6 Mode: Any change
                 ; 0000 0120 // INT7: On
                 ; 0000 0121 // INT7 Mode: Any change
                 ; 0000 0122 EICRA=0x00;
00027a e0e0      	LDI  R30,LOW(0)
00027b 93e0 006a 	STS  106,R30
                 ; 0000 0123 EICRB=0x50;
00027d e5e0      	LDI  R30,LOW(80)
00027e bfea      	OUT  0x3A,R30
                 ; 0000 0124 EIMSK=0xC0;
00027f ece0      	LDI  R30,LOW(192)
000280 bfe9      	OUT  0x39,R30
                 ; 0000 0125 EIFR=0xC0;
000281 bfe8      	OUT  0x38,R30
                 ; 0000 0126 
                 ; 0000 0127 // Timer(s)/Counter(s) Interrupt(s) initialization
                 ; 0000 0128 TIMSK=0xA4;
000282 eae4      	LDI  R30,LOW(164)
000283 bfe7      	OUT  0x37,R30
                 ; 0000 0129 
                 ; 0000 012A ETIMSK=0x00;
000284 e0e0      	LDI  R30,LOW(0)
000285 93e0 007d 	STS  125,R30
                 ; 0000 012B 
                 ; 0000 012C // USART0 initialization
                 ; 0000 012D // USART0 disabled
                 ; 0000 012E UCSR0B=0x00;
000287 b9ea      	OUT  0xA,R30
                 ; 0000 012F 
                 ; 0000 0130 // USART1 initialization
                 ; 0000 0131 // USART1 disabled
                 ; 0000 0132 UCSR1B=0x00;
000288 93e0 009a 	STS  154,R30
                 ; 0000 0133 
                 ; 0000 0134 // Analog Comparator initialization
                 ; 0000 0135 // Analog Comparator: Off
                 ; 0000 0136 // Analog Comparator Input Capture by Timer/Counter 1: Off
                 ; 0000 0137 ACSR=0x80;
00028a e8e0      	LDI  R30,LOW(128)
00028b b9e8      	OUT  0x8,R30
                 ; 0000 0138 SFIOR=0x00;
00028c e0e0      	LDI  R30,LOW(0)
00028d bde0      	OUT  0x20,R30
                 ; 0000 0139 
                 ; 0000 013A // ADC initialization
                 ; 0000 013B // ADC disabled
                 ; 0000 013C ADCSRA=0x00;
00028e b9e6      	OUT  0x6,R30
                 ; 0000 013D 
                 ; 0000 013E // SPI initialization
                 ; 0000 013F // SPI disabled
                 ; 0000 0140 SPCR=0x00;
00028f b9ed      	OUT  0xD,R30
                 ; 0000 0141 
                 ; 0000 0142 // TWI initialization
                 ; 0000 0143 // TWI disabled
                 ; 0000 0144 TWCR=0x00;
000290 93e0 0074 	STS  116,R30
                 ; 0000 0145 
                 ; 0000 0146 // Global enable interrupts
                 ; 0000 0147 #asm("sei")
000292 9478      	sei
                 ; 0000 0148 
                 ; 0000 0149 LCD_Init();
000293 de1b      	RCALL _LCD_Init
                 ; 0000 014A 
                 ; 0000 014B SpeedKa = 2;
000294 e0e2      	LDI  R30,LOW(2)
000295 e0f0      	LDI  R31,HIGH(2)
000296 93e0 0500 	STS  _SpeedKa,R30
000298 93f0 0501 	STS  _SpeedKa+1,R31
                 ; 0000 014C SpeedKi = 2;
00029a 93e0 0502 	STS  _SpeedKi,R30
00029c 93f0 0503 	STS  _SpeedKi+1,R31
                 ; 0000 014D 
                 ; 0000 014E LCD_TulisF(0,"Kecepatan Ka:");
00029e e0e0      	LDI  R30,LOW(0)
00029f 93ea      	ST   -Y,R30
                +
0002a0 e8ae     +LDI R26 , LOW ( 2 * _0x0 + ( 0 ) )
0002a1 e0b0     +LDI R27 , HIGH ( 2 * _0x0 + ( 0 ) )
                 	__POINTW2FN _0x0,0
0002a2 de42      	RCALL _LCD_TulisF
                 ; 0000 014F LCD_TulisF(1,"Kecepatan Ki:");
0002a3 e0e1      	LDI  R30,LOW(1)
0002a4 93ea      	ST   -Y,R30
                +
0002a5 e9ac     +LDI R26 , LOW ( 2 * _0x0 + ( 14 ) )
0002a6 e0b0     +LDI R27 , HIGH ( 2 * _0x0 + ( 14 ) )
                 	__POINTW2FN _0x0,14
0002a7 de3d      	RCALL _LCD_TulisF
                 ; 0000 0150 
                 ; 0000 0151 while (1)
                 _0x7C:
                 ; 0000 0152       {
                 ; 0000 0153       // Place your code here
                 ; 0000 0154         LCD_GotoXY(13,0); LCD_Angka3(dSpeedKa); LCD_Data(' ');
0002a8 e0ed      	LDI  R30,LOW(13)
0002a9 93ea      	ST   -Y,R30
0002aa e0a0      	LDI  R26,LOW(0)
0002ab de1a      	RCALL _LCD_GotoXY
0002ac 2dac      	MOV  R26,R12
0002ad d082      	RCALL SUBOPT_0x5
                 ; 0000 0155         LCD_GotoXY(13,1); LCD_Angka3(dSpeedKi); LCD_Data(' ');
0002ae e0ed      	LDI  R30,LOW(13)
0002af 93ea      	ST   -Y,R30
0002b0 e0a1      	LDI  R26,LOW(1)
0002b1 de14      	RCALL _LCD_GotoXY
0002b2 2dad      	MOV  R26,R13
0002b3 d07c      	RCALL SUBOPT_0x5
                 ; 0000 0156       }
0002b4 cff3      	RJMP _0x7C
                 ; 0000 0157 }
                 _0x7F:
0002b5 cfff      	RJMP _0x7F
                 ;
                 ;void HitungPIDmotorKi(){
                 ; 0000 0159 void HitungPIDmotorKi(){
                 ; 0000 015A     signed char ErrorMKi, dErrorMKi;
                 ; 0000 015B     signed short U;
                 ; 0000 015C     static signed char iErrorMKi = 0, lastErrorMKi = 0;
                 ; 0000 015D 
                 ; 0000 015E     if(SpeedKi > 0) {
                 ;	ErrorMKi -> R17
                 ;	dErrorMKi -> R16
                 ;	U -> R18,R19
                 ; 0000 015F         ErrorMKi = (signed char) SpeedKi - (signed char) dSpeedKi;
                 ; 0000 0160         iErrorMKi += ErrorMKi;
                 ; 0000 0161 
                 ; 0000 0162         if(iErrorMKi > 40){  iErrorMKi = 40;}
                 ; 0000 0163         else if(iErrorMKi < -40){ iErrorMKi = -40;}
                 ; 0000 0164 
                 ; 0000 0165         dErrorMKi = lastErrorMKi - ErrorMKi;
                 ; 0000 0166 
                 ; 0000 0167         U = ErrorMKi * KPmKi + iErrorMKi * KImKi + dErrorMKi * KDmKi;
                 ; 0000 0168 
                 ; 0000 0169         if(U > MaxPWM) {PwmMKi(MaxPWM);}
                 ; 0000 016A         else if(U > 0) {PwmMKi(U);}
                 ; 0000 016B         else {PwmMKi(0);}
                 ; 0000 016C     } else {
                 ; 0000 016D         PwmMKi(0);
                 ; 0000 016E         iErrorMKi = 0;
                 ; 0000 016F         lastErrorMKi = 0;
                 ; 0000 0170     }
                 ; 0000 0171 }
                 ;
                 ;void HitungPIDmotorKa(){
                 ; 0000 0173 void HitungPIDmotorKa(){
                 _HitungPIDmotorKa:
                 ; 0000 0174     signed char ErrorMKa, dErrorMKa;
                 ; 0000 0175     signed short U;
                 ; 0000 0176     static signed char iErrorMKa = 0, lastErrorMKa = 0;
                 ; 0000 0177 
                 ; 0000 0178     if(SpeedKa > 0) {
0002b6 940e 038c 	CALL __SAVELOCR4
                 ;	ErrorMKa -> R17
                 ;	dErrorMKa -> R16
                 ;	U -> R18,R19
0002b8 91a0 0500 	LDS  R26,_SpeedKa
0002ba 91b0 0501 	LDS  R27,_SpeedKa+1
0002bc 940e 0388 	CALL __CPW02
0002be f014      	BRLT PC+3
0002bf 940c 0306 	JMP _0x89
                 ; 0000 0179         ErrorMKa = (signed char) SpeedKa - (signed char) dSpeedKa;
0002c1 91e0 0500 	LDS  R30,_SpeedKa
0002c3 19ec      	SUB  R30,R12
0002c4 2f1e      	MOV  R17,R30
                 ; 0000 017A         iErrorMKa += ErrorMKa;
0002c5 2fe1      	MOV  R30,R17
0002c6 91a0 050b 	LDS  R26,_iErrorMKa_S000001C000
0002c8 0fea      	ADD  R30,R26
0002c9 93e0 050b 	STS  _iErrorMKa_S000001C000,R30
                 ; 0000 017B 
                 ; 0000 017C         if(iErrorMKa > 40)  {iErrorMKa = 40;}
0002cb 91a0 050b 	LDS  R26,_iErrorMKa_S000001C000
0002cd 32a9      	CPI  R26,LOW(0x29)
0002ce f014      	BRLT _0x8A
0002cf e2e8      	LDI  R30,LOW(40)
0002d0 c005      	RJMP _0x9C
                 ; 0000 017D         else if(iErrorMKa < -40)    {iErrorMKa = -40;}
                 _0x8A:
0002d1 91a0 050b 	LDS  R26,_iErrorMKa_S000001C000
0002d3 3da8      	CPI  R26,LOW(0xD8)
0002d4 f41c      	BRGE _0x8C
0002d5 ede8      	LDI  R30,LOW(216)
                 _0x9C:
0002d6 93e0 050b 	STS  _iErrorMKa_S000001C000,R30
                 ; 0000 017E 
                 ; 0000 017F         dErrorMKa = lastErrorMKa - ErrorMKa;
                 _0x8C:
0002d8 91e0 050c 	LDS  R30,_lastErrorMKa_S000001C000
0002da 1be1      	SUB  R30,R17
0002db 2f0e      	MOV  R16,R30
                 ; 0000 0180 
                 ; 0000 0181         U = ErrorMKa * KPmKa + iErrorMKa * KImKa + dErrorMKa * KDmKa;
0002dc e0e8      	LDI  R30,LOW(8)
0002dd 02e1      	MULS R30,R17
0002de 01b0      	MOVW R22,R0
0002df 91a0 050b 	LDS  R26,_iErrorMKa_S000001C000
0002e1 e0ea      	LDI  R30,LOW(10)
0002e2 02ea      	MULS R30,R26
0002e3 01f0      	MOVW R30,R0
0002e4 01db      	MOVW R26,R22
0002e5 0fae      	ADD  R26,R30
0002e6 1fbf      	ADC  R27,R31
0002e7 e0e1      	LDI  R30,LOW(1)
0002e8 02e0      	MULS R30,R16
0002e9 01f0      	MOVW R30,R0
0002ea 0fea      	ADD  R30,R26
0002eb 1ffb      	ADC  R31,R27
0002ec 019f      	MOVW R18,R30
                 ; 0000 0182 
                 ; 0000 0183         if(U > MaxPWM) {PwmMKa(MaxPWM); }
                +
0002ed 3921     +CPI R18 , LOW ( 401 )
0002ee e0e1     +LDI R30 , HIGH ( 401 )
0002ef 073e     +CPC R19 , R30
                 	__CPWRN 18,19,401
0002f0 f02c      	BRLT _0x8D
0002f1 e0e1      	LDI  R30,LOW(1)
0002f2 93e0 0087 	STS  135,R30
0002f4 e9e0      	LDI  R30,LOW(144)
0002f5 c00d      	RJMP _0x9D
                 ; 0000 0184         else if(U > 0) {PwmMKa(U);}
                 _0x8D:
0002f6 2400      	CLR  R0
0002f7 1602      	CP   R0,R18
0002f8 0603      	CPC  R0,R19
0002f9 f444      	BRGE _0x8F
0002fa 01f9      	MOVW R30,R18
0002fb 940e 0342 	CALL __ASRW8
0002fd 93e0 0087 	STS  135,R30
0002ff 9320 0086 	STS  134,R18
                 ; 0000 0185         else {PwmMKa(0);}
000301 c003      	RJMP _0x90
                 _0x8F:
000302 d029      	RCALL SUBOPT_0x4
                 _0x9D:
000303 93e0 0086 	STS  134,R30
                 _0x90:
                 ; 0000 0186     } else {
000305 c008      	RJMP _0x91
                 _0x89:
                 ; 0000 0187         PwmMKa(0);
000306 d025      	RCALL SUBOPT_0x4
000307 93e0 0086 	STS  134,R30
                 ; 0000 0188         iErrorMKa = 0;
000309 e0e0      	LDI  R30,LOW(0)
00030a 93e0 050b 	STS  _iErrorMKa_S000001C000,R30
                 ; 0000 0189         lastErrorMKa = 0;
00030c 93e0 050c 	STS  _lastErrorMKa_S000001C000,R30
                 ; 0000 018A     }
                 _0x91:
                 ; 0000 018B }
00030e 940e 0391 	CALL __LOADLOCR4
000310 9624      	ADIW R28,4
000311 9508      	RET
                 
                 	.DSEG
                 _SpeedKa:
000500           	.BYTE 0x2
                 _SpeedKi:
000502           	.BYTE 0x2
                 _step_timer_S0000019000:
000504           	.BYTE 0x2
                 _step_S0000019000:
000506           	.BYTE 0x2
                 __dCounterKi_S0000019000:
000508           	.BYTE 0x1
                 __dCounterKa_S0000019000:
000509           	.BYTE 0x1
                 _Timer2Tick_S0000019000:
00050a           	.BYTE 0x1
                 _iErrorMKa_S000001C000:
00050b           	.BYTE 0x1
                 _lastErrorMKa_S000001C000:
00050c           	.BYTE 0x1
                 
                 	.CSEG
                 ;OPTIMIZER ADDED SUBROUTINE, CALLED 5 TIMES, CODE SIZE REDUCTION:9 WORDS
                 SUBOPT_0x0:
000312 bbeb      	OUT  0x1B,R30
                +
000313 e085     +LDI R24 , LOW ( 5 )
                +__DELAY_USB_LOOP :
000314 958a     +DEC R24
000315 f7f1     +BRNE __DELAY_USB_LOOP
                 	__DELAY_USB 5
000316 98da      	CBI  0x1B,2
000317 9508      	RET
                 
                 ;OPTIMIZER ADDED SUBROUTINE, CALLED 2 TIMES, CODE SIZE REDUCTION:1 WORDS
                 SUBOPT_0x1:
                +
000318 e18b     +LDI R24 , LOW ( 27 )
                +__DELAY_USB_LOOP :
000319 958a     +DEC R24
00031a f7f1     +BRNE __DELAY_USB_LOOP
                 	__DELAY_USB 27
00031b 81e8      	LD   R30,Y
00031c 95e2      	SWAP R30
00031d 7fe0      	ANDI R30,0xF0
00031e 9508      	RET
                 
                 ;OPTIMIZER ADDED SUBROUTINE, CALLED 3 TIMES, CODE SIZE REDUCTION:9 WORDS
                 SUBOPT_0x2:
00031f e0b0      	LDI  R27,0
000320 940e 0334 	CALL _delay_ms
000322 e3a0      	LDI  R26,LOW(48)
000323 cd68      	RJMP _LCD_Init_Cmd
                 
                 ;OPTIMIZER ADDED SUBROUTINE, CALLED 2 TIMES, CODE SIZE REDUCTION:3 WORDS
                 SUBOPT_0x3:
000324 940e 0367 	CALL __DIVW21
000326 5de0      	SUBI R30,-LOW(48)
000327 2fae      	MOV  R26,R30
000328 dd77      	RCALL _LCD_Data
000329 81a8      	LD   R26,Y
00032a 81b9      	LDD  R27,Y+1
00032b 9508      	RET
                 
                 ;OPTIMIZER ADDED SUBROUTINE, CALLED 3 TIMES, CODE SIZE REDUCTION:1 WORDS
                 SUBOPT_0x4:
00032c e0e0      	LDI  R30,LOW(0)
00032d 93e0 0087 	STS  135,R30
00032f 9508      	RET
                 
                 ;OPTIMIZER ADDED SUBROUTINE, CALLED 2 TIMES, CODE SIZE REDUCTION:1 WORDS
                 SUBOPT_0x5:
000330 27bb      	CLR  R27
000331 ddbe      	RCALL _LCD_Angka3
000332 e2a0      	LDI  R26,LOW(32)
000333 cd6c      	RJMP _LCD_Data
                 
                 
                 	.CSEG
                 _delay_ms:
000334 9610      	adiw r26,0
000335 f039      	breq __delay_ms1
                 __delay_ms0:
                +
000336 ea80     +LDI R24 , LOW ( 0xFA0 )
000337 e09f     +LDI R25 , HIGH ( 0xFA0 )
                +__DELAY_USW_LOOP :
000338 9701     +SBIW R24 , 1
000339 f7f1     +BRNE __DELAY_USW_LOOP
                 	__DELAY_USW 0xFA0
00033a 95a8      	wdr
00033b 9711      	sbiw r26,1
00033c f7c9      	brne __delay_ms0
                 __delay_ms1:
00033d 9508      	ret
                 
                 __ANEGW1:
00033e 95f1      	NEG  R31
00033f 95e1      	NEG  R30
000340 40f0      	SBCI R31,0
000341 9508      	RET
                 
                 __ASRW8:
000342 2fef      	MOV  R30,R31
000343 27ff      	CLR  R31
000344 fde7      	SBRC R30,7
000345 efff      	SER  R31
000346 9508      	RET
                 
                 __MULW12U:
000347 9ffa      	MUL  R31,R26
000348 2df0      	MOV  R31,R0
000349 9feb      	MUL  R30,R27
00034a 0df0      	ADD  R31,R0
00034b 9fea      	MUL  R30,R26
00034c 2de0      	MOV  R30,R0
00034d 0df1      	ADD  R31,R1
00034e 9508      	RET
                 
                 __MULW12:
00034f d02a      	RCALL __CHKSIGNW
000350 dff6      	RCALL __MULW12U
000351 f40e      	BRTC __MULW121
000352 dfeb      	RCALL __ANEGW1
                 __MULW121:
000353 9508      	RET
                 
                 __DIVW21U:
000354 2400      	CLR  R0
000355 2411      	CLR  R1
000356 e190      	LDI  R25,16
                 __DIVW21U1:
000357 0faa      	LSL  R26
000358 1fbb      	ROL  R27
000359 1c00      	ROL  R0
00035a 1c11      	ROL  R1
00035b 1a0e      	SUB  R0,R30
00035c 0a1f      	SBC  R1,R31
00035d f418      	BRCC __DIVW21U2
00035e 0e0e      	ADD  R0,R30
00035f 1e1f      	ADC  R1,R31
000360 c001      	RJMP __DIVW21U3
                 __DIVW21U2:
000361 60a1      	SBR  R26,1
                 __DIVW21U3:
000362 959a      	DEC  R25
000363 f799      	BRNE __DIVW21U1
000364 01fd      	MOVW R30,R26
000365 01d0      	MOVW R26,R0
000366 9508      	RET
                 
                 __DIVW21:
000367 d012      	RCALL __CHKSIGNW
000368 dfeb      	RCALL __DIVW21U
000369 f40e      	BRTC __DIVW211
00036a dfd3      	RCALL __ANEGW1
                 __DIVW211:
00036b 9508      	RET
                 
                 __MODW21:
00036c 94e8      	CLT
00036d ffb7      	SBRS R27,7
00036e c004      	RJMP __MODW211
00036f 95a0      	COM  R26
000370 95b0      	COM  R27
000371 9611      	ADIW R26,1
000372 9468      	SET
                 __MODW211:
000373 fdf7      	SBRC R31,7
000374 dfc9      	RCALL __ANEGW1
000375 dfde      	RCALL __DIVW21U
000376 01fd      	MOVW R30,R26
000377 f40e      	BRTC __MODW212
000378 dfc5      	RCALL __ANEGW1
                 __MODW212:
000379 9508      	RET
                 
                 __CHKSIGNW:
00037a 94e8      	CLT
00037b fff7      	SBRS R31,7
00037c c002      	RJMP __CHKSW1
00037d dfc0      	RCALL __ANEGW1
00037e 9468      	SET
                 __CHKSW1:
00037f ffb7      	SBRS R27,7
000380 c006      	RJMP __CHKSW2
000381 95a0      	COM  R26
000382 95b0      	COM  R27
000383 9611      	ADIW R26,1
000384 f800      	BLD  R0,0
000385 9403      	INC  R0
000386 fa00      	BST  R0,0
                 __CHKSW2:
000387 9508      	RET
                 
                 __CPW02:
000388 2400      	CLR  R0
000389 160a      	CP   R0,R26
00038a 060b      	CPC  R0,R27
00038b 9508      	RET
                 
                 __SAVELOCR4:
00038c 933a      	ST   -Y,R19
                 __SAVELOCR3:
00038d 932a      	ST   -Y,R18
                 __SAVELOCR2:
00038e 931a      	ST   -Y,R17
00038f 930a      	ST   -Y,R16
000390 9508      	RET
                 
                 __LOADLOCR4:
000391 813b      	LDD  R19,Y+3
                 __LOADLOCR3:
000392 812a      	LDD  R18,Y+2
                 __LOADLOCR2:
000393 8119      	LDD  R17,Y+1
000394 8108      	LD   R16,Y
000395 9508      	RET
                 
                 ;END OF CODE MARKER
                 __END_OF_CODE:


RESOURCE USE INFORMATION
------------------------

Notice:
The register and instruction counts are symbol table hit counts,
and hence implicitly used resources are not counted, eg, the
'lpm' instruction without operands implicitly uses r0 and z,
none of which are counted.

x,y,z are separate entities in the symbol table and are
counted separately from r26..r31 here.

.dseg memory usage only counts static data declared with .byte

ATmega128 register use summary:
r0 :  26 r1 :   8 r2 :   0 r3 :   0 r4 :   5 r5 :   0 r6 :   8 r7 :   0 
r8 :   6 r9 :   0 r10:   6 r11:   0 r12:   3 r13:   2 r14:   0 r15:   2 
r16:   4 r17:   8 r18:   7 r19:   4 r20:   0 r21:   0 r22:   6 r23:   2 
r24:  20 r25:   8 r26:  95 r27:  30 r28:   5 r29:   1 r30: 321 r31:  56 
x  :   7 y  :  85 z  :   9 
Registers used: 26 out of 35 (74.3%)

ATmega128 instruction use summary:
.lds  :   0 .lds.l:   0 .sts  :   0 .sts.l:   0 adc   :   3 add   :   8 
adiw  :  15 and   :   0 andi  :   4 asr   :   0 bclr  :   0 bld   :   1 
brbc  :   0 brbs  :   0 brcc  :   1 brcs  :   0 break :   0 breq  :  10 
brge  :   2 brhc  :   0 brhs  :   0 brid  :   0 brie  :   0 brlo  :   1 
brlt  :   3 brmi  :   0 brne  :  17 brpl  :   1 brsh  :   2 brtc  :   3 
brts  :   0 brvc  :   0 brvs  :   0 bset  :   0 bst   :   1 call  :  10 
cbi   :   2 cbr   :   0 clc   :   0 clh   :   0 cli   :   9 cln   :   0 
clr   :   8 cls   :   0 clt   :   2 clv   :   0 clz   :   0 com   :   4 
cp    :   4 cpc   :  10 cpi   :  17 cpse  :   0 dec   :   5 des   :   0 
elpm  :   0 eor   :   0 fmul  :   0 fmuls :   0 fmulsu:   0 icall :   0 
ijmp  :   0 in    :   3 inc   :   1 jmp   :  37 ld    :  29 ldd   :  16 
ldi   : 142 lds   :  20 lpm   :  11 lsl   :   1 lsr   :   0 mov   :  14 
movw  :  32 mul   :   3 muls  :   3 mulsu :   0 neg   :   2 nop   :   0 
or    :   0 ori   :   5 out   :  47 pop   :   0 push  :   0 rcall :  47 
ret   :  21 reti  :   4 rjmp  :  44 rol   :   3 ror   :   0 sbc   :   1 
sbci  :   1 sbi   :   2 sbic  :   0 sbis  :   6 sbiw  :  13 sbr   :   1 
sbrc  :   2 sbrs  :   3 sec   :   0 seh   :   0 sei   :   4 sen   :   0 
ser   :   1 ses   :   0 set   :   2 sev   :   0 sez   :   0 sleep :   0 
spm   :   0 st    :  45 std   :   2 sts   :  53 sub   :   7 subi  :   7 
swap  :   1 tst   :   1 wdr   :   1 
Instructions used: 65 out of 117 (55.6%)

ATmega128 memory use summary [bytes]:
Segment   Begin    End      Code   Data   Used    Size   Use%
---------------------------------------------------------------
[.cseg] 0x000000 0x00072c   1798     38   1836  131072   1.4%
[.dseg] 0x000100 0x00050d      0     13     13    4351   0.3%
[.eseg] 0x000000 0x000000      0      0      0    4096   0.0%

Assembly complete, 0 errors, 7 warnings
