
AVRASM ver. 2.1.30  D:\Belajar\AVR Project\Prak 09 (USART Protokol Komunikasi)\List\USART.asm Thu May 16 13:53:36 2019

D:\Belajar\AVR Project\Prak 09 (USART Protokol Komunikasi)\List\USART.asm(1070): warning: Register r5 already defined by the .DEF directive
D:\Belajar\AVR Project\Prak 09 (USART Protokol Komunikasi)\List\USART.asm(1071): warning: Register r4 already defined by the .DEF directive
D:\Belajar\AVR Project\Prak 09 (USART Protokol Komunikasi)\List\USART.asm(1072): warning: Register r7 already defined by the .DEF directive
                 
                 
                 ;CodeVisionAVR C Compiler V2.05.3 Standard
                 ;(C) Copyright 1998-2011 Pavel Haiduc, HP InfoTech s.r.l.
                 ;http://www.hpinfotech.com
                 
                 ;Chip type                : ATmega8535
                 ;Program type             : Application
                 ;Clock frequency          : 11.059200 MHz
                 ;Memory model             : Small
                 ;Optimize for             : Size
                 ;(s)printf features       : int, width
                 ;(s)scanf features        : int, width
                 ;External RAM size        : 0
                 ;Data Stack size          : 128 byte(s)
                 ;Heap size                : 0 byte(s)
                 ;Promote 'char' to 'int'  : Yes
                 ;'char' is unsigned       : Yes
                 ;8 bit enums              : Yes
                 ;Global 'const' stored in FLASH     : No
                 ;Enhanced function parameter passing: Yes
                 ;Enhanced core instructions         : On
                 ;Smart register allocation          : On
                 ;Automatic register allocation      : On
                 
                 	#pragma AVRPART ADMIN PART_NAME ATmega8535
                 	#pragma AVRPART MEMORY PROG_FLASH 8192
                 	#pragma AVRPART MEMORY EEPROM 512
                 	#pragma AVRPART MEMORY INT_SRAM SIZE 607
                 	#pragma AVRPART MEMORY INT_SRAM START_ADDR 0x60
                 
                 	.LISTMAC
                 	.EQU UDRE=0x5
                 	.EQU RXC=0x7
                 	.EQU USR=0xB
                 	.EQU UDR=0xC
                 	.EQU SPSR=0xE
                 	.EQU SPDR=0xF
                 	.EQU EERE=0x0
                 	.EQU EEWE=0x1
                 	.EQU EEMWE=0x2
                 	.EQU EECR=0x1C
                 	.EQU EEDR=0x1D
                 	.EQU EEARL=0x1E
                 	.EQU EEARH=0x1F
                 	.EQU WDTCR=0x21
                 	.EQU MCUCR=0x35
                 	.EQU GICR=0x3B
                 	.EQU SPL=0x3D
                 	.EQU SPH=0x3E
                 	.EQU SREG=0x3F
                 
                 	.DEF R0X0=R0
                 	.DEF R0X1=R1
                 	.DEF R0X2=R2
                 	.DEF R0X3=R3
                 	.DEF R0X4=R4
                 	.DEF R0X5=R5
                 	.DEF R0X6=R6
                 	.DEF R0X7=R7
                 	.DEF R0X8=R8
                 	.DEF R0X9=R9
                 	.DEF R0XA=R10
                 	.DEF R0XB=R11
                 	.DEF R0XC=R12
                 	.DEF R0XD=R13
                 	.DEF R0XE=R14
                 	.DEF R0XF=R15
                 	.DEF R0X10=R16
                 	.DEF R0X11=R17
                 	.DEF R0X12=R18
                 	.DEF R0X13=R19
                 	.DEF R0X14=R20
                 	.DEF R0X15=R21
                 	.DEF R0X16=R22
                 	.DEF R0X17=R23
                 	.DEF R0X18=R24
                 	.DEF R0X19=R25
                 	.DEF R0X1A=R26
                 	.DEF R0X1B=R27
                 	.DEF R0X1C=R28
                 	.DEF R0X1D=R29
                 	.DEF R0X1E=R30
                 	.DEF R0X1F=R31
                 
                 	.EQU __SRAM_START=0x0060
                 	.EQU __SRAM_END=0x025F
                 	.EQU __DSTACK_SIZE=0x0080
                 	.EQU __HEAP_SIZE=0x0000
                 	.EQU __CLEAR_SRAM_SIZE=__SRAM_END-__SRAM_START+1
                 
                 	.MACRO __CPD1N
                 	CPI  R30,LOW(@0)
                 	LDI  R26,HIGH(@0)
                 	CPC  R31,R26
                 	LDI  R26,BYTE3(@0)
                 	CPC  R22,R26
                 	LDI  R26,BYTE4(@0)
                 	CPC  R23,R26
                 	.ENDM
                 
                 	.MACRO __CPD2N
                 	CPI  R26,LOW(@0)
                 	LDI  R30,HIGH(@0)
                 	CPC  R27,R30
                 	LDI  R30,BYTE3(@0)
                 	CPC  R24,R30
                 	LDI  R30,BYTE4(@0)
                 	CPC  R25,R30
                 	.ENDM
                 
                 	.MACRO __CPWRR
                 	CP   R@0,R@2
                 	CPC  R@1,R@3
                 	.ENDM
                 
                 	.MACRO __CPWRN
                 	CPI  R@0,LOW(@2)
                 	LDI  R30,HIGH(@2)
                 	CPC  R@1,R30
                 	.ENDM
                 
                 	.MACRO __ADDB1MN
                 	SUBI R30,LOW(-@0-(@1))
                 	.ENDM
                 
                 	.MACRO __ADDB2MN
                 	SUBI R26,LOW(-@0-(@1))
                 	.ENDM
                 
                 	.MACRO __ADDW1MN
                 	SUBI R30,LOW(-@0-(@1))
                 	SBCI R31,HIGH(-@0-(@1))
                 	.ENDM
                 
                 	.MACRO __ADDW2MN
                 	SUBI R26,LOW(-@0-(@1))
                 	SBCI R27,HIGH(-@0-(@1))
                 	.ENDM
                 
                 	.MACRO __ADDW1FN
                 	SUBI R30,LOW(-2*@0-(@1))
                 	SBCI R31,HIGH(-2*@0-(@1))
                 	.ENDM
                 
                 	.MACRO __ADDD1FN
                 	SUBI R30,LOW(-2*@0-(@1))
                 	SBCI R31,HIGH(-2*@0-(@1))
                 	SBCI R22,BYTE3(-2*@0-(@1))
                 	.ENDM
                 
                 	.MACRO __ADDD1N
                 	SUBI R30,LOW(-@0)
                 	SBCI R31,HIGH(-@0)
                 	SBCI R22,BYTE3(-@0)
                 	SBCI R23,BYTE4(-@0)
                 	.ENDM
                 
                 	.MACRO __ADDD2N
                 	SUBI R26,LOW(-@0)
                 	SBCI R27,HIGH(-@0)
                 	SBCI R24,BYTE3(-@0)
                 	SBCI R25,BYTE4(-@0)
                 	.ENDM
                 
                 	.MACRO __SUBD1N
                 	SUBI R30,LOW(@0)
                 	SBCI R31,HIGH(@0)
                 	SBCI R22,BYTE3(@0)
                 	SBCI R23,BYTE4(@0)
                 	.ENDM
                 
                 	.MACRO __SUBD2N
                 	SUBI R26,LOW(@0)
                 	SBCI R27,HIGH(@0)
                 	SBCI R24,BYTE3(@0)
                 	SBCI R25,BYTE4(@0)
                 	.ENDM
                 
                 	.MACRO __ANDBMNN
                 	LDS  R30,@0+(@1)
                 	ANDI R30,LOW(@2)
                 	STS  @0+(@1),R30
                 	.ENDM
                 
                 	.MACRO __ANDWMNN
                 	LDS  R30,@0+(@1)
                 	ANDI R30,LOW(@2)
                 	STS  @0+(@1),R30
                 	LDS  R30,@0+(@1)+1
                 	ANDI R30,HIGH(@2)
                 	STS  @0+(@1)+1,R30
                 	.ENDM
                 
                 	.MACRO __ANDD1N
                 	ANDI R30,LOW(@0)
                 	ANDI R31,HIGH(@0)
                 	ANDI R22,BYTE3(@0)
                 	ANDI R23,BYTE4(@0)
                 	.ENDM
                 
                 	.MACRO __ANDD2N
                 	ANDI R26,LOW(@0)
                 	ANDI R27,HIGH(@0)
                 	ANDI R24,BYTE3(@0)
                 	ANDI R25,BYTE4(@0)
                 	.ENDM
                 
                 	.MACRO __ORBMNN
                 	LDS  R30,@0+(@1)
                 	ORI  R30,LOW(@2)
                 	STS  @0+(@1),R30
                 	.ENDM
                 
                 	.MACRO __ORWMNN
                 	LDS  R30,@0+(@1)
                 	ORI  R30,LOW(@2)
                 	STS  @0+(@1),R30
                 	LDS  R30,@0+(@1)+1
                 	ORI  R30,HIGH(@2)
                 	STS  @0+(@1)+1,R30
                 	.ENDM
                 
                 	.MACRO __ORD1N
                 	ORI  R30,LOW(@0)
                 	ORI  R31,HIGH(@0)
                 	ORI  R22,BYTE3(@0)
                 	ORI  R23,BYTE4(@0)
                 	.ENDM
                 
                 	.MACRO __ORD2N
                 	ORI  R26,LOW(@0)
                 	ORI  R27,HIGH(@0)
                 	ORI  R24,BYTE3(@0)
                 	ORI  R25,BYTE4(@0)
                 	.ENDM
                 
                 	.MACRO __DELAY_USB
                 	LDI  R24,LOW(@0)
                 __DELAY_USB_LOOP:
                 	DEC  R24
                 	BRNE __DELAY_USB_LOOP
                 	.ENDM
                 
                 	.MACRO __DELAY_USW
                 	LDI  R24,LOW(@0)
                 	LDI  R25,HIGH(@0)
                 __DELAY_USW_LOOP:
                 	SBIW R24,1
                 	BRNE __DELAY_USW_LOOP
                 	.ENDM
                 
                 	.MACRO __GETD1S
                 	LDD  R30,Y+@0
                 	LDD  R31,Y+@0+1
                 	LDD  R22,Y+@0+2
                 	LDD  R23,Y+@0+3
                 	.ENDM
                 
                 	.MACRO __GETD2S
                 	LDD  R26,Y+@0
                 	LDD  R27,Y+@0+1
                 	LDD  R24,Y+@0+2
                 	LDD  R25,Y+@0+3
                 	.ENDM
                 
                 	.MACRO __PUTD1S
                 	STD  Y+@0,R30
                 	STD  Y+@0+1,R31
                 	STD  Y+@0+2,R22
                 	STD  Y+@0+3,R23
                 	.ENDM
                 
                 	.MACRO __PUTD2S
                 	STD  Y+@0,R26
                 	STD  Y+@0+1,R27
                 	STD  Y+@0+2,R24
                 	STD  Y+@0+3,R25
                 	.ENDM
                 
                 	.MACRO __PUTDZ2
                 	STD  Z+@0,R26
                 	STD  Z+@0+1,R27
                 	STD  Z+@0+2,R24
                 	STD  Z+@0+3,R25
                 	.ENDM
                 
                 	.MACRO __CLRD1S
                 	STD  Y+@0,R30
                 	STD  Y+@0+1,R30
                 	STD  Y+@0+2,R30
                 	STD  Y+@0+3,R30
                 	.ENDM
                 
                 	.MACRO __POINTB1MN
                 	LDI  R30,LOW(@0+(@1))
                 	.ENDM
                 
                 	.MACRO __POINTW1MN
                 	LDI  R30,LOW(@0+(@1))
                 	LDI  R31,HIGH(@0+(@1))
                 	.ENDM
                 
                 	.MACRO __POINTD1M
                 	LDI  R30,LOW(@0)
                 	LDI  R31,HIGH(@0)
                 	LDI  R22,BYTE3(@0)
                 	LDI  R23,BYTE4(@0)
                 	.ENDM
                 
                 	.MACRO __POINTW1FN
                 	LDI  R30,LOW(2*@0+(@1))
                 	LDI  R31,HIGH(2*@0+(@1))
                 	.ENDM
                 
                 	.MACRO __POINTD1FN
                 	LDI  R30,LOW(2*@0+(@1))
                 	LDI  R31,HIGH(2*@0+(@1))
                 	LDI  R22,BYTE3(2*@0+(@1))
                 	LDI  R23,BYTE4(2*@0+(@1))
                 	.ENDM
                 
                 	.MACRO __POINTB2MN
                 	LDI  R26,LOW(@0+(@1))
                 	.ENDM
                 
                 	.MACRO __POINTW2MN
                 	LDI  R26,LOW(@0+(@1))
                 	LDI  R27,HIGH(@0+(@1))
                 	.ENDM
                 
                 	.MACRO __POINTW2FN
                 	LDI  R26,LOW(2*@0+(@1))
                 	LDI  R27,HIGH(2*@0+(@1))
                 	.ENDM
                 
                 	.MACRO __POINTD2FN
                 	LDI  R26,LOW(2*@0+(@1))
                 	LDI  R27,HIGH(2*@0+(@1))
                 	LDI  R24,BYTE3(2*@0+(@1))
                 	LDI  R25,BYTE4(2*@0+(@1))
                 	.ENDM
                 
                 	.MACRO __POINTBRM
                 	LDI  R@0,LOW(@1)
                 	.ENDM
                 
                 	.MACRO __POINTWRM
                 	LDI  R@0,LOW(@2)
                 	LDI  R@1,HIGH(@2)
                 	.ENDM
                 
                 	.MACRO __POINTBRMN
                 	LDI  R@0,LOW(@1+(@2))
                 	.ENDM
                 
                 	.MACRO __POINTWRMN
                 	LDI  R@0,LOW(@2+(@3))
                 	LDI  R@1,HIGH(@2+(@3))
                 	.ENDM
                 
                 	.MACRO __POINTWRFN
                 	LDI  R@0,LOW(@2*2+(@3))
                 	LDI  R@1,HIGH(@2*2+(@3))
                 	.ENDM
                 
                 	.MACRO __GETD1N
                 	LDI  R30,LOW(@0)
                 	LDI  R31,HIGH(@0)
                 	LDI  R22,BYTE3(@0)
                 	LDI  R23,BYTE4(@0)
                 	.ENDM
                 
                 	.MACRO __GETD2N
                 	LDI  R26,LOW(@0)
                 	LDI  R27,HIGH(@0)
                 	LDI  R24,BYTE3(@0)
                 	LDI  R25,BYTE4(@0)
                 	.ENDM
                 
                 	.MACRO __GETB1MN
                 	LDS  R30,@0+(@1)
                 	.ENDM
                 
                 	.MACRO __GETB1HMN
                 	LDS  R31,@0+(@1)
                 	.ENDM
                 
                 	.MACRO __GETW1MN
                 	LDS  R30,@0+(@1)
                 	LDS  R31,@0+(@1)+1
                 	.ENDM
                 
                 	.MACRO __GETD1MN
                 	LDS  R30,@0+(@1)
                 	LDS  R31,@0+(@1)+1
                 	LDS  R22,@0+(@1)+2
                 	LDS  R23,@0+(@1)+3
                 	.ENDM
                 
                 	.MACRO __GETBRMN
                 	LDS  R@0,@1+(@2)
                 	.ENDM
                 
                 	.MACRO __GETWRMN
                 	LDS  R@0,@2+(@3)
                 	LDS  R@1,@2+(@3)+1
                 	.ENDM
                 
                 	.MACRO __GETWRZ
                 	LDD  R@0,Z+@2
                 	LDD  R@1,Z+@2+1
                 	.ENDM
                 
                 	.MACRO __GETD2Z
                 	LDD  R26,Z+@0
                 	LDD  R27,Z+@0+1
                 	LDD  R24,Z+@0+2
                 	LDD  R25,Z+@0+3
                 	.ENDM
                 
                 	.MACRO __GETB2MN
                 	LDS  R26,@0+(@1)
                 	.ENDM
                 
                 	.MACRO __GETW2MN
                 	LDS  R26,@0+(@1)
                 	LDS  R27,@0+(@1)+1
                 	.ENDM
                 
                 	.MACRO __GETD2MN
                 	LDS  R26,@0+(@1)
                 	LDS  R27,@0+(@1)+1
                 	LDS  R24,@0+(@1)+2
                 	LDS  R25,@0+(@1)+3
                 	.ENDM
                 
                 	.MACRO __PUTB1MN
                 	STS  @0+(@1),R30
                 	.ENDM
                 
                 	.MACRO __PUTW1MN
                 	STS  @0+(@1),R30
                 	STS  @0+(@1)+1,R31
                 	.ENDM
                 
                 	.MACRO __PUTD1MN
                 	STS  @0+(@1),R30
                 	STS  @0+(@1)+1,R31
                 	STS  @0+(@1)+2,R22
                 	STS  @0+(@1)+3,R23
                 	.ENDM
                 
                 	.MACRO __PUTB1EN
                 	LDI  R26,LOW(@0+(@1))
                 	LDI  R27,HIGH(@0+(@1))
                 	RCALL __EEPROMWRB
                 	.ENDM
                 
                 	.MACRO __PUTW1EN
                 	LDI  R26,LOW(@0+(@1))
                 	LDI  R27,HIGH(@0+(@1))
                 	RCALL __EEPROMWRW
                 	.ENDM
                 
                 	.MACRO __PUTD1EN
                 	LDI  R26,LOW(@0+(@1))
                 	LDI  R27,HIGH(@0+(@1))
                 	RCALL __EEPROMWRD
                 	.ENDM
                 
                 	.MACRO __PUTBR0MN
                 	STS  @0+(@1),R0
                 	.ENDM
                 
                 	.MACRO __PUTBMRN
                 	STS  @0+(@1),R@2
                 	.ENDM
                 
                 	.MACRO __PUTWMRN
                 	STS  @0+(@1),R@2
                 	STS  @0+(@1)+1,R@3
                 	.ENDM
                 
                 	.MACRO __PUTBZR
                 	STD  Z+@1,R@0
                 	.ENDM
                 
                 	.MACRO __PUTWZR
                 	STD  Z+@2,R@0
                 	STD  Z+@2+1,R@1
                 	.ENDM
                 
                 	.MACRO __GETW1R
                 	MOV  R30,R@0
                 	MOV  R31,R@1
                 	.ENDM
                 
                 	.MACRO __GETW2R
                 	MOV  R26,R@0
                 	MOV  R27,R@1
                 	.ENDM
                 
                 	.MACRO __GETWRN
                 	LDI  R@0,LOW(@2)
                 	LDI  R@1,HIGH(@2)
                 	.ENDM
                 
                 	.MACRO __PUTW1R
                 	MOV  R@0,R30
                 	MOV  R@1,R31
                 	.ENDM
                 
                 	.MACRO __PUTW2R
                 	MOV  R@0,R26
                 	MOV  R@1,R27
                 	.ENDM
                 
                 	.MACRO __ADDWRN
                 	SUBI R@0,LOW(-@2)
                 	SBCI R@1,HIGH(-@2)
                 	.ENDM
                 
                 	.MACRO __ADDWRR
                 	ADD  R@0,R@2
                 	ADC  R@1,R@3
                 	.ENDM
                 
                 	.MACRO __SUBWRN
                 	SUBI R@0,LOW(@2)
                 	SBCI R@1,HIGH(@2)
                 	.ENDM
                 
                 	.MACRO __SUBWRR
                 	SUB  R@0,R@2
                 	SBC  R@1,R@3
                 	.ENDM
                 
                 	.MACRO __ANDWRN
                 	ANDI R@0,LOW(@2)
                 	ANDI R@1,HIGH(@2)
                 	.ENDM
                 
                 	.MACRO __ANDWRR
                 	AND  R@0,R@2
                 	AND  R@1,R@3
                 	.ENDM
                 
                 	.MACRO __ORWRN
                 	ORI  R@0,LOW(@2)
                 	ORI  R@1,HIGH(@2)
                 	.ENDM
                 
                 	.MACRO __ORWRR
                 	OR   R@0,R@2
                 	OR   R@1,R@3
                 	.ENDM
                 
                 	.MACRO __EORWRR
                 	EOR  R@0,R@2
                 	EOR  R@1,R@3
                 	.ENDM
                 
                 	.MACRO __GETWRS
                 	LDD  R@0,Y+@2
                 	LDD  R@1,Y+@2+1
                 	.ENDM
                 
                 	.MACRO __PUTBSR
                 	STD  Y+@1,R@0
                 	.ENDM
                 
                 	.MACRO __PUTWSR
                 	STD  Y+@2,R@0
                 	STD  Y+@2+1,R@1
                 	.ENDM
                 
                 	.MACRO __MOVEWRR
                 	MOV  R@0,R@2
                 	MOV  R@1,R@3
                 	.ENDM
                 
                 	.MACRO __INWR
                 	IN   R@0,@2
                 	IN   R@1,@2+1
                 	.ENDM
                 
                 	.MACRO __OUTWR
                 	OUT  @2+1,R@1
                 	OUT  @2,R@0
                 	.ENDM
                 
                 	.MACRO __CALL1MN
                 	LDS  R30,@0+(@1)
                 	LDS  R31,@0+(@1)+1
                 	ICALL
                 	.ENDM
                 
                 	.MACRO __CALL1FN
                 	LDI  R30,LOW(2*@0+(@1))
                 	LDI  R31,HIGH(2*@0+(@1))
                 	RCALL __GETW1PF
                 	ICALL
                 	.ENDM
                 
                 	.MACRO __CALL2EN
                 	LDI  R26,LOW(@0+(@1))
                 	LDI  R27,HIGH(@0+(@1))
                 	RCALL __EEPROMRDW
                 	ICALL
                 	.ENDM
                 
                 	.MACRO __GETW1STACK
                 	IN   R26,SPL
                 	IN   R27,SPH
                 	ADIW R26,@0+1
                 	LD   R30,X+
                 	LD   R31,X
                 	.ENDM
                 
                 	.MACRO __GETD1STACK
                 	IN   R26,SPL
                 	IN   R27,SPH
                 	ADIW R26,@0+1
                 	LD   R30,X+
                 	LD   R31,X+
                 	LD   R22,X
                 	.ENDM
                 
                 	.MACRO __NBST
                 	BST  R@0,@1
                 	IN   R30,SREG
                 	LDI  R31,0x40
                 	EOR  R30,R31
                 	OUT  SREG,R30
                 	.ENDM
                 
                 
                 	.MACRO __PUTB1SN
                 	LDD  R26,Y+@0
                 	LDD  R27,Y+@0+1
                 	SUBI R26,LOW(-@1)
                 	SBCI R27,HIGH(-@1)
                 	ST   X,R30
                 	.ENDM
                 
                 	.MACRO __PUTW1SN
                 	LDD  R26,Y+@0
                 	LDD  R27,Y+@0+1
                 	SUBI R26,LOW(-@1)
                 	SBCI R27,HIGH(-@1)
                 	ST   X+,R30
                 	ST   X,R31
                 	.ENDM
                 
                 	.MACRO __PUTD1SN
                 	LDD  R26,Y+@0
                 	LDD  R27,Y+@0+1
                 	SUBI R26,LOW(-@1)
                 	SBCI R27,HIGH(-@1)
                 	RCALL __PUTDP1
                 	.ENDM
                 
                 	.MACRO __PUTB1SNS
                 	LDD  R26,Y+@0
                 	LDD  R27,Y+@0+1
                 	ADIW R26,@1
                 	ST   X,R30
                 	.ENDM
                 
                 	.MACRO __PUTW1SNS
                 	LDD  R26,Y+@0
                 	LDD  R27,Y+@0+1
                 	ADIW R26,@1
                 	ST   X+,R30
                 	ST   X,R31
                 	.ENDM
                 
                 	.MACRO __PUTD1SNS
                 	LDD  R26,Y+@0
                 	LDD  R27,Y+@0+1
                 	ADIW R26,@1
                 	RCALL __PUTDP1
                 	.ENDM
                 
                 	.MACRO __PUTB1PMN
                 	LDS  R26,@0
                 	LDS  R27,@0+1
                 	SUBI R26,LOW(-@1)
                 	SBCI R27,HIGH(-@1)
                 	ST   X,R30
                 	.ENDM
                 
                 	.MACRO __PUTW1PMN
                 	LDS  R26,@0
                 	LDS  R27,@0+1
                 	SUBI R26,LOW(-@1)
                 	SBCI R27,HIGH(-@1)
                 	ST   X+,R30
                 	ST   X,R31
                 	.ENDM
                 
                 	.MACRO __PUTD1PMN
                 	LDS  R26,@0
                 	LDS  R27,@0+1
                 	SUBI R26,LOW(-@1)
                 	SBCI R27,HIGH(-@1)
                 	RCALL __PUTDP1
                 	.ENDM
                 
                 	.MACRO __PUTB1PMNS
                 	LDS  R26,@0
                 	LDS  R27,@0+1
                 	ADIW R26,@1
                 	ST   X,R30
                 	.ENDM
                 
                 	.MACRO __PUTW1PMNS
                 	LDS  R26,@0
                 	LDS  R27,@0+1
                 	ADIW R26,@1
                 	ST   X+,R30
                 	ST   X,R31
                 	.ENDM
                 
                 	.MACRO __PUTD1PMNS
                 	LDS  R26,@0
                 	LDS  R27,@0+1
                 	ADIW R26,@1
                 	RCALL __PUTDP1
                 	.ENDM
                 
                 	.MACRO __PUTB1RN
                 	MOVW R26,R@0
                 	SUBI R26,LOW(-@1)
                 	SBCI R27,HIGH(-@1)
                 	ST   X,R30
                 	.ENDM
                 
                 	.MACRO __PUTW1RN
                 	MOVW R26,R@0
                 	SUBI R26,LOW(-@1)
                 	SBCI R27,HIGH(-@1)
                 	ST   X+,R30
                 	ST   X,R31
                 	.ENDM
                 
                 	.MACRO __PUTD1RN
                 	MOVW R26,R@0
                 	SUBI R26,LOW(-@1)
                 	SBCI R27,HIGH(-@1)
                 	RCALL __PUTDP1
                 	.ENDM
                 
                 	.MACRO __PUTB1RNS
                 	MOVW R26,R@0
                 	ADIW R26,@1
                 	ST   X,R30
                 	.ENDM
                 
                 	.MACRO __PUTW1RNS
                 	MOVW R26,R@0
                 	ADIW R26,@1
                 	ST   X+,R30
                 	ST   X,R31
                 	.ENDM
                 
                 	.MACRO __PUTD1RNS
                 	MOVW R26,R@0
                 	ADIW R26,@1
                 	RCALL __PUTDP1
                 	.ENDM
                 
                 	.MACRO __PUTB1RON
                 	MOV  R26,R@0
                 	MOV  R27,R@1
                 	SUBI R26,LOW(-@2)
                 	SBCI R27,HIGH(-@2)
                 	ST   X,R30
                 	.ENDM
                 
                 	.MACRO __PUTW1RON
                 	MOV  R26,R@0
                 	MOV  R27,R@1
                 	SUBI R26,LOW(-@2)
                 	SBCI R27,HIGH(-@2)
                 	ST   X+,R30
                 	ST   X,R31
                 	.ENDM
                 
                 	.MACRO __PUTD1RON
                 	MOV  R26,R@0
                 	MOV  R27,R@1
                 	SUBI R26,LOW(-@2)
                 	SBCI R27,HIGH(-@2)
                 	RCALL __PUTDP1
                 	.ENDM
                 
                 	.MACRO __PUTB1RONS
                 	MOV  R26,R@0
                 	MOV  R27,R@1
                 	ADIW R26,@2
                 	ST   X,R30
                 	.ENDM
                 
                 	.MACRO __PUTW1RONS
                 	MOV  R26,R@0
                 	MOV  R27,R@1
                 	ADIW R26,@2
                 	ST   X+,R30
                 	ST   X,R31
                 	.ENDM
                 
                 	.MACRO __PUTD1RONS
                 	MOV  R26,R@0
                 	MOV  R27,R@1
                 	ADIW R26,@2
                 	RCALL __PUTDP1
                 	.ENDM
                 
                 
                 	.MACRO __GETB1SX
                 	MOVW R30,R28
                 	SUBI R30,LOW(-@0)
                 	SBCI R31,HIGH(-@0)
                 	LD   R30,Z
                 	.ENDM
                 
                 	.MACRO __GETB1HSX
                 	MOVW R30,R28
                 	SUBI R30,LOW(-@0)
                 	SBCI R31,HIGH(-@0)
                 	LD   R31,Z
                 	.ENDM
                 
                 	.MACRO __GETW1SX
                 	MOVW R30,R28
                 	SUBI R30,LOW(-@0)
                 	SBCI R31,HIGH(-@0)
                 	LD   R0,Z+
                 	LD   R31,Z
                 	MOV  R30,R0
                 	.ENDM
                 
                 	.MACRO __GETD1SX
                 	MOVW R30,R28
                 	SUBI R30,LOW(-@0)
                 	SBCI R31,HIGH(-@0)
                 	LD   R0,Z+
                 	LD   R1,Z+
                 	LD   R22,Z+
                 	LD   R23,Z
                 	MOVW R30,R0
                 	.ENDM
                 
                 	.MACRO __GETB2SX
                 	MOVW R26,R28
                 	SUBI R26,LOW(-@0)
                 	SBCI R27,HIGH(-@0)
                 	LD   R26,X
                 	.ENDM
                 
                 	.MACRO __GETW2SX
                 	MOVW R26,R28
                 	SUBI R26,LOW(-@0)
                 	SBCI R27,HIGH(-@0)
                 	LD   R0,X+
                 	LD   R27,X
                 	MOV  R26,R0
                 	.ENDM
                 
                 	.MACRO __GETD2SX
                 	MOVW R26,R28
                 	SUBI R26,LOW(-@0)
                 	SBCI R27,HIGH(-@0)
                 	LD   R0,X+
                 	LD   R1,X+
                 	LD   R24,X+
                 	LD   R25,X
                 	MOVW R26,R0
                 	.ENDM
                 
                 	.MACRO __GETBRSX
                 	MOVW R30,R28
                 	SUBI R30,LOW(-@1)
                 	SBCI R31,HIGH(-@1)
                 	LD   R@0,Z
                 	.ENDM
                 
                 	.MACRO __GETWRSX
                 	MOVW R30,R28
                 	SUBI R30,LOW(-@2)
                 	SBCI R31,HIGH(-@2)
                 	LD   R@0,Z+
                 	LD   R@1,Z
                 	.ENDM
                 
                 	.MACRO __GETBRSX2
                 	MOVW R26,R28
                 	SUBI R26,LOW(-@1)
                 	SBCI R27,HIGH(-@1)
                 	LD   R@0,X
                 	.ENDM
                 
                 	.MACRO __GETWRSX2
                 	MOVW R26,R28
                 	SUBI R26,LOW(-@2)
                 	SBCI R27,HIGH(-@2)
                 	LD   R@0,X+
                 	LD   R@1,X
                 	.ENDM
                 
                 	.MACRO __LSLW8SX
                 	MOVW R30,R28
                 	SUBI R30,LOW(-@0)
                 	SBCI R31,HIGH(-@0)
                 	LD   R31,Z
                 	CLR  R30
                 	.ENDM
                 
                 	.MACRO __PUTB1SX
                 	MOVW R26,R28
                 	SUBI R26,LOW(-@0)
                 	SBCI R27,HIGH(-@0)
                 	ST   X,R30
                 	.ENDM
                 
                 	.MACRO __PUTW1SX
                 	MOVW R26,R28
                 	SUBI R26,LOW(-@0)
                 	SBCI R27,HIGH(-@0)
                 	ST   X+,R30
                 	ST   X,R31
                 	.ENDM
                 
                 	.MACRO __PUTD1SX
                 	MOVW R26,R28
                 	SUBI R26,LOW(-@0)
                 	SBCI R27,HIGH(-@0)
                 	ST   X+,R30
                 	ST   X+,R31
                 	ST   X+,R22
                 	ST   X,R23
                 	.ENDM
                 
                 	.MACRO __CLRW1SX
                 	MOVW R26,R28
                 	SUBI R26,LOW(-@0)
                 	SBCI R27,HIGH(-@0)
                 	ST   X+,R30
                 	ST   X,R30
                 	.ENDM
                 
                 	.MACRO __CLRD1SX
                 	MOVW R26,R28
                 	SUBI R26,LOW(-@0)
                 	SBCI R27,HIGH(-@0)
                 	ST   X+,R30
                 	ST   X+,R30
                 	ST   X+,R30
                 	ST   X,R30
                 	.ENDM
                 
                 	.MACRO __PUTB2SX
                 	MOVW R30,R28
                 	SUBI R30,LOW(-@0)
                 	SBCI R31,HIGH(-@0)
                 	ST   Z,R26
                 	.ENDM
                 
                 	.MACRO __PUTW2SX
                 	MOVW R30,R28
                 	SUBI R30,LOW(-@0)
                 	SBCI R31,HIGH(-@0)
                 	ST   Z+,R26
                 	ST   Z,R27
                 	.ENDM
                 
                 	.MACRO __PUTD2SX
                 	MOVW R30,R28
                 	SUBI R30,LOW(-@0)
                 	SBCI R31,HIGH(-@0)
                 	ST   Z+,R26
                 	ST   Z+,R27
                 	ST   Z+,R24
                 	ST   Z,R25
                 	.ENDM
                 
                 	.MACRO __PUTBSRX
                 	MOVW R30,R28
                 	SUBI R30,LOW(-@1)
                 	SBCI R31,HIGH(-@1)
                 	ST   Z,R@0
                 	.ENDM
                 
                 	.MACRO __PUTWSRX
                 	MOVW R30,R28
                 	SUBI R30,LOW(-@2)
                 	SBCI R31,HIGH(-@2)
                 	ST   Z+,R@0
                 	ST   Z,R@1
                 	.ENDM
                 
                 	.MACRO __PUTB1SNX
                 	MOVW R26,R28
                 	SUBI R26,LOW(-@0)
                 	SBCI R27,HIGH(-@0)
                 	LD   R0,X+
                 	LD   R27,X
                 	MOV  R26,R0
                 	SUBI R26,LOW(-@1)
                 	SBCI R27,HIGH(-@1)
                 	ST   X,R30
                 	.ENDM
                 
                 	.MACRO __PUTW1SNX
                 	MOVW R26,R28
                 	SUBI R26,LOW(-@0)
                 	SBCI R27,HIGH(-@0)
                 	LD   R0,X+
                 	LD   R27,X
                 	MOV  R26,R0
                 	SUBI R26,LOW(-@1)
                 	SBCI R27,HIGH(-@1)
                 	ST   X+,R30
                 	ST   X,R31
                 	.ENDM
                 
                 	.MACRO __PUTD1SNX
                 	MOVW R26,R28
                 	SUBI R26,LOW(-@0)
                 	SBCI R27,HIGH(-@0)
                 	LD   R0,X+
                 	LD   R27,X
                 	MOV  R26,R0
                 	SUBI R26,LOW(-@1)
                 	SBCI R27,HIGH(-@1)
                 	ST   X+,R30
                 	ST   X+,R31
                 	ST   X+,R22
                 	ST   X,R23
                 	.ENDM
                 
                 	.MACRO __MULBRR
                 	MULS R@0,R@1
                 	MOVW R30,R0
                 	.ENDM
                 
                 	.MACRO __MULBRRU
                 	MUL  R@0,R@1
                 	MOVW R30,R0
                 	.ENDM
                 
                 	.MACRO __MULBRR0
                 	MULS R@0,R@1
                 	.ENDM
                 
                 	.MACRO __MULBRRU0
                 	MUL  R@0,R@1
                 	.ENDM
                 
                 	.MACRO __MULBNWRU
                 	LDI  R26,@2
                 	MUL  R26,R@0
                 	MOVW R30,R0
                 	MUL  R26,R@1
                 	ADD  R31,R0
                 	.ENDM
                 
                 ;NAME DEFINITIONS FOR GLOBAL VARIABLES ALLOCATED TO REGISTERS
                 	.DEF _rx_wr_index=R5
                 	.DEF _rx_rd_index=R4
                 	.DEF _rx_counter=R7
                 
                 	.CSEG
                 	.ORG 0x00
                 
                 ;START OF CODE MARKER
                 __START_OF_CODE:
                 
                 ;INTERRUPT VECTORS
000000 c022      	RJMP __RESET
000001 cffe      	RJMP 0x00
000002 cffd      	RJMP 0x00
000003 cffc      	RJMP 0x00
000004 cffb      	RJMP 0x00
000005 cffa      	RJMP 0x00
000006 cff9      	RJMP 0x00
000007 cff8      	RJMP 0x00
000008 cff7      	RJMP 0x00
000009 cff6      	RJMP 0x00
00000a cff5      	RJMP 0x00
00000b c046      	RJMP _usart_rx_isr
00000c cff3      	RJMP 0x00
00000d cff2      	RJMP 0x00
00000e c073      	RJMP _adc_isr
00000f cff0      	RJMP 0x00
000010 cfef      	RJMP 0x00
000011 cfee      	RJMP 0x00
000012 cfed      	RJMP 0x00
000013 cfec      	RJMP 0x00
000014 cfeb      	RJMP 0x00
                 
                 _tbl10_G100:
000015 2710
000016 03e8
000017 0064
000018 000a      	.DB  0x10,0x27,0xE8,0x3,0x64,0x0,0xA,0x0
000019 0001      	.DB  0x1,0x0
                 _tbl16_G100:
00001a 1000
00001b 0100
00001c 0010
00001d 0001      	.DB  0x0,0x10,0x0,0x1,0x10,0x0,0x1,0x0
                 
                 ;REGISTER BIT VARIABLES INITIALIZATION
                 __REG_BIT_VARS:
00001e 0000      	.DW  0x0000
                 
                 
                 __GLOBAL_INI_TBL:
00001f 0001      	.DW  0x01
000020 0002      	.DW  0x02
000021 003c      	.DW  __REG_BIT_VARS*2
                 
                 _0xFFFFFFFF:
000022 0000      	.DW  0
                 
                 __RESET:
000023 94f8      	CLI
000024 27ee      	CLR  R30
000025 bbec      	OUT  EECR,R30
                 
                 ;INTERRUPT VECTORS ARE PLACED
                 ;AT THE START OF FLASH
000026 e0f1      	LDI  R31,1
000027 bffb      	OUT  GICR,R31
000028 bfeb      	OUT  GICR,R30
000029 bfe5      	OUT  MCUCR,R30
                 
                 ;DISABLE WATCHDOG
00002a e1f8      	LDI  R31,0x18
00002b bdf1      	OUT  WDTCR,R31
00002c bde1      	OUT  WDTCR,R30
                 
                 ;CLEAR R2-R14
00002d e08d      	LDI  R24,(14-2)+1
00002e e0a2      	LDI  R26,2
00002f 27bb      	CLR  R27
                 __CLEAR_REG:
000030 93ed      	ST   X+,R30
000031 958a      	DEC  R24
000032 f7e9      	BRNE __CLEAR_REG
                 
                 ;CLEAR SRAM
000033 e080      	LDI  R24,LOW(__CLEAR_SRAM_SIZE)
000034 e092      	LDI  R25,HIGH(__CLEAR_SRAM_SIZE)
000035 e6a0      	LDI  R26,__SRAM_START
                 __CLEAR_SRAM:
000036 93ed      	ST   X+,R30
000037 9701      	SBIW R24,1
000038 f7e9      	BRNE __CLEAR_SRAM
                 
                 ;GLOBAL VARIABLES INITIALIZATION
000039 e3ee      	LDI  R30,LOW(__GLOBAL_INI_TBL*2)
00003a e0f0      	LDI  R31,HIGH(__GLOBAL_INI_TBL*2)
                 __GLOBAL_INI_NEXT:
00003b 9185      	LPM  R24,Z+
00003c 9195      	LPM  R25,Z+
00003d 9700      	SBIW R24,0
00003e f061      	BREQ __GLOBAL_INI_END
00003f 91a5      	LPM  R26,Z+
000040 91b5      	LPM  R27,Z+
000041 9005      	LPM  R0,Z+
000042 9015      	LPM  R1,Z+
000043 01bf      	MOVW R22,R30
000044 01f0      	MOVW R30,R0
                 __GLOBAL_INI_LOOP:
000045 9005      	LPM  R0,Z+
000046 920d      	ST   X+,R0
000047 9701      	SBIW R24,1
000048 f7e1      	BRNE __GLOBAL_INI_LOOP
000049 01fb      	MOVW R30,R22
00004a cff0      	RJMP __GLOBAL_INI_NEXT
                 __GLOBAL_INI_END:
                 
                 ;HARDWARE STACK POINTER INITIALIZATION
00004b e5ef      	LDI  R30,LOW(__SRAM_END-__HEAP_SIZE)
00004c bfed      	OUT  SPL,R30
00004d e0e2      	LDI  R30,HIGH(__SRAM_END-__HEAP_SIZE)
00004e bfee      	OUT  SPH,R30
                 
                 ;DATA STACK POINTER INITIALIZATION
00004f eec0      	LDI  R28,LOW(__SRAM_START+__DSTACK_SIZE)
000050 e0d0      	LDI  R29,HIGH(__SRAM_START+__DSTACK_SIZE)
                 
000051 c06e      	RJMP _main
                 
                 	.ESEG
                 	.ORG 0
                 
                 	.DSEG
                 	.ORG 0xE0
                 
                 	.CSEG
                 ;/*****************************************************
                 ;This program was produced by the
                 ;CodeWizardAVR V2.05.3 Standard
                 ;Automatic Program Generator
                 ;© Copyright 1998-2011 Pavel Haiduc, HP InfoTech s.r.l.
                 ;http://www.hpinfotech.com
                 ;
                 ;Project :
                 ;Version :
                 ;Date    : 5/16/2019
                 ;Author  : unknown
                 ;Company :
                 ;Comments:
                 ;
                 ;
                 ;Chip type               : ATmega8535
                 ;Program type            : Application
                 ;AVR Core Clock frequency: 11.059200 MHz
                 ;Memory model            : Small
                 ;External RAM size       : 0
                 ;Data Stack size         : 128
                 ;*****************************************************/
                 ;
                 ;#include <mega8535.h>
                 	#ifndef __SLEEP_DEFINED__
                 	#define __SLEEP_DEFINED__
                 	.EQU __se_bit=0x40
                 	.EQU __sm_mask=0xB0
                 	.EQU __sm_powerdown=0x20
                 	.EQU __sm_powersave=0x30
                 	.EQU __sm_standby=0xA0
                 	.EQU __sm_ext_standby=0xB0
                 	.EQU __sm_adc_noise_red=0x10
                 	.SET power_ctrl_reg=mcucr
                 	#endif
                 ;
                 ;#include <delay.h>
                 ;
                 ;#define LED         PORTB
                 ;#define DipSwitch   PINC
                 ;#define PwmA        OCR1A
                 ;#define PwmB        OCR1B
                 ;
                 ;#ifndef RXB8
                 ;#define RXB8 1
                 ;#endif
                 ;
                 ;#ifndef TXB8
                 ;#define TXB8 0
                 ;#endif
                 ;
                 ;#ifndef UPE
                 ;#define UPE 2
                 ;#endif
                 ;
                 ;#ifndef DOR
                 ;#define DOR 3
                 ;#endif
                 ;
                 ;#ifndef FE
                 ;#define FE 4
                 ;#endif
                 ;
                 ;#ifndef UDRE
                 ;#define UDRE 5
                 ;#endif
                 ;
                 ;#ifndef RXC
                 ;#define RXC 7
                 ;#endif
                 ;
                 ;#define FRAMING_ERROR (1<<FE)
                 ;#define PARITY_ERROR (1<<UPE)
                 ;#define DATA_OVERRUN (1<<DOR)
                 ;#define DATA_REGISTER_EMPTY (1<<UDRE)
                 ;#define RX_COMPLETE (1<<RXC)
                 ;
                 ;// USART Receiver buffer
                 ;#define RX_BUFFER_SIZE 12
                 ;char rx_buffer[RX_BUFFER_SIZE];
                 ;
                 ;#if RX_BUFFER_SIZE <= 256
                 ;unsigned char rx_wr_index,rx_rd_index,rx_counter;
                 ;#else
                 ;unsigned int rx_wr_index,rx_rd_index,rx_counter;
                 ;#endif
                 ;
                 ;// This flag is set on USART Receiver buffer overflow
                 ;bit rx_buffer_overflow;
                 ;
                 ;// USART Receiver interrupt service routine
                 ;interrupt [USART_RXC] void usart_rx_isr(void)
                 ; 0000 0052 {
                 
                 	.CSEG
                 _usart_rx_isr:
000052 93ea      	ST   -Y,R30
000053 93fa      	ST   -Y,R31
000054 b7ef      	IN   R30,SREG
000055 93ea      	ST   -Y,R30
                 ; 0000 0053 char status,data;
                 ; 0000 0054 status=UCSRA;
000056 d1c0      	RCALL __SAVELOCR2
                 ;	status -> R17
                 ;	data -> R16
000057 b11b      	IN   R17,11
                 ; 0000 0055 data=UDR;
000058 b10c      	IN   R16,12
                 ; 0000 0056 if ((status & (FRAMING_ERROR | PARITY_ERROR | DATA_OVERRUN))==0)
000059 2fe1      	MOV  R30,R17
00005a 71ec      	ANDI R30,LOW(0x1C)
00005b f479      	BRNE _0x3
                 ; 0000 0057    {
                 ; 0000 0058    rx_buffer[rx_wr_index++]=data;
00005c 2de5      	MOV  R30,R5
00005d 9453      	INC  R5
00005e d151      	RCALL SUBOPT_0x0
00005f 8300      	ST   Z,R16
                 ; 0000 0059 #if RX_BUFFER_SIZE == 256
                 ; 0000 005A    // special case for receiver buffer size=256
                 ; 0000 005B    if (++rx_counter == 0) rx_buffer_overflow=1;
                 ; 0000 005C #else
                 ; 0000 005D    if (rx_wr_index == RX_BUFFER_SIZE) rx_wr_index=0;
000060 e0ec      	LDI  R30,LOW(12)
000061 15e5      	CP   R30,R5
000062 f409      	BRNE _0x4
000063 2455      	CLR  R5
                 ; 0000 005E    if (++rx_counter == RX_BUFFER_SIZE)
                 _0x4:
000064 9473      	INC  R7
000065 e0ec      	LDI  R30,LOW(12)
000066 15e7      	CP   R30,R7
000067 f419      	BRNE _0x5
                 ; 0000 005F       {
                 ; 0000 0060       rx_counter=0;
000068 2477      	CLR  R7
                 ; 0000 0061       rx_buffer_overflow=1;
000069 9468      	SET
00006a f820      	BLD  R2,0
                 ; 0000 0062       }
                 ; 0000 0063 #endif
                 ; 0000 0064    }
                 _0x5:
                 ; 0000 0065 }
                 _0x3:
00006b d1ae      	RCALL __LOADLOCR2P
00006c 91e9      	LD   R30,Y+
00006d bfef      	OUT  SREG,R30
00006e 91f9      	LD   R31,Y+
00006f 91e9      	LD   R30,Y+
000070 9518      	RETI
                 ;
                 ;#ifndef _DEBUG_TERMINAL_IO_
                 ;// Get a character from the USART Receiver buffer
                 ;#define _ALTERNATE_GETCHAR_
                 ;#pragma used+
                 ;char getchar(void)
                 ; 0000 006C {
                 _getchar:
                 ; 0000 006D char data;
                 ; 0000 006E while (rx_counter==0);
000071 931a      	ST   -Y,R17
                 ;	data -> R17
                 _0x6:
000072 2077      	TST  R7
000073 f3f1      	BREQ _0x6
                 ; 0000 006F data=rx_buffer[rx_rd_index++];
000074 2de4      	MOV  R30,R4
000075 9443      	INC  R4
000076 d139      	RCALL SUBOPT_0x0
000077 8110      	LD   R17,Z
                 ; 0000 0070 #if RX_BUFFER_SIZE != 256
                 ; 0000 0071 if (rx_rd_index == RX_BUFFER_SIZE) rx_rd_index=0;
000078 e0ec      	LDI  R30,LOW(12)
000079 15e4      	CP   R30,R4
00007a f409      	BRNE _0x9
00007b 2444      	CLR  R4
                 ; 0000 0072 #endif
                 ; 0000 0073 #asm("cli")
                 _0x9:
00007c 94f8      	cli
                 ; 0000 0074 --rx_counter;
00007d 947a      	DEC  R7
                 ; 0000 0075 #asm("sei")
00007e 9478      	sei
                 ; 0000 0076 return data;
00007f 2fe1      	MOV  R30,R17
000080 9119      	LD   R17,Y+
000081 9508      	RET
                 ; 0000 0077 }
                 ;#pragma used-
                 ;#endif
                 ;
                 ;// Standard Input/Output functions
                 ;#include <stdio.h>
                 ;
                 ;#define FIRST_ADC_INPUT 0
                 ;#define LAST_ADC_INPUT 7
                 ;unsigned char adc_data[LAST_ADC_INPUT-FIRST_ADC_INPUT+1];
                 ;#define ADC_VREF_TYPE 0x20
                 ;
                 ;// ADC interrupt service routine
                 ;// with auto input scanning
                 ;interrupt [ADC_INT] void adc_isr(void)
                 ; 0000 0086 {
                 _adc_isr:
000082 938a      	ST   -Y,R24
000083 93aa      	ST   -Y,R26
000084 93ba      	ST   -Y,R27
000085 93ea      	ST   -Y,R30
000086 b7ef      	IN   R30,SREG
000087 93ea      	ST   -Y,R30
                 ; 0000 0087 static unsigned char input_index=0;
                 ; 0000 0088 // Read the 8 most significant bits
                 ; 0000 0089 // of the AD conversion result
                 ; 0000 008A adc_data[input_index]=ADCH;
000088 91a0 00f4 	LDS  R26,_input_index_S0000002000
00008a d129      	RCALL SUBOPT_0x1
00008b 51a4      	SUBI R26,LOW(-_adc_data)
00008c 4fbf      	SBCI R27,HIGH(-_adc_data)
00008d b1e5      	IN   R30,0x5
00008e 93ec      	ST   X,R30
                 ; 0000 008B // Select next ADC input
                 ; 0000 008C if (++input_index > (LAST_ADC_INPUT-FIRST_ADC_INPUT))
00008f 91a0 00f4 	LDS  R26,_input_index_S0000002000
000091 5faf      	SUBI R26,-LOW(1)
000092 93a0 00f4 	STS  _input_index_S0000002000,R26
000094 30a8      	CPI  R26,LOW(0x8)
000095 f018      	BRLO _0xA
                 ; 0000 008D    input_index=0;
000096 e0e0      	LDI  R30,LOW(0)
000097 93e0 00f4 	STS  _input_index_S0000002000,R30
                 ; 0000 008E ADMUX=(FIRST_ADC_INPUT | (ADC_VREF_TYPE & 0xff))+input_index;
                 _0xA:
000099 91e0 00f4 	LDS  R30,_input_index_S0000002000
00009b 5ee0      	SUBI R30,-LOW(32)
00009c b9e7      	OUT  0x7,R30
                 ; 0000 008F // Delay needed for the stabilization of the ADC input voltage
                 ; 0000 0090 delay_us(10);
                +
00009d e285     +LDI R24 , LOW ( 37 )
                +__DELAY_USB_LOOP :
00009e 958a     +DEC R24
00009f f7f1     +BRNE __DELAY_USB_LOOP
                 	__DELAY_USB 37
                 ; 0000 0091 // Start the AD conversion
                 ; 0000 0092 ADCSRA|=0x40;
0000a0 9a36      	SBI  0x6,6
                 ; 0000 0093 }
0000a1 91e9      	LD   R30,Y+
0000a2 bfef      	OUT  SREG,R30
0000a3 91e9      	LD   R30,Y+
0000a4 91b9      	LD   R27,Y+
0000a5 91a9      	LD   R26,Y+
0000a6 9189      	LD   R24,Y+
0000a7 9518      	RETI
                 ;
                 ;// Declare your global variables here
                 ;#define Header1 '!'
                 ;#define Header2 '@'
                 ;#define Header3 '#'
                 ;#define Header4 '$'
                 ;#define Error   '?'
                 ;#define Tail    '~'
                 ;
                 ;void KirimData8Bit(unsigned char x)
                 ; 0000 009E {   putchar (x/100+48);
                 _KirimData8Bit:
0000a8 93aa      	ST   -Y,R26
                 ;	x -> Y+0
0000a9 81a8      	LD   R26,Y
0000aa d109      	RCALL SUBOPT_0x1
0000ab e6e4      	LDI  R30,LOW(100)
0000ac e0f0      	LDI  R31,HIGH(100)
0000ad d148      	RCALL __DIVW21
0000ae d107      	RCALL SUBOPT_0x2
                 ; 0000 009F     putchar ((x/10)%10+48);
0000af d104      	RCALL SUBOPT_0x1
0000b0 e0ea      	LDI  R30,LOW(10)
0000b1 e0f0      	LDI  R31,HIGH(10)
0000b2 d143      	RCALL __DIVW21
0000b3 01df      	MOVW R26,R30
0000b4 e0ea      	LDI  R30,LOW(10)
0000b5 e0f0      	LDI  R31,HIGH(10)
0000b6 d144      	RCALL __MODW21
0000b7 d0fe      	RCALL SUBOPT_0x2
                 ; 0000 00A0     putchar (x%10+48);
0000b8 27bb      	CLR  R27
0000b9 e0ea      	LDI  R30,LOW(10)
0000ba e0f0      	LDI  R31,HIGH(10)
0000bb d13f      	RCALL __MODW21
0000bc 5de0      	SUBI R30,-LOW(48)
0000bd 2fae      	MOV  R26,R30
0000be d0ea      	RCALL _putchar
                 ; 0000 00A1 }
0000bf c0ee      	RJMP _0x2060001
                 ;
                 ;void main(void)
                 ; 0000 00A4 {
                 _main:
                 ; 0000 00A5 // Declare your local variables here
                 ; 0000 00A6 unsigned char dSerial;  // data yang dibaca dari buffer serial
                 ; 0000 00A7 unsigned char xData[8]; // buffer data serial untuk proses parsing
                 ; 0000 00A8 unsigned char index=0;  // data index dari buffer serial saat proses parsing
                 ; 0000 00A9 bit flagHeader=0;       // penanda apakah header sudah tertangkap / belum saat parsing
                 ; 0000 00AA unsigned char hasil;
                 ; 0000 00AB 
                 ; 0000 00AC // Input/Output Ports initialization
                 ; 0000 00AD // Port A initialization
                 ; 0000 00AE // Func7=In Func6=In Func5=In Func4=In Func3=In Func2=In Func1=In Func0=In
                 ; 0000 00AF // State7=T State6=T State5=T State4=T State3=T State2=T State1=T State0=T
                 ; 0000 00B0 PORTA=0x00;
0000c0 9728      	SBIW R28,8
                 ;	dSerial -> R17
                 ;	xData -> Y+0
                 ;	index -> R16
                 ;	flagHeader -> R15.0
                 ;	hasil -> R19
0000c1 24ff      	CLR  R15
0000c2 e000      	LDI  R16,0
0000c3 e0e0      	LDI  R30,LOW(0)
0000c4 bbeb      	OUT  0x1B,R30
                 ; 0000 00B1 DDRA=0x00;
0000c5 bbea      	OUT  0x1A,R30
                 ; 0000 00B2 
                 ; 0000 00B3 // Port B initialization
                 ; 0000 00B4 // Func7=Out Func6=Out Func5=Out Func4=Out Func3=Out Func2=Out Func1=Out Func0=Out
                 ; 0000 00B5 // State7=0 State6=0 State5=0 State4=0 State3=0 State2=0 State1=0 State0=0
                 ; 0000 00B6 PORTB=0x00;
0000c6 bbe8      	OUT  0x18,R30
                 ; 0000 00B7 DDRB=0xFF;
0000c7 efef      	LDI  R30,LOW(255)
0000c8 bbe7      	OUT  0x17,R30
                 ; 0000 00B8 
                 ; 0000 00B9 // Port C initialization
                 ; 0000 00BA // Func7=In Func6=In Func5=In Func4=In Func3=In Func2=In Func1=In Func0=In
                 ; 0000 00BB // State7=P State6=P State5=P State4=P State3=P State2=P State1=P State0=P
                 ; 0000 00BC PORTC=0xFF;
0000c9 bbe5      	OUT  0x15,R30
                 ; 0000 00BD DDRC=0x00;
0000ca e0e0      	LDI  R30,LOW(0)
0000cb bbe4      	OUT  0x14,R30
                 ; 0000 00BE 
                 ; 0000 00BF // Port D initialization
                 ; 0000 00C0 // Func7=In Func6=In Func5=Out Func4=Out Func3=In Func2=In Func1=In Func0=In
                 ; 0000 00C1 // State7=T State6=T State5=0 State4=0 State3=T State2=T State1=T State0=T
                 ; 0000 00C2 PORTD=0x00;
0000cc bbe2      	OUT  0x12,R30
                 ; 0000 00C3 DDRD=0x30;
0000cd e3e0      	LDI  R30,LOW(48)
0000ce bbe1      	OUT  0x11,R30
                 ; 0000 00C4 
                 ; 0000 00C5 // Timer/Counter 0 initialization
                 ; 0000 00C6 // Clock source: System Clock
                 ; 0000 00C7 // Clock value: Timer 0 Stopped
                 ; 0000 00C8 // Mode: Normal top=0xFF
                 ; 0000 00C9 // OC0 output: Disconnected
                 ; 0000 00CA TCCR0=0x00;
0000cf e0e0      	LDI  R30,LOW(0)
0000d0 bfe3      	OUT  0x33,R30
                 ; 0000 00CB TCNT0=0x00;
0000d1 bfe2      	OUT  0x32,R30
                 ; 0000 00CC OCR0=0x00;
0000d2 bfec      	OUT  0x3C,R30
                 ; 0000 00CD 
                 ; 0000 00CE // Timer/Counter 1 initialization
                 ; 0000 00CF // Clock source: System Clock
                 ; 0000 00D0 // Clock value: 11059.200 kHz
                 ; 0000 00D1 // Mode: Fast PWM top=0x00FF
                 ; 0000 00D2 // OC1A output: Non-Inv.
                 ; 0000 00D3 // OC1B output: Non-Inv.
                 ; 0000 00D4 // Noise Canceler: Off
                 ; 0000 00D5 // Input Capture on Falling Edge
                 ; 0000 00D6 // Timer1 Overflow Interrupt: Off
                 ; 0000 00D7 // Input Capture Interrupt: Off
                 ; 0000 00D8 // Compare A Match Interrupt: Off
                 ; 0000 00D9 // Compare B Match Interrupt: Off
                 ; 0000 00DA TCCR1A=0xA1;
0000d3 eae1      	LDI  R30,LOW(161)
0000d4 bdef      	OUT  0x2F,R30
                 ; 0000 00DB TCCR1B=0x09;
0000d5 e0e9      	LDI  R30,LOW(9)
0000d6 bdee      	OUT  0x2E,R30
                 ; 0000 00DC TCNT1H=0x00;
0000d7 e0e0      	LDI  R30,LOW(0)
0000d8 bded      	OUT  0x2D,R30
                 ; 0000 00DD TCNT1L=0x00;
0000d9 bdec      	OUT  0x2C,R30
                 ; 0000 00DE ICR1H=0x00;
0000da bde7      	OUT  0x27,R30
                 ; 0000 00DF ICR1L=0x00;
0000db bde6      	OUT  0x26,R30
                 ; 0000 00E0 OCR1AH=0x00;
0000dc bdeb      	OUT  0x2B,R30
                 ; 0000 00E1 OCR1AL=0x00;
0000dd bdea      	OUT  0x2A,R30
                 ; 0000 00E2 OCR1BH=0x00;
0000de bde9      	OUT  0x29,R30
                 ; 0000 00E3 OCR1BL=0x00;
0000df bde8      	OUT  0x28,R30
                 ; 0000 00E4 
                 ; 0000 00E5 // Timer/Counter 2 initialization
                 ; 0000 00E6 // Clock source: System Clock
                 ; 0000 00E7 // Clock value: Timer2 Stopped
                 ; 0000 00E8 // Mode: Normal top=0xFF
                 ; 0000 00E9 // OC2 output: Disconnected
                 ; 0000 00EA ASSR=0x00;
0000e0 bde2      	OUT  0x22,R30
                 ; 0000 00EB TCCR2=0x00;
0000e1 bde5      	OUT  0x25,R30
                 ; 0000 00EC TCNT2=0x00;
0000e2 bde4      	OUT  0x24,R30
                 ; 0000 00ED OCR2=0x00;
0000e3 bde3      	OUT  0x23,R30
                 ; 0000 00EE 
                 ; 0000 00EF // External Interrupt(s) initialization
                 ; 0000 00F0 // INT0: Off
                 ; 0000 00F1 // INT1: Off
                 ; 0000 00F2 // INT2: Off
                 ; 0000 00F3 MCUCR=0x00;
0000e4 bfe5      	OUT  0x35,R30
                 ; 0000 00F4 MCUCSR=0x00;
0000e5 bfe4      	OUT  0x34,R30
                 ; 0000 00F5 
                 ; 0000 00F6 // Timer(s)/Counter(s) Interrupt(s) initialization
                 ; 0000 00F7 TIMSK=0x00;
0000e6 bfe9      	OUT  0x39,R30
                 ; 0000 00F8 
                 ; 0000 00F9 // USART initialization
                 ; 0000 00FA // Communication Parameters: 8 Data, 1 Stop, No Parity
                 ; 0000 00FB // USART Receiver: On
                 ; 0000 00FC // USART Transmitter: On
                 ; 0000 00FD // USART Mode: Asynchronous
                 ; 0000 00FE // USART Baud Rate: 9600
                 ; 0000 00FF UCSRA=0x00;
0000e7 b9eb      	OUT  0xB,R30
                 ; 0000 0100 UCSRB=0x98;
0000e8 e9e8      	LDI  R30,LOW(152)
0000e9 b9ea      	OUT  0xA,R30
                 ; 0000 0101 UCSRC=0x86;
0000ea e8e6      	LDI  R30,LOW(134)
0000eb bde0      	OUT  0x20,R30
                 ; 0000 0102 UBRRH=0x00;
0000ec e0e0      	LDI  R30,LOW(0)
0000ed bde0      	OUT  0x20,R30
                 ; 0000 0103 UBRRL=0x47;
0000ee e4e7      	LDI  R30,LOW(71)
0000ef b9e9      	OUT  0x9,R30
                 ; 0000 0104 
                 ; 0000 0105 // Analog Comparator initialization
                 ; 0000 0106 // Analog Comparator: Off
                 ; 0000 0107 // Analog Comparator Input Capture by Timer/Counter 1: Off
                 ; 0000 0108 ACSR=0x80;
0000f0 e8e0      	LDI  R30,LOW(128)
0000f1 b9e8      	OUT  0x8,R30
                 ; 0000 0109 SFIOR=0x00;
0000f2 e0e0      	LDI  R30,LOW(0)
0000f3 bfe0      	OUT  0x30,R30
                 ; 0000 010A 
                 ; 0000 010B // ADC initialization
                 ; 0000 010C // ADC Clock frequency: 86.400 kHz
                 ; 0000 010D // ADC Voltage Reference: AREF pin
                 ; 0000 010E // ADC High Speed Mode: Off
                 ; 0000 010F // ADC Auto Trigger Source: ADC Stopped
                 ; 0000 0110 // Only the 8 most significant bits of
                 ; 0000 0111 // the AD conversion result are used
                 ; 0000 0112 ADMUX=FIRST_ADC_INPUT | (ADC_VREF_TYPE & 0xff);
0000f4 e2e0      	LDI  R30,LOW(32)
0000f5 b9e7      	OUT  0x7,R30
                 ; 0000 0113 ADCSRA=0xCF;
0000f6 ecef      	LDI  R30,LOW(207)
0000f7 b9e6      	OUT  0x6,R30
                 ; 0000 0114 SFIOR&=0xEF;
0000f8 b7e0      	IN   R30,0x30
0000f9 7eef      	ANDI R30,0xEF
0000fa bfe0      	OUT  0x30,R30
                 ; 0000 0115 
                 ; 0000 0116 // SPI initialization
                 ; 0000 0117 // SPI disabled
                 ; 0000 0118 SPCR=0x00;
0000fb e0e0      	LDI  R30,LOW(0)
0000fc b9ed      	OUT  0xD,R30
                 ; 0000 0119 
                 ; 0000 011A // TWI initialization
                 ; 0000 011B // TWI disabled
                 ; 0000 011C TWCR=0x00;
0000fd bfe6      	OUT  0x36,R30
                 ; 0000 011D 
                 ; 0000 011E // Global enable interrupts
                 ; 0000 011F #asm("sei")
0000fe 9478      	sei
                 ; 0000 0120 
                 ; 0000 0121 while (1)
                 _0xB:
                 ; 0000 0122       {
                 ; 0000 0123       // Place your code here
                 ; 0000 0124       dSerial = getchar();    // membaca karakter dari buffer komunikasi serial
0000ff df71      	RCALL _getchar
000100 2f1e      	MOV  R17,R30
                 ; 0000 0125         if(flagHeader==0)     // jika header belum ketemu
000101 fcf0      	SBRC R15,0
000102 c00d      	RJMP _0xE
                 ; 0000 0126         {   if(dSerial==Header1 || dSerial==Header2 || dSerial==Header3 || dSerial==Header4)
000103 3211      	CPI  R17,33
000104 f031      	BREQ _0x10
000105 3410      	CPI  R17,64
000106 f021      	BREQ _0x10
000107 3213      	CPI  R17,35
000108 f011      	BREQ _0x10
000109 3214      	CPI  R17,36
00010a f421      	BRNE _0xF
                 _0x10:
                 ; 0000 0127             {   index = 0;              // index direset
00010b e000      	LDI  R16,LOW(0)
                 ; 0000 0128                 xData[index]=dSerial;   // header disimpan pada xData index ke-0
00010c d0ae      	RCALL SUBOPT_0x3
                 ; 0000 0129                 flagHeader=1;           // flag header aktif
00010d 9468      	SET
00010e f8f0      	BLD  R15,0
                 ; 0000 012A             }
                 ; 0000 012B         }
                 _0xF:
                 ; 0000 012C         else                        	// jika header sudah ketemu
00010f c097      	RJMP _0x12
                 _0xE:
                 ; 0000 012D         {   if (dSerial==Tail)      	// apakah tail data sudah ketemu?
000110 371e      	CPI  R17,126
000111 f009      	BREQ PC+2
000112 c08e      	RJMP _0x13
                 ; 0000 012E             {   // cek data dari header yang tertangkap
                 ; 0000 012F                 switch(xData[0])
000113 81e8      	LD   R30,Y
000114 d0ad      	RCALL SUBOPT_0x4
                 ; 0000 0130                 {   case Header1:   	// digital input
000115 32e1      	CPI  R30,LOW(0x21)
000116 e0a0      	LDI  R26,HIGH(0x21)
000117 07fa      	CPC  R31,R26
000118 f441      	BRNE _0x17
                 ; 0000 0131                         		// dengan data dipswitch di-invert menjadi active high
                 ; 0000 0132                       	putchar(Header1);
000119 e2a1      	LDI  R26,LOW(33)
00011a d08e      	RCALL _putchar
                 ; 0000 0133 KirimData8Bit(~DipSwitch);
00011b b3e3      	IN   R30,0x13
00011c 95e0      	COM  R30
00011d 2fae      	MOV  R26,R30
00011e df89      	RCALL _KirimData8Bit
                 ; 0000 0134                      	putchar(Tail);
00011f e7ae      	LDI  R26,LOW(126)
000120 c07c      	RJMP _0x2F
                 ; 0000 0135 break;
                 ; 0000 0136                     case Header2:   	// digital output
                 _0x17:
000121 34e0      	CPI  R30,LOW(0x40)
000122 e0a0      	LDI  R26,HIGH(0x40)
000123 07fa      	CPC  R31,R26
000124 f459      	BRNE _0x18
                 ; 0000 0137                         // parsing data dari string ke desimal
                 ; 0000 0138                         if(index==3) 	// data benar apabila data =3 karakter
000125 3003      	CPI  R16,3
000126 f431      	BRNE _0x19
                 ; 0000 0139                         {  	putchar(Header2);
000127 e4a0      	LDI  R26,LOW(64)
000128 d080      	RCALL _putchar
                 ; 0000 013A   			     hasil = (xData[1]-48)*100;
000129 d09a      	RCALL SUBOPT_0x5
                 ; 0000 013B                             hasil+= (xData[2]-48)*10;
                 ; 0000 013C                             hasil+= (xData[3]-48);
                 ; 0000 013D                             // dengan data LED di-invert menjadi active high
                 ; 0000 013E                             LED = ~hasil;
00012a 95e0      	COM  R30
00012b bbe8      	OUT  0x18,R30
                 ; 0000 013F                         }
                 ; 0000 0140                         else putchar(Error);
00012c c002      	RJMP _0x1A
                 _0x19:
00012d e3af      	LDI  R26,LOW(63)
00012e d07a      	RCALL _putchar
                 ; 0000 0141                         break;
                 _0x1A:
00012f c06e      	RJMP _0x16
                 ; 0000 0142                     case Header3:
                 _0x18:
000130 32e3      	CPI  R30,LOW(0x23)
000131 e0a0      	LDI  R26,HIGH(0x23)
000132 07fa      	CPC  R31,R26
000133 f591      	BRNE _0x1B
                 ; 0000 0143                         if(index==0)	// kalau membaca data semua kanal
000134 3000      	CPI  R16,0
000135 f4e1      	BRNE _0x1C
                 ; 0000 0144                         {   putchar(Header3);
000136 e2a3      	LDI  R26,LOW(35)
000137 d071      	RCALL _putchar
                 ; 0000 0145 	 KirimData8Bit(adc_data[0]);
000138 91a0 00ec 	LDS  R26,_adc_data
00013a df6d      	RCALL _KirimData8Bit
                 ; 0000 0146                             KirimData8Bit(adc_data[1]);
                +
00013b 91a0 00ed+LDS R26 , _adc_data + ( 1 )
                 	__GETB2MN _adc_data,1
00013d df6a      	RCALL _KirimData8Bit
                 ; 0000 0147                             KirimData8Bit(adc_data[2]);
                +
00013e 91a0 00ee+LDS R26 , _adc_data + ( 2 )
                 	__GETB2MN _adc_data,2
000140 df67      	RCALL _KirimData8Bit
                 ; 0000 0148                             KirimData8Bit(adc_data[3]);
                +
000141 91a0 00ef+LDS R26 , _adc_data + ( 3 )
                 	__GETB2MN _adc_data,3
000143 df64      	RCALL _KirimData8Bit
                 ; 0000 0149                             KirimData8Bit(adc_data[4]);
                +
000144 91a0 00f0+LDS R26 , _adc_data + ( 4 )
                 	__GETB2MN _adc_data,4
000146 df61      	RCALL _KirimData8Bit
                 ; 0000 014A                             KirimData8Bit(adc_data[5]);
                +
000147 91a0 00f1+LDS R26 , _adc_data + ( 5 )
                 	__GETB2MN _adc_data,5
000149 df5e      	RCALL _KirimData8Bit
                 ; 0000 014B                             KirimData8Bit(adc_data[6]);
                +
00014a 91a0 00f2+LDS R26 , _adc_data + ( 6 )
                 	__GETB2MN _adc_data,6
00014c df5b      	RCALL _KirimData8Bit
                 ; 0000 014C                             KirimData8Bit(adc_data[7]);
                +
00014d 91a0 00f3+LDS R26 , _adc_data + ( 7 )
                 	__GETB2MN _adc_data,7
00014f df58      	RCALL _KirimData8Bit
                 ; 0000 014D 	 putchar(Tail);
000150 e7ae      	LDI  R26,LOW(126)
000151 c012      	RJMP _0x30
                 ; 0000 014E                         }
                 ; 0000 014F                         else if (xData[1]>='0' && xData[1]<='7')	// kalau salah satu kanal
                 _0x1C:
000152 81a9      	LDD  R26,Y+1
000153 33a0      	CPI  R26,LOW(0x30)
000154 f010      	BRLO _0x1F
000155 33a8      	CPI  R26,LOW(0x38)
000156 f008      	BRLO _0x20
                 _0x1F:
000157 c00b      	RJMP _0x1E
                 _0x20:
                 ; 0000 0150                         {   putchar(Header3);
000158 e2a3      	LDI  R26,LOW(35)
000159 d04f      	RCALL _putchar
                 ; 0000 0151 	 		      KirimData8Bit(adc_data[xData[1]-48]);
00015a 81e9      	LDD  R30,Y+1
00015b d066      	RCALL SUBOPT_0x4
00015c 97f0      	SBIW R30,48
00015d 51e4      	SUBI R30,LOW(-_adc_data)
00015e 4fff      	SBCI R31,HIGH(-_adc_data)
00015f 81a0      	LD   R26,Z
000160 df47      	RCALL _KirimData8Bit
                 ; 0000 0152 	 putchar(Tail);
000161 e7ae      	LDI  R26,LOW(126)
000162 c001      	RJMP _0x30
                 ; 0000 0153                         }
                 ; 0000 0154                         else putchar(Error);
                 _0x1E:
000163 e3af      	LDI  R26,LOW(63)
                 _0x30:
000164 d044      	RCALL _putchar
                 ; 0000 0155                         break;
000165 c038      	RJMP _0x16
                 ; 0000 0156                     case Header4:
                 _0x1B:
000166 32e4      	CPI  R30,LOW(0x24)
000167 e0a0      	LDI  R26,HIGH(0x24)
000168 07fa      	CPC  R31,R26
000169 f5a1      	BRNE _0x16
                 ; 0000 0157                         if(index==6)// menulis senua kanal
00016a 3006      	CPI  R16,6
00016b f491      	BRNE _0x23
                 ; 0000 0158                         {   putchar(Header4);
00016c e2a4      	LDI  R26,LOW(36)
00016d d03b      	RCALL _putchar
                 ; 0000 0159 	 		      hasil = (xData[1]-48)*100;
00016e d055      	RCALL SUBOPT_0x5
                 ; 0000 015A                             hasil+= (xData[2]-48)*10;
                 ; 0000 015B                             hasil+= (xData[3]-48);
                 ; 0000 015C                             PwmA = hasil;
00016f d052      	RCALL SUBOPT_0x4
000170 bdfb      	OUT  0x2A+1,R31
000171 bdea      	OUT  0x2A,R30
                 ; 0000 015D                             hasil = (xData[4]-48)*100;
000172 81ec      	LDD  R30,Y+4
000173 d060      	RCALL SUBOPT_0x6
                 ; 0000 015E                             hasil+= (xData[5]-48)*10;
000174 81ed      	LDD  R30,Y+5
000175 d063      	RCALL SUBOPT_0x7
                 ; 0000 015F                             hasil+= (xData[6]-48);
000176 81ee      	LDD  R30,Y+6
000177 53e0      	SUBI R30,LOW(48)
000178 0f3e      	ADD  R19,R30
                 ; 0000 0160                             PwmB = hasil;
000179 2fe3      	MOV  R30,R19
00017a d047      	RCALL SUBOPT_0x4
00017b bdf9      	OUT  0x28+1,R31
00017c bde8      	OUT  0x28,R30
                 ; 0000 0161                         }
                 ; 0000 0162                         else if (xData[1]>='0' && xData[1]<='1')	// kalau salah satu kanal
00017d c020      	RJMP _0x24
                 _0x23:
00017e 81a9      	LDD  R26,Y+1
00017f 33a0      	CPI  R26,LOW(0x30)
000180 f010      	BRLO _0x26
000181 33a2      	CPI  R26,LOW(0x32)
000182 f008      	BRLO _0x27
                 _0x26:
000183 c018      	RJMP _0x25
                 _0x27:
                 ; 0000 0163                         {   if(index==4)
000184 3004      	CPI  R16,4
000185 f4a9      	BRNE _0x28
                 ; 0000 0164                             {   putchar(Header4);
000186 e2a4      	LDI  R26,LOW(36)
000187 d021      	RCALL _putchar
                 ; 0000 0165 	 		      	  hasil = (xData[2]-48)*100;
000188 81ea      	LDD  R30,Y+2
000189 d04a      	RCALL SUBOPT_0x6
                 ; 0000 0166                                 hasil+= (xData[3]-48)*10;
00018a 81eb      	LDD  R30,Y+3
00018b d04d      	RCALL SUBOPT_0x7
                 ; 0000 0167                                 hasil+= (xData[4]-48);
00018c 81ec      	LDD  R30,Y+4
00018d 53e0      	SUBI R30,LOW(48)
00018e 0f3e      	ADD  R19,R30
                 ; 0000 0168                                 if (xData[1]=='0') PwmA = hasil;
00018f 81a9      	LDD  R26,Y+1
000190 33a0      	CPI  R26,LOW(0x30)
000191 f429      	BRNE _0x29
000192 2fe3      	MOV  R30,R19
000193 d02e      	RCALL SUBOPT_0x4
000194 bdfb      	OUT  0x2A+1,R31
000195 bdea      	OUT  0x2A,R30
                 ; 0000 0169                                 else               PwmB = hasil;
000196 c004      	RJMP _0x2A
                 _0x29:
000197 2fe3      	MOV  R30,R19
000198 d029      	RCALL SUBOPT_0x4
000199 bdf9      	OUT  0x28+1,R31
00019a bde8      	OUT  0x28,R30
                 ; 0000 016A                             }
                 _0x2A:
                 ; 0000 016B                         }
                 _0x28:
                 ; 0000 016C                         else putchar(Error);
00019b c002      	RJMP _0x2B
                 _0x25:
00019c e3af      	LDI  R26,LOW(63)
                 _0x2F:
00019d d00b      	RCALL _putchar
                 ; 0000 016D                         break;
                 _0x2B:
                 _0x24:
                 ; 0000 016E                 }
                 _0x16:
                 ; 0000 016F                 flagHeader=0;	// flag disreset setiap ketemu tail (mengharap header baru)
00019e 94e8      	CLT
00019f f8f0      	BLD  R15,0
                 ; 0000 0170             }
                 ; 0000 0171             else           	// selain tail, maka data disimpan
0001a0 c006      	RJMP _0x2C
                 _0x13:
                 ; 0000 0172             {   if(++index>8)  flagHeader=0;// asumsi data terlalu panjang(error),flag direset
0001a1 5f0f      	SUBI R16,-LOW(1)
0001a2 3009      	CPI  R16,9
0001a3 f010      	BRLO _0x2D
0001a4 94e8      	CLT
0001a5 f8f0      	BLD  R15,0
                 ; 0000 0173                 xData[index] = dSerial;     // selama belum error data disimpan
                 _0x2D:
0001a6 d014      	RCALL SUBOPT_0x3
                 ; 0000 0174             }
                 _0x2C:
                 ; 0000 0175         }
                 _0x12:
                 ; 0000 0176 
                 ; 0000 0177       }
0001a7 cf57      	RJMP _0xB
                 ; 0000 0178 }
                 _0x2E:
0001a8 cfff      	RJMP _0x2E
                 	#ifndef __SLEEP_DEFINED__
                 	#endif
                 
                 	.CSEG
                 _putchar:
0001a9 93aa      	ST   -Y,R26
                 putchar0:
0001aa 9b5d           sbis usr,udre
0001ab cffe           rjmp putchar0
0001ac 81e8           ld   r30,y
0001ad b9ec           out  udr,r30
                 _0x2060001:
0001ae 9621      	ADIW R28,1
0001af 9508      	RET
                 
                 	.CSEG
                 
                 	.CSEG
                 
                 	.DSEG
                 _rx_buffer:
0000e0           	.BYTE 0xC
                 _adc_data:
0000ec           	.BYTE 0x8
                 _input_index_S0000002000:
0000f4           	.BYTE 0x1
                 
                 	.CSEG
                 ;OPTIMIZER ADDED SUBROUTINE, CALLED 2 TIMES, CODE SIZE REDUCTION:2 WORDS
                 SUBOPT_0x0:
0001b0 e0f0      	LDI  R31,0
0001b1 52e0      	SUBI R30,LOW(-_rx_buffer)
0001b2 4fff      	SBCI R31,HIGH(-_rx_buffer)
0001b3 9508      	RET
                 
                 ;OPTIMIZER ADDED SUBROUTINE, CALLED 3 TIMES, CODE SIZE REDUCTION:2 WORDS
                 SUBOPT_0x1:
0001b4 e0b0      	LDI  R27,0
0001b5 9508      	RET
                 
                 ;OPTIMIZER ADDED SUBROUTINE, CALLED 2 TIMES, CODE SIZE REDUCTION:1 WORDS
                 SUBOPT_0x2:
0001b6 5de0      	SUBI R30,-LOW(48)
0001b7 2fae      	MOV  R26,R30
0001b8 dff0      	RCALL _putchar
0001b9 81a8      	LD   R26,Y
0001ba 9508      	RET
                 
                 ;OPTIMIZER ADDED SUBROUTINE, CALLED 2 TIMES, CODE SIZE REDUCTION:6 WORDS
                 SUBOPT_0x3:
0001bb 2fe0      	MOV  R30,R16
0001bc e0f0      	LDI  R31,0
0001bd 01de      	MOVW R26,R28
0001be 0fea      	ADD  R30,R26
0001bf 1ffb      	ADC  R31,R27
0001c0 8310      	ST   Z,R17
0001c1 9508      	RET
                 
                 ;OPTIMIZER ADDED SUBROUTINE, CALLED 6 TIMES, CODE SIZE REDUCTION:8 WORDS
                 SUBOPT_0x4:
0001c2 e0f0      	LDI  R31,0
0001c3 9508      	RET
                 
                 ;OPTIMIZER ADDED SUBROUTINE, CALLED 2 TIMES, CODE SIZE REDUCTION:12 WORDS
                 SUBOPT_0x5:
0001c4 81e9      	LDD  R30,Y+1
0001c5 53e0      	SUBI R30,LOW(48)
0001c6 e6a4      	LDI  R26,LOW(100)
0001c7 02ea      	MULS R30,R26
0001c8 2d30      	MOV  R19,R0
0001c9 81ea      	LDD  R30,Y+2
0001ca 53e0      	SUBI R30,LOW(48)
0001cb e0aa      	LDI  R26,LOW(10)
0001cc 02ea      	MULS R30,R26
0001cd 01f0      	MOVW R30,R0
0001ce 0f3e      	ADD  R19,R30
0001cf 81eb      	LDD  R30,Y+3
0001d0 53e0      	SUBI R30,LOW(48)
0001d1 0f3e      	ADD  R19,R30
0001d2 2fe3      	MOV  R30,R19
0001d3 9508      	RET
                 
                 ;OPTIMIZER ADDED SUBROUTINE, CALLED 2 TIMES, CODE SIZE REDUCTION:1 WORDS
                 SUBOPT_0x6:
0001d4 53e0      	SUBI R30,LOW(48)
0001d5 e6a4      	LDI  R26,LOW(100)
0001d6 02ea      	MULS R30,R26
0001d7 2d30      	MOV  R19,R0
0001d8 9508      	RET
                 
                 ;OPTIMIZER ADDED SUBROUTINE, CALLED 2 TIMES, CODE SIZE REDUCTION:2 WORDS
                 SUBOPT_0x7:
0001d9 53e0      	SUBI R30,LOW(48)
0001da e0aa      	LDI  R26,LOW(10)
0001db 02ea      	MULS R30,R26
0001dc 01f0      	MOVW R30,R0
0001dd 0f3e      	ADD  R19,R30
0001de 9508      	RET
                 
                 
                 	.CSEG
                 __ANEGW1:
0001df 95f1      	NEG  R31
0001e0 95e1      	NEG  R30
0001e1 40f0      	SBCI R31,0
0001e2 9508      	RET
                 
                 __DIVW21U:
0001e3 2400      	CLR  R0
0001e4 2411      	CLR  R1
0001e5 e190      	LDI  R25,16
                 __DIVW21U1:
0001e6 0faa      	LSL  R26
0001e7 1fbb      	ROL  R27
0001e8 1c00      	ROL  R0
0001e9 1c11      	ROL  R1
0001ea 1a0e      	SUB  R0,R30
0001eb 0a1f      	SBC  R1,R31
0001ec f418      	BRCC __DIVW21U2
0001ed 0e0e      	ADD  R0,R30
0001ee 1e1f      	ADC  R1,R31
0001ef c001      	RJMP __DIVW21U3
                 __DIVW21U2:
0001f0 60a1      	SBR  R26,1
                 __DIVW21U3:
0001f1 959a      	DEC  R25
0001f2 f799      	BRNE __DIVW21U1
0001f3 01fd      	MOVW R30,R26
0001f4 01d0      	MOVW R26,R0
0001f5 9508      	RET
                 
                 __DIVW21:
0001f6 d012      	RCALL __CHKSIGNW
0001f7 dfeb      	RCALL __DIVW21U
0001f8 f40e      	BRTC __DIVW211
0001f9 dfe5      	RCALL __ANEGW1
                 __DIVW211:
0001fa 9508      	RET
                 
                 __MODW21:
0001fb 94e8      	CLT
0001fc ffb7      	SBRS R27,7
0001fd c004      	RJMP __MODW211
0001fe 95a0      	COM  R26
0001ff 95b0      	COM  R27
000200 9611      	ADIW R26,1
000201 9468      	SET
                 __MODW211:
000202 fdf7      	SBRC R31,7
000203 dfdb      	RCALL __ANEGW1
000204 dfde      	RCALL __DIVW21U
000205 01fd      	MOVW R30,R26
000206 f40e      	BRTC __MODW212
000207 dfd7      	RCALL __ANEGW1
                 __MODW212:
000208 9508      	RET
                 
                 __CHKSIGNW:
000209 94e8      	CLT
00020a fff7      	SBRS R31,7
00020b c002      	RJMP __CHKSW1
00020c dfd2      	RCALL __ANEGW1
00020d 9468      	SET
                 __CHKSW1:
00020e ffb7      	SBRS R27,7
00020f c006      	RJMP __CHKSW2
000210 95a0      	COM  R26
000211 95b0      	COM  R27
000212 9611      	ADIW R26,1
000213 f800      	BLD  R0,0
000214 9403      	INC  R0
000215 fa00      	BST  R0,0
                 __CHKSW2:
000216 9508      	RET
                 
                 __SAVELOCR2:
000217 931a      	ST   -Y,R17
000218 930a      	ST   -Y,R16
000219 9508      	RET
                 
                 __LOADLOCR2P:
00021a 9109      	LD   R16,Y+
00021b 9119      	LD   R17,Y+
00021c 9508      	RET
                 
                 ;END OF CODE MARKER
                 __END_OF_CODE:


RESOURCE USE INFORMATION
------------------------

Notice:
The register and instruction counts are symbol table hit counts,
and hence implicitly used resources are not counted, eg, the
'lpm' instruction without operands implicitly uses r0 and z,
none of which are counted.

x,y,z are separate entities in the symbol table and are
counted separately from r26..r31 here.

.dseg memory usage only counts static data declared with .byte

ATmega8535 register use summary:
r0 :  16 r1 :   5 r2 :   1 r3 :   0 r4 :   4 r5 :   4 r6 :   0 r7 :   5 
r8 :   0 r9 :   0 r10:   0 r11:   0 r12:   0 r13:   0 r14:   0 r15:   5 
r16:  13 r17:  15 r18:   0 r19:  11 r20:   0 r21:   0 r22:   2 r23:   0 
r24:  11 r25:   4 r26:  75 r27:  13 r28:   4 r29:   1 r30: 172 r31:  31 
x  :   4 y  :  41 z  :  11 
Registers used: 22 out of 35 (62.9%)

ATmega8535 instruction use summary:
.lds  :   0 .lds.l:   0 .sts  :   0 .sts.l:   0 adc   :   2 add   :   7 
adiw  :   3 and   :   0 andi  :   2 asr   :   0 bclr  :   0 bld   :   5 
brbc  :   0 brbs  :   0 brcc  :   1 brcs  :   0 break :   0 breq  :   6 
brge  :   0 brhc  :   0 brhs  :   0 brid  :   0 brie  :   0 brlo  :   6 
brlt  :   0 brmi  :   0 brne  :  19 brpl  :   0 brsh  :   0 brtc  :   2 
brts  :   0 brvc  :   0 brvs  :   0 bset  :   0 bst   :   1 cbi   :   0 
cbr   :   0 clc   :   0 clh   :   0 cli   :   2 cln   :   0 clr   :   9 
cls   :   0 clt   :   4 clv   :   0 clz   :   0 com   :   6 cp    :   3 
cpc   :   4 cpi   :  20 cpse  :   0 dec   :   4 des   :   0 eor   :   0 
fmul  :   0 fmuls :   0 fmulsu:   0 icall :   0 ijmp  :   0 in    :   7 
inc   :   4 ld    :  17 ldd   :  13 ldi   :  70 lds   :  11 lpm   :   7 
lsl   :   1 lsr   :   0 mov   :  15 movw  :  10 mul   :   0 muls  :   4 
mulsu :   0 neg   :   2 nop   :   0 or    :   0 ori   :   0 out   :  61 
pop   :   0 push  :   0 rcall :  56 ret   :  17 reti  :   2 rjmp  :  46 
rol   :   3 ror   :   0 sbc   :   1 sbci  :   4 sbi   :   1 sbic  :   0 
sbis  :   1 sbiw  :   5 sbr   :   1 sbrc  :   2 sbrs  :   3 sec   :   0 
seh   :   0 sei   :   2 sen   :   0 ser   :   0 ses   :   0 set   :   4 
sev   :   0 sez   :   0 sleep :   0 spm   :   0 st    :  19 std   :   0 
sts   :   2 sub   :   1 subi  :  15 swap  :   0 tst   :   1 wdr   :   0 

Instructions used: 52 out of 114 (45.6%)

ATmega8535 memory use summary [bytes]:
Segment   Begin    End      Code   Data   Used    Size   Use%
---------------------------------------------------------------
[.cseg] 0x000000 0x00043a   1054     28   1082    8192  13.2%
[.dseg] 0x000060 0x0000f5      0     21     21     607   3.5%
[.eseg] 0x000000 0x000000      0      0      0     512   0.0%

Assembly complete, 0 errors, 3 warnings
