
AVRASM ver. 2.1.30  D:\Belajar\AVR Project\Prak11 I2C\List\i2c.asm Fri May 24 16:32:24 2019

                 
                 
                 ;CodeVisionAVR C Compiler V2.05.3 Standard
                 ;(C) Copyright 1998-2011 Pavel Haiduc, HP InfoTech s.r.l.
                 ;http://www.hpinfotech.com
                 
                 ;Chip type                : ATmega8535
                 ;Program type             : Application
                 ;Clock frequency          : 11.059200 MHz
                 ;Memory model             : Small
                 ;Optimize for             : Size
                 ;(s)printf features       : int, width
                 ;(s)scanf features        : int, width
                 ;External RAM size        : 0
                 ;Data Stack size          : 128 byte(s)
                 ;Heap size                : 0 byte(s)
                 ;Promote 'char' to 'int'  : Yes
                 ;'char' is unsigned       : Yes
                 ;8 bit enums              : Yes
                 ;Global 'const' stored in FLASH     : No
                 ;Enhanced function parameter passing: Yes
                 ;Enhanced core instructions         : On
                 ;Smart register allocation          : On
                 ;Automatic register allocation      : On
                 
                 	#pragma AVRPART ADMIN PART_NAME ATmega8535
                 	#pragma AVRPART MEMORY PROG_FLASH 8192
                 	#pragma AVRPART MEMORY EEPROM 512
                 	#pragma AVRPART MEMORY INT_SRAM SIZE 607
                 	#pragma AVRPART MEMORY INT_SRAM START_ADDR 0x60
                 
                 	.LISTMAC
                 	.EQU UDRE=0x5
                 	.EQU RXC=0x7
                 	.EQU USR=0xB
                 	.EQU UDR=0xC
                 	.EQU SPSR=0xE
                 	.EQU SPDR=0xF
                 	.EQU EERE=0x0
                 	.EQU EEWE=0x1
                 	.EQU EEMWE=0x2
                 	.EQU EECR=0x1C
                 	.EQU EEDR=0x1D
                 	.EQU EEARL=0x1E
                 	.EQU EEARH=0x1F
                 	.EQU WDTCR=0x21
                 	.EQU MCUCR=0x35
                 	.EQU GICR=0x3B
                 	.EQU SPL=0x3D
                 	.EQU SPH=0x3E
                 	.EQU SREG=0x3F
                 
                 	.DEF R0X0=R0
                 	.DEF R0X1=R1
                 	.DEF R0X2=R2
                 	.DEF R0X3=R3
                 	.DEF R0X4=R4
                 	.DEF R0X5=R5
                 	.DEF R0X6=R6
                 	.DEF R0X7=R7
                 	.DEF R0X8=R8
                 	.DEF R0X9=R9
                 	.DEF R0XA=R10
                 	.DEF R0XB=R11
                 	.DEF R0XC=R12
                 	.DEF R0XD=R13
                 	.DEF R0XE=R14
                 	.DEF R0XF=R15
                 	.DEF R0X10=R16
                 	.DEF R0X11=R17
                 	.DEF R0X12=R18
                 	.DEF R0X13=R19
                 	.DEF R0X14=R20
                 	.DEF R0X15=R21
                 	.DEF R0X16=R22
                 	.DEF R0X17=R23
                 	.DEF R0X18=R24
                 	.DEF R0X19=R25
                 	.DEF R0X1A=R26
                 	.DEF R0X1B=R27
                 	.DEF R0X1C=R28
                 	.DEF R0X1D=R29
                 	.DEF R0X1E=R30
                 	.DEF R0X1F=R31
                 
                 	.EQU __SRAM_START=0x0060
                 	.EQU __SRAM_END=0x025F
                 	.EQU __DSTACK_SIZE=0x0080
                 	.EQU __HEAP_SIZE=0x0000
                 	.EQU __CLEAR_SRAM_SIZE=__SRAM_END-__SRAM_START+1
                 
                 	.MACRO __CPD1N
                 	CPI  R30,LOW(@0)
                 	LDI  R26,HIGH(@0)
                 	CPC  R31,R26
                 	LDI  R26,BYTE3(@0)
                 	CPC  R22,R26
                 	LDI  R26,BYTE4(@0)
                 	CPC  R23,R26
                 	.ENDM
                 
                 	.MACRO __CPD2N
                 	CPI  R26,LOW(@0)
                 	LDI  R30,HIGH(@0)
                 	CPC  R27,R30
                 	LDI  R30,BYTE3(@0)
                 	CPC  R24,R30
                 	LDI  R30,BYTE4(@0)
                 	CPC  R25,R30
                 	.ENDM
                 
                 	.MACRO __CPWRR
                 	CP   R@0,R@2
                 	CPC  R@1,R@3
                 	.ENDM
                 
                 	.MACRO __CPWRN
                 	CPI  R@0,LOW(@2)
                 	LDI  R30,HIGH(@2)
                 	CPC  R@1,R30
                 	.ENDM
                 
                 	.MACRO __ADDB1MN
                 	SUBI R30,LOW(-@0-(@1))
                 	.ENDM
                 
                 	.MACRO __ADDB2MN
                 	SUBI R26,LOW(-@0-(@1))
                 	.ENDM
                 
                 	.MACRO __ADDW1MN
                 	SUBI R30,LOW(-@0-(@1))
                 	SBCI R31,HIGH(-@0-(@1))
                 	.ENDM
                 
                 	.MACRO __ADDW2MN
                 	SUBI R26,LOW(-@0-(@1))
                 	SBCI R27,HIGH(-@0-(@1))
                 	.ENDM
                 
                 	.MACRO __ADDW1FN
                 	SUBI R30,LOW(-2*@0-(@1))
                 	SBCI R31,HIGH(-2*@0-(@1))
                 	.ENDM
                 
                 	.MACRO __ADDD1FN
                 	SUBI R30,LOW(-2*@0-(@1))
                 	SBCI R31,HIGH(-2*@0-(@1))
                 	SBCI R22,BYTE3(-2*@0-(@1))
                 	.ENDM
                 
                 	.MACRO __ADDD1N
                 	SUBI R30,LOW(-@0)
                 	SBCI R31,HIGH(-@0)
                 	SBCI R22,BYTE3(-@0)
                 	SBCI R23,BYTE4(-@0)
                 	.ENDM
                 
                 	.MACRO __ADDD2N
                 	SUBI R26,LOW(-@0)
                 	SBCI R27,HIGH(-@0)
                 	SBCI R24,BYTE3(-@0)
                 	SBCI R25,BYTE4(-@0)
                 	.ENDM
                 
                 	.MACRO __SUBD1N
                 	SUBI R30,LOW(@0)
                 	SBCI R31,HIGH(@0)
                 	SBCI R22,BYTE3(@0)
                 	SBCI R23,BYTE4(@0)
                 	.ENDM
                 
                 	.MACRO __SUBD2N
                 	SUBI R26,LOW(@0)
                 	SBCI R27,HIGH(@0)
                 	SBCI R24,BYTE3(@0)
                 	SBCI R25,BYTE4(@0)
                 	.ENDM
                 
                 	.MACRO __ANDBMNN
                 	LDS  R30,@0+(@1)
                 	ANDI R30,LOW(@2)
                 	STS  @0+(@1),R30
                 	.ENDM
                 
                 	.MACRO __ANDWMNN
                 	LDS  R30,@0+(@1)
                 	ANDI R30,LOW(@2)
                 	STS  @0+(@1),R30
                 	LDS  R30,@0+(@1)+1
                 	ANDI R30,HIGH(@2)
                 	STS  @0+(@1)+1,R30
                 	.ENDM
                 
                 	.MACRO __ANDD1N
                 	ANDI R30,LOW(@0)
                 	ANDI R31,HIGH(@0)
                 	ANDI R22,BYTE3(@0)
                 	ANDI R23,BYTE4(@0)
                 	.ENDM
                 
                 	.MACRO __ANDD2N
                 	ANDI R26,LOW(@0)
                 	ANDI R27,HIGH(@0)
                 	ANDI R24,BYTE3(@0)
                 	ANDI R25,BYTE4(@0)
                 	.ENDM
                 
                 	.MACRO __ORBMNN
                 	LDS  R30,@0+(@1)
                 	ORI  R30,LOW(@2)
                 	STS  @0+(@1),R30
                 	.ENDM
                 
                 	.MACRO __ORWMNN
                 	LDS  R30,@0+(@1)
                 	ORI  R30,LOW(@2)
                 	STS  @0+(@1),R30
                 	LDS  R30,@0+(@1)+1
                 	ORI  R30,HIGH(@2)
                 	STS  @0+(@1)+1,R30
                 	.ENDM
                 
                 	.MACRO __ORD1N
                 	ORI  R30,LOW(@0)
                 	ORI  R31,HIGH(@0)
                 	ORI  R22,BYTE3(@0)
                 	ORI  R23,BYTE4(@0)
                 	.ENDM
                 
                 	.MACRO __ORD2N
                 	ORI  R26,LOW(@0)
                 	ORI  R27,HIGH(@0)
                 	ORI  R24,BYTE3(@0)
                 	ORI  R25,BYTE4(@0)
                 	.ENDM
                 
                 	.MACRO __DELAY_USB
                 	LDI  R24,LOW(@0)
                 __DELAY_USB_LOOP:
                 	DEC  R24
                 	BRNE __DELAY_USB_LOOP
                 	.ENDM
                 
                 	.MACRO __DELAY_USW
                 	LDI  R24,LOW(@0)
                 	LDI  R25,HIGH(@0)
                 __DELAY_USW_LOOP:
                 	SBIW R24,1
                 	BRNE __DELAY_USW_LOOP
                 	.ENDM
                 
                 	.MACRO __GETD1S
                 	LDD  R30,Y+@0
                 	LDD  R31,Y+@0+1
                 	LDD  R22,Y+@0+2
                 	LDD  R23,Y+@0+3
                 	.ENDM
                 
                 	.MACRO __GETD2S
                 	LDD  R26,Y+@0
                 	LDD  R27,Y+@0+1
                 	LDD  R24,Y+@0+2
                 	LDD  R25,Y+@0+3
                 	.ENDM
                 
                 	.MACRO __PUTD1S
                 	STD  Y+@0,R30
                 	STD  Y+@0+1,R31
                 	STD  Y+@0+2,R22
                 	STD  Y+@0+3,R23
                 	.ENDM
                 
                 	.MACRO __PUTD2S
                 	STD  Y+@0,R26
                 	STD  Y+@0+1,R27
                 	STD  Y+@0+2,R24
                 	STD  Y+@0+3,R25
                 	.ENDM
                 
                 	.MACRO __PUTDZ2
                 	STD  Z+@0,R26
                 	STD  Z+@0+1,R27
                 	STD  Z+@0+2,R24
                 	STD  Z+@0+3,R25
                 	.ENDM
                 
                 	.MACRO __CLRD1S
                 	STD  Y+@0,R30
                 	STD  Y+@0+1,R30
                 	STD  Y+@0+2,R30
                 	STD  Y+@0+3,R30
                 	.ENDM
                 
                 	.MACRO __POINTB1MN
                 	LDI  R30,LOW(@0+(@1))
                 	.ENDM
                 
                 	.MACRO __POINTW1MN
                 	LDI  R30,LOW(@0+(@1))
                 	LDI  R31,HIGH(@0+(@1))
                 	.ENDM
                 
                 	.MACRO __POINTD1M
                 	LDI  R30,LOW(@0)
                 	LDI  R31,HIGH(@0)
                 	LDI  R22,BYTE3(@0)
                 	LDI  R23,BYTE4(@0)
                 	.ENDM
                 
                 	.MACRO __POINTW1FN
                 	LDI  R30,LOW(2*@0+(@1))
                 	LDI  R31,HIGH(2*@0+(@1))
                 	.ENDM
                 
                 	.MACRO __POINTD1FN
                 	LDI  R30,LOW(2*@0+(@1))
                 	LDI  R31,HIGH(2*@0+(@1))
                 	LDI  R22,BYTE3(2*@0+(@1))
                 	LDI  R23,BYTE4(2*@0+(@1))
                 	.ENDM
                 
                 	.MACRO __POINTB2MN
                 	LDI  R26,LOW(@0+(@1))
                 	.ENDM
                 
                 	.MACRO __POINTW2MN
                 	LDI  R26,LOW(@0+(@1))
                 	LDI  R27,HIGH(@0+(@1))
                 	.ENDM
                 
                 	.MACRO __POINTW2FN
                 	LDI  R26,LOW(2*@0+(@1))
                 	LDI  R27,HIGH(2*@0+(@1))
                 	.ENDM
                 
                 	.MACRO __POINTD2FN
                 	LDI  R26,LOW(2*@0+(@1))
                 	LDI  R27,HIGH(2*@0+(@1))
                 	LDI  R24,BYTE3(2*@0+(@1))
                 	LDI  R25,BYTE4(2*@0+(@1))
                 	.ENDM
                 
                 	.MACRO __POINTBRM
                 	LDI  R@0,LOW(@1)
                 	.ENDM
                 
                 	.MACRO __POINTWRM
                 	LDI  R@0,LOW(@2)
                 	LDI  R@1,HIGH(@2)
                 	.ENDM
                 
                 	.MACRO __POINTBRMN
                 	LDI  R@0,LOW(@1+(@2))
                 	.ENDM
                 
                 	.MACRO __POINTWRMN
                 	LDI  R@0,LOW(@2+(@3))
                 	LDI  R@1,HIGH(@2+(@3))
                 	.ENDM
                 
                 	.MACRO __POINTWRFN
                 	LDI  R@0,LOW(@2*2+(@3))
                 	LDI  R@1,HIGH(@2*2+(@3))
                 	.ENDM
                 
                 	.MACRO __GETD1N
                 	LDI  R30,LOW(@0)
                 	LDI  R31,HIGH(@0)
                 	LDI  R22,BYTE3(@0)
                 	LDI  R23,BYTE4(@0)
                 	.ENDM
                 
                 	.MACRO __GETD2N
                 	LDI  R26,LOW(@0)
                 	LDI  R27,HIGH(@0)
                 	LDI  R24,BYTE3(@0)
                 	LDI  R25,BYTE4(@0)
                 	.ENDM
                 
                 	.MACRO __GETB1MN
                 	LDS  R30,@0+(@1)
                 	.ENDM
                 
                 	.MACRO __GETB1HMN
                 	LDS  R31,@0+(@1)
                 	.ENDM
                 
                 	.MACRO __GETW1MN
                 	LDS  R30,@0+(@1)
                 	LDS  R31,@0+(@1)+1
                 	.ENDM
                 
                 	.MACRO __GETD1MN
                 	LDS  R30,@0+(@1)
                 	LDS  R31,@0+(@1)+1
                 	LDS  R22,@0+(@1)+2
                 	LDS  R23,@0+(@1)+3
                 	.ENDM
                 
                 	.MACRO __GETBRMN
                 	LDS  R@0,@1+(@2)
                 	.ENDM
                 
                 	.MACRO __GETWRMN
                 	LDS  R@0,@2+(@3)
                 	LDS  R@1,@2+(@3)+1
                 	.ENDM
                 
                 	.MACRO __GETWRZ
                 	LDD  R@0,Z+@2
                 	LDD  R@1,Z+@2+1
                 	.ENDM
                 
                 	.MACRO __GETD2Z
                 	LDD  R26,Z+@0
                 	LDD  R27,Z+@0+1
                 	LDD  R24,Z+@0+2
                 	LDD  R25,Z+@0+3
                 	.ENDM
                 
                 	.MACRO __GETB2MN
                 	LDS  R26,@0+(@1)
                 	.ENDM
                 
                 	.MACRO __GETW2MN
                 	LDS  R26,@0+(@1)
                 	LDS  R27,@0+(@1)+1
                 	.ENDM
                 
                 	.MACRO __GETD2MN
                 	LDS  R26,@0+(@1)
                 	LDS  R27,@0+(@1)+1
                 	LDS  R24,@0+(@1)+2
                 	LDS  R25,@0+(@1)+3
                 	.ENDM
                 
                 	.MACRO __PUTB1MN
                 	STS  @0+(@1),R30
                 	.ENDM
                 
                 	.MACRO __PUTW1MN
                 	STS  @0+(@1),R30
                 	STS  @0+(@1)+1,R31
                 	.ENDM
                 
                 	.MACRO __PUTD1MN
                 	STS  @0+(@1),R30
                 	STS  @0+(@1)+1,R31
                 	STS  @0+(@1)+2,R22
                 	STS  @0+(@1)+3,R23
                 	.ENDM
                 
                 	.MACRO __PUTB1EN
                 	LDI  R26,LOW(@0+(@1))
                 	LDI  R27,HIGH(@0+(@1))
                 	RCALL __EEPROMWRB
                 	.ENDM
                 
                 	.MACRO __PUTW1EN
                 	LDI  R26,LOW(@0+(@1))
                 	LDI  R27,HIGH(@0+(@1))
                 	RCALL __EEPROMWRW
                 	.ENDM
                 
                 	.MACRO __PUTD1EN
                 	LDI  R26,LOW(@0+(@1))
                 	LDI  R27,HIGH(@0+(@1))
                 	RCALL __EEPROMWRD
                 	.ENDM
                 
                 	.MACRO __PUTBR0MN
                 	STS  @0+(@1),R0
                 	.ENDM
                 
                 	.MACRO __PUTBMRN
                 	STS  @0+(@1),R@2
                 	.ENDM
                 
                 	.MACRO __PUTWMRN
                 	STS  @0+(@1),R@2
                 	STS  @0+(@1)+1,R@3
                 	.ENDM
                 
                 	.MACRO __PUTBZR
                 	STD  Z+@1,R@0
                 	.ENDM
                 
                 	.MACRO __PUTWZR
                 	STD  Z+@2,R@0
                 	STD  Z+@2+1,R@1
                 	.ENDM
                 
                 	.MACRO __GETW1R
                 	MOV  R30,R@0
                 	MOV  R31,R@1
                 	.ENDM
                 
                 	.MACRO __GETW2R
                 	MOV  R26,R@0
                 	MOV  R27,R@1
                 	.ENDM
                 
                 	.MACRO __GETWRN
                 	LDI  R@0,LOW(@2)
                 	LDI  R@1,HIGH(@2)
                 	.ENDM
                 
                 	.MACRO __PUTW1R
                 	MOV  R@0,R30
                 	MOV  R@1,R31
                 	.ENDM
                 
                 	.MACRO __PUTW2R
                 	MOV  R@0,R26
                 	MOV  R@1,R27
                 	.ENDM
                 
                 	.MACRO __ADDWRN
                 	SUBI R@0,LOW(-@2)
                 	SBCI R@1,HIGH(-@2)
                 	.ENDM
                 
                 	.MACRO __ADDWRR
                 	ADD  R@0,R@2
                 	ADC  R@1,R@3
                 	.ENDM
                 
                 	.MACRO __SUBWRN
                 	SUBI R@0,LOW(@2)
                 	SBCI R@1,HIGH(@2)
                 	.ENDM
                 
                 	.MACRO __SUBWRR
                 	SUB  R@0,R@2
                 	SBC  R@1,R@3
                 	.ENDM
                 
                 	.MACRO __ANDWRN
                 	ANDI R@0,LOW(@2)
                 	ANDI R@1,HIGH(@2)
                 	.ENDM
                 
                 	.MACRO __ANDWRR
                 	AND  R@0,R@2
                 	AND  R@1,R@3
                 	.ENDM
                 
                 	.MACRO __ORWRN
                 	ORI  R@0,LOW(@2)
                 	ORI  R@1,HIGH(@2)
                 	.ENDM
                 
                 	.MACRO __ORWRR
                 	OR   R@0,R@2
                 	OR   R@1,R@3
                 	.ENDM
                 
                 	.MACRO __EORWRR
                 	EOR  R@0,R@2
                 	EOR  R@1,R@3
                 	.ENDM
                 
                 	.MACRO __GETWRS
                 	LDD  R@0,Y+@2
                 	LDD  R@1,Y+@2+1
                 	.ENDM
                 
                 	.MACRO __PUTBSR
                 	STD  Y+@1,R@0
                 	.ENDM
                 
                 	.MACRO __PUTWSR
                 	STD  Y+@2,R@0
                 	STD  Y+@2+1,R@1
                 	.ENDM
                 
                 	.MACRO __MOVEWRR
                 	MOV  R@0,R@2
                 	MOV  R@1,R@3
                 	.ENDM
                 
                 	.MACRO __INWR
                 	IN   R@0,@2
                 	IN   R@1,@2+1
                 	.ENDM
                 
                 	.MACRO __OUTWR
                 	OUT  @2+1,R@1
                 	OUT  @2,R@0
                 	.ENDM
                 
                 	.MACRO __CALL1MN
                 	LDS  R30,@0+(@1)
                 	LDS  R31,@0+(@1)+1
                 	ICALL
                 	.ENDM
                 
                 	.MACRO __CALL1FN
                 	LDI  R30,LOW(2*@0+(@1))
                 	LDI  R31,HIGH(2*@0+(@1))
                 	RCALL __GETW1PF
                 	ICALL
                 	.ENDM
                 
                 	.MACRO __CALL2EN
                 	LDI  R26,LOW(@0+(@1))
                 	LDI  R27,HIGH(@0+(@1))
                 	RCALL __EEPROMRDW
                 	ICALL
                 	.ENDM
                 
                 	.MACRO __GETW1STACK
                 	IN   R26,SPL
                 	IN   R27,SPH
                 	ADIW R26,@0+1
                 	LD   R30,X+
                 	LD   R31,X
                 	.ENDM
                 
                 	.MACRO __GETD1STACK
                 	IN   R26,SPL
                 	IN   R27,SPH
                 	ADIW R26,@0+1
                 	LD   R30,X+
                 	LD   R31,X+
                 	LD   R22,X
                 	.ENDM
                 
                 	.MACRO __NBST
                 	BST  R@0,@1
                 	IN   R30,SREG
                 	LDI  R31,0x40
                 	EOR  R30,R31
                 	OUT  SREG,R30
                 	.ENDM
                 
                 
                 	.MACRO __PUTB1SN
                 	LDD  R26,Y+@0
                 	LDD  R27,Y+@0+1
                 	SUBI R26,LOW(-@1)
                 	SBCI R27,HIGH(-@1)
                 	ST   X,R30
                 	.ENDM
                 
                 	.MACRO __PUTW1SN
                 	LDD  R26,Y+@0
                 	LDD  R27,Y+@0+1
                 	SUBI R26,LOW(-@1)
                 	SBCI R27,HIGH(-@1)
                 	ST   X+,R30
                 	ST   X,R31
                 	.ENDM
                 
                 	.MACRO __PUTD1SN
                 	LDD  R26,Y+@0
                 	LDD  R27,Y+@0+1
                 	SUBI R26,LOW(-@1)
                 	SBCI R27,HIGH(-@1)
                 	RCALL __PUTDP1
                 	.ENDM
                 
                 	.MACRO __PUTB1SNS
                 	LDD  R26,Y+@0
                 	LDD  R27,Y+@0+1
                 	ADIW R26,@1
                 	ST   X,R30
                 	.ENDM
                 
                 	.MACRO __PUTW1SNS
                 	LDD  R26,Y+@0
                 	LDD  R27,Y+@0+1
                 	ADIW R26,@1
                 	ST   X+,R30
                 	ST   X,R31
                 	.ENDM
                 
                 	.MACRO __PUTD1SNS
                 	LDD  R26,Y+@0
                 	LDD  R27,Y+@0+1
                 	ADIW R26,@1
                 	RCALL __PUTDP1
                 	.ENDM
                 
                 	.MACRO __PUTB1PMN
                 	LDS  R26,@0
                 	LDS  R27,@0+1
                 	SUBI R26,LOW(-@1)
                 	SBCI R27,HIGH(-@1)
                 	ST   X,R30
                 	.ENDM
                 
                 	.MACRO __PUTW1PMN
                 	LDS  R26,@0
                 	LDS  R27,@0+1
                 	SUBI R26,LOW(-@1)
                 	SBCI R27,HIGH(-@1)
                 	ST   X+,R30
                 	ST   X,R31
                 	.ENDM
                 
                 	.MACRO __PUTD1PMN
                 	LDS  R26,@0
                 	LDS  R27,@0+1
                 	SUBI R26,LOW(-@1)
                 	SBCI R27,HIGH(-@1)
                 	RCALL __PUTDP1
                 	.ENDM
                 
                 	.MACRO __PUTB1PMNS
                 	LDS  R26,@0
                 	LDS  R27,@0+1
                 	ADIW R26,@1
                 	ST   X,R30
                 	.ENDM
                 
                 	.MACRO __PUTW1PMNS
                 	LDS  R26,@0
                 	LDS  R27,@0+1
                 	ADIW R26,@1
                 	ST   X+,R30
                 	ST   X,R31
                 	.ENDM
                 
                 	.MACRO __PUTD1PMNS
                 	LDS  R26,@0
                 	LDS  R27,@0+1
                 	ADIW R26,@1
                 	RCALL __PUTDP1
                 	.ENDM
                 
                 	.MACRO __PUTB1RN
                 	MOVW R26,R@0
                 	SUBI R26,LOW(-@1)
                 	SBCI R27,HIGH(-@1)
                 	ST   X,R30
                 	.ENDM
                 
                 	.MACRO __PUTW1RN
                 	MOVW R26,R@0
                 	SUBI R26,LOW(-@1)
                 	SBCI R27,HIGH(-@1)
                 	ST   X+,R30
                 	ST   X,R31
                 	.ENDM
                 
                 	.MACRO __PUTD1RN
                 	MOVW R26,R@0
                 	SUBI R26,LOW(-@1)
                 	SBCI R27,HIGH(-@1)
                 	RCALL __PUTDP1
                 	.ENDM
                 
                 	.MACRO __PUTB1RNS
                 	MOVW R26,R@0
                 	ADIW R26,@1
                 	ST   X,R30
                 	.ENDM
                 
                 	.MACRO __PUTW1RNS
                 	MOVW R26,R@0
                 	ADIW R26,@1
                 	ST   X+,R30
                 	ST   X,R31
                 	.ENDM
                 
                 	.MACRO __PUTD1RNS
                 	MOVW R26,R@0
                 	ADIW R26,@1
                 	RCALL __PUTDP1
                 	.ENDM
                 
                 	.MACRO __PUTB1RON
                 	MOV  R26,R@0
                 	MOV  R27,R@1
                 	SUBI R26,LOW(-@2)
                 	SBCI R27,HIGH(-@2)
                 	ST   X,R30
                 	.ENDM
                 
                 	.MACRO __PUTW1RON
                 	MOV  R26,R@0
                 	MOV  R27,R@1
                 	SUBI R26,LOW(-@2)
                 	SBCI R27,HIGH(-@2)
                 	ST   X+,R30
                 	ST   X,R31
                 	.ENDM
                 
                 	.MACRO __PUTD1RON
                 	MOV  R26,R@0
                 	MOV  R27,R@1
                 	SUBI R26,LOW(-@2)
                 	SBCI R27,HIGH(-@2)
                 	RCALL __PUTDP1
                 	.ENDM
                 
                 	.MACRO __PUTB1RONS
                 	MOV  R26,R@0
                 	MOV  R27,R@1
                 	ADIW R26,@2
                 	ST   X,R30
                 	.ENDM
                 
                 	.MACRO __PUTW1RONS
                 	MOV  R26,R@0
                 	MOV  R27,R@1
                 	ADIW R26,@2
                 	ST   X+,R30
                 	ST   X,R31
                 	.ENDM
                 
                 	.MACRO __PUTD1RONS
                 	MOV  R26,R@0
                 	MOV  R27,R@1
                 	ADIW R26,@2
                 	RCALL __PUTDP1
                 	.ENDM
                 
                 
                 	.MACRO __GETB1SX
                 	MOVW R30,R28
                 	SUBI R30,LOW(-@0)
                 	SBCI R31,HIGH(-@0)
                 	LD   R30,Z
                 	.ENDM
                 
                 	.MACRO __GETB1HSX
                 	MOVW R30,R28
                 	SUBI R30,LOW(-@0)
                 	SBCI R31,HIGH(-@0)
                 	LD   R31,Z
                 	.ENDM
                 
                 	.MACRO __GETW1SX
                 	MOVW R30,R28
                 	SUBI R30,LOW(-@0)
                 	SBCI R31,HIGH(-@0)
                 	LD   R0,Z+
                 	LD   R31,Z
                 	MOV  R30,R0
                 	.ENDM
                 
                 	.MACRO __GETD1SX
                 	MOVW R30,R28
                 	SUBI R30,LOW(-@0)
                 	SBCI R31,HIGH(-@0)
                 	LD   R0,Z+
                 	LD   R1,Z+
                 	LD   R22,Z+
                 	LD   R23,Z
                 	MOVW R30,R0
                 	.ENDM
                 
                 	.MACRO __GETB2SX
                 	MOVW R26,R28
                 	SUBI R26,LOW(-@0)
                 	SBCI R27,HIGH(-@0)
                 	LD   R26,X
                 	.ENDM
                 
                 	.MACRO __GETW2SX
                 	MOVW R26,R28
                 	SUBI R26,LOW(-@0)
                 	SBCI R27,HIGH(-@0)
                 	LD   R0,X+
                 	LD   R27,X
                 	MOV  R26,R0
                 	.ENDM
                 
                 	.MACRO __GETD2SX
                 	MOVW R26,R28
                 	SUBI R26,LOW(-@0)
                 	SBCI R27,HIGH(-@0)
                 	LD   R0,X+
                 	LD   R1,X+
                 	LD   R24,X+
                 	LD   R25,X
                 	MOVW R26,R0
                 	.ENDM
                 
                 	.MACRO __GETBRSX
                 	MOVW R30,R28
                 	SUBI R30,LOW(-@1)
                 	SBCI R31,HIGH(-@1)
                 	LD   R@0,Z
                 	.ENDM
                 
                 	.MACRO __GETWRSX
                 	MOVW R30,R28
                 	SUBI R30,LOW(-@2)
                 	SBCI R31,HIGH(-@2)
                 	LD   R@0,Z+
                 	LD   R@1,Z
                 	.ENDM
                 
                 	.MACRO __GETBRSX2
                 	MOVW R26,R28
                 	SUBI R26,LOW(-@1)
                 	SBCI R27,HIGH(-@1)
                 	LD   R@0,X
                 	.ENDM
                 
                 	.MACRO __GETWRSX2
                 	MOVW R26,R28
                 	SUBI R26,LOW(-@2)
                 	SBCI R27,HIGH(-@2)
                 	LD   R@0,X+
                 	LD   R@1,X
                 	.ENDM
                 
                 	.MACRO __LSLW8SX
                 	MOVW R30,R28
                 	SUBI R30,LOW(-@0)
                 	SBCI R31,HIGH(-@0)
                 	LD   R31,Z
                 	CLR  R30
                 	.ENDM
                 
                 	.MACRO __PUTB1SX
                 	MOVW R26,R28
                 	SUBI R26,LOW(-@0)
                 	SBCI R27,HIGH(-@0)
                 	ST   X,R30
                 	.ENDM
                 
                 	.MACRO __PUTW1SX
                 	MOVW R26,R28
                 	SUBI R26,LOW(-@0)
                 	SBCI R27,HIGH(-@0)
                 	ST   X+,R30
                 	ST   X,R31
                 	.ENDM
                 
                 	.MACRO __PUTD1SX
                 	MOVW R26,R28
                 	SUBI R26,LOW(-@0)
                 	SBCI R27,HIGH(-@0)
                 	ST   X+,R30
                 	ST   X+,R31
                 	ST   X+,R22
                 	ST   X,R23
                 	.ENDM
                 
                 	.MACRO __CLRW1SX
                 	MOVW R26,R28
                 	SUBI R26,LOW(-@0)
                 	SBCI R27,HIGH(-@0)
                 	ST   X+,R30
                 	ST   X,R30
                 	.ENDM
                 
                 	.MACRO __CLRD1SX
                 	MOVW R26,R28
                 	SUBI R26,LOW(-@0)
                 	SBCI R27,HIGH(-@0)
                 	ST   X+,R30
                 	ST   X+,R30
                 	ST   X+,R30
                 	ST   X,R30
                 	.ENDM
                 
                 	.MACRO __PUTB2SX
                 	MOVW R30,R28
                 	SUBI R30,LOW(-@0)
                 	SBCI R31,HIGH(-@0)
                 	ST   Z,R26
                 	.ENDM
                 
                 	.MACRO __PUTW2SX
                 	MOVW R30,R28
                 	SUBI R30,LOW(-@0)
                 	SBCI R31,HIGH(-@0)
                 	ST   Z+,R26
                 	ST   Z,R27
                 	.ENDM
                 
                 	.MACRO __PUTD2SX
                 	MOVW R30,R28
                 	SUBI R30,LOW(-@0)
                 	SBCI R31,HIGH(-@0)
                 	ST   Z+,R26
                 	ST   Z+,R27
                 	ST   Z+,R24
                 	ST   Z,R25
                 	.ENDM
                 
                 	.MACRO __PUTBSRX
                 	MOVW R30,R28
                 	SUBI R30,LOW(-@1)
                 	SBCI R31,HIGH(-@1)
                 	ST   Z,R@0
                 	.ENDM
                 
                 	.MACRO __PUTWSRX
                 	MOVW R30,R28
                 	SUBI R30,LOW(-@2)
                 	SBCI R31,HIGH(-@2)
                 	ST   Z+,R@0
                 	ST   Z,R@1
                 	.ENDM
                 
                 	.MACRO __PUTB1SNX
                 	MOVW R26,R28
                 	SUBI R26,LOW(-@0)
                 	SBCI R27,HIGH(-@0)
                 	LD   R0,X+
                 	LD   R27,X
                 	MOV  R26,R0
                 	SUBI R26,LOW(-@1)
                 	SBCI R27,HIGH(-@1)
                 	ST   X,R30
                 	.ENDM
                 
                 	.MACRO __PUTW1SNX
                 	MOVW R26,R28
                 	SUBI R26,LOW(-@0)
                 	SBCI R27,HIGH(-@0)
                 	LD   R0,X+
                 	LD   R27,X
                 	MOV  R26,R0
                 	SUBI R26,LOW(-@1)
                 	SBCI R27,HIGH(-@1)
                 	ST   X+,R30
                 	ST   X,R31
                 	.ENDM
                 
                 	.MACRO __PUTD1SNX
                 	MOVW R26,R28
                 	SUBI R26,LOW(-@0)
                 	SBCI R27,HIGH(-@0)
                 	LD   R0,X+
                 	LD   R27,X
                 	MOV  R26,R0
                 	SUBI R26,LOW(-@1)
                 	SBCI R27,HIGH(-@1)
                 	ST   X+,R30
                 	ST   X+,R31
                 	ST   X+,R22
                 	ST   X,R23
                 	.ENDM
                 
                 	.MACRO __MULBRR
                 	MULS R@0,R@1
                 	MOVW R30,R0
                 	.ENDM
                 
                 	.MACRO __MULBRRU
                 	MUL  R@0,R@1
                 	MOVW R30,R0
                 	.ENDM
                 
                 	.MACRO __MULBRR0
                 	MULS R@0,R@1
                 	.ENDM
                 
                 	.MACRO __MULBRRU0
                 	MUL  R@0,R@1
                 	.ENDM
                 
                 	.MACRO __MULBNWRU
                 	LDI  R26,@2
                 	MUL  R26,R@0
                 	MOVW R30,R0
                 	MUL  R26,R@1
                 	ADD  R31,R0
                 	.ENDM
                 
                 	.CSEG
                 	.ORG 0x00
                 
                 ;START OF CODE MARKER
                 __START_OF_CODE:
                 
                 ;INTERRUPT VECTORS
000000 c020      	RJMP __RESET
000001 cffe      	RJMP 0x00
000002 cffd      	RJMP 0x00
000003 cffc      	RJMP 0x00
000004 cffb      	RJMP 0x00
000005 cffa      	RJMP 0x00
000006 cff9      	RJMP 0x00
000007 cff8      	RJMP 0x00
000008 cff7      	RJMP 0x00
000009 cff6      	RJMP 0x00
00000a cff5      	RJMP 0x00
00000b cff4      	RJMP 0x00
00000c cff3      	RJMP 0x00
00000d cff2      	RJMP 0x00
00000e cff1      	RJMP 0x00
00000f cff0      	RJMP 0x00
000010 cfef      	RJMP 0x00
000011 cfee      	RJMP 0x00
000012 cfed      	RJMP 0x00
000013 cfec      	RJMP 0x00
000014 cfeb      	RJMP 0x00
                 
                 _0x0:
000015 6e69
000016 7469
000017 2000
000018 6d63      	.DB  0x69,0x6E,0x69,0x74,0x0,0x20,0x63,0x6D
D:\Belajar\AVR Project\Prak11 I2C\List\i2c.asm(1100): warning: .cseg .db misalignment - padding zero byte
000019 0000      	.DB  0x0
                 
                 __GLOBAL_INI_TBL:
00001a 0005      	.DW  0x05
00001b 00e0      	.DW  _0x35
00001c 002a      	.DW  _0x0*2
                 
00001d 0004      	.DW  0x04
00001e 00e5      	.DW  _0x35+5
00001f 002f      	.DW  _0x0*2+5
                 
                 _0xFFFFFFFF:
000020 0000      	.DW  0
                 
                 __RESET:
000021 94f8      	CLI
000022 27ee      	CLR  R30
000023 bbec      	OUT  EECR,R30
                 
                 ;INTERRUPT VECTORS ARE PLACED
                 ;AT THE START OF FLASH
000024 e0f1      	LDI  R31,1
000025 bffb      	OUT  GICR,R31
000026 bfeb      	OUT  GICR,R30
000027 bfe5      	OUT  MCUCR,R30
                 
                 ;DISABLE WATCHDOG
000028 e1f8      	LDI  R31,0x18
000029 bdf1      	OUT  WDTCR,R31
00002a bde1      	OUT  WDTCR,R30
                 
                 ;CLEAR R2-R14
00002b e08d      	LDI  R24,(14-2)+1
00002c e0a2      	LDI  R26,2
00002d 27bb      	CLR  R27
                 __CLEAR_REG:
00002e 93ed      	ST   X+,R30
00002f 958a      	DEC  R24
000030 f7e9      	BRNE __CLEAR_REG
                 
                 ;CLEAR SRAM
000031 e080      	LDI  R24,LOW(__CLEAR_SRAM_SIZE)
000032 e092      	LDI  R25,HIGH(__CLEAR_SRAM_SIZE)
000033 e6a0      	LDI  R26,__SRAM_START
                 __CLEAR_SRAM:
000034 93ed      	ST   X+,R30
000035 9701      	SBIW R24,1
000036 f7e9      	BRNE __CLEAR_SRAM
                 
                 ;GLOBAL VARIABLES INITIALIZATION
000037 e3e4      	LDI  R30,LOW(__GLOBAL_INI_TBL*2)
000038 e0f0      	LDI  R31,HIGH(__GLOBAL_INI_TBL*2)
                 __GLOBAL_INI_NEXT:
000039 9185      	LPM  R24,Z+
00003a 9195      	LPM  R25,Z+
00003b 9700      	SBIW R24,0
00003c f061      	BREQ __GLOBAL_INI_END
00003d 91a5      	LPM  R26,Z+
00003e 91b5      	LPM  R27,Z+
00003f 9005      	LPM  R0,Z+
000040 9015      	LPM  R1,Z+
000041 01bf      	MOVW R22,R30
000042 01f0      	MOVW R30,R0
                 __GLOBAL_INI_LOOP:
000043 9005      	LPM  R0,Z+
000044 920d      	ST   X+,R0
000045 9701      	SBIW R24,1
000046 f7e1      	BRNE __GLOBAL_INI_LOOP
000047 01fb      	MOVW R30,R22
000048 cff0      	RJMP __GLOBAL_INI_NEXT
                 __GLOBAL_INI_END:
                 
                 ;HARDWARE STACK POINTER INITIALIZATION
000049 e5ef      	LDI  R30,LOW(__SRAM_END-__HEAP_SIZE)
00004a bfed      	OUT  SPL,R30
00004b e0e2      	LDI  R30,HIGH(__SRAM_END-__HEAP_SIZE)
00004c bfee      	OUT  SPH,R30
                 
                 ;DATA STACK POINTER INITIALIZATION
00004d eec0      	LDI  R28,LOW(__SRAM_START+__DSTACK_SIZE)
00004e e0d0      	LDI  R29,HIGH(__SRAM_START+__DSTACK_SIZE)
                 
00004f c079      	RJMP _main
                 
                 	.ESEG
                 	.ORG 0
                 
                 	.DSEG
                 	.ORG 0xE0
                 
                 	.CSEG
                 ;/*****************************************************
                 ;This program was produced by the
                 ;CodeWizardAVR V2.05.3 Standard
                 ;Automatic Program Generator
                 ;© Copyright 1998-2011 Pavel Haiduc, HP InfoTech s.r.l.
                 ;http://www.hpinfotech.com
                 ;
                 ;Project :
                 ;Version :
                 ;Date    : 5/24/2019
                 ;Author  : unknown
                 ;Company :
                 ;Comments:
                 ;
                 ;
                 ;Chip type               : ATmega8535
                 ;Program type            : Application
                 ;AVR Core Clock frequency: 11.059200 MHz
                 ;Memory model            : Small
                 ;External RAM size       : 0
                 ;Data Stack size         : 128
                 ;*****************************************************/
                 ;
                 ;#include <mega8535.h>
                 	#ifndef __SLEEP_DEFINED__
                 	#define __SLEEP_DEFINED__
                 	.EQU __se_bit=0x40
                 	.EQU __sm_mask=0xB0
                 	.EQU __sm_powerdown=0x20
                 	.EQU __sm_powersave=0x30
                 	.EQU __sm_standby=0xA0
                 	.EQU __sm_ext_standby=0xB0
                 	.EQU __sm_adc_noise_red=0x10
                 	.SET power_ctrl_reg=mcucr
                 	#endif
                 ;#include <delay.h>
                 ;#include "myLCD.h"
                 
                 	.CSEG
                 _LCD_Init_Cmd:
000050 93aa      	ST   -Y,R26
                 ;	xData -> Y+0
000051 d0ce      	RCALL SUBOPT_0x0
000052 c018      	RJMP _0x2000004
                 _LCD_Perintah:
000053 93aa      	ST   -Y,R26
                 ;	xData -> Y+0
000054 98c3      	CBI  0x18,3
000055 d0ca      	RCALL SUBOPT_0x0
000056 d0d2      	RCALL SUBOPT_0x1
000057 60e4      	ORI  R30,4
000058 d0d7      	RCALL SUBOPT_0x2
                +
000059 e88f     +LDI R24 , LOW ( 1935 )
00005a e097     +LDI R25 , HIGH ( 1935 )
                +__DELAY_USW_LOOP :
00005b 9701     +SBIW R24 , 1
00005c f7f1     +BRNE __DELAY_USW_LOOP
                 	__DELAY_USW 1935
00005d c00c      	RJMP _0x2000003
                 _LCD_Data:
00005e 93aa      	ST   -Y,R26
                 ;	xData -> Y+0
00005f 9ac3      	SBI  0x18,3
000060 81e8      	LD   R30,Y
000061 7fe0      	ANDI R30,LOW(0xF0)
000062 60ec      	ORI  R30,LOW(0xC)
000063 d0cc      	RCALL SUBOPT_0x2
000064 d0c4      	RCALL SUBOPT_0x1
000065 60ec      	ORI  R30,LOW(0xC)
000066 d0c9      	RCALL SUBOPT_0x2
                +
000067 e983     +LDI R24 , LOW ( 147 )
                +__DELAY_USB_LOOP :
000068 958a     +DEC R24
000069 f7f1     +BRNE __DELAY_USB_LOOP
                 	__DELAY_USB 147
                 _0x2000003:
00006a 9ac2      	SBI  0x18,2
                 _0x2000004:
00006b 9621      	ADIW R28,1
00006c 9508      	RET
                 _LCD_Init:
00006d e3a2      	LDI  R26,LOW(50)
00006e d0c7      	RCALL SUBOPT_0x3
00006f e0a5      	LDI  R26,LOW(5)
000070 d0c5      	RCALL SUBOPT_0x3
000071 e0a1      	LDI  R26,LOW(1)
000072 d0c3      	RCALL SUBOPT_0x3
000073 d0c6      	RCALL SUBOPT_0x4
000074 e2a0      	LDI  R26,LOW(32)
000075 dfda      	RCALL _LCD_Init_Cmd
000076 e2a8      	LDI  R26,LOW(40)
000077 dfdb      	RCALL _LCD_Perintah
000078 e1a0      	LDI  R26,LOW(16)
000079 dfd9      	RCALL _LCD_Perintah
00007a e0ac      	LDI  R26,LOW(12)
00007b dfd7      	RCALL _LCD_Perintah
00007c e0a6      	LDI  R26,LOW(6)
00007d dfd5      	RCALL _LCD_Perintah
00007e c01e      	RJMP _0x2000002
                 _LCD_GotoXY:
00007f 93aa      	ST   -Y,R26
000080 931a      	ST   -Y,R17
                 ;	x -> Y+2
                 ;	y -> Y+1
                 ;	baris -> R17
000081 81e9      	LDD  R30,Y+1
000082 30e0      	CPI  R30,0
000083 f419      	BRNE _0x15
000084 81aa      	LDD  R26,Y+2
000085 58a0      	SUBI R26,-LOW(128)
000086 c002      	RJMP _0x3A
                 _0x15:
000087 81aa      	LDD  R26,Y+2
000088 54a0      	SUBI R26,-LOW(192)
                 _0x3A:
000089 dfc9      	RCALL _LCD_Perintah
00008a 8118      	LDD  R17,Y+0
00008b 9623      	ADIW R28,3
00008c 9508      	RET
                 ;	*text -> Y+0
                 _LCD_Text:
00008d 93ba      	ST   -Y,R27
00008e 93aa      	ST   -Y,R26
                 ;	*text -> Y+0
                 _0x1A:
00008f d0ad      	RCALL SUBOPT_0x5
000090 91ec      	LD   R30,X
000091 30e0      	CPI  R30,0
000092 f049      	BREQ _0x1C
000093 d0a9      	RCALL SUBOPT_0x5
000094 91ac      	LD   R26,X
000095 dfc8      	RCALL _LCD_Data
000096 81e8      	LD   R30,Y
000097 81f9      	LDD  R31,Y+1
000098 9631      	ADIW R30,1
000099 83e8      	ST   Y,R30
00009a 83f9      	STD  Y+1,R31
00009b cff3      	RJMP _0x1A
                 _0x1C:
00009c c02a      	RJMP _0x2000001
                 ;	Baris -> Y+2
                 ;	*text -> Y+0
                 ;	Baris -> Y+2
                 ;	*text -> Y+0
                 _LCD_Hapus:
                 _0x2000002:
00009d e0a1      	LDI  R26,LOW(1)
00009e dfb4      	RCALL _LCD_Perintah
00009f d09a      	RCALL SUBOPT_0x4
0000a0 9508      	RET
                 ;	Baris -> Y+1
                 ;	i -> R17
                 ;	Baris -> Y+1
                 ;	i -> R17
                 ;	Baris -> Y+2
                 ;	i -> R17
                 ;	j -> R16
                 ;	Baris -> Y+3
                 ;	*text -> Y+1
                 ;	i -> R17
                 ;	Baris -> Y+4
                 ;	*text -> Y+2
                 ;	i -> R17
                 ;	j -> R16
                 ;	Baris -> Y+4
                 ;	*text -> Y+2
                 ;	i -> R17
                 ;	j -> R16
                 ;	Baris -> Y+4
                 ;	*text -> Y+2
                 ;	i -> R17
                 ;	j -> R16
                 _LCD_Angka4:
0000a1 93ba      	ST   -Y,R27
0000a2 93aa      	ST   -Y,R26
                 ;	x -> Y+0
0000a3 81a9      	LDD  R26,Y+1
0000a4 23aa      	TST  R26
0000a5 f44a      	BRPL _0x32
0000a6 81e8      	LD   R30,Y
0000a7 81f9      	LDD  R31,Y+1
0000a8 efaf      	LDI  R26,LOW(65535)
0000a9 efbf      	LDI  R27,HIGH(65535)
0000aa d10e      	RCALL __MULW12
0000ab 83e8      	ST   Y,R30
0000ac 83f9      	STD  Y+1,R31
0000ad e2ad      	LDI  R26,LOW(45)
0000ae dfaf      	RCALL _LCD_Data
                 _0x32:
0000af d08d      	RCALL SUBOPT_0x5
0000b0 eee8      	LDI  R30,LOW(1000)
0000b1 e0f3      	LDI  R31,HIGH(1000)
0000b2 d08d      	RCALL SUBOPT_0x6
0000b3 eee8      	LDI  R30,LOW(1000)
0000b4 e0f3      	LDI  R31,HIGH(1000)
0000b5 d120      	RCALL __MODW21
0000b6 01df      	MOVW R26,R30
0000b7 e6e4      	LDI  R30,LOW(100)
0000b8 e0f0      	LDI  R31,HIGH(100)
0000b9 d086      	RCALL SUBOPT_0x6
0000ba e6e4      	LDI  R30,LOW(100)
0000bb e0f0      	LDI  R31,HIGH(100)
0000bc d119      	RCALL __MODW21
0000bd 01df      	MOVW R26,R30
0000be e0ea      	LDI  R30,LOW(10)
0000bf e0f0      	LDI  R31,HIGH(10)
0000c0 d07f      	RCALL SUBOPT_0x6
0000c1 e0ea      	LDI  R30,LOW(10)
0000c2 e0f0      	LDI  R31,HIGH(10)
0000c3 d112      	RCALL __MODW21
0000c4 5de0      	SUBI R30,-LOW(48)
0000c5 2fae      	MOV  R26,R30
0000c6 df97      	RCALL _LCD_Data
                 _0x2000001:
0000c7 9622      	ADIW R28,2
0000c8 9508      	RET
                 ;	x -> Y+0
                 ;	x -> Y+0
                 ;	x -> Y+0
                 ;
                 ;// I2C Bus functions
                 ;#include <i2c.h>
                 ;
                 ;// Declare your global variables here
                 ;
                 ;void main(void)
                 ; 0000 0022 {
                 _main:
                 ; 0000 0023 // Declare your local variables here
                 ; 0000 0024 char dataH, dataL;
                 ; 0000 0025 int Jarak;
                 ; 0000 0026 // Input/Output Ports initialization
                 ; 0000 0027 // Port A initialization
                 ; 0000 0028 // Func7=In Func6=In Func5=In Func4=In Func3=In Func2=In Func1=In Func0=In
                 ; 0000 0029 // State7=T State6=T State5=T State4=T State3=T State2=T State1=T State0=T
                 ; 0000 002A PORTA=0x00;
                 ;	dataH -> R17
                 ;	dataL -> R16
                 ;	Jarak -> R18,R19
0000c9 e0e0      	LDI  R30,LOW(0)
0000ca bbeb      	OUT  0x1B,R30
                 ; 0000 002B DDRA=0x00;
0000cb bbea      	OUT  0x1A,R30
                 ; 0000 002C 
                 ; 0000 002D // Port B initialization
                 ; 0000 002E // Func7=Out Func6=Out Func5=Out Func4=Out Func3=Out Func2=Out Func1=Out Func0=Out
                 ; 0000 002F // State7=0 State6=0 State5=0 State4=0 State3=0 State2=0 State1=0 State0=0
                 ; 0000 0030 PORTB=0x00;
0000cc bbe8      	OUT  0x18,R30
                 ; 0000 0031 DDRB=0xFF;
0000cd efef      	LDI  R30,LOW(255)
0000ce bbe7      	OUT  0x17,R30
                 ; 0000 0032 
                 ; 0000 0033 // Port C initialization
                 ; 0000 0034 // Func7=In Func6=In Func5=In Func4=In Func3=In Func2=In Func1=In Func0=In
                 ; 0000 0035 // State7=T State6=T State5=T State4=T State3=T State2=T State1=T State0=T
                 ; 0000 0036 PORTC=0x00;
0000cf e0e0      	LDI  R30,LOW(0)
0000d0 bbe5      	OUT  0x15,R30
                 ; 0000 0037 DDRC=0x00;
0000d1 bbe4      	OUT  0x14,R30
                 ; 0000 0038 
                 ; 0000 0039 // Port D initialization
                 ; 0000 003A // Func7=In Func6=In Func5=In Func4=In Func3=In Func2=In Func1=In Func0=In
                 ; 0000 003B // State7=T State6=T State5=T State4=T State3=T State2=T State1=T State0=T
                 ; 0000 003C PORTD=0x00;
0000d2 bbe2      	OUT  0x12,R30
                 ; 0000 003D DDRD=0x00;
0000d3 bbe1      	OUT  0x11,R30
                 ; 0000 003E 
                 ; 0000 003F // Timer/Counter 0 initialization
                 ; 0000 0040 // Clock source: System Clock
                 ; 0000 0041 // Clock value: Timer 0 Stopped
                 ; 0000 0042 // Mode: Normal top=0xFF
                 ; 0000 0043 // OC0 output: Disconnected
                 ; 0000 0044 TCCR0=0x00;
0000d4 bfe3      	OUT  0x33,R30
                 ; 0000 0045 TCNT0=0x00;
0000d5 bfe2      	OUT  0x32,R30
                 ; 0000 0046 OCR0=0x00;
0000d6 bfec      	OUT  0x3C,R30
                 ; 0000 0047 
                 ; 0000 0048 // Timer/Counter 1 initialization
                 ; 0000 0049 // Clock source: System Clock
                 ; 0000 004A // Clock value: Timer1 Stopped
                 ; 0000 004B // Mode: Normal top=0xFFFF
                 ; 0000 004C // OC1A output: Discon.
                 ; 0000 004D // OC1B output: Discon.
                 ; 0000 004E // Noise Canceler: Off
                 ; 0000 004F // Input Capture on Falling Edge
                 ; 0000 0050 // Timer1 Overflow Interrupt: Off
                 ; 0000 0051 // Input Capture Interrupt: Off
                 ; 0000 0052 // Compare A Match Interrupt: Off
                 ; 0000 0053 // Compare B Match Interrupt: Off
                 ; 0000 0054 TCCR1A=0x00;
0000d7 bdef      	OUT  0x2F,R30
                 ; 0000 0055 TCCR1B=0x00;
0000d8 bdee      	OUT  0x2E,R30
                 ; 0000 0056 TCNT1H=0x00;
0000d9 bded      	OUT  0x2D,R30
                 ; 0000 0057 TCNT1L=0x00;
0000da bdec      	OUT  0x2C,R30
                 ; 0000 0058 ICR1H=0x00;
0000db bde7      	OUT  0x27,R30
                 ; 0000 0059 ICR1L=0x00;
0000dc bde6      	OUT  0x26,R30
                 ; 0000 005A OCR1AH=0x00;
0000dd bdeb      	OUT  0x2B,R30
                 ; 0000 005B OCR1AL=0x00;
0000de bdea      	OUT  0x2A,R30
                 ; 0000 005C OCR1BH=0x00;
0000df bde9      	OUT  0x29,R30
                 ; 0000 005D OCR1BL=0x00;
0000e0 bde8      	OUT  0x28,R30
                 ; 0000 005E 
                 ; 0000 005F // Timer/Counter 2 initialization
                 ; 0000 0060 // Clock source: System Clock
                 ; 0000 0061 // Clock value: Timer2 Stopped
                 ; 0000 0062 // Mode: Normal top=0xFF
                 ; 0000 0063 // OC2 output: Disconnected
                 ; 0000 0064 ASSR=0x00;
0000e1 bde2      	OUT  0x22,R30
                 ; 0000 0065 TCCR2=0x00;
0000e2 bde5      	OUT  0x25,R30
                 ; 0000 0066 TCNT2=0x00;
0000e3 bde4      	OUT  0x24,R30
                 ; 0000 0067 OCR2=0x00;
0000e4 bde3      	OUT  0x23,R30
                 ; 0000 0068 
                 ; 0000 0069 // External Interrupt(s) initialization
                 ; 0000 006A // INT0: Off
                 ; 0000 006B // INT1: Off
                 ; 0000 006C // INT2: Off
                 ; 0000 006D MCUCR=0x00;
0000e5 bfe5      	OUT  0x35,R30
                 ; 0000 006E MCUCSR=0x00;
0000e6 bfe4      	OUT  0x34,R30
                 ; 0000 006F 
                 ; 0000 0070 // Timer(s)/Counter(s) Interrupt(s) initialization
                 ; 0000 0071 TIMSK=0x00;
0000e7 bfe9      	OUT  0x39,R30
                 ; 0000 0072 
                 ; 0000 0073 // USART initialization
                 ; 0000 0074 // USART disabled
                 ; 0000 0075 UCSRB=0x00;
0000e8 b9ea      	OUT  0xA,R30
                 ; 0000 0076 
                 ; 0000 0077 // Analog Comparator initialization
                 ; 0000 0078 // Analog Comparator: Off
                 ; 0000 0079 // Analog Comparator Input Capture by Timer/Counter 1: Off
                 ; 0000 007A ACSR=0x80;
0000e9 e8e0      	LDI  R30,LOW(128)
0000ea b9e8      	OUT  0x8,R30
                 ; 0000 007B SFIOR=0x00;
0000eb e0e0      	LDI  R30,LOW(0)
0000ec bfe0      	OUT  0x30,R30
                 ; 0000 007C 
                 ; 0000 007D // ADC initialization
                 ; 0000 007E // ADC disabled
                 ; 0000 007F ADCSRA=0x00;
0000ed b9e6      	OUT  0x6,R30
                 ; 0000 0080 
                 ; 0000 0081 // SPI initialization
                 ; 0000 0082 // SPI disabled
                 ; 0000 0083 SPCR=0x00;
0000ee b9ed      	OUT  0xD,R30
                 ; 0000 0084 
                 ; 0000 0085 // TWI initialization
                 ; 0000 0086 // TWI disabled
                 ; 0000 0087 TWCR=0x00;
0000ef bfe6      	OUT  0x36,R30
                 ; 0000 0088 
                 ; 0000 0089 // I2C Bus initialization
                 ; 0000 008A // I2C Port: PORTD
                 ; 0000 008B // I2C SDA bit: 1
                 ; 0000 008C // I2C SCL bit: 0
                 ; 0000 008D // Bit Rate: 100 kHz
                 ; 0000 008E // Note: I2C settings are specified in the
                 ; 0000 008F // Project|Configure|C Compiler|Libraries|I2C menu.
                 ; 0000 0090 i2c_init();
0000f0 d061      	RCALL _i2c_init
                 ; 0000 0091 LCD_Init();
0000f1 df7b      	RCALL _LCD_Init
                 ; 0000 0092     LCD_GotoXY(0,0);
0000f2 d052      	RCALL SUBOPT_0x7
                 ; 0000 0093     LCD_Text("init");
                +
0000f3 eea0     +LDI R26 , LOW ( _0x35 + ( 0 ) )
0000f4 e0b0     +LDI R27 , HIGH ( _0x35 + ( 0 ) )
                 	__POINTW2MN _0x35,0
0000f5 df97      	RCALL _LCD_Text
                 ; 0000 0094     LCD_Hapus();
0000f6 dfa6      	RCALL _LCD_Hapus
                 ; 0000 0095 
                 ; 0000 0096 
                 ; 0000 0097 
                 ; 0000 0098 while(1)
                 _0x36:
                 ; 0000 0099     {   // mengirimkan perintah ranging ke alamat SRF10 di alamat E0 dengan output dalam
                 ; 0000 009A         i2c_start();
0000f7 d051      	RCALL SUBOPT_0x8
                 ; 0000 009B i2c_write(0xE0);			// addr + write
                 ; 0000 009C i2c_write(0);			// alamat command reg = 0
0000f8 e0a0      	LDI  R26,LOW(0)
0000f9 d091      	RCALL _i2c_write
                 ; 0000 009D          i2c_write(81);                  	// membaca jarak dalam cm
0000fa e5a1      	LDI  R26,LOW(81)
0000fb d050      	RCALL SUBOPT_0x9
                 ; 0000 009E          i2c_stop();                     	// stop komunikasi
                 ; 0000 009F     	     delay_ms(100);                   	// menunggu waktu ranging default (65ms)
                 ; 0000 00A0      i2c_start();
                 ; 0000 00A1 i2c_write(0xE0);			// addr + write
                 ; 0000 00A2 i2c_write(1);			// alamat command reg = 0
0000fc e0a1      	LDI  R26,LOW(1)
0000fd d08d      	RCALL _i2c_write
                 ; 0000 00A3          i2c_write(16);                  	// membaca jarak dalam cm
0000fe e1a0      	LDI  R26,LOW(16)
0000ff d04c      	RCALL SUBOPT_0x9
                 ; 0000 00A4          i2c_stop();                     	// stop komunikasi
                 ; 0000 00A5     	     delay_ms(100);
                 ; 0000 00A6 
                 ; 0000 00A7 i2c_start();
                 ; 0000 00A8 i2c_write(0xE0);		// addr + write
                 ; 0000 00A9 i2c_write(2);		// register no 2 adalah alamat dari data High Byte (HB)
000100 e0a2      	LDI  R26,LOW(2)
000101 d089      	RCALL _i2c_write
                 ; 0000 00AA i2c_start();
000102 d054      	RCALL _i2c_start
                 ; 0000 00AB i2c_write(0xE0 | 1);		// addr + read
000103 eea1      	LDI  R26,LOW(225)
000104 d086      	RCALL _i2c_write
                 ; 0000 00AC delay_ms(1);
000105 d034      	RCALL SUBOPT_0x4
                 ; 0000 00AD dataH=i2c_read(1);		// baca register no 2 (kirim ack)
000106 e0a1      	LDI  R26,LOW(1)
000107 d068      	RCALL _i2c_read
000108 2f1e      	MOV  R17,R30
                 ; 0000 00AE dataL=i2c_read(0);		// baca register no 3 (kirim nack)
000109 e0a0      	LDI  R26,LOW(0)
00010a d065      	RCALL _i2c_read
00010b 2f0e      	MOV  R16,R30
                 ; 0000 00AF i2c_stop();
00010c d059      	RCALL _i2c_stop
                 ; 0000 00B0 
                 ; 0000 00B1 // menampilkan data ke LCD
                 ; 0000 00B2     	    Jarak =((int)dataH<<8) + dataL;// menggabungkan HB dan LB
00010d 2ff1      	MOV  R31,R17
00010e e0e0      	LDI  R30,LOW(0)
00010f 01df      	MOVW R26,R30
000110 2fe0      	MOV  R30,R16
000111 e0f0      	LDI  R31,0
000112 0fea      	ADD  R30,R26
000113 1ffb      	ADC  R31,R27
000114 019f      	MOVW R18,R30
                 ; 0000 00B3     	    LCD_GotoXY(0,0);                // atur posisi cursor
000115 d02f      	RCALL SUBOPT_0x7
                 ; 0000 00B4     	    LCD_Angka4(Jarak);              // menulikan data jarak ke LCD
000116 01d9      	MOVW R26,R18
000117 df89      	RCALL _LCD_Angka4
                 ; 0000 00B5         LCD_Text(" cm");             // menuliskan informasi satuan jarak
                +
000118 eea5     +LDI R26 , LOW ( _0x35 + ( 5 ) )
000119 e0b0     +LDI R27 , HIGH ( _0x35 + ( 5 ) )
                 	__POINTW2MN _0x35,5
00011a df72      	RCALL _LCD_Text
                 ; 0000 00B6     delay_ms(10);
00011b e0aa      	LDI  R26,LOW(10)
00011c e0b0      	LDI  R27,0
00011d d085      	RCALL _delay_ms
                 ; 0000 00B7 
                 ; 0000 00B8     }
00011e cfd8      	RJMP _0x36
                 ; 0000 00B9 }
                 _0x39:
00011f cfff      	RJMP _0x39
                 
                 	.DSEG
                 _0x35:
0000e0           	.BYTE 0x9
                 
                 	.CSEG
                 ;OPTIMIZER ADDED SUBROUTINE, CALLED 2 TIMES, CODE SIZE REDUCTION:5 WORDS
                 SUBOPT_0x0:
000120 81e8      	LD   R30,Y
000121 7fe0      	ANDI R30,LOW(0xF0)
000122 60e4      	ORI  R30,4
000123 bbe8      	OUT  0x18,R30
                +
000124 e084     +LDI R24 , LOW ( 4 )
                +__DELAY_USB_LOOP :
000125 958a     +DEC R24
000126 f7f1     +BRNE __DELAY_USB_LOOP
                 	__DELAY_USB 4
000127 98c2      	CBI  0x18,2
000128 9508      	RET
                 
                 ;OPTIMIZER ADDED SUBROUTINE, CALLED 2 TIMES, CODE SIZE REDUCTION:3 WORDS
                 SUBOPT_0x1:
                +
000129 e182     +LDI R24 , LOW ( 18 )
                +__DELAY_USB_LOOP :
00012a 958a     +DEC R24
00012b f7f1     +BRNE __DELAY_USB_LOOP
                 	__DELAY_USB 18
00012c 81e8      	LD   R30,Y
00012d 95e2      	SWAP R30
00012e 7fe0      	ANDI R30,0xF0
00012f 9508      	RET
                 
                 ;OPTIMIZER ADDED SUBROUTINE, CALLED 3 TIMES, CODE SIZE REDUCTION:6 WORDS
                 SUBOPT_0x2:
000130 bbe8      	OUT  0x18,R30
                +
000131 e084     +LDI R24 , LOW ( 4 )
                +__DELAY_USB_LOOP :
000132 958a     +DEC R24
000133 f7f1     +BRNE __DELAY_USB_LOOP
                 	__DELAY_USB 4
000134 98c2      	CBI  0x18,2
000135 9508      	RET
                 
                 ;OPTIMIZER ADDED SUBROUTINE, CALLED 3 TIMES, CODE SIZE REDUCTION:8 WORDS
                 SUBOPT_0x3:
000136 e0b0      	LDI  R27,0
000137 d06b      	RCALL _delay_ms
000138 e3a0      	LDI  R26,LOW(48)
000139 cf16      	RJMP _LCD_Init_Cmd
                 
                 ;OPTIMIZER ADDED SUBROUTINE, CALLED 3 TIMES, CODE SIZE REDUCTION:6 WORDS
                 SUBOPT_0x4:
00013a e0a1      	LDI  R26,LOW(1)
00013b e0b0      	LDI  R27,0
00013c c066      	RJMP _delay_ms
                 
                 ;OPTIMIZER ADDED SUBROUTINE, CALLED 6 TIMES, CODE SIZE REDUCTION:3 WORDS
                 SUBOPT_0x5:
00013d 81a8      	LD   R26,Y
00013e 81b9      	LDD  R27,Y+1
00013f 9508      	RET
                 
                 ;OPTIMIZER ADDED SUBROUTINE, CALLED 3 TIMES, CODE SIZE REDUCTION:6 WORDS
                 SUBOPT_0x6:
000140 d090      	RCALL __DIVW21
000141 5de0      	SUBI R30,-LOW(48)
000142 2fae      	MOV  R26,R30
000143 df1a      	RCALL _LCD_Data
000144 cff8      	RJMP SUBOPT_0x5
                 
                 ;OPTIMIZER ADDED SUBROUTINE, CALLED 2 TIMES, CODE SIZE REDUCTION:1 WORDS
                 SUBOPT_0x7:
000145 e0e0      	LDI  R30,LOW(0)
000146 93ea      	ST   -Y,R30
000147 e0a0      	LDI  R26,LOW(0)
000148 cf36      	RJMP _LCD_GotoXY
                 
                 ;OPTIMIZER ADDED SUBROUTINE, CALLED 3 TIMES, CODE SIZE REDUCTION:2 WORDS
                 SUBOPT_0x8:
000149 d00d      	RCALL _i2c_start
00014a eea0      	LDI  R26,LOW(224)
00014b c03f      	RJMP _i2c_write
                 
                 ;OPTIMIZER ADDED SUBROUTINE, CALLED 2 TIMES, CODE SIZE REDUCTION:5 WORDS
                 SUBOPT_0x9:
00014c d03e      	RCALL _i2c_write
00014d d018      	RCALL _i2c_stop
00014e e6a4      	LDI  R26,LOW(100)
00014f e0b0      	LDI  R27,0
000150 d052      	RCALL _delay_ms
000151 cff7      	RJMP SUBOPT_0x8
                 
                 
                 	.CSEG
                 	.equ __sda_bit=1
                 	.equ __scl_bit=0
                 	.equ __i2c_port=0x12 ;PORTD
                 	.equ __i2c_dir=__i2c_port-1
                 	.equ __i2c_pin=__i2c_port-2
                 
                 _i2c_init:
000152 9890      	cbi  __i2c_port,__scl_bit
000153 9891      	cbi  __i2c_port,__sda_bit
000154 9a88      	sbi  __i2c_dir,__scl_bit
000155 9889      	cbi  __i2c_dir,__sda_bit
000156 c015      	rjmp __i2c_delay2
                 _i2c_start:
000157 9889      	cbi  __i2c_dir,__sda_bit
000158 9888      	cbi  __i2c_dir,__scl_bit
000159 27ee      	clr  r30
00015a 0000      	nop
00015b 9b81      	sbis __i2c_pin,__sda_bit
00015c 9508      	ret
00015d 9b80      	sbis __i2c_pin,__scl_bit
00015e 9508      	ret
00015f d004      	rcall __i2c_delay1
000160 9a89      	sbi  __i2c_dir,__sda_bit
000161 d002      	rcall __i2c_delay1
000162 9a88      	sbi  __i2c_dir,__scl_bit
000163 e0e1      	ldi  r30,1
                 __i2c_delay1:
000164 e162      	ldi  r22,18
000165 c007      	rjmp __i2c_delay2l
                 _i2c_stop:
000166 9a89      	sbi  __i2c_dir,__sda_bit
000167 9a88      	sbi  __i2c_dir,__scl_bit
000168 d003      	rcall __i2c_delay2
000169 9888      	cbi  __i2c_dir,__scl_bit
00016a dff9      	rcall __i2c_delay1
00016b 9889      	cbi  __i2c_dir,__sda_bit
                 __i2c_delay2:
00016c e265      	ldi  r22,37
                 __i2c_delay2l:
00016d 956a      	dec  r22
00016e f7f1      	brne __i2c_delay2l
00016f 9508      	ret
                 _i2c_read:
000170 e078      	ldi  r23,8
                 __i2c_read0:
000171 9888      	cbi  __i2c_dir,__scl_bit
000172 dff1      	rcall __i2c_delay1
                 __i2c_read3:
000173 9b80      	sbis __i2c_pin,__scl_bit
000174 cffe      	rjmp __i2c_read3
000175 dfee      	rcall __i2c_delay1
000176 9488      	clc
000177 9981      	sbic __i2c_pin,__sda_bit
000178 9408      	sec
000179 9a88      	sbi  __i2c_dir,__scl_bit
00017a dff1      	rcall __i2c_delay2
00017b 1fee      	rol  r30
00017c 957a      	dec  r23
00017d f799      	brne __i2c_read0
00017e 2f7a      	mov  r23,r26
00017f 2377      	tst  r23
000180 f411      	brne __i2c_read1
000181 9889      	cbi  __i2c_dir,__sda_bit
000182 c001      	rjmp __i2c_read2
                 __i2c_read1:
000183 9a89      	sbi  __i2c_dir,__sda_bit
                 __i2c_read2:
000184 dfdf      	rcall __i2c_delay1
000185 9888      	cbi  __i2c_dir,__scl_bit
000186 dfe5      	rcall __i2c_delay2
000187 9a88      	sbi  __i2c_dir,__scl_bit
000188 dfdb      	rcall __i2c_delay1
000189 9889      	cbi  __i2c_dir,__sda_bit
00018a cfd9      	rjmp __i2c_delay1
                 
                 _i2c_write:
00018b e078      	ldi  r23,8
                 __i2c_write0:
00018c 0faa      	lsl  r26
00018d f410      	brcc __i2c_write1
00018e 9889      	cbi  __i2c_dir,__sda_bit
00018f c001      	rjmp __i2c_write2
                 __i2c_write1:
000190 9a89      	sbi  __i2c_dir,__sda_bit
                 __i2c_write2:
000191 dfda      	rcall __i2c_delay2
000192 9888      	cbi  __i2c_dir,__scl_bit
000193 dfd0      	rcall __i2c_delay1
                 __i2c_write3:
000194 9b80      	sbis __i2c_pin,__scl_bit
000195 cffe      	rjmp __i2c_write3
000196 dfcd      	rcall __i2c_delay1
000197 9a88      	sbi  __i2c_dir,__scl_bit
000198 957a      	dec  r23
000199 f791      	brne __i2c_write0
00019a 9889      	cbi  __i2c_dir,__sda_bit
00019b dfc8      	rcall __i2c_delay1
00019c 9888      	cbi  __i2c_dir,__scl_bit
00019d dfce      	rcall __i2c_delay2
00019e e0e1      	ldi  r30,1
00019f 9981      	sbic __i2c_pin,__sda_bit
0001a0 27ee      	clr  r30
0001a1 9a88      	sbi  __i2c_dir,__scl_bit
0001a2 cfc1      	rjmp __i2c_delay1
                 
                 _delay_ms:
0001a3 9610      	adiw r26,0
0001a4 f039      	breq __delay_ms1
                 __delay_ms0:
                +
0001a5 ec8d     +LDI R24 , LOW ( 0xACD )
0001a6 e09a     +LDI R25 , HIGH ( 0xACD )
                +__DELAY_USW_LOOP :
0001a7 9701     +SBIW R24 , 1
0001a8 f7f1     +BRNE __DELAY_USW_LOOP
                 	__DELAY_USW 0xACD
0001a9 95a8      	wdr
0001aa 9711      	sbiw r26,1
0001ab f7c9      	brne __delay_ms0
                 __delay_ms1:
0001ac 9508      	ret
                 
                 __ANEGW1:
0001ad 95f1      	NEG  R31
0001ae 95e1      	NEG  R30
0001af 40f0      	SBCI R31,0
0001b0 9508      	RET
                 
                 __MULW12U:
0001b1 9ffa      	MUL  R31,R26
0001b2 2df0      	MOV  R31,R0
0001b3 9feb      	MUL  R30,R27
0001b4 0df0      	ADD  R31,R0
0001b5 9fea      	MUL  R30,R26
0001b6 2de0      	MOV  R30,R0
0001b7 0df1      	ADD  R31,R1
0001b8 9508      	RET
                 
                 __MULW12:
0001b9 d02a      	RCALL __CHKSIGNW
0001ba dff6      	RCALL __MULW12U
0001bb f40e      	BRTC __MULW121
0001bc dff0      	RCALL __ANEGW1
                 __MULW121:
0001bd 9508      	RET
                 
                 __DIVW21U:
0001be 2400      	CLR  R0
0001bf 2411      	CLR  R1
0001c0 e190      	LDI  R25,16
                 __DIVW21U1:
0001c1 0faa      	LSL  R26
0001c2 1fbb      	ROL  R27
0001c3 1c00      	ROL  R0
0001c4 1c11      	ROL  R1
0001c5 1a0e      	SUB  R0,R30
0001c6 0a1f      	SBC  R1,R31
0001c7 f418      	BRCC __DIVW21U2
0001c8 0e0e      	ADD  R0,R30
0001c9 1e1f      	ADC  R1,R31
0001ca c001      	RJMP __DIVW21U3
                 __DIVW21U2:
0001cb 60a1      	SBR  R26,1
                 __DIVW21U3:
0001cc 959a      	DEC  R25
0001cd f799      	BRNE __DIVW21U1
0001ce 01fd      	MOVW R30,R26
0001cf 01d0      	MOVW R26,R0
0001d0 9508      	RET
                 
                 __DIVW21:
0001d1 d012      	RCALL __CHKSIGNW
0001d2 dfeb      	RCALL __DIVW21U
0001d3 f40e      	BRTC __DIVW211
0001d4 dfd8      	RCALL __ANEGW1
                 __DIVW211:
0001d5 9508      	RET
                 
                 __MODW21:
0001d6 94e8      	CLT
0001d7 ffb7      	SBRS R27,7
0001d8 c004      	RJMP __MODW211
0001d9 95a0      	COM  R26
0001da 95b0      	COM  R27
0001db 9611      	ADIW R26,1
0001dc 9468      	SET
                 __MODW211:
0001dd fdf7      	SBRC R31,7
0001de dfce      	RCALL __ANEGW1
0001df dfde      	RCALL __DIVW21U
0001e0 01fd      	MOVW R30,R26
0001e1 f40e      	BRTC __MODW212
0001e2 dfca      	RCALL __ANEGW1
                 __MODW212:
0001e3 9508      	RET
                 
                 __CHKSIGNW:
0001e4 94e8      	CLT
0001e5 fff7      	SBRS R31,7
0001e6 c002      	RJMP __CHKSW1
0001e7 dfc5      	RCALL __ANEGW1
0001e8 9468      	SET
                 __CHKSW1:
0001e9 ffb7      	SBRS R27,7
0001ea c006      	RJMP __CHKSW2
0001eb 95a0      	COM  R26
0001ec 95b0      	COM  R27
0001ed 9611      	ADIW R26,1
0001ee f800      	BLD  R0,0
0001ef 9403      	INC  R0
0001f0 fa00      	BST  R0,0
                 __CHKSW2:
0001f1 9508      	RET
                 
                 ;END OF CODE MARKER
                 __END_OF_CODE:


RESOURCE USE INFORMATION
------------------------

Notice:
The register and instruction counts are symbol table hit counts,
and hence implicitly used resources are not counted, eg, the
'lpm' instruction without operands implicitly uses r0 and z,
none of which are counted.

x,y,z are separate entities in the symbol table and are
counted separately from r26..r31 here.

.dseg memory usage only counts static data declared with .byte

ATmega8535 register use summary:
r0 :  15 r1 :   6 r2 :   0 r3 :   0 r4 :   0 r5 :   0 r6 :   0 r7 :   0 
r8 :   0 r9 :   0 r10:   0 r11:   0 r12:   0 r13:   0 r14:   0 r15:   0 
r16:   2 r17:   4 r18:   2 r19:   0 r20:   0 r21:   0 r22:   5 r23:   6 
r24:  19 r25:   6 r26:  66 r27:  19 r28:   4 r29:   1 r30: 110 r31:  28 
x  :   5 y  :  28 z  :   7 
Registers used: 18 out of 35 (51.4%)

ATmega8535 instruction use summary:
.lds  :   0 .lds.l:   0 .sts  :   0 .sts.l:   0 adc   :   2 add   :   4 
adiw  :   7 and   :   0 andi  :   3 asr   :   0 bclr  :   0 bld   :   1 
brbc  :   0 brbs  :   0 brcc  :   2 brcs  :   0 break :   0 breq  :   3 
brge  :   0 brhc  :   0 brhs  :   0 brid  :   0 brie  :   0 brlo  :   0 
brlt  :   0 brmi  :   0 brne  :  16 brpl  :   1 brsh  :   0 brtc  :   3 
brts  :   0 brvc  :   0 brvs  :   0 bset  :   0 bst   :   1 cbi   :  18 
cbr   :   0 clc   :   1 clh   :   0 cli   :   1 cln   :   0 clr   :   6 
cls   :   0 clt   :   2 clv   :   0 clz   :   0 com   :   4 cp    :   0 
cpc   :   0 cpi   :   2 cpse  :   0 dec   :   9 des   :   0 eor   :   0 
fmul  :   0 fmuls :   0 fmulsu:   0 icall :   0 ijmp  :   0 in    :   0 
inc   :   1 ld    :   8 ldd   :   8 ldi   :  82 lds   :   0 lpm   :   7 
lsl   :   2 lsr   :   0 mov   :   9 movw  :  11 mul   :   3 muls  :   0 
mulsu :   0 neg   :   2 nop   :   1 or    :   0 ori   :   4 out   :  44 
pop   :   0 push  :   0 rcall :  85 ret   :  19 reti  :   0 rjmp  :  49 
rol   :   4 ror   :   0 sbc   :   1 sbci  :   1 sbi   :  13 sbic  :   2 
sbis  :   4 sbiw  :   6 sbr   :   1 sbrc  :   1 sbrs  :   3 sec   :   1 
seh   :   0 sei   :   0 sen   :   0 ser   :   0 ses   :   0 set   :   2 
sev   :   0 sez   :   0 sleep :   0 spm   :   0 st    :  15 std   :   2 
sts   :   0 sub   :   1 subi  :   4 swap  :   1 tst   :   2 wdr   :   1 

Instructions used: 54 out of 114 (47.4%)

ATmega8535 memory use summary [bytes]:
Segment   Begin    End      Code   Data   Used    Size   Use%
---------------------------------------------------------------
[.cseg] 0x000000 0x0003e4    972     24    996    8192  12.2%
[.dseg] 0x000060 0x0000e9      0      9      9     607   1.5%
[.eseg] 0x000000 0x000000      0      0      0     512   0.0%

Assembly complete, 0 errors, 1 warnings
