
AVRASM ver. 2.1.30  D:\Belajar\AVR Project\Prak07 (USART)\List\usart1.asm Thu May 23 14:48:37 2019

D:\Belajar\AVR Project\Prak07 (USART)\List\usart1.asm(1070): warning: Register r5 already defined by the .DEF directive
D:\Belajar\AVR Project\Prak07 (USART)\List\usart1.asm(1071): warning: Register r4 already defined by the .DEF directive
D:\Belajar\AVR Project\Prak07 (USART)\List\usart1.asm(1072): warning: Register r7 already defined by the .DEF directive
                 
                 
                 ;CodeVisionAVR C Compiler V2.05.3 Standard
                 ;(C) Copyright 1998-2011 Pavel Haiduc, HP InfoTech s.r.l.
                 ;http://www.hpinfotech.com
                 
                 ;Chip type                : ATmega8535
                 ;Program type             : Application
                 ;Clock frequency          : 11.059200 MHz
                 ;Memory model             : Small
                 ;Optimize for             : Size
                 ;(s)printf features       : int, width
                 ;(s)scanf features        : int, width
                 ;External RAM size        : 0
                 ;Data Stack size          : 128 byte(s)
                 ;Heap size                : 0 byte(s)
                 ;Promote 'char' to 'int'  : Yes
                 ;'char' is unsigned       : Yes
                 ;8 bit enums              : Yes
                 ;Global 'const' stored in FLASH     : No
                 ;Enhanced function parameter passing: Yes
                 ;Enhanced core instructions         : On
                 ;Smart register allocation          : On
                 ;Automatic register allocation      : On
                 
                 	#pragma AVRPART ADMIN PART_NAME ATmega8535
                 	#pragma AVRPART MEMORY PROG_FLASH 8192
                 	#pragma AVRPART MEMORY EEPROM 512
                 	#pragma AVRPART MEMORY INT_SRAM SIZE 607
                 	#pragma AVRPART MEMORY INT_SRAM START_ADDR 0x60
                 
                 	.LISTMAC
                 	.EQU UDRE=0x5
                 	.EQU RXC=0x7
                 	.EQU USR=0xB
                 	.EQU UDR=0xC
                 	.EQU SPSR=0xE
                 	.EQU SPDR=0xF
                 	.EQU EERE=0x0
                 	.EQU EEWE=0x1
                 	.EQU EEMWE=0x2
                 	.EQU EECR=0x1C
                 	.EQU EEDR=0x1D
                 	.EQU EEARL=0x1E
                 	.EQU EEARH=0x1F
                 	.EQU WDTCR=0x21
                 	.EQU MCUCR=0x35
                 	.EQU GICR=0x3B
                 	.EQU SPL=0x3D
                 	.EQU SPH=0x3E
                 	.EQU SREG=0x3F
                 
                 	.DEF R0X0=R0
                 	.DEF R0X1=R1
                 	.DEF R0X2=R2
                 	.DEF R0X3=R3
                 	.DEF R0X4=R4
                 	.DEF R0X5=R5
                 	.DEF R0X6=R6
                 	.DEF R0X7=R7
                 	.DEF R0X8=R8
                 	.DEF R0X9=R9
                 	.DEF R0XA=R10
                 	.DEF R0XB=R11
                 	.DEF R0XC=R12
                 	.DEF R0XD=R13
                 	.DEF R0XE=R14
                 	.DEF R0XF=R15
                 	.DEF R0X10=R16
                 	.DEF R0X11=R17
                 	.DEF R0X12=R18
                 	.DEF R0X13=R19
                 	.DEF R0X14=R20
                 	.DEF R0X15=R21
                 	.DEF R0X16=R22
                 	.DEF R0X17=R23
                 	.DEF R0X18=R24
                 	.DEF R0X19=R25
                 	.DEF R0X1A=R26
                 	.DEF R0X1B=R27
                 	.DEF R0X1C=R28
                 	.DEF R0X1D=R29
                 	.DEF R0X1E=R30
                 	.DEF R0X1F=R31
                 
                 	.EQU __SRAM_START=0x0060
                 	.EQU __SRAM_END=0x025F
                 	.EQU __DSTACK_SIZE=0x0080
                 	.EQU __HEAP_SIZE=0x0000
                 	.EQU __CLEAR_SRAM_SIZE=__SRAM_END-__SRAM_START+1
                 
                 	.MACRO __CPD1N
                 	CPI  R30,LOW(@0)
                 	LDI  R26,HIGH(@0)
                 	CPC  R31,R26
                 	LDI  R26,BYTE3(@0)
                 	CPC  R22,R26
                 	LDI  R26,BYTE4(@0)
                 	CPC  R23,R26
                 	.ENDM
                 
                 	.MACRO __CPD2N
                 	CPI  R26,LOW(@0)
                 	LDI  R30,HIGH(@0)
                 	CPC  R27,R30
                 	LDI  R30,BYTE3(@0)
                 	CPC  R24,R30
                 	LDI  R30,BYTE4(@0)
                 	CPC  R25,R30
                 	.ENDM
                 
                 	.MACRO __CPWRR
                 	CP   R@0,R@2
                 	CPC  R@1,R@3
                 	.ENDM
                 
                 	.MACRO __CPWRN
                 	CPI  R@0,LOW(@2)
                 	LDI  R30,HIGH(@2)
                 	CPC  R@1,R30
                 	.ENDM
                 
                 	.MACRO __ADDB1MN
                 	SUBI R30,LOW(-@0-(@1))
                 	.ENDM
                 
                 	.MACRO __ADDB2MN
                 	SUBI R26,LOW(-@0-(@1))
                 	.ENDM
                 
                 	.MACRO __ADDW1MN
                 	SUBI R30,LOW(-@0-(@1))
                 	SBCI R31,HIGH(-@0-(@1))
                 	.ENDM
                 
                 	.MACRO __ADDW2MN
                 	SUBI R26,LOW(-@0-(@1))
                 	SBCI R27,HIGH(-@0-(@1))
                 	.ENDM
                 
                 	.MACRO __ADDW1FN
                 	SUBI R30,LOW(-2*@0-(@1))
                 	SBCI R31,HIGH(-2*@0-(@1))
                 	.ENDM
                 
                 	.MACRO __ADDD1FN
                 	SUBI R30,LOW(-2*@0-(@1))
                 	SBCI R31,HIGH(-2*@0-(@1))
                 	SBCI R22,BYTE3(-2*@0-(@1))
                 	.ENDM
                 
                 	.MACRO __ADDD1N
                 	SUBI R30,LOW(-@0)
                 	SBCI R31,HIGH(-@0)
                 	SBCI R22,BYTE3(-@0)
                 	SBCI R23,BYTE4(-@0)
                 	.ENDM
                 
                 	.MACRO __ADDD2N
                 	SUBI R26,LOW(-@0)
                 	SBCI R27,HIGH(-@0)
                 	SBCI R24,BYTE3(-@0)
                 	SBCI R25,BYTE4(-@0)
                 	.ENDM
                 
                 	.MACRO __SUBD1N
                 	SUBI R30,LOW(@0)
                 	SBCI R31,HIGH(@0)
                 	SBCI R22,BYTE3(@0)
                 	SBCI R23,BYTE4(@0)
                 	.ENDM
                 
                 	.MACRO __SUBD2N
                 	SUBI R26,LOW(@0)
                 	SBCI R27,HIGH(@0)
                 	SBCI R24,BYTE3(@0)
                 	SBCI R25,BYTE4(@0)
                 	.ENDM
                 
                 	.MACRO __ANDBMNN
                 	LDS  R30,@0+(@1)
                 	ANDI R30,LOW(@2)
                 	STS  @0+(@1),R30
                 	.ENDM
                 
                 	.MACRO __ANDWMNN
                 	LDS  R30,@0+(@1)
                 	ANDI R30,LOW(@2)
                 	STS  @0+(@1),R30
                 	LDS  R30,@0+(@1)+1
                 	ANDI R30,HIGH(@2)
                 	STS  @0+(@1)+1,R30
                 	.ENDM
                 
                 	.MACRO __ANDD1N
                 	ANDI R30,LOW(@0)
                 	ANDI R31,HIGH(@0)
                 	ANDI R22,BYTE3(@0)
                 	ANDI R23,BYTE4(@0)
                 	.ENDM
                 
                 	.MACRO __ANDD2N
                 	ANDI R26,LOW(@0)
                 	ANDI R27,HIGH(@0)
                 	ANDI R24,BYTE3(@0)
                 	ANDI R25,BYTE4(@0)
                 	.ENDM
                 
                 	.MACRO __ORBMNN
                 	LDS  R30,@0+(@1)
                 	ORI  R30,LOW(@2)
                 	STS  @0+(@1),R30
                 	.ENDM
                 
                 	.MACRO __ORWMNN
                 	LDS  R30,@0+(@1)
                 	ORI  R30,LOW(@2)
                 	STS  @0+(@1),R30
                 	LDS  R30,@0+(@1)+1
                 	ORI  R30,HIGH(@2)
                 	STS  @0+(@1)+1,R30
                 	.ENDM
                 
                 	.MACRO __ORD1N
                 	ORI  R30,LOW(@0)
                 	ORI  R31,HIGH(@0)
                 	ORI  R22,BYTE3(@0)
                 	ORI  R23,BYTE4(@0)
                 	.ENDM
                 
                 	.MACRO __ORD2N
                 	ORI  R26,LOW(@0)
                 	ORI  R27,HIGH(@0)
                 	ORI  R24,BYTE3(@0)
                 	ORI  R25,BYTE4(@0)
                 	.ENDM
                 
                 	.MACRO __DELAY_USB
                 	LDI  R24,LOW(@0)
                 __DELAY_USB_LOOP:
                 	DEC  R24
                 	BRNE __DELAY_USB_LOOP
                 	.ENDM
                 
                 	.MACRO __DELAY_USW
                 	LDI  R24,LOW(@0)
                 	LDI  R25,HIGH(@0)
                 __DELAY_USW_LOOP:
                 	SBIW R24,1
                 	BRNE __DELAY_USW_LOOP
                 	.ENDM
                 
                 	.MACRO __GETD1S
                 	LDD  R30,Y+@0
                 	LDD  R31,Y+@0+1
                 	LDD  R22,Y+@0+2
                 	LDD  R23,Y+@0+3
                 	.ENDM
                 
                 	.MACRO __GETD2S
                 	LDD  R26,Y+@0
                 	LDD  R27,Y+@0+1
                 	LDD  R24,Y+@0+2
                 	LDD  R25,Y+@0+3
                 	.ENDM
                 
                 	.MACRO __PUTD1S
                 	STD  Y+@0,R30
                 	STD  Y+@0+1,R31
                 	STD  Y+@0+2,R22
                 	STD  Y+@0+3,R23
                 	.ENDM
                 
                 	.MACRO __PUTD2S
                 	STD  Y+@0,R26
                 	STD  Y+@0+1,R27
                 	STD  Y+@0+2,R24
                 	STD  Y+@0+3,R25
                 	.ENDM
                 
                 	.MACRO __PUTDZ2
                 	STD  Z+@0,R26
                 	STD  Z+@0+1,R27
                 	STD  Z+@0+2,R24
                 	STD  Z+@0+3,R25
                 	.ENDM
                 
                 	.MACRO __CLRD1S
                 	STD  Y+@0,R30
                 	STD  Y+@0+1,R30
                 	STD  Y+@0+2,R30
                 	STD  Y+@0+3,R30
                 	.ENDM
                 
                 	.MACRO __POINTB1MN
                 	LDI  R30,LOW(@0+(@1))
                 	.ENDM
                 
                 	.MACRO __POINTW1MN
                 	LDI  R30,LOW(@0+(@1))
                 	LDI  R31,HIGH(@0+(@1))
                 	.ENDM
                 
                 	.MACRO __POINTD1M
                 	LDI  R30,LOW(@0)
                 	LDI  R31,HIGH(@0)
                 	LDI  R22,BYTE3(@0)
                 	LDI  R23,BYTE4(@0)
                 	.ENDM
                 
                 	.MACRO __POINTW1FN
                 	LDI  R30,LOW(2*@0+(@1))
                 	LDI  R31,HIGH(2*@0+(@1))
                 	.ENDM
                 
                 	.MACRO __POINTD1FN
                 	LDI  R30,LOW(2*@0+(@1))
                 	LDI  R31,HIGH(2*@0+(@1))
                 	LDI  R22,BYTE3(2*@0+(@1))
                 	LDI  R23,BYTE4(2*@0+(@1))
                 	.ENDM
                 
                 	.MACRO __POINTB2MN
                 	LDI  R26,LOW(@0+(@1))
                 	.ENDM
                 
                 	.MACRO __POINTW2MN
                 	LDI  R26,LOW(@0+(@1))
                 	LDI  R27,HIGH(@0+(@1))
                 	.ENDM
                 
                 	.MACRO __POINTW2FN
                 	LDI  R26,LOW(2*@0+(@1))
                 	LDI  R27,HIGH(2*@0+(@1))
                 	.ENDM
                 
                 	.MACRO __POINTD2FN
                 	LDI  R26,LOW(2*@0+(@1))
                 	LDI  R27,HIGH(2*@0+(@1))
                 	LDI  R24,BYTE3(2*@0+(@1))
                 	LDI  R25,BYTE4(2*@0+(@1))
                 	.ENDM
                 
                 	.MACRO __POINTBRM
                 	LDI  R@0,LOW(@1)
                 	.ENDM
                 
                 	.MACRO __POINTWRM
                 	LDI  R@0,LOW(@2)
                 	LDI  R@1,HIGH(@2)
                 	.ENDM
                 
                 	.MACRO __POINTBRMN
                 	LDI  R@0,LOW(@1+(@2))
                 	.ENDM
                 
                 	.MACRO __POINTWRMN
                 	LDI  R@0,LOW(@2+(@3))
                 	LDI  R@1,HIGH(@2+(@3))
                 	.ENDM
                 
                 	.MACRO __POINTWRFN
                 	LDI  R@0,LOW(@2*2+(@3))
                 	LDI  R@1,HIGH(@2*2+(@3))
                 	.ENDM
                 
                 	.MACRO __GETD1N
                 	LDI  R30,LOW(@0)
                 	LDI  R31,HIGH(@0)
                 	LDI  R22,BYTE3(@0)
                 	LDI  R23,BYTE4(@0)
                 	.ENDM
                 
                 	.MACRO __GETD2N
                 	LDI  R26,LOW(@0)
                 	LDI  R27,HIGH(@0)
                 	LDI  R24,BYTE3(@0)
                 	LDI  R25,BYTE4(@0)
                 	.ENDM
                 
                 	.MACRO __GETB1MN
                 	LDS  R30,@0+(@1)
                 	.ENDM
                 
                 	.MACRO __GETB1HMN
                 	LDS  R31,@0+(@1)
                 	.ENDM
                 
                 	.MACRO __GETW1MN
                 	LDS  R30,@0+(@1)
                 	LDS  R31,@0+(@1)+1
                 	.ENDM
                 
                 	.MACRO __GETD1MN
                 	LDS  R30,@0+(@1)
                 	LDS  R31,@0+(@1)+1
                 	LDS  R22,@0+(@1)+2
                 	LDS  R23,@0+(@1)+3
                 	.ENDM
                 
                 	.MACRO __GETBRMN
                 	LDS  R@0,@1+(@2)
                 	.ENDM
                 
                 	.MACRO __GETWRMN
                 	LDS  R@0,@2+(@3)
                 	LDS  R@1,@2+(@3)+1
                 	.ENDM
                 
                 	.MACRO __GETWRZ
                 	LDD  R@0,Z+@2
                 	LDD  R@1,Z+@2+1
                 	.ENDM
                 
                 	.MACRO __GETD2Z
                 	LDD  R26,Z+@0
                 	LDD  R27,Z+@0+1
                 	LDD  R24,Z+@0+2
                 	LDD  R25,Z+@0+3
                 	.ENDM
                 
                 	.MACRO __GETB2MN
                 	LDS  R26,@0+(@1)
                 	.ENDM
                 
                 	.MACRO __GETW2MN
                 	LDS  R26,@0+(@1)
                 	LDS  R27,@0+(@1)+1
                 	.ENDM
                 
                 	.MACRO __GETD2MN
                 	LDS  R26,@0+(@1)
                 	LDS  R27,@0+(@1)+1
                 	LDS  R24,@0+(@1)+2
                 	LDS  R25,@0+(@1)+3
                 	.ENDM
                 
                 	.MACRO __PUTB1MN
                 	STS  @0+(@1),R30
                 	.ENDM
                 
                 	.MACRO __PUTW1MN
                 	STS  @0+(@1),R30
                 	STS  @0+(@1)+1,R31
                 	.ENDM
                 
                 	.MACRO __PUTD1MN
                 	STS  @0+(@1),R30
                 	STS  @0+(@1)+1,R31
                 	STS  @0+(@1)+2,R22
                 	STS  @0+(@1)+3,R23
                 	.ENDM
                 
                 	.MACRO __PUTB1EN
                 	LDI  R26,LOW(@0+(@1))
                 	LDI  R27,HIGH(@0+(@1))
                 	RCALL __EEPROMWRB
                 	.ENDM
                 
                 	.MACRO __PUTW1EN
                 	LDI  R26,LOW(@0+(@1))
                 	LDI  R27,HIGH(@0+(@1))
                 	RCALL __EEPROMWRW
                 	.ENDM
                 
                 	.MACRO __PUTD1EN
                 	LDI  R26,LOW(@0+(@1))
                 	LDI  R27,HIGH(@0+(@1))
                 	RCALL __EEPROMWRD
                 	.ENDM
                 
                 	.MACRO __PUTBR0MN
                 	STS  @0+(@1),R0
                 	.ENDM
                 
                 	.MACRO __PUTBMRN
                 	STS  @0+(@1),R@2
                 	.ENDM
                 
                 	.MACRO __PUTWMRN
                 	STS  @0+(@1),R@2
                 	STS  @0+(@1)+1,R@3
                 	.ENDM
                 
                 	.MACRO __PUTBZR
                 	STD  Z+@1,R@0
                 	.ENDM
                 
                 	.MACRO __PUTWZR
                 	STD  Z+@2,R@0
                 	STD  Z+@2+1,R@1
                 	.ENDM
                 
                 	.MACRO __GETW1R
                 	MOV  R30,R@0
                 	MOV  R31,R@1
                 	.ENDM
                 
                 	.MACRO __GETW2R
                 	MOV  R26,R@0
                 	MOV  R27,R@1
                 	.ENDM
                 
                 	.MACRO __GETWRN
                 	LDI  R@0,LOW(@2)
                 	LDI  R@1,HIGH(@2)
                 	.ENDM
                 
                 	.MACRO __PUTW1R
                 	MOV  R@0,R30
                 	MOV  R@1,R31
                 	.ENDM
                 
                 	.MACRO __PUTW2R
                 	MOV  R@0,R26
                 	MOV  R@1,R27
                 	.ENDM
                 
                 	.MACRO __ADDWRN
                 	SUBI R@0,LOW(-@2)
                 	SBCI R@1,HIGH(-@2)
                 	.ENDM
                 
                 	.MACRO __ADDWRR
                 	ADD  R@0,R@2
                 	ADC  R@1,R@3
                 	.ENDM
                 
                 	.MACRO __SUBWRN
                 	SUBI R@0,LOW(@2)
                 	SBCI R@1,HIGH(@2)
                 	.ENDM
                 
                 	.MACRO __SUBWRR
                 	SUB  R@0,R@2
                 	SBC  R@1,R@3
                 	.ENDM
                 
                 	.MACRO __ANDWRN
                 	ANDI R@0,LOW(@2)
                 	ANDI R@1,HIGH(@2)
                 	.ENDM
                 
                 	.MACRO __ANDWRR
                 	AND  R@0,R@2
                 	AND  R@1,R@3
                 	.ENDM
                 
                 	.MACRO __ORWRN
                 	ORI  R@0,LOW(@2)
                 	ORI  R@1,HIGH(@2)
                 	.ENDM
                 
                 	.MACRO __ORWRR
                 	OR   R@0,R@2
                 	OR   R@1,R@3
                 	.ENDM
                 
                 	.MACRO __EORWRR
                 	EOR  R@0,R@2
                 	EOR  R@1,R@3
                 	.ENDM
                 
                 	.MACRO __GETWRS
                 	LDD  R@0,Y+@2
                 	LDD  R@1,Y+@2+1
                 	.ENDM
                 
                 	.MACRO __PUTBSR
                 	STD  Y+@1,R@0
                 	.ENDM
                 
                 	.MACRO __PUTWSR
                 	STD  Y+@2,R@0
                 	STD  Y+@2+1,R@1
                 	.ENDM
                 
                 	.MACRO __MOVEWRR
                 	MOV  R@0,R@2
                 	MOV  R@1,R@3
                 	.ENDM
                 
                 	.MACRO __INWR
                 	IN   R@0,@2
                 	IN   R@1,@2+1
                 	.ENDM
                 
                 	.MACRO __OUTWR
                 	OUT  @2+1,R@1
                 	OUT  @2,R@0
                 	.ENDM
                 
                 	.MACRO __CALL1MN
                 	LDS  R30,@0+(@1)
                 	LDS  R31,@0+(@1)+1
                 	ICALL
                 	.ENDM
                 
                 	.MACRO __CALL1FN
                 	LDI  R30,LOW(2*@0+(@1))
                 	LDI  R31,HIGH(2*@0+(@1))
                 	RCALL __GETW1PF
                 	ICALL
                 	.ENDM
                 
                 	.MACRO __CALL2EN
                 	LDI  R26,LOW(@0+(@1))
                 	LDI  R27,HIGH(@0+(@1))
                 	RCALL __EEPROMRDW
                 	ICALL
                 	.ENDM
                 
                 	.MACRO __GETW1STACK
                 	IN   R26,SPL
                 	IN   R27,SPH
                 	ADIW R26,@0+1
                 	LD   R30,X+
                 	LD   R31,X
                 	.ENDM
                 
                 	.MACRO __GETD1STACK
                 	IN   R26,SPL
                 	IN   R27,SPH
                 	ADIW R26,@0+1
                 	LD   R30,X+
                 	LD   R31,X+
                 	LD   R22,X
                 	.ENDM
                 
                 	.MACRO __NBST
                 	BST  R@0,@1
                 	IN   R30,SREG
                 	LDI  R31,0x40
                 	EOR  R30,R31
                 	OUT  SREG,R30
                 	.ENDM
                 
                 
                 	.MACRO __PUTB1SN
                 	LDD  R26,Y+@0
                 	LDD  R27,Y+@0+1
                 	SUBI R26,LOW(-@1)
                 	SBCI R27,HIGH(-@1)
                 	ST   X,R30
                 	.ENDM
                 
                 	.MACRO __PUTW1SN
                 	LDD  R26,Y+@0
                 	LDD  R27,Y+@0+1
                 	SUBI R26,LOW(-@1)
                 	SBCI R27,HIGH(-@1)
                 	ST   X+,R30
                 	ST   X,R31
                 	.ENDM
                 
                 	.MACRO __PUTD1SN
                 	LDD  R26,Y+@0
                 	LDD  R27,Y+@0+1
                 	SUBI R26,LOW(-@1)
                 	SBCI R27,HIGH(-@1)
                 	RCALL __PUTDP1
                 	.ENDM
                 
                 	.MACRO __PUTB1SNS
                 	LDD  R26,Y+@0
                 	LDD  R27,Y+@0+1
                 	ADIW R26,@1
                 	ST   X,R30
                 	.ENDM
                 
                 	.MACRO __PUTW1SNS
                 	LDD  R26,Y+@0
                 	LDD  R27,Y+@0+1
                 	ADIW R26,@1
                 	ST   X+,R30
                 	ST   X,R31
                 	.ENDM
                 
                 	.MACRO __PUTD1SNS
                 	LDD  R26,Y+@0
                 	LDD  R27,Y+@0+1
                 	ADIW R26,@1
                 	RCALL __PUTDP1
                 	.ENDM
                 
                 	.MACRO __PUTB1PMN
                 	LDS  R26,@0
                 	LDS  R27,@0+1
                 	SUBI R26,LOW(-@1)
                 	SBCI R27,HIGH(-@1)
                 	ST   X,R30
                 	.ENDM
                 
                 	.MACRO __PUTW1PMN
                 	LDS  R26,@0
                 	LDS  R27,@0+1
                 	SUBI R26,LOW(-@1)
                 	SBCI R27,HIGH(-@1)
                 	ST   X+,R30
                 	ST   X,R31
                 	.ENDM
                 
                 	.MACRO __PUTD1PMN
                 	LDS  R26,@0
                 	LDS  R27,@0+1
                 	SUBI R26,LOW(-@1)
                 	SBCI R27,HIGH(-@1)
                 	RCALL __PUTDP1
                 	.ENDM
                 
                 	.MACRO __PUTB1PMNS
                 	LDS  R26,@0
                 	LDS  R27,@0+1
                 	ADIW R26,@1
                 	ST   X,R30
                 	.ENDM
                 
                 	.MACRO __PUTW1PMNS
                 	LDS  R26,@0
                 	LDS  R27,@0+1
                 	ADIW R26,@1
                 	ST   X+,R30
                 	ST   X,R31
                 	.ENDM
                 
                 	.MACRO __PUTD1PMNS
                 	LDS  R26,@0
                 	LDS  R27,@0+1
                 	ADIW R26,@1
                 	RCALL __PUTDP1
                 	.ENDM
                 
                 	.MACRO __PUTB1RN
                 	MOVW R26,R@0
                 	SUBI R26,LOW(-@1)
                 	SBCI R27,HIGH(-@1)
                 	ST   X,R30
                 	.ENDM
                 
                 	.MACRO __PUTW1RN
                 	MOVW R26,R@0
                 	SUBI R26,LOW(-@1)
                 	SBCI R27,HIGH(-@1)
                 	ST   X+,R30
                 	ST   X,R31
                 	.ENDM
                 
                 	.MACRO __PUTD1RN
                 	MOVW R26,R@0
                 	SUBI R26,LOW(-@1)
                 	SBCI R27,HIGH(-@1)
                 	RCALL __PUTDP1
                 	.ENDM
                 
                 	.MACRO __PUTB1RNS
                 	MOVW R26,R@0
                 	ADIW R26,@1
                 	ST   X,R30
                 	.ENDM
                 
                 	.MACRO __PUTW1RNS
                 	MOVW R26,R@0
                 	ADIW R26,@1
                 	ST   X+,R30
                 	ST   X,R31
                 	.ENDM
                 
                 	.MACRO __PUTD1RNS
                 	MOVW R26,R@0
                 	ADIW R26,@1
                 	RCALL __PUTDP1
                 	.ENDM
                 
                 	.MACRO __PUTB1RON
                 	MOV  R26,R@0
                 	MOV  R27,R@1
                 	SUBI R26,LOW(-@2)
                 	SBCI R27,HIGH(-@2)
                 	ST   X,R30
                 	.ENDM
                 
                 	.MACRO __PUTW1RON
                 	MOV  R26,R@0
                 	MOV  R27,R@1
                 	SUBI R26,LOW(-@2)
                 	SBCI R27,HIGH(-@2)
                 	ST   X+,R30
                 	ST   X,R31
                 	.ENDM
                 
                 	.MACRO __PUTD1RON
                 	MOV  R26,R@0
                 	MOV  R27,R@1
                 	SUBI R26,LOW(-@2)
                 	SBCI R27,HIGH(-@2)
                 	RCALL __PUTDP1
                 	.ENDM
                 
                 	.MACRO __PUTB1RONS
                 	MOV  R26,R@0
                 	MOV  R27,R@1
                 	ADIW R26,@2
                 	ST   X,R30
                 	.ENDM
                 
                 	.MACRO __PUTW1RONS
                 	MOV  R26,R@0
                 	MOV  R27,R@1
                 	ADIW R26,@2
                 	ST   X+,R30
                 	ST   X,R31
                 	.ENDM
                 
                 	.MACRO __PUTD1RONS
                 	MOV  R26,R@0
                 	MOV  R27,R@1
                 	ADIW R26,@2
                 	RCALL __PUTDP1
                 	.ENDM
                 
                 
                 	.MACRO __GETB1SX
                 	MOVW R30,R28
                 	SUBI R30,LOW(-@0)
                 	SBCI R31,HIGH(-@0)
                 	LD   R30,Z
                 	.ENDM
                 
                 	.MACRO __GETB1HSX
                 	MOVW R30,R28
                 	SUBI R30,LOW(-@0)
                 	SBCI R31,HIGH(-@0)
                 	LD   R31,Z
                 	.ENDM
                 
                 	.MACRO __GETW1SX
                 	MOVW R30,R28
                 	SUBI R30,LOW(-@0)
                 	SBCI R31,HIGH(-@0)
                 	LD   R0,Z+
                 	LD   R31,Z
                 	MOV  R30,R0
                 	.ENDM
                 
                 	.MACRO __GETD1SX
                 	MOVW R30,R28
                 	SUBI R30,LOW(-@0)
                 	SBCI R31,HIGH(-@0)
                 	LD   R0,Z+
                 	LD   R1,Z+
                 	LD   R22,Z+
                 	LD   R23,Z
                 	MOVW R30,R0
                 	.ENDM
                 
                 	.MACRO __GETB2SX
                 	MOVW R26,R28
                 	SUBI R26,LOW(-@0)
                 	SBCI R27,HIGH(-@0)
                 	LD   R26,X
                 	.ENDM
                 
                 	.MACRO __GETW2SX
                 	MOVW R26,R28
                 	SUBI R26,LOW(-@0)
                 	SBCI R27,HIGH(-@0)
                 	LD   R0,X+
                 	LD   R27,X
                 	MOV  R26,R0
                 	.ENDM
                 
                 	.MACRO __GETD2SX
                 	MOVW R26,R28
                 	SUBI R26,LOW(-@0)
                 	SBCI R27,HIGH(-@0)
                 	LD   R0,X+
                 	LD   R1,X+
                 	LD   R24,X+
                 	LD   R25,X
                 	MOVW R26,R0
                 	.ENDM
                 
                 	.MACRO __GETBRSX
                 	MOVW R30,R28
                 	SUBI R30,LOW(-@1)
                 	SBCI R31,HIGH(-@1)
                 	LD   R@0,Z
                 	.ENDM
                 
                 	.MACRO __GETWRSX
                 	MOVW R30,R28
                 	SUBI R30,LOW(-@2)
                 	SBCI R31,HIGH(-@2)
                 	LD   R@0,Z+
                 	LD   R@1,Z
                 	.ENDM
                 
                 	.MACRO __GETBRSX2
                 	MOVW R26,R28
                 	SUBI R26,LOW(-@1)
                 	SBCI R27,HIGH(-@1)
                 	LD   R@0,X
                 	.ENDM
                 
                 	.MACRO __GETWRSX2
                 	MOVW R26,R28
                 	SUBI R26,LOW(-@2)
                 	SBCI R27,HIGH(-@2)
                 	LD   R@0,X+
                 	LD   R@1,X
                 	.ENDM
                 
                 	.MACRO __LSLW8SX
                 	MOVW R30,R28
                 	SUBI R30,LOW(-@0)
                 	SBCI R31,HIGH(-@0)
                 	LD   R31,Z
                 	CLR  R30
                 	.ENDM
                 
                 	.MACRO __PUTB1SX
                 	MOVW R26,R28
                 	SUBI R26,LOW(-@0)
                 	SBCI R27,HIGH(-@0)
                 	ST   X,R30
                 	.ENDM
                 
                 	.MACRO __PUTW1SX
                 	MOVW R26,R28
                 	SUBI R26,LOW(-@0)
                 	SBCI R27,HIGH(-@0)
                 	ST   X+,R30
                 	ST   X,R31
                 	.ENDM
                 
                 	.MACRO __PUTD1SX
                 	MOVW R26,R28
                 	SUBI R26,LOW(-@0)
                 	SBCI R27,HIGH(-@0)
                 	ST   X+,R30
                 	ST   X+,R31
                 	ST   X+,R22
                 	ST   X,R23
                 	.ENDM
                 
                 	.MACRO __CLRW1SX
                 	MOVW R26,R28
                 	SUBI R26,LOW(-@0)
                 	SBCI R27,HIGH(-@0)
                 	ST   X+,R30
                 	ST   X,R30
                 	.ENDM
                 
                 	.MACRO __CLRD1SX
                 	MOVW R26,R28
                 	SUBI R26,LOW(-@0)
                 	SBCI R27,HIGH(-@0)
                 	ST   X+,R30
                 	ST   X+,R30
                 	ST   X+,R30
                 	ST   X,R30
                 	.ENDM
                 
                 	.MACRO __PUTB2SX
                 	MOVW R30,R28
                 	SUBI R30,LOW(-@0)
                 	SBCI R31,HIGH(-@0)
                 	ST   Z,R26
                 	.ENDM
                 
                 	.MACRO __PUTW2SX
                 	MOVW R30,R28
                 	SUBI R30,LOW(-@0)
                 	SBCI R31,HIGH(-@0)
                 	ST   Z+,R26
                 	ST   Z,R27
                 	.ENDM
                 
                 	.MACRO __PUTD2SX
                 	MOVW R30,R28
                 	SUBI R30,LOW(-@0)
                 	SBCI R31,HIGH(-@0)
                 	ST   Z+,R26
                 	ST   Z+,R27
                 	ST   Z+,R24
                 	ST   Z,R25
                 	.ENDM
                 
                 	.MACRO __PUTBSRX
                 	MOVW R30,R28
                 	SUBI R30,LOW(-@1)
                 	SBCI R31,HIGH(-@1)
                 	ST   Z,R@0
                 	.ENDM
                 
                 	.MACRO __PUTWSRX
                 	MOVW R30,R28
                 	SUBI R30,LOW(-@2)
                 	SBCI R31,HIGH(-@2)
                 	ST   Z+,R@0
                 	ST   Z,R@1
                 	.ENDM
                 
                 	.MACRO __PUTB1SNX
                 	MOVW R26,R28
                 	SUBI R26,LOW(-@0)
                 	SBCI R27,HIGH(-@0)
                 	LD   R0,X+
                 	LD   R27,X
                 	MOV  R26,R0
                 	SUBI R26,LOW(-@1)
                 	SBCI R27,HIGH(-@1)
                 	ST   X,R30
                 	.ENDM
                 
                 	.MACRO __PUTW1SNX
                 	MOVW R26,R28
                 	SUBI R26,LOW(-@0)
                 	SBCI R27,HIGH(-@0)
                 	LD   R0,X+
                 	LD   R27,X
                 	MOV  R26,R0
                 	SUBI R26,LOW(-@1)
                 	SBCI R27,HIGH(-@1)
                 	ST   X+,R30
                 	ST   X,R31
                 	.ENDM
                 
                 	.MACRO __PUTD1SNX
                 	MOVW R26,R28
                 	SUBI R26,LOW(-@0)
                 	SBCI R27,HIGH(-@0)
                 	LD   R0,X+
                 	LD   R27,X
                 	MOV  R26,R0
                 	SUBI R26,LOW(-@1)
                 	SBCI R27,HIGH(-@1)
                 	ST   X+,R30
                 	ST   X+,R31
                 	ST   X+,R22
                 	ST   X,R23
                 	.ENDM
                 
                 	.MACRO __MULBRR
                 	MULS R@0,R@1
                 	MOVW R30,R0
                 	.ENDM
                 
                 	.MACRO __MULBRRU
                 	MUL  R@0,R@1
                 	MOVW R30,R0
                 	.ENDM
                 
                 	.MACRO __MULBRR0
                 	MULS R@0,R@1
                 	.ENDM
                 
                 	.MACRO __MULBRRU0
                 	MUL  R@0,R@1
                 	.ENDM
                 
                 	.MACRO __MULBNWRU
                 	LDI  R26,@2
                 	MUL  R26,R@0
                 	MOVW R30,R0
                 	MUL  R26,R@1
                 	ADD  R31,R0
                 	.ENDM
                 
                 ;NAME DEFINITIONS FOR GLOBAL VARIABLES ALLOCATED TO REGISTERS
                 	.DEF _rx_wr_index=R5
                 	.DEF _rx_rd_index=R4
                 	.DEF _rx_counter=R7
                 
                 	.CSEG
                 	.ORG 0x00
                 
                 ;START OF CODE MARKER
                 __START_OF_CODE:
                 
                 ;INTERRUPT VECTORS
000000 c024      	RJMP __RESET
000001 cffe      	RJMP 0x00
000002 cffd      	RJMP 0x00
000003 cffc      	RJMP 0x00
000004 cffb      	RJMP 0x00
000005 cffa      	RJMP 0x00
000006 cff9      	RJMP 0x00
000007 cff8      	RJMP 0x00
000008 cff7      	RJMP 0x00
000009 cff6      	RJMP 0x00
00000a cff5      	RJMP 0x00
00000b c048      	RJMP _usart_rx_isr
00000c cff3      	RJMP 0x00
00000d cff2      	RJMP 0x00
00000e cff1      	RJMP 0x00
00000f cff0      	RJMP 0x00
000010 cfef      	RJMP 0x00
000011 cfee      	RJMP 0x00
000012 cfed      	RJMP 0x00
000013 cfec      	RJMP 0x00
000014 cfeb      	RJMP 0x00
                 
                 _tbl10_G100:
000015 2710
000016 03e8
000017 0064
000018 000a      	.DB  0x10,0x27,0xE8,0x3,0x64,0x0,0xA,0x0
000019 0001      	.DB  0x1,0x0
                 _tbl16_G100:
00001a 1000
00001b 0100
00001c 0010
00001d 0001      	.DB  0x0,0x10,0x0,0x1,0x10,0x0,0x1,0x0
                 
                 ;REGISTER BIT VARIABLES INITIALIZATION
                 __REG_BIT_VARS:
00001e 0000      	.DW  0x0000
                 
                 _0x0:
00001f 6425
D:\Belajar\AVR Project\Prak07 (USART)\List\usart1.asm(1114): warning: .cseg .db misalignment - padding zero byte
000020 0000      	.DB  0x25,0x64,0x0
                 
                 __GLOBAL_INI_TBL:
000021 0001      	.DW  0x01
000022 0002      	.DW  0x02
000023 003c      	.DW  __REG_BIT_VARS*2
                 
                 _0xFFFFFFFF:
000024 0000      	.DW  0
                 
                 __RESET:
000025 94f8      	CLI
000026 27ee      	CLR  R30
000027 bbec      	OUT  EECR,R30
                 
                 ;INTERRUPT VECTORS ARE PLACED
                 ;AT THE START OF FLASH
000028 e0f1      	LDI  R31,1
000029 bffb      	OUT  GICR,R31
00002a bfeb      	OUT  GICR,R30
00002b bfe5      	OUT  MCUCR,R30
                 
                 ;DISABLE WATCHDOG
00002c e1f8      	LDI  R31,0x18
00002d bdf1      	OUT  WDTCR,R31
00002e bde1      	OUT  WDTCR,R30
                 
                 ;CLEAR R2-R14
00002f e08d      	LDI  R24,(14-2)+1
000030 e0a2      	LDI  R26,2
000031 27bb      	CLR  R27
                 __CLEAR_REG:
000032 93ed      	ST   X+,R30
000033 958a      	DEC  R24
000034 f7e9      	BRNE __CLEAR_REG
                 
                 ;CLEAR SRAM
000035 e080      	LDI  R24,LOW(__CLEAR_SRAM_SIZE)
000036 e092      	LDI  R25,HIGH(__CLEAR_SRAM_SIZE)
000037 e6a0      	LDI  R26,__SRAM_START
                 __CLEAR_SRAM:
000038 93ed      	ST   X+,R30
000039 9701      	SBIW R24,1
00003a f7e9      	BRNE __CLEAR_SRAM
                 
                 ;GLOBAL VARIABLES INITIALIZATION
00003b e4e2      	LDI  R30,LOW(__GLOBAL_INI_TBL*2)
00003c e0f0      	LDI  R31,HIGH(__GLOBAL_INI_TBL*2)
                 __GLOBAL_INI_NEXT:
00003d 9185      	LPM  R24,Z+
00003e 9195      	LPM  R25,Z+
00003f 9700      	SBIW R24,0
000040 f061      	BREQ __GLOBAL_INI_END
000041 91a5      	LPM  R26,Z+
000042 91b5      	LPM  R27,Z+
000043 9005      	LPM  R0,Z+
000044 9015      	LPM  R1,Z+
000045 01bf      	MOVW R22,R30
000046 01f0      	MOVW R30,R0
                 __GLOBAL_INI_LOOP:
000047 9005      	LPM  R0,Z+
000048 920d      	ST   X+,R0
000049 9701      	SBIW R24,1
00004a f7e1      	BRNE __GLOBAL_INI_LOOP
00004b 01fb      	MOVW R30,R22
00004c cff0      	RJMP __GLOBAL_INI_NEXT
                 __GLOBAL_INI_END:
                 
                 ;HARDWARE STACK POINTER INITIALIZATION
00004d e5ef      	LDI  R30,LOW(__SRAM_END-__HEAP_SIZE)
00004e bfed      	OUT  SPL,R30
00004f e0e2      	LDI  R30,HIGH(__SRAM_END-__HEAP_SIZE)
000050 bfee      	OUT  SPH,R30
                 
                 ;DATA STACK POINTER INITIALIZATION
000051 eec0      	LDI  R28,LOW(__SRAM_START+__DSTACK_SIZE)
000052 e0d0      	LDI  R29,HIGH(__SRAM_START+__DSTACK_SIZE)
                 
000053 c021      	RJMP _main
                 
                 	.ESEG
                 	.ORG 0
                 
                 	.DSEG
                 	.ORG 0xE0
                 
                 	.CSEG
                 ;/*****************************************************
                 ;This program was produced by the
                 ;CodeWizardAVR V2.05.3 Standard
                 ;Automatic Program Generator
                 ;© Copyright 1998-2011 Pavel Haiduc, HP InfoTech s.r.l.
                 ;http://www.hpinfotech.com
                 ;
                 ;Project :
                 ;Version :
                 ;Date    : 5/23/2019
                 ;Author  : unknown
                 ;Company :
                 ;Comments:
                 ;
                 ;
                 ;Chip type               : ATmega8535
                 ;Program type            : Application
                 ;AVR Core Clock frequency: 11.059200 MHz
                 ;Memory model            : Small
                 ;External RAM size       : 0
                 ;Data Stack size         : 128
                 ;*****************************************************/
                 ;
                 ;#include <mega8535.h>
                 	#ifndef __SLEEP_DEFINED__
                 	#define __SLEEP_DEFINED__
                 	.EQU __se_bit=0x40
                 	.EQU __sm_mask=0xB0
                 	.EQU __sm_powerdown=0x20
                 	.EQU __sm_powersave=0x30
                 	.EQU __sm_standby=0xA0
                 	.EQU __sm_ext_standby=0xB0
                 	.EQU __sm_adc_noise_red=0x10
                 	.SET power_ctrl_reg=mcucr
                 	#endif
                 ;#include <stdio.h>
                 ;#include <delay.h>
                 ;
                 ;#ifndef RXB8
                 ;#define RXB8 1
                 ;#endif
                 ;
                 ;#ifndef TXB8
                 ;#define TXB8 0
                 ;#endif
                 ;
                 ;#ifndef UPE
                 ;#define UPE 2
                 ;#endif
                 ;
                 ;#ifndef DOR
                 ;#define DOR 3
                 ;#endif
                 ;
                 ;#ifndef FE
                 ;#define FE 4
                 ;#endif
                 ;
                 ;#ifndef UDRE
                 ;#define UDRE 5
                 ;#endif
                 ;
                 ;#ifndef RXC
                 ;#define RXC 7
                 ;#endif
                 ;
                 ;#define FRAMING_ERROR (1<<FE)
                 ;#define PARITY_ERROR (1<<UPE)
                 ;#define DATA_OVERRUN (1<<DOR)
                 ;#define DATA_REGISTER_EMPTY (1<<UDRE)
                 ;#define RX_COMPLETE (1<<RXC)
                 ;
                 ;// USART Receiver buffer
                 ;#define RX_BUFFER_SIZE 12
                 ;char rx_buffer[RX_BUFFER_SIZE];
                 ;
                 ;#if RX_BUFFER_SIZE <= 256
                 ;unsigned char rx_wr_index,rx_rd_index,rx_counter;
                 ;#else
                 ;unsigned int rx_wr_index,rx_rd_index,rx_counter;
                 ;#endif
                 ;
                 ;// This flag is set on USART Receiver buffer overflow
                 ;bit rx_buffer_overflow;
                 ;
                 ;// USART Receiver interrupt service routine
                 ;interrupt [USART_RXC] void usart_rx_isr(void)
                 ; 0000 004D {
                 
                 	.CSEG
                 _usart_rx_isr:
000054 93ea      	ST   -Y,R30
000055 93fa      	ST   -Y,R31
000056 b7ef      	IN   R30,SREG
000057 93ea      	ST   -Y,R30
                 ; 0000 004E char status,data;
                 ; 0000 004F status=UCSRA;
000058 d262      	RCALL __SAVELOCR2
                 ;	status -> R17
                 ;	data -> R16
000059 b11b      	IN   R17,11
                 ; 0000 0050 data=UDR;
00005a b10c      	IN   R16,12
                 ; 0000 0051 if ((status & (FRAMING_ERROR | PARITY_ERROR | DATA_OVERRUN))==0)
00005b 2fe1      	MOV  R30,R17
00005c 71ec      	ANDI R30,LOW(0x1C)
00005d f489      	BRNE _0x3
                 ; 0000 0052    {
                 ; 0000 0053    rx_buffer[rx_wr_index++]=data;
00005e 2de5      	MOV  R30,R5
00005f 9453      	INC  R5
000060 e0f0      	LDI  R31,0
000061 52e0      	SUBI R30,LOW(-_rx_buffer)
000062 4fff      	SBCI R31,HIGH(-_rx_buffer)
000063 8300      	ST   Z,R16
                 ; 0000 0054 #if RX_BUFFER_SIZE == 256
                 ; 0000 0055    // special case for receiver buffer size=256
                 ; 0000 0056    if (++rx_counter == 0) rx_buffer_overflow=1;
                 ; 0000 0057 #else
                 ; 0000 0058    if (rx_wr_index == RX_BUFFER_SIZE) rx_wr_index=0;
000064 e0ec      	LDI  R30,LOW(12)
000065 15e5      	CP   R30,R5
000066 f409      	BRNE _0x4
000067 2455      	CLR  R5
                 ; 0000 0059    if (++rx_counter == RX_BUFFER_SIZE)
                 _0x4:
000068 9473      	INC  R7
000069 e0ec      	LDI  R30,LOW(12)
00006a 15e7      	CP   R30,R7
00006b f419      	BRNE _0x5
                 ; 0000 005A       {
                 ; 0000 005B       rx_counter=0;
00006c 2477      	CLR  R7
                 ; 0000 005C       rx_buffer_overflow=1;
00006d 9468      	SET
00006e f820      	BLD  R2,0
                 ; 0000 005D       }
                 ; 0000 005E #endif
                 ; 0000 005F    }
                 _0x5:
                 ; 0000 0060 }
                 _0x3:
00006f d255      	RCALL __LOADLOCR2P
000070 91e9      	LD   R30,Y+
000071 bfef      	OUT  SREG,R30
000072 91f9      	LD   R31,Y+
000073 91e9      	LD   R30,Y+
000074 9518      	RETI
                 ;
                 ;#ifndef _DEBUG_TERMINAL_IO_
                 ;// Get a character from the USART Receiver buffer
                 ;#define _ALTERNATE_GETCHAR_
                 ;#pragma used+
                 ;char getchar(void)
                 ; 0000 0067 {
                 ; 0000 0068 char data;
                 ; 0000 0069 while (rx_counter==0);
                 ;	data -> R17
                 ; 0000 006A data=rx_buffer[rx_rd_index++];
                 ; 0000 006B #if RX_BUFFER_SIZE != 256
                 ; 0000 006C if (rx_rd_index == RX_BUFFER_SIZE) rx_rd_index=0;
                 ; 0000 006D #endif
                 ; 0000 006E #asm("cli")
                 ; 0000 006F --rx_counter;
                 ; 0000 0070 #asm("sei")
                 ; 0000 0071 return data;
                 ; 0000 0072 }
                 ;#pragma used-
                 ;#endif
                 ;
                 ;// Standard Input/Output functions
                 ;#include <stdio.h>
                 ;
                 ;// Declare your global variables here
                 ;
                 ;void main(void)
                 ; 0000 007C {
                 _main:
                 ; 0000 007D // Declare your local variables here
                 ; 0000 007E char dataserial, ascii[10];
                 ; 0000 007F // Input/Output Ports initialization
                 ; 0000 0080 // Port A initialization
                 ; 0000 0081 // Func7=In Func6=In Func5=In Func4=In Func3=In Func2=In Func1=In Func0=In
                 ; 0000 0082 // State7=T State6=T State5=T State4=T State3=T State2=T State1=T State0=T
                 ; 0000 0083 PORTA=0x00;
000075 972a      	SBIW R28,10
                 ;	dataserial -> R17
                 ;	ascii -> Y+0
000076 e0e0      	LDI  R30,LOW(0)
000077 bbeb      	OUT  0x1B,R30
                 ; 0000 0084 DDRA=0x00;
000078 bbea      	OUT  0x1A,R30
                 ; 0000 0085 
                 ; 0000 0086 // Port B initialization
                 ; 0000 0087 // Func7=Out Func6=Out Func5=Out Func4=Out Func3=Out Func2=Out Func1=Out Func0=Out
                 ; 0000 0088 // State7=0 State6=0 State5=0 State4=0 State3=0 State2=0 State1=0 State0=0
                 ; 0000 0089 PORTB=0x00;
000079 bbe8      	OUT  0x18,R30
                 ; 0000 008A DDRB=0xFF;
00007a efef      	LDI  R30,LOW(255)
00007b bbe7      	OUT  0x17,R30
                 ; 0000 008B 
                 ; 0000 008C // Port C initialization
                 ; 0000 008D // Func7=In Func6=In Func5=In Func4=In Func3=In Func2=In Func1=In Func0=In
                 ; 0000 008E // State7=P State6=P State5=P State4=P State3=P State2=P State1=P State0=P
                 ; 0000 008F PORTC=0xFF;
00007c bbe5      	OUT  0x15,R30
                 ; 0000 0090 DDRC=0x00;
00007d e0e0      	LDI  R30,LOW(0)
00007e bbe4      	OUT  0x14,R30
                 ; 0000 0091 
                 ; 0000 0092 // Port D initialization
                 ; 0000 0093 // Func7=In Func6=In Func5=In Func4=In Func3=In Func2=In Func1=In Func0=In
                 ; 0000 0094 // State7=T State6=T State5=T State4=T State3=T State2=T State1=T State0=T
                 ; 0000 0095 PORTD=0x00;
00007f bbe2      	OUT  0x12,R30
                 ; 0000 0096 DDRD=0x00;
000080 bbe1      	OUT  0x11,R30
                 ; 0000 0097 
                 ; 0000 0098 // Timer/Counter 0 initialization
                 ; 0000 0099 // Clock source: System Clock
                 ; 0000 009A // Clock value: Timer 0 Stopped
                 ; 0000 009B // Mode: Normal top=0xFF
                 ; 0000 009C // OC0 output: Disconnected
                 ; 0000 009D TCCR0=0x00;
000081 bfe3      	OUT  0x33,R30
                 ; 0000 009E TCNT0=0x00;
000082 bfe2      	OUT  0x32,R30
                 ; 0000 009F OCR0=0x00;
000083 bfec      	OUT  0x3C,R30
                 ; 0000 00A0 
                 ; 0000 00A1 // Timer/Counter 1 initialization
                 ; 0000 00A2 // Clock source: System Clock
                 ; 0000 00A3 // Clock value: Timer1 Stopped
                 ; 0000 00A4 // Mode: Normal top=0xFFFF
                 ; 0000 00A5 // OC1A output: Discon.
                 ; 0000 00A6 // OC1B output: Discon.
                 ; 0000 00A7 // Noise Canceler: Off
                 ; 0000 00A8 // Input Capture on Falling Edge
                 ; 0000 00A9 // Timer1 Overflow Interrupt: Off
                 ; 0000 00AA // Input Capture Interrupt: Off
                 ; 0000 00AB // Compare A Match Interrupt: Off
                 ; 0000 00AC // Compare B Match Interrupt: Off
                 ; 0000 00AD TCCR1A=0x00;
000084 bdef      	OUT  0x2F,R30
                 ; 0000 00AE TCCR1B=0x00;
000085 bdee      	OUT  0x2E,R30
                 ; 0000 00AF TCNT1H=0x00;
000086 bded      	OUT  0x2D,R30
                 ; 0000 00B0 TCNT1L=0x00;
000087 bdec      	OUT  0x2C,R30
                 ; 0000 00B1 ICR1H=0x00;
000088 bde7      	OUT  0x27,R30
                 ; 0000 00B2 ICR1L=0x00;
000089 bde6      	OUT  0x26,R30
                 ; 0000 00B3 OCR1AH=0x00;
00008a bdeb      	OUT  0x2B,R30
                 ; 0000 00B4 OCR1AL=0x00;
00008b bdea      	OUT  0x2A,R30
                 ; 0000 00B5 OCR1BH=0x00;
00008c bde9      	OUT  0x29,R30
                 ; 0000 00B6 OCR1BL=0x00;
00008d bde8      	OUT  0x28,R30
                 ; 0000 00B7 
                 ; 0000 00B8 // Timer/Counter 2 initialization
                 ; 0000 00B9 // Clock source: System Clock
                 ; 0000 00BA // Clock value: Timer2 Stopped
                 ; 0000 00BB // Mode: Normal top=0xFF
                 ; 0000 00BC // OC2 output: Disconnected
                 ; 0000 00BD ASSR=0x00;
00008e bde2      	OUT  0x22,R30
                 ; 0000 00BE TCCR2=0x00;
00008f bde5      	OUT  0x25,R30
                 ; 0000 00BF TCNT2=0x00;
000090 bde4      	OUT  0x24,R30
                 ; 0000 00C0 OCR2=0x00;
000091 bde3      	OUT  0x23,R30
                 ; 0000 00C1 
                 ; 0000 00C2 // External Interrupt(s) initialization
                 ; 0000 00C3 // INT0: Off
                 ; 0000 00C4 // INT1: Off
                 ; 0000 00C5 // INT2: Off
                 ; 0000 00C6 MCUCR=0x00;
000092 bfe5      	OUT  0x35,R30
                 ; 0000 00C7 MCUCSR=0x00;
000093 bfe4      	OUT  0x34,R30
                 ; 0000 00C8 
                 ; 0000 00C9 // Timer(s)/Counter(s) Interrupt(s) initialization
                 ; 0000 00CA TIMSK=0x00;
000094 bfe9      	OUT  0x39,R30
                 ; 0000 00CB 
                 ; 0000 00CC // USART initialization
                 ; 0000 00CD // Communication Parameters: 8 Data, 1 Stop, No Parity
                 ; 0000 00CE // USART Receiver: On
                 ; 0000 00CF // USART Transmitter: On
                 ; 0000 00D0 // USART Mode: Asynchronous
                 ; 0000 00D1 // USART Baud Rate: 9600
                 ; 0000 00D2 UCSRA=0x00;
000095 b9eb      	OUT  0xB,R30
                 ; 0000 00D3 UCSRB=0x98;
000096 e9e8      	LDI  R30,LOW(152)
000097 b9ea      	OUT  0xA,R30
                 ; 0000 00D4 UCSRC=0x86;
000098 e8e6      	LDI  R30,LOW(134)
000099 bde0      	OUT  0x20,R30
                 ; 0000 00D5 UBRRH=0x00;
00009a e0e0      	LDI  R30,LOW(0)
00009b bde0      	OUT  0x20,R30
                 ; 0000 00D6 UBRRL=0x47;
00009c e4e7      	LDI  R30,LOW(71)
00009d b9e9      	OUT  0x9,R30
                 ; 0000 00D7 
                 ; 0000 00D8 // Analog Comparator initialization
                 ; 0000 00D9 // Analog Comparator: Off
                 ; 0000 00DA // Analog Comparator Input Capture by Timer/Counter 1: Off
                 ; 0000 00DB ACSR=0x80;
00009e e8e0      	LDI  R30,LOW(128)
00009f b9e8      	OUT  0x8,R30
                 ; 0000 00DC SFIOR=0x00;
0000a0 e0e0      	LDI  R30,LOW(0)
0000a1 bfe0      	OUT  0x30,R30
                 ; 0000 00DD 
                 ; 0000 00DE // ADC initialization
                 ; 0000 00DF // ADC disabled
                 ; 0000 00E0 ADCSRA=0x00;
0000a2 b9e6      	OUT  0x6,R30
                 ; 0000 00E1 
                 ; 0000 00E2 // SPI initialization
                 ; 0000 00E3 // SPI disabled
                 ; 0000 00E4 SPCR=0x00;
0000a3 b9ed      	OUT  0xD,R30
                 ; 0000 00E5 
                 ; 0000 00E6 // TWI initialization
                 ; 0000 00E7 // TWI disabled
                 ; 0000 00E8 TWCR=0x00;
0000a4 bfe6      	OUT  0x36,R30
                 ; 0000 00E9 
                 ; 0000 00EA // Global enable interrupts
                 ; 0000 00EB #asm("sei")
0000a5 9478      	sei
                 ; 0000 00EC 
                 ; 0000 00ED while (1)
                 _0xA:
                 ; 0000 00EE       {
                 ; 0000 00EF       // Place your code here
                 ; 0000 00F0       dataserial = PINC;
0000a6 b313      	IN   R17,19
                 ; 0000 00F1       PORTB = PINC;           // membaca data dari dipswitch
0000a7 b3e3      	IN   R30,0x13
0000a8 bbe8      	OUT  0x18,R30
                 ; 0000 00F2       sprintf(ascii, "%d", dataserial); // mengubah data dari dipswitch ke format string
0000a9 01fe      	MOVW R30,R28
0000aa d1b2      	RCALL SUBOPT_0x0
                +
0000ab e3ee     +LDI R30 , LOW ( 2 * _0x0 + ( 0 ) )
0000ac e0f0     +LDI R31 , HIGH ( 2 * _0x0 + ( 0 ) )
                 	__POINTW1FN _0x0,0
0000ad d1af      	RCALL SUBOPT_0x0
0000ae 2fe1      	MOV  R30,R17
0000af 27ff      	CLR  R31
0000b0 2766      	CLR  R22
0000b1 2777      	CLR  R23
0000b2 d1ff      	RCALL __PUTPARD1
0000b3 e084      	LDI  R24,4
0000b4 d167      	RCALL _sprintf
0000b5 9628      	ADIW R28,8
                 ; 0000 00F3       puts(ascii);                      // mengirimkan data string ke port serial
0000b6 01de      	MOVW R26,R28
0000b7 d00c      	RCALL _puts
                 ; 0000 00F4       delay_ms(100);	// delay setengah detik untuk pembacaaan data berikutnya
0000b8 e6a4      	LDI  R26,LOW(100)
0000b9 e0b0      	LDI  R27,0
0000ba d1dd      	RCALL _delay_ms
                 ; 0000 00F5       }
0000bb cfea      	RJMP _0xA
                 ; 0000 00F6 }
                 _0xD:
0000bc cfff      	RJMP _0xD
                 	#ifndef __SLEEP_DEFINED__
                 	#endif
                 
                 	.CSEG
                 _putchar:
0000bd 93aa      	ST   -Y,R26
                 putchar0:
0000be 9b5d           sbis usr,udre
0000bf cffe           rjmp putchar0
0000c0 81e8           ld   r30,y
0000c1 b9ec           out  udr,r30
0000c2 9621      	ADIW R28,1
0000c3 9508      	RET
                 _puts:
0000c4 d19b      	RCALL SUBOPT_0x1
0000c5 931a      	ST   -Y,R17
                 _0x2000003:
0000c6 81a9      	LDD  R26,Y+1
0000c7 81ba      	LDD  R27,Y+1+1
0000c8 91ed      	LD   R30,X+
0000c9 83a9      	STD  Y+1,R26
0000ca 83ba      	STD  Y+1+1,R27
0000cb 2f1e      	MOV  R17,R30
0000cc 30e0      	CPI  R30,0
0000cd f019      	BREQ _0x2000005
0000ce 2fa1      	MOV  R26,R17
0000cf dfed      	RCALL _putchar
0000d0 cff5      	RJMP _0x2000003
                 _0x2000005:
0000d1 e0aa      	LDI  R26,LOW(10)
0000d2 dfea      	RCALL _putchar
0000d3 8118      	LDD  R17,Y+0
0000d4 9623      	ADIW R28,3
0000d5 9508      	RET
                 _put_buff_G100:
0000d6 d189      	RCALL SUBOPT_0x1
0000d7 d1e3      	RCALL __SAVELOCR2
0000d8 d18a      	RCALL SUBOPT_0x2
0000d9 9612      	ADIW R26,2
0000da d1cf      	RCALL __GETW1P
0000db 9730      	SBIW R30,0
0000dc f0f1      	BREQ _0x2000010
0000dd d185      	RCALL SUBOPT_0x2
0000de d187      	RCALL SUBOPT_0x3
0000df 018f      	MOVW R16,R30
0000e0 9730      	SBIW R30,0
0000e1 f061      	BREQ _0x2000012
                +
0000e2 3002     +CPI R16 , LOW ( 2 )
0000e3 e0e0     +LDI R30 , HIGH ( 2 )
0000e4 071e     +CPC R17 , R30
                 	__CPWRN 16,17,2
0000e5 f0a0      	BRLO _0x2000013
0000e6 01f8      	MOVW R30,R16
0000e7 9731      	SBIW R30,1
0000e8 018f      	MOVW R16,R30
                +
0000e9 81aa     +LDD R26 , Y + 2
0000ea 81bb     +LDD R27 , Y + 2 + 1
0000eb 9614     +ADIW R26 , 4
0000ec 93ed     +ST X + , R30
0000ed 93fc     +ST X , R31
                 	__PUTW1SNS 2,4
                 _0x2000012:
0000ee d174      	RCALL SUBOPT_0x2
0000ef 9612      	ADIW R26,2
0000f0 d178      	RCALL SUBOPT_0x4
0000f1 9731      	SBIW R30,1
0000f2 81ac      	LDD  R26,Y+4
0000f3 83a0      	STD  Z+0,R26
0000f4 d16e      	RCALL SUBOPT_0x2
0000f5 d1b4      	RCALL __GETW1P
0000f6 23ff      	TST  R31
0000f7 f012      	BRMI _0x2000014
0000f8 d16a      	RCALL SUBOPT_0x2
0000f9 d16f      	RCALL SUBOPT_0x4
                 _0x2000014:
                 _0x2000013:
0000fa c005      	RJMP _0x2000015
                 _0x2000010:
0000fb d167      	RCALL SUBOPT_0x2
0000fc efef      	LDI  R30,LOW(65535)
0000fd efff      	LDI  R31,HIGH(65535)
0000fe 93ed      	ST   X+,R30
0000ff 93fc      	ST   X,R31
                 _0x2000015:
000100 d1c1      	RCALL __LOADLOCR2
000101 9625      	ADIW R28,5
000102 9508      	RET
                 __print_G100:
000103 d15c      	RCALL SUBOPT_0x1
000104 9726      	SBIW R28,6
000105 d1b1      	RCALL __SAVELOCR6
000106 e010      	LDI  R17,0
000107 85ac      	LDD  R26,Y+12
000108 85bd      	LDD  R27,Y+12+1
000109 e0e0      	LDI  R30,LOW(0)
00010a e0f0      	LDI  R31,HIGH(0)
00010b 93ed      	ST   X+,R30
00010c 93fc      	ST   X,R31
                 _0x2000016:
00010d 89ea      	LDD  R30,Y+18
00010e 89fb      	LDD  R31,Y+18+1
00010f 9631      	ADIW R30,1
000110 8bea      	STD  Y+18,R30
000111 8bfb      	STD  Y+18+1,R31
000112 9731      	SBIW R30,1
000113 91e4      	LPM  R30,Z
000114 2f2e      	MOV  R18,R30
000115 30e0      	CPI  R30,0
000116 f409      	BRNE PC+2
000117 c0fe      	RJMP _0x2000018
000118 2fe1      	MOV  R30,R17
000119 30e0      	CPI  R30,0
00011a f431      	BRNE _0x200001C
00011b 3225      	CPI  R18,37
00011c f411      	BRNE _0x200001D
00011d e011      	LDI  R17,LOW(1)
00011e c001      	RJMP _0x200001E
                 _0x200001D:
00011f d14f      	RCALL SUBOPT_0x5
                 _0x200001E:
000120 c0f4      	RJMP _0x200001B
                 _0x200001C:
000121 30e1      	CPI  R30,LOW(0x1)
000122 f4a1      	BRNE _0x200001F
000123 3225      	CPI  R18,37
000124 f411      	BRNE _0x2000020
000125 d149      	RCALL SUBOPT_0x5
000126 c0ed      	RJMP _0x20000C9
                 _0x2000020:
000127 e012      	LDI  R17,LOW(2)
000128 e040      	LDI  R20,LOW(0)
000129 e000      	LDI  R16,LOW(0)
00012a 322d      	CPI  R18,45
00012b f411      	BRNE _0x2000021
00012c e001      	LDI  R16,LOW(1)
00012d c0e7      	RJMP _0x200001B
                 _0x2000021:
00012e 322b      	CPI  R18,43
00012f f411      	BRNE _0x2000022
000130 e24b      	LDI  R20,LOW(43)
000131 c0e3      	RJMP _0x200001B
                 _0x2000022:
000132 3220      	CPI  R18,32
000133 f411      	BRNE _0x2000023
000134 e240      	LDI  R20,LOW(32)
000135 c0df      	RJMP _0x200001B
                 _0x2000023:
000136 c002      	RJMP _0x2000024
                 _0x200001F:
000137 30e2      	CPI  R30,LOW(0x2)
000138 f439      	BRNE _0x2000025
                 _0x2000024:
000139 e050      	LDI  R21,LOW(0)
00013a e013      	LDI  R17,LOW(3)
00013b 3320      	CPI  R18,48
00013c f411      	BRNE _0x2000026
00013d 6800      	ORI  R16,LOW(128)
00013e c0d6      	RJMP _0x200001B
                 _0x2000026:
00013f c003      	RJMP _0x2000027
                 _0x2000025:
000140 30e3      	CPI  R30,LOW(0x3)
000141 f009      	BREQ PC+2
000142 c0d2      	RJMP _0x200001B
                 _0x2000027:
000143 3320      	CPI  R18,48
000144 f010      	BRLO _0x200002A
000145 332a      	CPI  R18,58
000146 f008      	BRLO _0x200002B
                 _0x200002A:
000147 c007      	RJMP _0x2000029
                 _0x200002B:
000148 e0aa      	LDI  R26,LOW(10)
000149 9f5a      	MUL  R21,R26
00014a 2d50      	MOV  R21,R0
00014b 2fe2      	MOV  R30,R18
00014c 53e0      	SUBI R30,LOW(48)
00014d 0f5e      	ADD  R21,R30
00014e c0c6      	RJMP _0x200001B
                 _0x2000029:
00014f 2fe2      	MOV  R30,R18
000150 36e3      	CPI  R30,LOW(0x63)
000151 f439      	BRNE _0x200002F
000152 d123      	RCALL SUBOPT_0x6
000153 d125      	RCALL SUBOPT_0x7
000154 d121      	RCALL SUBOPT_0x6
000155 81a4      	LDD  R26,Z+4
000156 93aa      	ST   -Y,R26
000157 d125      	RCALL SUBOPT_0x8
000158 c0bb      	RJMP _0x2000030
                 _0x200002F:
000159 37e3      	CPI  R30,LOW(0x73)
00015a f431      	BRNE _0x2000032
00015b d127      	RCALL SUBOPT_0x9
00015c d128      	RCALL SUBOPT_0xA
00015d d12a      	RCALL SUBOPT_0xB
00015e d0e7      	RCALL _strlen
00015f 2f1e      	MOV  R17,R30
000160 c008      	RJMP _0x2000033
                 _0x2000032:
000161 37e0      	CPI  R30,LOW(0x70)
000162 f451      	BRNE _0x2000035
000163 d11f      	RCALL SUBOPT_0x9
000164 d120      	RCALL SUBOPT_0xA
000165 d122      	RCALL SUBOPT_0xB
000166 d0ea      	RCALL _strlenf
000167 2f1e      	MOV  R17,R30
000168 6008      	ORI  R16,LOW(8)
                 _0x2000033:
000169 6002      	ORI  R16,LOW(2)
00016a 770f      	ANDI R16,LOW(127)
00016b e030      	LDI  R19,LOW(0)
00016c c02e      	RJMP _0x2000036
                 _0x2000035:
00016d 36e4      	CPI  R30,LOW(0x64)
00016e f011      	BREQ _0x2000039
00016f 36e9      	CPI  R30,LOW(0x69)
000170 f411      	BRNE _0x200003A
                 _0x2000039:
000171 6004      	ORI  R16,LOW(4)
000172 c002      	RJMP _0x200003B
                 _0x200003A:
000173 37e5      	CPI  R30,LOW(0x75)
000174 f429      	BRNE _0x200003C
                 _0x200003B:
000175 e2ea      	LDI  R30,LOW(_tbl10_G100*2)
000176 e0f0      	LDI  R31,HIGH(_tbl10_G100*2)
000177 d115      	RCALL SUBOPT_0xC
000178 e015      	LDI  R17,LOW(5)
000179 c00b      	RJMP _0x200003D
                 _0x200003C:
00017a 35e8      	CPI  R30,LOW(0x58)
00017b f411      	BRNE _0x200003F
00017c 6008      	ORI  R16,LOW(8)
00017d c003      	RJMP _0x2000040
                 _0x200003F:
00017e 37e8      	CPI  R30,LOW(0x78)
00017f f009      	BREQ PC+2
000180 c093      	RJMP _0x2000071
                 _0x2000040:
000181 e3e4      	LDI  R30,LOW(_tbl16_G100*2)
000182 e0f0      	LDI  R31,HIGH(_tbl16_G100*2)
000183 d109      	RCALL SUBOPT_0xC
000184 e014      	LDI  R17,LOW(4)
                 _0x200003D:
000185 ff02      	SBRS R16,2
000186 c011      	RJMP _0x2000042
000187 d0fb      	RCALL SUBOPT_0x9
000188 d0fc      	RCALL SUBOPT_0xA
000189 d106      	RCALL SUBOPT_0xD
00018a 85ab      	LDD  R26,Y+11
00018b 23aa      	TST  R26
00018c f42a      	BRPL _0x2000043
00018d 85ea      	LDD  R30,Y+10
00018e 85fb      	LDD  R31,Y+10+1
00018f d116      	RCALL __ANEGW1
000190 d0ff      	RCALL SUBOPT_0xD
000191 e24d      	LDI  R20,LOW(45)
                 _0x2000043:
000192 3040      	CPI  R20,0
000193 f011      	BREQ _0x2000044
000194 5f1f      	SUBI R17,-LOW(1)
000195 c001      	RJMP _0x2000045
                 _0x2000044:
000196 7f0b      	ANDI R16,LOW(251)
                 _0x2000045:
000197 c003      	RJMP _0x2000046
                 _0x2000042:
000198 d0ea      	RCALL SUBOPT_0x9
000199 d0eb      	RCALL SUBOPT_0xA
00019a d0f5      	RCALL SUBOPT_0xD
                 _0x2000046:
                 _0x2000036:
00019b fd00      	SBRC R16,0
00019c c010      	RJMP _0x2000047
                 _0x2000048:
00019d 1715      	CP   R17,R21
00019e f470      	BRSH _0x200004A
00019f ff07      	SBRS R16,7
0001a0 c008      	RJMP _0x200004B
0001a1 ff02      	SBRS R16,2
0001a2 c004      	RJMP _0x200004C
0001a3 7f0b      	ANDI R16,LOW(251)
0001a4 2f24      	MOV  R18,R20
0001a5 5011      	SUBI R17,LOW(1)
0001a6 c001      	RJMP _0x200004D
                 _0x200004C:
0001a7 e320      	LDI  R18,LOW(48)
                 _0x200004D:
0001a8 c001      	RJMP _0x200004E
                 _0x200004B:
0001a9 e220      	LDI  R18,LOW(32)
                 _0x200004E:
0001aa d0c4      	RCALL SUBOPT_0x5
0001ab 5051      	SUBI R21,LOW(1)
0001ac cff0      	RJMP _0x2000048
                 _0x200004A:
                 _0x2000047:
0001ad 2f31      	MOV  R19,R17
0001ae ff01      	SBRS R16,1
0001af c015      	RJMP _0x200004F
                 _0x2000050:
0001b0 3030      	CPI  R19,0
0001b1 f091      	BREQ _0x2000052
0001b2 ff03      	SBRS R16,3
0001b3 c005      	RJMP _0x2000053
0001b4 81ee      	LDD  R30,Y+6
0001b5 81ff      	LDD  R31,Y+6+1
0001b6 9125      	LPM  R18,Z+
0001b7 d0d5      	RCALL SUBOPT_0xC
0001b8 c005      	RJMP _0x2000054
                 _0x2000053:
0001b9 81ae      	LDD  R26,Y+6
0001ba 81bf      	LDD  R27,Y+6+1
0001bb 912d      	LD   R18,X+
0001bc 83ae      	STD  Y+6,R26
0001bd 83bf      	STD  Y+6+1,R27
                 _0x2000054:
0001be d0b0      	RCALL SUBOPT_0x5
0001bf 3050      	CPI  R21,0
0001c0 f009      	BREQ _0x2000055
0001c1 5051      	SUBI R21,LOW(1)
                 _0x2000055:
0001c2 5031      	SUBI R19,LOW(1)
0001c3 cfec      	RJMP _0x2000050
                 _0x2000052:
0001c4 c046      	RJMP _0x2000056
                 _0x200004F:
                 _0x2000058:
0001c5 e320      	LDI  R18,LOW(48)
0001c6 81ee      	LDD  R30,Y+6
0001c7 81ff      	LDD  R31,Y+6+1
0001c8 d0e5      	RCALL __GETW1PF
0001c9 87e8      	STD  Y+8,R30
0001ca 87f9      	STD  Y+8+1,R31
0001cb 81ee      	LDD  R30,Y+6
0001cc 81ff      	LDD  R31,Y+6+1
0001cd 9632      	ADIW R30,2
0001ce d0be      	RCALL SUBOPT_0xC
                 _0x200005A:
0001cf 85e8      	LDD  R30,Y+8
0001d0 85f9      	LDD  R31,Y+8+1
0001d1 85aa      	LDD  R26,Y+10
0001d2 85bb      	LDD  R27,Y+10+1
0001d3 17ae      	CP   R26,R30
0001d4 07bf      	CPC  R27,R31
0001d5 f048      	BRLO _0x200005C
0001d6 5f2f      	SUBI R18,-LOW(1)
0001d7 85a8      	LDD  R26,Y+8
0001d8 85b9      	LDD  R27,Y+8+1
0001d9 85ea      	LDD  R30,Y+10
0001da 85fb      	LDD  R31,Y+10+1
0001db 1bea      	SUB  R30,R26
0001dc 0bfb      	SBC  R31,R27
0001dd d0b2      	RCALL SUBOPT_0xD
0001de cff0      	RJMP _0x200005A
                 _0x200005C:
0001df 332a      	CPI  R18,58
0001e0 f028      	BRLO _0x200005D
0001e1 ff03      	SBRS R16,3
0001e2 c002      	RJMP _0x200005E
0001e3 5f29      	SUBI R18,-LOW(7)
0001e4 c001      	RJMP _0x200005F
                 _0x200005E:
0001e5 5d29      	SUBI R18,-LOW(39)
                 _0x200005F:
                 _0x200005D:
0001e6 fd04      	SBRC R16,4
0001e7 c019      	RJMP _0x2000061
0001e8 3321      	CPI  R18,49
0001e9 f420      	BRSH _0x2000063
0001ea 85a8      	LDD  R26,Y+8
0001eb 85b9      	LDD  R27,Y+8+1
0001ec 9711      	SBIW R26,1
0001ed f409      	BRNE _0x2000062
                 _0x2000063:
0001ee c009      	RJMP _0x20000CA
                 _0x2000062:
0001ef 1753      	CP   R21,R19
0001f0 f010      	BRLO _0x2000067
0001f1 ff00      	SBRS R16,0
0001f2 c001      	RJMP _0x2000068
                 _0x2000067:
0001f3 c011      	RJMP _0x2000066
                 _0x2000068:
0001f4 e220      	LDI  R18,LOW(32)
0001f5 ff07      	SBRS R16,7
0001f6 c00a      	RJMP _0x2000069
0001f7 e320      	LDI  R18,LOW(48)
                 _0x20000CA:
0001f8 6100      	ORI  R16,LOW(16)
0001f9 ff02      	SBRS R16,2
0001fa c006      	RJMP _0x200006A
0001fb 7f0b      	ANDI R16,LOW(251)
0001fc 934a      	ST   -Y,R20
0001fd d07f      	RCALL SUBOPT_0x8
0001fe 3050      	CPI  R21,0
0001ff f009      	BREQ _0x200006B
000200 5051      	SUBI R21,LOW(1)
                 _0x200006B:
                 _0x200006A:
                 _0x2000069:
                 _0x2000061:
000201 d06d      	RCALL SUBOPT_0x5
000202 3050      	CPI  R21,0
000203 f009      	BREQ _0x200006C
000204 5051      	SUBI R21,LOW(1)
                 _0x200006C:
                 _0x2000066:
000205 5031      	SUBI R19,LOW(1)
000206 85a8      	LDD  R26,Y+8
000207 85b9      	LDD  R27,Y+8+1
000208 9712      	SBIW R26,2
000209 f008      	BRLO _0x2000059
00020a cfba      	RJMP _0x2000058
                 _0x2000059:
                 _0x2000056:
00020b ff00      	SBRS R16,0
00020c c007      	RJMP _0x200006D
                 _0x200006E:
00020d 3050      	CPI  R21,0
00020e f029      	BREQ _0x2000070
00020f 5051      	SUBI R21,LOW(1)
000210 e2e0      	LDI  R30,LOW(32)
000211 93ea      	ST   -Y,R30
000212 d06a      	RCALL SUBOPT_0x8
000213 cff9      	RJMP _0x200006E
                 _0x2000070:
                 _0x200006D:
                 _0x2000071:
                 _0x2000030:
                 _0x20000C9:
000214 e010      	LDI  R17,LOW(0)
                 _0x200001B:
000215 cef7      	RJMP _0x2000016
                 _0x2000018:
000216 85ac      	LDD  R26,Y+12
000217 85bd      	LDD  R27,Y+12+1
000218 d091      	RCALL __GETW1P
000219 d0a4      	RCALL __LOADLOCR6
00021a 9664      	ADIW R28,20
00021b 9508      	RET
                 _sprintf:
00021c 92ff      	PUSH R15
00021d 2ef8      	MOV  R15,R24
00021e 9726      	SBIW R28,6
00021f d099      	RCALL __SAVELOCR4
000220 d072      	RCALL SUBOPT_0xE
000221 9730      	SBIW R30,0
000222 f419      	BRNE _0x2000072
000223 efef      	LDI  R30,LOW(65535)
000224 efff      	LDI  R31,HIGH(65535)
000225 c01c      	RJMP _0x2060001
                 _0x2000072:
000226 01de      	MOVW R26,R28
000227 9616      	ADIW R26,6
000228 d079      	RCALL __ADDW2R15
000229 018d      	MOVW R16,R26
00022a d068      	RCALL SUBOPT_0xE
00022b d061      	RCALL SUBOPT_0xC
00022c e0e0      	LDI  R30,LOW(0)
00022d 87e8      	STD  Y+8,R30
00022e 87e9      	STD  Y+8+1,R30
00022f 01de      	MOVW R26,R28
000230 961a      	ADIW R26,10
000231 d070      	RCALL __ADDW2R15
000232 d077      	RCALL __GETW1P
000233 d029      	RCALL SUBOPT_0x0
000234 931a      	ST   -Y,R17
000235 930a      	ST   -Y,R16
000236 ede6      	LDI  R30,LOW(_put_buff_G100)
000237 e0f0      	LDI  R31,HIGH(_put_buff_G100)
000238 d024      	RCALL SUBOPT_0x0
000239 01de      	MOVW R26,R28
00023a 961a      	ADIW R26,10
00023b dec7      	RCALL __print_G100
00023c 019f      	MOVW R18,R30
00023d 81ae      	LDD  R26,Y+6
00023e 81bf      	LDD  R27,Y+6+1
00023f e0e0      	LDI  R30,LOW(0)
000240 93ec      	ST   X,R30
000241 01f9      	MOVW R30,R18
                 _0x2060001:
000242 d07d      	RCALL __LOADLOCR4
000243 962a      	ADIW R28,10
000244 90ff      	POP  R15
000245 9508      	RET
                 
                 	.CSEG
                 
                 	.CSEG
                 _strlen:
000246 d019      	RCALL SUBOPT_0x1
000247 91a9          ld   r26,y+
000248 91b9          ld   r27,y+
000249 27ee          clr  r30
00024a 27ff          clr  r31
                 strlen0:
00024b 916d          ld   r22,x+
00024c 2366          tst  r22
00024d f011          breq strlen1
00024e 9631          adiw r30,1
00024f cffb          rjmp strlen0
                 strlen1:
000250 9508          ret
                 _strlenf:
000251 d00e      	RCALL SUBOPT_0x1
000252 27aa          clr  r26
000253 27bb          clr  r27
000254 91e9          ld   r30,y+
000255 91f9          ld   r31,y+
                 strlenf0:
000256 9005      	lpm  r0,z+
000257 2000          tst  r0
000258 f011          breq strlenf1
000259 9611          adiw r26,1
00025a cffb          rjmp strlenf0
                 strlenf1:
00025b 01fd          movw r30,r26
00025c 9508          ret
                 
                 	.DSEG
                 _rx_buffer:
0000e0           	.BYTE 0xC
                 
                 	.CSEG
                 ;OPTIMIZER ADDED SUBROUTINE, CALLED 4 TIMES, CODE SIZE REDUCTION:1 WORDS
                 SUBOPT_0x0:
00025d 93fa      	ST   -Y,R31
00025e 93ea      	ST   -Y,R30
00025f 9508      	RET
                 
                 ;OPTIMIZER ADDED SUBROUTINE, CALLED 5 TIMES, CODE SIZE REDUCTION:2 WORDS
                 SUBOPT_0x1:
000260 93ba      	ST   -Y,R27
000261 93aa      	ST   -Y,R26
000262 9508      	RET
                 
                 ;OPTIMIZER ADDED SUBROUTINE, CALLED 6 TIMES, CODE SIZE REDUCTION:3 WORDS
                 SUBOPT_0x2:
000263 81aa      	LDD  R26,Y+2
000264 81bb      	LDD  R27,Y+2+1
000265 9508      	RET
                 
                 ;OPTIMIZER ADDED SUBROUTINE, CALLED 5 TIMES, CODE SIZE REDUCTION:2 WORDS
                 SUBOPT_0x3:
000266 9614      	ADIW R26,4
000267 d042      	RCALL __GETW1P
000268 9508      	RET
                 
                 ;OPTIMIZER ADDED SUBROUTINE, CALLED 2 TIMES, CODE SIZE REDUCTION:2 WORDS
                 SUBOPT_0x4:
000269 91ed      	LD   R30,X+
00026a 91fd      	LD   R31,X+
00026b 9631      	ADIW R30,1
00026c 93fe      	ST   -X,R31
00026d 93ee      	ST   -X,R30
00026e 9508      	RET
                 
                 ;OPTIMIZER ADDED SUBROUTINE, CALLED 5 TIMES, CODE SIZE REDUCTION:18 WORDS
                 SUBOPT_0x5:
00026f 932a      	ST   -Y,R18
000270 85ad      	LDD  R26,Y+13
000271 85be      	LDD  R27,Y+13+1
000272 85ef      	LDD  R30,Y+15
000273 89f8      	LDD  R31,Y+15+1
000274 9509      	ICALL
000275 9508      	RET
                 
                 ;OPTIMIZER ADDED SUBROUTINE, CALLED 6 TIMES, CODE SIZE REDUCTION:3 WORDS
                 SUBOPT_0x6:
000276 89e8      	LDD  R30,Y+16
000277 89f9      	LDD  R31,Y+16+1
000278 9508      	RET
                 
                 ;OPTIMIZER ADDED SUBROUTINE, CALLED 5 TIMES, CODE SIZE REDUCTION:6 WORDS
                 SUBOPT_0x7:
000279 9734      	SBIW R30,4
00027a 8be8      	STD  Y+16,R30
00027b 8bf9      	STD  Y+16+1,R31
00027c 9508      	RET
                 
                 ;OPTIMIZER ADDED SUBROUTINE, CALLED 3 TIMES, CODE SIZE REDUCTION:6 WORDS
                 SUBOPT_0x8:
00027d 85ad      	LDD  R26,Y+13
00027e 85be      	LDD  R27,Y+13+1
00027f 85ef      	LDD  R30,Y+15
000280 89f8      	LDD  R31,Y+15+1
000281 9509      	ICALL
000282 9508      	RET
                 
                 ;OPTIMIZER ADDED SUBROUTINE, CALLED 4 TIMES, CODE SIZE REDUCTION:1 WORDS
                 SUBOPT_0x9:
000283 dff2      	RCALL SUBOPT_0x6
000284 cff4      	RJMP SUBOPT_0x7
                 
                 ;OPTIMIZER ADDED SUBROUTINE, CALLED 4 TIMES, CODE SIZE REDUCTION:4 WORDS
                 SUBOPT_0xA:
000285 89a8      	LDD  R26,Y+16
000286 89b9      	LDD  R27,Y+16+1
000287 cfde      	RJMP SUBOPT_0x3
                 
                 ;OPTIMIZER ADDED SUBROUTINE, CALLED 2 TIMES, CODE SIZE REDUCTION:1 WORDS
                 SUBOPT_0xB:
000288 83ee      	STD  Y+6,R30
000289 83ff      	STD  Y+6+1,R31
00028a 81ae      	LDD  R26,Y+6
00028b 81bf      	LDD  R27,Y+6+1
00028c 9508      	RET
                 
                 ;OPTIMIZER ADDED SUBROUTINE, CALLED 5 TIMES, CODE SIZE REDUCTION:2 WORDS
                 SUBOPT_0xC:
00028d 83ee      	STD  Y+6,R30
00028e 83ff      	STD  Y+6+1,R31
00028f 9508      	RET
                 
                 ;OPTIMIZER ADDED SUBROUTINE, CALLED 4 TIMES, CODE SIZE REDUCTION:1 WORDS
                 SUBOPT_0xD:
000290 87ea      	STD  Y+10,R30
000291 87fb      	STD  Y+10+1,R31
000292 9508      	RET
                 
                 ;OPTIMIZER ADDED SUBROUTINE, CALLED 2 TIMES, CODE SIZE REDUCTION:1 WORDS
                 SUBOPT_0xE:
000293 01de      	MOVW R26,R28
000294 961c      	ADIW R26,12
000295 d00c      	RCALL __ADDW2R15
000296 d013      	RCALL __GETW1P
000297 9508      	RET
                 
                 
                 	.CSEG
                 _delay_ms:
000298 9610      	adiw r26,0
000299 f039      	breq __delay_ms1
                 __delay_ms0:
                +
00029a ec8d     +LDI R24 , LOW ( 0xACD )
00029b e09a     +LDI R25 , HIGH ( 0xACD )
                +__DELAY_USW_LOOP :
00029c 9701     +SBIW R24 , 1
00029d f7f1     +BRNE __DELAY_USW_LOOP
                 	__DELAY_USW 0xACD
00029e 95a8      	wdr
00029f 9711      	sbiw r26,1
0002a0 f7c9      	brne __delay_ms0
                 __delay_ms1:
0002a1 9508      	ret
                 
                 __ADDW2R15:
0002a2 2400      	CLR  R0
0002a3 0daf      	ADD  R26,R15
0002a4 1db0      	ADC  R27,R0
0002a5 9508      	RET
                 
                 __ANEGW1:
0002a6 95f1      	NEG  R31
0002a7 95e1      	NEG  R30
0002a8 40f0      	SBCI R31,0
0002a9 9508      	RET
                 
                 __GETW1P:
0002aa 91ed      	LD   R30,X+
0002ab 91fc      	LD   R31,X
0002ac 9711      	SBIW R26,1
0002ad 9508      	RET
                 
                 __GETW1PF:
0002ae 9005      	LPM  R0,Z+
0002af 91f4      	LPM  R31,Z
0002b0 2de0      	MOV  R30,R0
0002b1 9508      	RET
                 
                 __PUTPARD1:
0002b2 937a      	ST   -Y,R23
0002b3 936a      	ST   -Y,R22
0002b4 93fa      	ST   -Y,R31
0002b5 93ea      	ST   -Y,R30
0002b6 9508      	RET
                 
                 __SAVELOCR6:
0002b7 935a      	ST   -Y,R21
                 __SAVELOCR5:
0002b8 934a      	ST   -Y,R20
                 __SAVELOCR4:
0002b9 933a      	ST   -Y,R19
                 __SAVELOCR3:
0002ba 932a      	ST   -Y,R18
                 __SAVELOCR2:
0002bb 931a      	ST   -Y,R17
0002bc 930a      	ST   -Y,R16
0002bd 9508      	RET
                 
                 __LOADLOCR6:
0002be 815d      	LDD  R21,Y+5
                 __LOADLOCR5:
0002bf 814c      	LDD  R20,Y+4
                 __LOADLOCR4:
0002c0 813b      	LDD  R19,Y+3
                 __LOADLOCR3:
0002c1 812a      	LDD  R18,Y+2
                 __LOADLOCR2:
0002c2 8119      	LDD  R17,Y+1
0002c3 8108      	LD   R16,Y
0002c4 9508      	RET
                 
                 __LOADLOCR2P:
0002c5 9109      	LD   R16,Y+
0002c6 9119      	LD   R17,Y+
0002c7 9508      	RET
                 
                 ;END OF CODE MARKER
                 __END_OF_CODE:


RESOURCE USE INFORMATION
------------------------

Notice:
The register and instruction counts are symbol table hit counts,
and hence implicitly used resources are not counted, eg, the
'lpm' instruction without operands implicitly uses r0 and z,
none of which are counted.

x,y,z are separate entities in the symbol table and are
counted separately from r26..r31 here.

.dseg memory usage only counts static data declared with .byte

ATmega8535 register use summary:
r0 :  11 r1 :   1 r2 :   1 r3 :   0 r4 :   0 r5 :   4 r6 :   0 r7 :   3 
r8 :   0 r9 :   0 r10:   0 r11:   0 r12:   0 r13:   0 r14:   0 r15:   4 
r16:  35 r17:  27 r18:  29 r19:   8 r20:   9 r21:  17 r22:   6 r23:   2 
r24:  11 r25:   3 r26:  59 r27:  26 r28:  16 r29:   1 r30: 170 r31:  49 
x  :  19 y  : 112 z  :  15 
Registers used: 25 out of 35 (71.4%)

ATmega8535 instruction use summary:
.lds  :   0 .lds.l:   0 .sts  :   0 .sts.l:   0 adc   :   1 add   :   2 
adiw  :  20 and   :   0 andi  :   5 asr   :   0 bclr  :   0 bld   :   1 
brbc  :   0 brbs  :   0 brcc  :   0 brcs  :   0 break :   0 breq  :  16 
brge  :   0 brhc  :   0 brhs  :   0 brid  :   0 brie  :   0 brlo  :   7 
brlt  :   0 brmi  :   1 brne  :  26 brpl  :   1 brsh  :   2 brtc  :   0 
brts  :   0 brvc  :   0 brvs  :   0 bset  :   0 bst   :   0 cbi   :   0 
cbr   :   0 clc   :   0 clh   :   0 cli   :   1 cln   :   0 clr   :  12 
cls   :   0 clt   :   0 clv   :   0 clz   :   0 com   :   0 cp    :   5 
cpc   :   2 cpi   :  31 cpse  :   0 dec   :   1 des   :   0 eor   :   0 
fmul  :   0 fmuls :   0 fmulsu:   0 icall :   2 ijmp  :   0 in    :   5 
inc   :   2 ld    :  18 ldd   :  59 ldi   :  70 lds   :   0 lpm   :  14 
lsl   :   0 lsr   :   0 mov   :  16 movw  :  16 mul   :   1 muls  :   0 
mulsu :   0 neg   :   2 nop   :   0 or    :   0 ori   :   6 out   :  49 
pop   :   1 push  :   1 rcall :  79 ret   :  29 reti  :   1 rjmp  :  80 
rol   :   0 ror   :   0 sbc   :   1 sbci  :   2 sbi   :   0 sbic  :   0 
sbis  :   1 sbiw  :  18 sbr   :   0 sbrc  :   2 sbrs  :  10 sec   :   0 
seh   :   0 sei   :   1 sen   :   0 ser   :   0 ses   :   0 set   :   1 
sev   :   0 sez   :   0 sleep :   0 spm   :   0 st    :  38 std   :  19 
sts   :   0 sub   :   1 subi  :  14 swap  :   0 tst   :   4 wdr   :   1 

Instructions used: 50 out of 114 (43.9%)

ATmega8535 memory use summary [bytes]:
Segment   Begin    End      Code   Data   Used    Size   Use%
---------------------------------------------------------------
[.cseg] 0x000000 0x000590   1392     32   1424    8192  17.4%
[.dseg] 0x000060 0x0000ec      0     12     12     607   2.0%
[.eseg] 0x000000 0x000000      0      0      0     512   0.0%

Assembly complete, 0 errors, 4 warnings
