
AVRASM ver. 2.1.30  D:\Belajar\AVRProject2\07 Ultrasonic Range Finder\List\ultrasonic.asm Wed Oct 16 14:08:43 2019

D:\Belajar\AVRProject2\07 Ultrasonic Range Finder\List\ultrasonic.asm(1074): warning: Register r5 already defined by the .DEF directive
D:\Belajar\AVRProject2\07 Ultrasonic Range Finder\List\ultrasonic.asm(1075): warning: Register r4 already defined by the .DEF directive
D:\Belajar\AVRProject2\07 Ultrasonic Range Finder\List\ultrasonic.asm(1076): warning: Register r6 already defined by the .DEF directive
D:\Belajar\AVRProject2\07 Ultrasonic Range Finder\List\ultrasonic.asm(1077): warning: Register r9 already defined by the .DEF directive
D:\Belajar\AVRProject2\07 Ultrasonic Range Finder\List\ultrasonic.asm(1078): warning: Register r8 already defined by the .DEF directive
D:\Belajar\AVRProject2\07 Ultrasonic Range Finder\List\ultrasonic.asm(1079): warning: Register r11 already defined by the .DEF directive
                 
                 
                 ;CodeVisionAVR C Compiler V2.05.3 Standard
                 ;(C) Copyright 1998-2011 Pavel Haiduc, HP InfoTech s.r.l.
                 ;http://www.hpinfotech.com
                 
                 ;Chip type                : ATmega128
                 ;Program type             : Application
                 ;Clock frequency          : 16.000000 MHz
                 ;Memory model             : Small
                 ;Optimize for             : Size
                 ;(s)printf features       : int, width
                 ;(s)scanf features        : int, width
                 ;External RAM size        : 0
                 ;Data Stack size          : 1024 byte(s)
                 ;Heap size                : 0 byte(s)
                 ;Promote 'char' to 'int'  : Yes
                 ;'char' is unsigned       : Yes
                 ;8 bit enums              : Yes
                 ;Global 'const' stored in FLASH     : No
                 ;Enhanced function parameter passing: Yes
                 ;Enhanced core instructions         : On
                 ;Smart register allocation          : On
                 ;Automatic register allocation      : On
                 
                 	#pragma AVRPART ADMIN PART_NAME ATmega128
                 	#pragma AVRPART MEMORY PROG_FLASH 131072
                 	#pragma AVRPART MEMORY EEPROM 4096
                 	#pragma AVRPART MEMORY INT_SRAM SIZE 4351
                 	#pragma AVRPART MEMORY INT_SRAM START_ADDR 0x100
                 
                 	#define CALL_SUPPORTED 1
                 
                 	.LISTMAC
                 	.EQU UDRE=0x5
                 	.EQU RXC=0x7
                 	.EQU USR=0xB
                 	.EQU UDR=0xC
                 	.EQU SPSR=0xE
                 	.EQU SPDR=0xF
                 	.EQU EERE=0x0
                 	.EQU EEWE=0x1
                 	.EQU EEMWE=0x2
                 	.EQU EECR=0x1C
                 	.EQU EEDR=0x1D
                 	.EQU EEARL=0x1E
                 	.EQU EEARH=0x1F
                 	.EQU WDTCR=0x21
                 	.EQU MCUCR=0x35
                 	.EQU RAMPZ=0x3B
                 	.EQU SPL=0x3D
                 	.EQU SPH=0x3E
                 	.EQU SREG=0x3F
                 	.EQU XMCRA=0x6D
                 	.EQU XMCRB=0x6C
                 
                 	.DEF R0X0=R0
                 	.DEF R0X1=R1
                 	.DEF R0X2=R2
                 	.DEF R0X3=R3
                 	.DEF R0X4=R4
                 	.DEF R0X5=R5
                 	.DEF R0X6=R6
                 	.DEF R0X7=R7
                 	.DEF R0X8=R8
                 	.DEF R0X9=R9
                 	.DEF R0XA=R10
                 	.DEF R0XB=R11
                 	.DEF R0XC=R12
                 	.DEF R0XD=R13
                 	.DEF R0XE=R14
                 	.DEF R0XF=R15
                 	.DEF R0X10=R16
                 	.DEF R0X11=R17
                 	.DEF R0X12=R18
                 	.DEF R0X13=R19
                 	.DEF R0X14=R20
                 	.DEF R0X15=R21
                 	.DEF R0X16=R22
                 	.DEF R0X17=R23
                 	.DEF R0X18=R24
                 	.DEF R0X19=R25
                 	.DEF R0X1A=R26
                 	.DEF R0X1B=R27
                 	.DEF R0X1C=R28
                 	.DEF R0X1D=R29
                 	.DEF R0X1E=R30
                 	.DEF R0X1F=R31
                 
                 	.EQU __SRAM_START=0x0100
                 	.EQU __SRAM_END=0x10FF
                 	.EQU __DSTACK_SIZE=0x0400
                 	.EQU __HEAP_SIZE=0x0000
                 	.EQU __CLEAR_SRAM_SIZE=__SRAM_END-__SRAM_START+1
                 
                 	.MACRO __CPD1N
                 	CPI  R30,LOW(@0)
                 	LDI  R26,HIGH(@0)
                 	CPC  R31,R26
                 	LDI  R26,BYTE3(@0)
                 	CPC  R22,R26
                 	LDI  R26,BYTE4(@0)
                 	CPC  R23,R26
                 	.ENDM
                 
                 	.MACRO __CPD2N
                 	CPI  R26,LOW(@0)
                 	LDI  R30,HIGH(@0)
                 	CPC  R27,R30
                 	LDI  R30,BYTE3(@0)
                 	CPC  R24,R30
                 	LDI  R30,BYTE4(@0)
                 	CPC  R25,R30
                 	.ENDM
                 
                 	.MACRO __CPWRR
                 	CP   R@0,R@2
                 	CPC  R@1,R@3
                 	.ENDM
                 
                 	.MACRO __CPWRN
                 	CPI  R@0,LOW(@2)
                 	LDI  R30,HIGH(@2)
                 	CPC  R@1,R30
                 	.ENDM
                 
                 	.MACRO __ADDB1MN
                 	SUBI R30,LOW(-@0-(@1))
                 	.ENDM
                 
                 	.MACRO __ADDB2MN
                 	SUBI R26,LOW(-@0-(@1))
                 	.ENDM
                 
                 	.MACRO __ADDW1MN
                 	SUBI R30,LOW(-@0-(@1))
                 	SBCI R31,HIGH(-@0-(@1))
                 	.ENDM
                 
                 	.MACRO __ADDW2MN
                 	SUBI R26,LOW(-@0-(@1))
                 	SBCI R27,HIGH(-@0-(@1))
                 	.ENDM
                 
                 	.MACRO __ADDW1FN
                 	SUBI R30,LOW(-2*@0-(@1))
                 	SBCI R31,HIGH(-2*@0-(@1))
                 	.ENDM
                 
                 	.MACRO __ADDD1FN
                 	SUBI R30,LOW(-2*@0-(@1))
                 	SBCI R31,HIGH(-2*@0-(@1))
                 	SBCI R22,BYTE3(-2*@0-(@1))
                 	.ENDM
                 
                 	.MACRO __ADDD1N
                 	SUBI R30,LOW(-@0)
                 	SBCI R31,HIGH(-@0)
                 	SBCI R22,BYTE3(-@0)
                 	SBCI R23,BYTE4(-@0)
                 	.ENDM
                 
                 	.MACRO __ADDD2N
                 	SUBI R26,LOW(-@0)
                 	SBCI R27,HIGH(-@0)
                 	SBCI R24,BYTE3(-@0)
                 	SBCI R25,BYTE4(-@0)
                 	.ENDM
                 
                 	.MACRO __SUBD1N
                 	SUBI R30,LOW(@0)
                 	SBCI R31,HIGH(@0)
                 	SBCI R22,BYTE3(@0)
                 	SBCI R23,BYTE4(@0)
                 	.ENDM
                 
                 	.MACRO __SUBD2N
                 	SUBI R26,LOW(@0)
                 	SBCI R27,HIGH(@0)
                 	SBCI R24,BYTE3(@0)
                 	SBCI R25,BYTE4(@0)
                 	.ENDM
                 
                 	.MACRO __ANDBMNN
                 	LDS  R30,@0+(@1)
                 	ANDI R30,LOW(@2)
                 	STS  @0+(@1),R30
                 	.ENDM
                 
                 	.MACRO __ANDWMNN
                 	LDS  R30,@0+(@1)
                 	ANDI R30,LOW(@2)
                 	STS  @0+(@1),R30
                 	LDS  R30,@0+(@1)+1
                 	ANDI R30,HIGH(@2)
                 	STS  @0+(@1)+1,R30
                 	.ENDM
                 
                 	.MACRO __ANDD1N
                 	ANDI R30,LOW(@0)
                 	ANDI R31,HIGH(@0)
                 	ANDI R22,BYTE3(@0)
                 	ANDI R23,BYTE4(@0)
                 	.ENDM
                 
                 	.MACRO __ANDD2N
                 	ANDI R26,LOW(@0)
                 	ANDI R27,HIGH(@0)
                 	ANDI R24,BYTE3(@0)
                 	ANDI R25,BYTE4(@0)
                 	.ENDM
                 
                 	.MACRO __ORBMNN
                 	LDS  R30,@0+(@1)
                 	ORI  R30,LOW(@2)
                 	STS  @0+(@1),R30
                 	.ENDM
                 
                 	.MACRO __ORWMNN
                 	LDS  R30,@0+(@1)
                 	ORI  R30,LOW(@2)
                 	STS  @0+(@1),R30
                 	LDS  R30,@0+(@1)+1
                 	ORI  R30,HIGH(@2)
                 	STS  @0+(@1)+1,R30
                 	.ENDM
                 
                 	.MACRO __ORD1N
                 	ORI  R30,LOW(@0)
                 	ORI  R31,HIGH(@0)
                 	ORI  R22,BYTE3(@0)
                 	ORI  R23,BYTE4(@0)
                 	.ENDM
                 
                 	.MACRO __ORD2N
                 	ORI  R26,LOW(@0)
                 	ORI  R27,HIGH(@0)
                 	ORI  R24,BYTE3(@0)
                 	ORI  R25,BYTE4(@0)
                 	.ENDM
                 
                 	.MACRO __DELAY_USB
                 	LDI  R24,LOW(@0)
                 __DELAY_USB_LOOP:
                 	DEC  R24
                 	BRNE __DELAY_USB_LOOP
                 	.ENDM
                 
                 	.MACRO __DELAY_USW
                 	LDI  R24,LOW(@0)
                 	LDI  R25,HIGH(@0)
                 __DELAY_USW_LOOP:
                 	SBIW R24,1
                 	BRNE __DELAY_USW_LOOP
                 	.ENDM
                 
                 	.MACRO __GETD1S
                 	LDD  R30,Y+@0
                 	LDD  R31,Y+@0+1
                 	LDD  R22,Y+@0+2
                 	LDD  R23,Y+@0+3
                 	.ENDM
                 
                 	.MACRO __GETD2S
                 	LDD  R26,Y+@0
                 	LDD  R27,Y+@0+1
                 	LDD  R24,Y+@0+2
                 	LDD  R25,Y+@0+3
                 	.ENDM
                 
                 	.MACRO __PUTD1S
                 	STD  Y+@0,R30
                 	STD  Y+@0+1,R31
                 	STD  Y+@0+2,R22
                 	STD  Y+@0+3,R23
                 	.ENDM
                 
                 	.MACRO __PUTD2S
                 	STD  Y+@0,R26
                 	STD  Y+@0+1,R27
                 	STD  Y+@0+2,R24
                 	STD  Y+@0+3,R25
                 	.ENDM
                 
                 	.MACRO __PUTDZ2
                 	STD  Z+@0,R26
                 	STD  Z+@0+1,R27
                 	STD  Z+@0+2,R24
                 	STD  Z+@0+3,R25
                 	.ENDM
                 
                 	.MACRO __CLRD1S
                 	STD  Y+@0,R30
                 	STD  Y+@0+1,R30
                 	STD  Y+@0+2,R30
                 	STD  Y+@0+3,R30
                 	.ENDM
                 
                 	.MACRO __POINTB1MN
                 	LDI  R30,LOW(@0+(@1))
                 	.ENDM
                 
                 	.MACRO __POINTW1MN
                 	LDI  R30,LOW(@0+(@1))
                 	LDI  R31,HIGH(@0+(@1))
                 	.ENDM
                 
                 	.MACRO __POINTD1M
                 	LDI  R30,LOW(@0)
                 	LDI  R31,HIGH(@0)
                 	LDI  R22,BYTE3(@0)
                 	LDI  R23,BYTE4(@0)
                 	.ENDM
                 
                 	.MACRO __POINTW1FN
                 	LDI  R30,LOW(2*@0+(@1))
                 	LDI  R31,HIGH(2*@0+(@1))
                 	.ENDM
                 
                 	.MACRO __POINTD1FN
                 	LDI  R30,LOW(2*@0+(@1))
                 	LDI  R31,HIGH(2*@0+(@1))
                 	LDI  R22,BYTE3(2*@0+(@1))
                 	LDI  R23,BYTE4(2*@0+(@1))
                 	.ENDM
                 
                 	.MACRO __POINTB2MN
                 	LDI  R26,LOW(@0+(@1))
                 	.ENDM
                 
                 	.MACRO __POINTW2MN
                 	LDI  R26,LOW(@0+(@1))
                 	LDI  R27,HIGH(@0+(@1))
                 	.ENDM
                 
                 	.MACRO __POINTW2FN
                 	LDI  R26,LOW(2*@0+(@1))
                 	LDI  R27,HIGH(2*@0+(@1))
                 	.ENDM
                 
                 	.MACRO __POINTD2FN
                 	LDI  R26,LOW(2*@0+(@1))
                 	LDI  R27,HIGH(2*@0+(@1))
                 	LDI  R24,BYTE3(2*@0+(@1))
                 	LDI  R25,BYTE4(2*@0+(@1))
                 	.ENDM
                 
                 	.MACRO __POINTBRM
                 	LDI  R@0,LOW(@1)
                 	.ENDM
                 
                 	.MACRO __POINTWRM
                 	LDI  R@0,LOW(@2)
                 	LDI  R@1,HIGH(@2)
                 	.ENDM
                 
                 	.MACRO __POINTBRMN
                 	LDI  R@0,LOW(@1+(@2))
                 	.ENDM
                 
                 	.MACRO __POINTWRMN
                 	LDI  R@0,LOW(@2+(@3))
                 	LDI  R@1,HIGH(@2+(@3))
                 	.ENDM
                 
                 	.MACRO __POINTWRFN
                 	LDI  R@0,LOW(@2*2+(@3))
                 	LDI  R@1,HIGH(@2*2+(@3))
                 	.ENDM
                 
                 	.MACRO __GETD1N
                 	LDI  R30,LOW(@0)
                 	LDI  R31,HIGH(@0)
                 	LDI  R22,BYTE3(@0)
                 	LDI  R23,BYTE4(@0)
                 	.ENDM
                 
                 	.MACRO __GETD2N
                 	LDI  R26,LOW(@0)
                 	LDI  R27,HIGH(@0)
                 	LDI  R24,BYTE3(@0)
                 	LDI  R25,BYTE4(@0)
                 	.ENDM
                 
                 	.MACRO __GETB1MN
                 	LDS  R30,@0+(@1)
                 	.ENDM
                 
                 	.MACRO __GETB1HMN
                 	LDS  R31,@0+(@1)
                 	.ENDM
                 
                 	.MACRO __GETW1MN
                 	LDS  R30,@0+(@1)
                 	LDS  R31,@0+(@1)+1
                 	.ENDM
                 
                 	.MACRO __GETD1MN
                 	LDS  R30,@0+(@1)
                 	LDS  R31,@0+(@1)+1
                 	LDS  R22,@0+(@1)+2
                 	LDS  R23,@0+(@1)+3
                 	.ENDM
                 
                 	.MACRO __GETBRMN
                 	LDS  R@0,@1+(@2)
                 	.ENDM
                 
                 	.MACRO __GETWRMN
                 	LDS  R@0,@2+(@3)
                 	LDS  R@1,@2+(@3)+1
                 	.ENDM
                 
                 	.MACRO __GETWRZ
                 	LDD  R@0,Z+@2
                 	LDD  R@1,Z+@2+1
                 	.ENDM
                 
                 	.MACRO __GETD2Z
                 	LDD  R26,Z+@0
                 	LDD  R27,Z+@0+1
                 	LDD  R24,Z+@0+2
                 	LDD  R25,Z+@0+3
                 	.ENDM
                 
                 	.MACRO __GETB2MN
                 	LDS  R26,@0+(@1)
                 	.ENDM
                 
                 	.MACRO __GETW2MN
                 	LDS  R26,@0+(@1)
                 	LDS  R27,@0+(@1)+1
                 	.ENDM
                 
                 	.MACRO __GETD2MN
                 	LDS  R26,@0+(@1)
                 	LDS  R27,@0+(@1)+1
                 	LDS  R24,@0+(@1)+2
                 	LDS  R25,@0+(@1)+3
                 	.ENDM
                 
                 	.MACRO __PUTB1MN
                 	STS  @0+(@1),R30
                 	.ENDM
                 
                 	.MACRO __PUTW1MN
                 	STS  @0+(@1),R30
                 	STS  @0+(@1)+1,R31
                 	.ENDM
                 
                 	.MACRO __PUTD1MN
                 	STS  @0+(@1),R30
                 	STS  @0+(@1)+1,R31
                 	STS  @0+(@1)+2,R22
                 	STS  @0+(@1)+3,R23
                 	.ENDM
                 
                 	.MACRO __PUTB1EN
                 	LDI  R26,LOW(@0+(@1))
                 	LDI  R27,HIGH(@0+(@1))
                 	CALL __EEPROMWRB
                 	.ENDM
                 
                 	.MACRO __PUTW1EN
                 	LDI  R26,LOW(@0+(@1))
                 	LDI  R27,HIGH(@0+(@1))
                 	CALL __EEPROMWRW
                 	.ENDM
                 
                 	.MACRO __PUTD1EN
                 	LDI  R26,LOW(@0+(@1))
                 	LDI  R27,HIGH(@0+(@1))
                 	CALL __EEPROMWRD
                 	.ENDM
                 
                 	.MACRO __PUTBR0MN
                 	STS  @0+(@1),R0
                 	.ENDM
                 
                 	.MACRO __PUTBMRN
                 	STS  @0+(@1),R@2
                 	.ENDM
                 
                 	.MACRO __PUTWMRN
                 	STS  @0+(@1),R@2
                 	STS  @0+(@1)+1,R@3
                 	.ENDM
                 
                 	.MACRO __PUTBZR
                 	STD  Z+@1,R@0
                 	.ENDM
                 
                 	.MACRO __PUTWZR
                 	STD  Z+@2,R@0
                 	STD  Z+@2+1,R@1
                 	.ENDM
                 
                 	.MACRO __GETW1R
                 	MOV  R30,R@0
                 	MOV  R31,R@1
                 	.ENDM
                 
                 	.MACRO __GETW2R
                 	MOV  R26,R@0
                 	MOV  R27,R@1
                 	.ENDM
                 
                 	.MACRO __GETWRN
                 	LDI  R@0,LOW(@2)
                 	LDI  R@1,HIGH(@2)
                 	.ENDM
                 
                 	.MACRO __PUTW1R
                 	MOV  R@0,R30
                 	MOV  R@1,R31
                 	.ENDM
                 
                 	.MACRO __PUTW2R
                 	MOV  R@0,R26
                 	MOV  R@1,R27
                 	.ENDM
                 
                 	.MACRO __ADDWRN
                 	SUBI R@0,LOW(-@2)
                 	SBCI R@1,HIGH(-@2)
                 	.ENDM
                 
                 	.MACRO __ADDWRR
                 	ADD  R@0,R@2
                 	ADC  R@1,R@3
                 	.ENDM
                 
                 	.MACRO __SUBWRN
                 	SUBI R@0,LOW(@2)
                 	SBCI R@1,HIGH(@2)
                 	.ENDM
                 
                 	.MACRO __SUBWRR
                 	SUB  R@0,R@2
                 	SBC  R@1,R@3
                 	.ENDM
                 
                 	.MACRO __ANDWRN
                 	ANDI R@0,LOW(@2)
                 	ANDI R@1,HIGH(@2)
                 	.ENDM
                 
                 	.MACRO __ANDWRR
                 	AND  R@0,R@2
                 	AND  R@1,R@3
                 	.ENDM
                 
                 	.MACRO __ORWRN
                 	ORI  R@0,LOW(@2)
                 	ORI  R@1,HIGH(@2)
                 	.ENDM
                 
                 	.MACRO __ORWRR
                 	OR   R@0,R@2
                 	OR   R@1,R@3
                 	.ENDM
                 
                 	.MACRO __EORWRR
                 	EOR  R@0,R@2
                 	EOR  R@1,R@3
                 	.ENDM
                 
                 	.MACRO __GETWRS
                 	LDD  R@0,Y+@2
                 	LDD  R@1,Y+@2+1
                 	.ENDM
                 
                 	.MACRO __PUTBSR
                 	STD  Y+@1,R@0
                 	.ENDM
                 
                 	.MACRO __PUTWSR
                 	STD  Y+@2,R@0
                 	STD  Y+@2+1,R@1
                 	.ENDM
                 
                 	.MACRO __MOVEWRR
                 	MOV  R@0,R@2
                 	MOV  R@1,R@3
                 	.ENDM
                 
                 	.MACRO __INWR
                 	IN   R@0,@2
                 	IN   R@1,@2+1
                 	.ENDM
                 
                 	.MACRO __OUTWR
                 	OUT  @2+1,R@1
                 	OUT  @2,R@0
                 	.ENDM
                 
                 	.MACRO __CALL1MN
                 	LDS  R30,@0+(@1)
                 	LDS  R31,@0+(@1)+1
                 	ICALL
                 	.ENDM
                 
                 	.MACRO __CALL1FN
                 	LDI  R30,LOW(2*@0+(@1))
                 	LDI  R31,HIGH(2*@0+(@1))
                 	CALL __GETW1PF
                 	ICALL
                 	.ENDM
                 
                 	.MACRO __CALL2EN
                 	LDI  R26,LOW(@0+(@1))
                 	LDI  R27,HIGH(@0+(@1))
                 	CALL __EEPROMRDW
                 	ICALL
                 	.ENDM
                 
                 	.MACRO __GETW1STACK
                 	IN   R26,SPL
                 	IN   R27,SPH
                 	ADIW R26,@0+1
                 	LD   R30,X+
                 	LD   R31,X
                 	.ENDM
                 
                 	.MACRO __GETD1STACK
                 	IN   R26,SPL
                 	IN   R27,SPH
                 	ADIW R26,@0+1
                 	LD   R30,X+
                 	LD   R31,X+
                 	LD   R22,X
                 	.ENDM
                 
                 	.MACRO __NBST
                 	BST  R@0,@1
                 	IN   R30,SREG
                 	LDI  R31,0x40
                 	EOR  R30,R31
                 	OUT  SREG,R30
                 	.ENDM
                 
                 
                 	.MACRO __PUTB1SN
                 	LDD  R26,Y+@0
                 	LDD  R27,Y+@0+1
                 	SUBI R26,LOW(-@1)
                 	SBCI R27,HIGH(-@1)
                 	ST   X,R30
                 	.ENDM
                 
                 	.MACRO __PUTW1SN
                 	LDD  R26,Y+@0
                 	LDD  R27,Y+@0+1
                 	SUBI R26,LOW(-@1)
                 	SBCI R27,HIGH(-@1)
                 	ST   X+,R30
                 	ST   X,R31
                 	.ENDM
                 
                 	.MACRO __PUTD1SN
                 	LDD  R26,Y+@0
                 	LDD  R27,Y+@0+1
                 	SUBI R26,LOW(-@1)
                 	SBCI R27,HIGH(-@1)
                 	CALL __PUTDP1
                 	.ENDM
                 
                 	.MACRO __PUTB1SNS
                 	LDD  R26,Y+@0
                 	LDD  R27,Y+@0+1
                 	ADIW R26,@1
                 	ST   X,R30
                 	.ENDM
                 
                 	.MACRO __PUTW1SNS
                 	LDD  R26,Y+@0
                 	LDD  R27,Y+@0+1
                 	ADIW R26,@1
                 	ST   X+,R30
                 	ST   X,R31
                 	.ENDM
                 
                 	.MACRO __PUTD1SNS
                 	LDD  R26,Y+@0
                 	LDD  R27,Y+@0+1
                 	ADIW R26,@1
                 	CALL __PUTDP1
                 	.ENDM
                 
                 	.MACRO __PUTB1PMN
                 	LDS  R26,@0
                 	LDS  R27,@0+1
                 	SUBI R26,LOW(-@1)
                 	SBCI R27,HIGH(-@1)
                 	ST   X,R30
                 	.ENDM
                 
                 	.MACRO __PUTW1PMN
                 	LDS  R26,@0
                 	LDS  R27,@0+1
                 	SUBI R26,LOW(-@1)
                 	SBCI R27,HIGH(-@1)
                 	ST   X+,R30
                 	ST   X,R31
                 	.ENDM
                 
                 	.MACRO __PUTD1PMN
                 	LDS  R26,@0
                 	LDS  R27,@0+1
                 	SUBI R26,LOW(-@1)
                 	SBCI R27,HIGH(-@1)
                 	CALL __PUTDP1
                 	.ENDM
                 
                 	.MACRO __PUTB1PMNS
                 	LDS  R26,@0
                 	LDS  R27,@0+1
                 	ADIW R26,@1
                 	ST   X,R30
                 	.ENDM
                 
                 	.MACRO __PUTW1PMNS
                 	LDS  R26,@0
                 	LDS  R27,@0+1
                 	ADIW R26,@1
                 	ST   X+,R30
                 	ST   X,R31
                 	.ENDM
                 
                 	.MACRO __PUTD1PMNS
                 	LDS  R26,@0
                 	LDS  R27,@0+1
                 	ADIW R26,@1
                 	CALL __PUTDP1
                 	.ENDM
                 
                 	.MACRO __PUTB1RN
                 	MOVW R26,R@0
                 	SUBI R26,LOW(-@1)
                 	SBCI R27,HIGH(-@1)
                 	ST   X,R30
                 	.ENDM
                 
                 	.MACRO __PUTW1RN
                 	MOVW R26,R@0
                 	SUBI R26,LOW(-@1)
                 	SBCI R27,HIGH(-@1)
                 	ST   X+,R30
                 	ST   X,R31
                 	.ENDM
                 
                 	.MACRO __PUTD1RN
                 	MOVW R26,R@0
                 	SUBI R26,LOW(-@1)
                 	SBCI R27,HIGH(-@1)
                 	CALL __PUTDP1
                 	.ENDM
                 
                 	.MACRO __PUTB1RNS
                 	MOVW R26,R@0
                 	ADIW R26,@1
                 	ST   X,R30
                 	.ENDM
                 
                 	.MACRO __PUTW1RNS
                 	MOVW R26,R@0
                 	ADIW R26,@1
                 	ST   X+,R30
                 	ST   X,R31
                 	.ENDM
                 
                 	.MACRO __PUTD1RNS
                 	MOVW R26,R@0
                 	ADIW R26,@1
                 	CALL __PUTDP1
                 	.ENDM
                 
                 	.MACRO __PUTB1RON
                 	MOV  R26,R@0
                 	MOV  R27,R@1
                 	SUBI R26,LOW(-@2)
                 	SBCI R27,HIGH(-@2)
                 	ST   X,R30
                 	.ENDM
                 
                 	.MACRO __PUTW1RON
                 	MOV  R26,R@0
                 	MOV  R27,R@1
                 	SUBI R26,LOW(-@2)
                 	SBCI R27,HIGH(-@2)
                 	ST   X+,R30
                 	ST   X,R31
                 	.ENDM
                 
                 	.MACRO __PUTD1RON
                 	MOV  R26,R@0
                 	MOV  R27,R@1
                 	SUBI R26,LOW(-@2)
                 	SBCI R27,HIGH(-@2)
                 	CALL __PUTDP1
                 	.ENDM
                 
                 	.MACRO __PUTB1RONS
                 	MOV  R26,R@0
                 	MOV  R27,R@1
                 	ADIW R26,@2
                 	ST   X,R30
                 	.ENDM
                 
                 	.MACRO __PUTW1RONS
                 	MOV  R26,R@0
                 	MOV  R27,R@1
                 	ADIW R26,@2
                 	ST   X+,R30
                 	ST   X,R31
                 	.ENDM
                 
                 	.MACRO __PUTD1RONS
                 	MOV  R26,R@0
                 	MOV  R27,R@1
                 	ADIW R26,@2
                 	CALL __PUTDP1
                 	.ENDM
                 
                 
                 	.MACRO __GETB1SX
                 	MOVW R30,R28
                 	SUBI R30,LOW(-@0)
                 	SBCI R31,HIGH(-@0)
                 	LD   R30,Z
                 	.ENDM
                 
                 	.MACRO __GETB1HSX
                 	MOVW R30,R28
                 	SUBI R30,LOW(-@0)
                 	SBCI R31,HIGH(-@0)
                 	LD   R31,Z
                 	.ENDM
                 
                 	.MACRO __GETW1SX
                 	MOVW R30,R28
                 	SUBI R30,LOW(-@0)
                 	SBCI R31,HIGH(-@0)
                 	LD   R0,Z+
                 	LD   R31,Z
                 	MOV  R30,R0
                 	.ENDM
                 
                 	.MACRO __GETD1SX
                 	MOVW R30,R28
                 	SUBI R30,LOW(-@0)
                 	SBCI R31,HIGH(-@0)
                 	LD   R0,Z+
                 	LD   R1,Z+
                 	LD   R22,Z+
                 	LD   R23,Z
                 	MOVW R30,R0
                 	.ENDM
                 
                 	.MACRO __GETB2SX
                 	MOVW R26,R28
                 	SUBI R26,LOW(-@0)
                 	SBCI R27,HIGH(-@0)
                 	LD   R26,X
                 	.ENDM
                 
                 	.MACRO __GETW2SX
                 	MOVW R26,R28
                 	SUBI R26,LOW(-@0)
                 	SBCI R27,HIGH(-@0)
                 	LD   R0,X+
                 	LD   R27,X
                 	MOV  R26,R0
                 	.ENDM
                 
                 	.MACRO __GETD2SX
                 	MOVW R26,R28
                 	SUBI R26,LOW(-@0)
                 	SBCI R27,HIGH(-@0)
                 	LD   R0,X+
                 	LD   R1,X+
                 	LD   R24,X+
                 	LD   R25,X
                 	MOVW R26,R0
                 	.ENDM
                 
                 	.MACRO __GETBRSX
                 	MOVW R30,R28
                 	SUBI R30,LOW(-@1)
                 	SBCI R31,HIGH(-@1)
                 	LD   R@0,Z
                 	.ENDM
                 
                 	.MACRO __GETWRSX
                 	MOVW R30,R28
                 	SUBI R30,LOW(-@2)
                 	SBCI R31,HIGH(-@2)
                 	LD   R@0,Z+
                 	LD   R@1,Z
                 	.ENDM
                 
                 	.MACRO __GETBRSX2
                 	MOVW R26,R28
                 	SUBI R26,LOW(-@1)
                 	SBCI R27,HIGH(-@1)
                 	LD   R@0,X
                 	.ENDM
                 
                 	.MACRO __GETWRSX2
                 	MOVW R26,R28
                 	SUBI R26,LOW(-@2)
                 	SBCI R27,HIGH(-@2)
                 	LD   R@0,X+
                 	LD   R@1,X
                 	.ENDM
                 
                 	.MACRO __LSLW8SX
                 	MOVW R30,R28
                 	SUBI R30,LOW(-@0)
                 	SBCI R31,HIGH(-@0)
                 	LD   R31,Z
                 	CLR  R30
                 	.ENDM
                 
                 	.MACRO __PUTB1SX
                 	MOVW R26,R28
                 	SUBI R26,LOW(-@0)
                 	SBCI R27,HIGH(-@0)
                 	ST   X,R30
                 	.ENDM
                 
                 	.MACRO __PUTW1SX
                 	MOVW R26,R28
                 	SUBI R26,LOW(-@0)
                 	SBCI R27,HIGH(-@0)
                 	ST   X+,R30
                 	ST   X,R31
                 	.ENDM
                 
                 	.MACRO __PUTD1SX
                 	MOVW R26,R28
                 	SUBI R26,LOW(-@0)
                 	SBCI R27,HIGH(-@0)
                 	ST   X+,R30
                 	ST   X+,R31
                 	ST   X+,R22
                 	ST   X,R23
                 	.ENDM
                 
                 	.MACRO __CLRW1SX
                 	MOVW R26,R28
                 	SUBI R26,LOW(-@0)
                 	SBCI R27,HIGH(-@0)
                 	ST   X+,R30
                 	ST   X,R30
                 	.ENDM
                 
                 	.MACRO __CLRD1SX
                 	MOVW R26,R28
                 	SUBI R26,LOW(-@0)
                 	SBCI R27,HIGH(-@0)
                 	ST   X+,R30
                 	ST   X+,R30
                 	ST   X+,R30
                 	ST   X,R30
                 	.ENDM
                 
                 	.MACRO __PUTB2SX
                 	MOVW R30,R28
                 	SUBI R30,LOW(-@0)
                 	SBCI R31,HIGH(-@0)
                 	ST   Z,R26
                 	.ENDM
                 
                 	.MACRO __PUTW2SX
                 	MOVW R30,R28
                 	SUBI R30,LOW(-@0)
                 	SBCI R31,HIGH(-@0)
                 	ST   Z+,R26
                 	ST   Z,R27
                 	.ENDM
                 
                 	.MACRO __PUTD2SX
                 	MOVW R30,R28
                 	SUBI R30,LOW(-@0)
                 	SBCI R31,HIGH(-@0)
                 	ST   Z+,R26
                 	ST   Z+,R27
                 	ST   Z+,R24
                 	ST   Z,R25
                 	.ENDM
                 
                 	.MACRO __PUTBSRX
                 	MOVW R30,R28
                 	SUBI R30,LOW(-@1)
                 	SBCI R31,HIGH(-@1)
                 	ST   Z,R@0
                 	.ENDM
                 
                 	.MACRO __PUTWSRX
                 	MOVW R30,R28
                 	SUBI R30,LOW(-@2)
                 	SBCI R31,HIGH(-@2)
                 	ST   Z+,R@0
                 	ST   Z,R@1
                 	.ENDM
                 
                 	.MACRO __PUTB1SNX
                 	MOVW R26,R28
                 	SUBI R26,LOW(-@0)
                 	SBCI R27,HIGH(-@0)
                 	LD   R0,X+
                 	LD   R27,X
                 	MOV  R26,R0
                 	SUBI R26,LOW(-@1)
                 	SBCI R27,HIGH(-@1)
                 	ST   X,R30
                 	.ENDM
                 
                 	.MACRO __PUTW1SNX
                 	MOVW R26,R28
                 	SUBI R26,LOW(-@0)
                 	SBCI R27,HIGH(-@0)
                 	LD   R0,X+
                 	LD   R27,X
                 	MOV  R26,R0
                 	SUBI R26,LOW(-@1)
                 	SBCI R27,HIGH(-@1)
                 	ST   X+,R30
                 	ST   X,R31
                 	.ENDM
                 
                 	.MACRO __PUTD1SNX
                 	MOVW R26,R28
                 	SUBI R26,LOW(-@0)
                 	SBCI R27,HIGH(-@0)
                 	LD   R0,X+
                 	LD   R27,X
                 	MOV  R26,R0
                 	SUBI R26,LOW(-@1)
                 	SBCI R27,HIGH(-@1)
                 	ST   X+,R30
                 	ST   X+,R31
                 	ST   X+,R22
                 	ST   X,R23
                 	.ENDM
                 
                 	.MACRO __MULBRR
                 	MULS R@0,R@1
                 	MOVW R30,R0
                 	.ENDM
                 
                 	.MACRO __MULBRRU
                 	MUL  R@0,R@1
                 	MOVW R30,R0
                 	.ENDM
                 
                 	.MACRO __MULBRR0
                 	MULS R@0,R@1
                 	.ENDM
                 
                 	.MACRO __MULBRRU0
                 	MUL  R@0,R@1
                 	.ENDM
                 
                 	.MACRO __MULBNWRU
                 	LDI  R26,@2
                 	MUL  R26,R@0
                 	MOVW R30,R0
                 	MUL  R26,R@1
                 	ADD  R31,R0
                 	.ENDM
                 
                 ;NAME DEFINITIONS FOR GLOBAL VARIABLES ALLOCATED TO REGISTERS
                 	.DEF _data1=R5
                 	.DEF _data2=R4
                 	.DEF _Jarak=R6
                 	.DEF _rx_wr_index1=R9
                 	.DEF _rx_rd_index1=R8
                 	.DEF _rx_counter1=R11
                 
                 	.CSEG
                 	.ORG 0x00
                 
                 ;START OF CODE MARKER
                 __START_OF_CODE:
                 
                 ;INTERRUPT VECTORS
000000 940c 004e 	JMP  __RESET
000002 940c 0000 	JMP  0x00
000004 940c 0000 	JMP  0x00
000006 940c 0000 	JMP  0x00
000008 940c 0000 	JMP  0x00
00000a 940c 0000 	JMP  0x00
00000c 940c 0000 	JMP  0x00
00000e 940c 00dc 	JMP  _ext_int6_isr
000010 940c 00dd 	JMP  _ext_int7_isr
000012 940c 0104 	JMP  _timer2_comp_isr
000014 940c 0000 	JMP  0x00
000016 940c 0103 	JMP  _timer1_capt_isr
000018 940c 0000 	JMP  0x00
00001a 940c 0000 	JMP  0x00
00001c 940c 0000 	JMP  0x00
00001e 940c 0000 	JMP  0x00
000020 940c 0000 	JMP  0x00
000022 940c 0000 	JMP  0x00
000024 940c 0000 	JMP  0x00
000026 940c 0000 	JMP  0x00
000028 940c 0000 	JMP  0x00
00002a 940c 0105 	JMP  _adc_isr
00002c 940c 0000 	JMP  0x00
00002e 940c 0000 	JMP  0x00
000030 940c 0000 	JMP  0x00
000032 940c 0000 	JMP  0x00
000034 940c 0000 	JMP  0x00
000036 940c 0000 	JMP  0x00
000038 940c 0000 	JMP  0x00
00003a 940c 0000 	JMP  0x00
00003c 940c 00de 	JMP  _usart1_rx_isr
00003e 940c 0000 	JMP  0x00
000040 940c 0000 	JMP  0x00
000042 940c 0000 	JMP  0x00
000044 940c 0000 	JMP  0x00
                 
                 ;REGISTER BIT VARIABLES INITIALIZATION
                 __REG_BIT_VARS:
000046 0000      	.DW  0x0000
                 
                 _0x0:
000047 6320
000048 206d
000049 0020      	.DB  0x20,0x63,0x6D,0x20,0x20,0x0
                 
                 __GLOBAL_INI_TBL:
00004a 0001      	.DW  0x01
00004b 0002      	.DW  0x02
00004c 008c      	.DW  __REG_BIT_VARS*2
                 
                 _0xFFFFFFFF:
00004d 0000      	.DW  0
                 
                 __RESET:
00004e 94f8      	CLI
00004f 27ee      	CLR  R30
000050 bbec      	OUT  EECR,R30
                 
                 ;INTERRUPT VECTORS ARE PLACED
                 ;AT THE START OF FLASH
000051 e0f1      	LDI  R31,1
000052 bff5      	OUT  MCUCR,R31
000053 bfe5      	OUT  MCUCR,R30
000054 93e0 006c 	STS  XMCRB,R30
                 
                 ;DISABLE WATCHDOG
000056 e1f8      	LDI  R31,0x18
000057 bdf1      	OUT  WDTCR,R31
000058 bde1      	OUT  WDTCR,R30
                 
                 ;CLEAR R2-R14
000059 e08d      	LDI  R24,(14-2)+1
00005a e0a2      	LDI  R26,2
00005b 27bb      	CLR  R27
                 __CLEAR_REG:
00005c 93ed      	ST   X+,R30
00005d 958a      	DEC  R24
00005e f7e9      	BRNE __CLEAR_REG
                 
                 ;CLEAR SRAM
00005f e080      	LDI  R24,LOW(__CLEAR_SRAM_SIZE)
000060 e190      	LDI  R25,HIGH(__CLEAR_SRAM_SIZE)
000061 e0a0      	LDI  R26,LOW(__SRAM_START)
000062 e0b1      	LDI  R27,HIGH(__SRAM_START)
                 __CLEAR_SRAM:
000063 93ed      	ST   X+,R30
000064 9701      	SBIW R24,1
000065 f7e9      	BRNE __CLEAR_SRAM
                 
                 ;GLOBAL VARIABLES INITIALIZATION
000066 e9e4      	LDI  R30,LOW(__GLOBAL_INI_TBL*2)
000067 e0f0      	LDI  R31,HIGH(__GLOBAL_INI_TBL*2)
                 __GLOBAL_INI_NEXT:
000068 9185      	LPM  R24,Z+
000069 9195      	LPM  R25,Z+
00006a 9700      	SBIW R24,0
00006b f061      	BREQ __GLOBAL_INI_END
00006c 91a5      	LPM  R26,Z+
00006d 91b5      	LPM  R27,Z+
00006e 9005      	LPM  R0,Z+
00006f 9015      	LPM  R1,Z+
000070 01bf      	MOVW R22,R30
000071 01f0      	MOVW R30,R0
                 __GLOBAL_INI_LOOP:
000072 9005      	LPM  R0,Z+
000073 920d      	ST   X+,R0
000074 9701      	SBIW R24,1
000075 f7e1      	BRNE __GLOBAL_INI_LOOP
000076 01fb      	MOVW R30,R22
000077 cff0      	RJMP __GLOBAL_INI_NEXT
                 __GLOBAL_INI_END:
                 
000078 bf8b      	OUT  RAMPZ,R24
                 
                 ;HARDWARE STACK POINTER INITIALIZATION
000079 efef      	LDI  R30,LOW(__SRAM_END-__HEAP_SIZE)
00007a bfed      	OUT  SPL,R30
00007b e1e0      	LDI  R30,HIGH(__SRAM_END-__HEAP_SIZE)
00007c bfee      	OUT  SPH,R30
                 
                 ;DATA STACK POINTER INITIALIZATION
00007d e0c0      	LDI  R28,LOW(__SRAM_START+__DSTACK_SIZE)
00007e e0d5      	LDI  R29,HIGH(__SRAM_START+__DSTACK_SIZE)
                 
00007f 940c 012b 	JMP  _main
                 
                 	.ESEG
                 	.ORG 0
                 
                 	.DSEG
                 	.ORG 0x500
                 
                 	.CSEG
                 ;/*****************************************************
                 ;This program was produced by the
                 ;CodeWizardAVR V2.05.3 Standard
                 ;Automatic Program Generator
                 ;© Copyright 1998-2011 Pavel Haiduc, HP InfoTech s.r.l.
                 ;http://www.hpinfotech.com
                 ;
                 ;Project :
                 ;Version :
                 ;Date    : 10/16/2019
                 ;Author  : unknown
                 ;Company :
                 ;Comments:
                 ;
                 ;
                 ;Chip type               : ATmega128
                 ;Program type            : Application
                 ;AVR Core Clock frequency: 16.000000 MHz
                 ;Memory model            : Small
                 ;External RAM size       : 0
                 ;Data Stack size         : 1024
                 ;*****************************************************/
                 ;
                 ;#include <mega128.h>
                 	#ifndef __SLEEP_DEFINED__
                 	#define __SLEEP_DEFINED__
                 	.EQU __se_bit=0x20
                 	.EQU __sm_mask=0x1C
                 	.EQU __sm_powerdown=0x10
                 	.EQU __sm_powersave=0x18
                 	.EQU __sm_standby=0x14
                 	.EQU __sm_ext_standby=0x1C
                 	.EQU __sm_adc_noise_red=0x08
                 	.SET power_ctrl_reg=mcucr
                 	#endif
                 ;
                 ;#include <delay.h>
                 ;#include "adroit.h"
                 ;#include "adroit_LCD.h"
                 
                 	.CSEG
                 _LCD_Init_Cmd:
000081 93aa      	ST   -Y,R26
                 ;	xData -> Y+0
000082 81e8      	LD   R30,Y
000083 7fe0      	ANDI R30,LOW(0xF0)
000084 60e4      	ORI  R30,4
000085 d136      	RCALL SUBOPT_0x0
000086 c01b      	RJMP _0x2000002
                 _LCD_Perintah:
000087 93aa      	ST   -Y,R26
                 ;	xData -> Y+0
000088 98d8      	CBI  0x1B,0
000089 81e8      	LD   R30,Y
00008a 7fe0      	ANDI R30,LOW(0xF0)
00008b 60ec      	ORI  R30,LOW(0xC)
00008c d12f      	RCALL SUBOPT_0x0
00008d d134      	RCALL SUBOPT_0x1
00008e 60ec      	ORI  R30,LOW(0xC)
00008f d12c      	RCALL SUBOPT_0x0
                +
000090 ef80     +LDI R24 , LOW ( 2800 )
000091 e09a     +LDI R25 , HIGH ( 2800 )
                +__DELAY_USW_LOOP :
000092 9701     +SBIW R24 , 1
000093 f7f1     +BRNE __DELAY_USW_LOOP
                 	__DELAY_USW 2800
000094 c00c      	RJMP _0x2000001
                 _LCD_Data:
000095 93aa      	ST   -Y,R26
                 ;	xData -> Y+0
000096 9ad8      	SBI  0x1B,0
000097 81e8      	LD   R30,Y
000098 7fe0      	ANDI R30,LOW(0xF0)
000099 60ed      	ORI  R30,LOW(0xD)
00009a d121      	RCALL SUBOPT_0x0
00009b d126      	RCALL SUBOPT_0x1
00009c 60ed      	ORI  R30,LOW(0xD)
00009d d11e      	RCALL SUBOPT_0x0
                +
00009e ed85     +LDI R24 , LOW ( 213 )
                +__DELAY_USB_LOOP :
00009f 958a     +DEC R24
0000a0 f7f1     +BRNE __DELAY_USB_LOOP
                 	__DELAY_USB 213
                 _0x2000001:
0000a1 9ada      	SBI  0x1B,2
                 _0x2000002:
0000a2 9621      	ADIW R28,1
0000a3 9508      	RET
                 _LCD_Init:
0000a4 e3a2      	LDI  R26,LOW(50)
0000a5 d123      	RCALL SUBOPT_0x2
0000a6 e0a5      	LDI  R26,LOW(5)
0000a7 d121      	RCALL SUBOPT_0x2
0000a8 e0a1      	LDI  R26,LOW(1)
0000a9 d11f      	RCALL SUBOPT_0x2
0000aa e0a1      	LDI  R26,LOW(1)
0000ab e0b0      	LDI  R27,0
0000ac 940e 01ce 	CALL _delay_ms
0000ae e2a0      	LDI  R26,LOW(32)
0000af dfd1      	RCALL _LCD_Init_Cmd
0000b0 e2a8      	LDI  R26,LOW(40)
0000b1 dfd5      	RCALL _LCD_Perintah
0000b2 e1a0      	LDI  R26,LOW(16)
0000b3 dfd3      	RCALL _LCD_Perintah
0000b4 e0ac      	LDI  R26,LOW(12)
0000b5 dfd1      	RCALL _LCD_Perintah
0000b6 e0a6      	LDI  R26,LOW(6)
0000b7 dfcf      	RCALL _LCD_Perintah
0000b8 e0a1      	LDI  R26,LOW(1)
0000b9 dfcd      	RCALL _LCD_Perintah
0000ba 9508      	RET
                 _LCD_GotoXY:
0000bb 93aa      	ST   -Y,R26
0000bc 931a      	ST   -Y,R17
                 ;	x -> Y+2
                 ;	y -> Y+1
                 ;	baris -> R17
0000bd 81e9      	LDD  R30,Y+1
0000be 30e0      	CPI  R30,0
0000bf f419      	BRNE _0x27
0000c0 81aa      	LDD  R26,Y+2
0000c1 58a0      	SUBI R26,-LOW(128)
0000c2 c002      	RJMP _0x5B
                 _0x27:
0000c3 81aa      	LDD  R26,Y+2
0000c4 54a0      	SUBI R26,-LOW(192)
                 _0x5B:
0000c5 dfc1      	RCALL _LCD_Perintah
0000c6 8118      	LDD  R17,Y+0
0000c7 9623      	ADIW R28,3
0000c8 9508      	RET
                 _LCD_TextF:
0000c9 93ba      	ST   -Y,R27
0000ca 93aa      	ST   -Y,R26
                 ;	*text -> Y+0
                 _0x29:
0000cb 81e8      	LD   R30,Y
0000cc 81f9      	LDD  R31,Y+1
0000cd 91e4      	LPM  R30,Z
0000ce 30e0      	CPI  R30,0
0000cf f051      	BREQ _0x2B
0000d0 81e8      	LD   R30,Y
0000d1 81f9      	LDD  R31,Y+1
0000d2 91a4      	LPM  R26,Z
0000d3 dfc1      	RCALL _LCD_Data
0000d4 81e8      	LD   R30,Y
0000d5 81f9      	LDD  R31,Y+1
0000d6 9631      	ADIW R30,1
0000d7 83e8      	ST   Y,R30
0000d8 83f9      	STD  Y+1,R31
0000d9 cff1      	RJMP _0x29
                 _0x2B:
0000da 9622      	ADIW R28,2
0000db 9508      	RET
                 ;	*text -> Y+0
                 ;	Baris -> Y+2
                 ;	*text -> Y+0
                 ;	Baris -> Y+1
                 ;	i -> R17
                 ;	Baris -> Y+1
                 ;	i -> R17
                 ;	Baris -> Y+2
                 ;	i -> R17
                 ;	j -> R16
                 ;	Baris -> Y+3
                 ;	*text -> Y+1
                 ;	i -> R17
                 ;	Baris -> Y+4
                 ;	*text -> Y+2
                 ;	i -> R17
                 ;	j -> R16
                 ;	Baris -> Y+4
                 ;	*text -> Y+2
                 ;	i -> R17
                 ;	j -> R16
                 ;	Baris -> Y+4
                 ;	*text -> Y+2
                 ;	i -> R17
                 ;	j -> R16
                 ;	x -> Y+0
                 ;	x -> Y+0
                 ;	x -> Y+0
                 ;	x -> Y+0
                 ;	x -> Y+1
                 ;	i -> R17
                 ;//#include "adroit_I2C.h"
                 ;
                 ;unsigned char data1, data2;	int Jarak;
                 ;// External Interrupt 6 service routine
                 ;interrupt [EXT_INT6] void ext_int6_isr(void)
                 ; 0000 0022 {
                 _ext_int6_isr:
                 ; 0000 0023 // Place your code here
                 ; 0000 0024 
                 ; 0000 0025 }
0000dc 9518      	RETI
                 ;
                 ;// External Interrupt 7 service routine
                 ;interrupt [EXT_INT7] void ext_int7_isr(void)
                 ; 0000 0029 {
                 _ext_int7_isr:
                 ; 0000 002A // Place your code here
                 ; 0000 002B 
                 ; 0000 002C }
0000dd 9518      	RETI
                 ;
                 ;#ifndef RXB8
                 ;#define RXB8 1
                 ;#endif
                 ;
                 ;#ifndef TXB8
                 ;#define TXB8 0
                 ;#endif
                 ;
                 ;#ifndef UPE
                 ;#define UPE 2
                 ;#endif
                 ;
                 ;#ifndef DOR
                 ;#define DOR 3
                 ;#endif
                 ;
                 ;#ifndef FE
                 ;#define FE 4
                 ;#endif
                 ;
                 ;#ifndef UDRE
                 ;#define UDRE 5
                 ;#endif
                 ;
                 ;#ifndef RXC
                 ;#define RXC 7
                 ;#endif
                 ;
                 ;#define FRAMING_ERROR (1<<FE)
                 ;#define PARITY_ERROR (1<<UPE)
                 ;#define DATA_OVERRUN (1<<DOR)
                 ;#define DATA_REGISTER_EMPTY (1<<UDRE)
                 ;#define RX_COMPLETE (1<<RXC)
                 ;
                 ;// USART1 Receiver buffer
                 ;#define RX_BUFFER_SIZE1 8
                 ;char rx_buffer1[RX_BUFFER_SIZE1];
                 ;
                 ;#if RX_BUFFER_SIZE1 <= 256
                 ;unsigned char rx_wr_index1,rx_rd_index1,rx_counter1;
                 ;#else
                 ;unsigned int rx_wr_index1,rx_rd_index1,rx_counter1;
                 ;#endif
                 ;
                 ;// This flag is set on USART1 Receiver buffer overflow
                 ;bit rx_buffer_overflow1;
                 ;
                 ;// USART1 Receiver interrupt service routine
                 ;interrupt [USART1_RXC] void usart1_rx_isr(void)
                 ; 0000 005F {
                 _usart1_rx_isr:
0000de 93ea      	ST   -Y,R30
0000df 93fa      	ST   -Y,R31
0000e0 b7ef      	IN   R30,SREG
0000e1 93ea      	ST   -Y,R30
                 ; 0000 0060 char status,data;
                 ; 0000 0061 status=UCSR1A;
0000e2 931a      	ST   -Y,R17
0000e3 930a      	ST   -Y,R16
                 ;	status -> R17
                 ;	data -> R16
0000e4 9110 009b 	LDS  R17,155
                 ; 0000 0062 data=UDR1;
0000e6 9100 009c 	LDS  R16,156
                 ; 0000 0063 if ((status & (FRAMING_ERROR | PARITY_ERROR | DATA_OVERRUN))==0)
0000e8 2fe1      	MOV  R30,R17
0000e9 71ec      	ANDI R30,LOW(0x1C)
0000ea f489      	BRNE _0x4C
                 ; 0000 0064    {
                 ; 0000 0065    rx_buffer1[rx_wr_index1++]=data;
0000eb 2de9      	MOV  R30,R9
0000ec 9493      	INC  R9
0000ed e0f0      	LDI  R31,0
0000ee 50e0      	SUBI R30,LOW(-_rx_buffer1)
0000ef 4ffb      	SBCI R31,HIGH(-_rx_buffer1)
0000f0 8300      	ST   Z,R16
                 ; 0000 0066 #if RX_BUFFER_SIZE1 == 256
                 ; 0000 0067    // special case for receiver buffer size=256
                 ; 0000 0068    if (++rx_counter1 == 0) rx_buffer_overflow1=1;
                 ; 0000 0069 #else
                 ; 0000 006A    if (rx_wr_index1 == RX_BUFFER_SIZE1) rx_wr_index1=0;
0000f1 e0e8      	LDI  R30,LOW(8)
0000f2 15e9      	CP   R30,R9
0000f3 f409      	BRNE _0x4D
0000f4 2499      	CLR  R9
                 ; 0000 006B    if (++rx_counter1 == RX_BUFFER_SIZE1)
                 _0x4D:
0000f5 94b3      	INC  R11
0000f6 e0e8      	LDI  R30,LOW(8)
0000f7 15eb      	CP   R30,R11
0000f8 f419      	BRNE _0x4E
                 ; 0000 006C       {
                 ; 0000 006D       rx_counter1=0;
0000f9 24bb      	CLR  R11
                 ; 0000 006E       rx_buffer_overflow1=1;
0000fa 9468      	SET
0000fb f820      	BLD  R2,0
                 ; 0000 006F       }
                 ; 0000 0070 #endif
                 ; 0000 0071    }
                 _0x4E:
                 ; 0000 0072 }
                 _0x4C:
0000fc 9109      	LD   R16,Y+
0000fd 9119      	LD   R17,Y+
0000fe 91e9      	LD   R30,Y+
0000ff bfef      	OUT  SREG,R30
000100 91f9      	LD   R31,Y+
000101 91e9      	LD   R30,Y+
000102 9518      	RETI
                 ;
                 ;// Get a character from the USART1 Receiver buffer
                 ;#pragma used+
                 ;char getchar1(void)
                 ; 0000 0077 {
                 ; 0000 0078 char data;
                 ; 0000 0079 while (rx_counter1==0);
                 ;	data -> R17
                 ; 0000 007A data=rx_buffer1[rx_rd_index1++];
                 ; 0000 007B #if RX_BUFFER_SIZE1 != 256
                 ; 0000 007C if (rx_rd_index1 == RX_BUFFER_SIZE1) rx_rd_index1=0;
                 ; 0000 007D #endif
                 ; 0000 007E #asm("cli")
                 ; 0000 007F --rx_counter1;
                 ; 0000 0080 #asm("sei")
                 ; 0000 0081 return data;
                 ; 0000 0082 }
                 ;#pragma used-
                 ;// Write a character to the USART1 Transmitter
                 ;#pragma used+
                 ;void putchar1(char c)
                 ; 0000 0087 {
                 ; 0000 0088 while ((UCSR1A & DATA_REGISTER_EMPTY)==0);
                 ;	c -> Y+0
                 ; 0000 0089 UDR1=c;
                 ; 0000 008A }
                 ;#pragma used-
                 ;
                 ;// Timer1 input capture interrupt service routine
                 ;interrupt [TIM1_CAPT] void timer1_capt_isr(void)
                 ; 0000 008F {
                 _timer1_capt_isr:
                 ; 0000 0090 // Place your code here
                 ; 0000 0091 
                 ; 0000 0092 }
000103 9518      	RETI
                 ;
                 ;// Timer2 output compare interrupt service routine
                 ;interrupt [TIM2_COMP] void timer2_comp_isr(void)
                 ; 0000 0096 {
                 _timer2_comp_isr:
                 ; 0000 0097 // Place your code here
                 ; 0000 0098 
                 ; 0000 0099 }
000104 9518      	RETI
                 ;
                 ;#define FIRST_ADC_INPUT 0
                 ;#define LAST_ADC_INPUT 7
                 ;unsigned char adc_data[LAST_ADC_INPUT-FIRST_ADC_INPUT+1];
                 ;#define ADC_VREF_TYPE 0x20
                 ;
                 ;// ADC interrupt service routine
                 ;// with auto input scanning
                 ;interrupt [ADC_INT] void adc_isr(void)
                 ; 0000 00A3 {
                 _adc_isr:
000105 938a      	ST   -Y,R24
000106 93aa      	ST   -Y,R26
000107 93ba      	ST   -Y,R27
000108 93ea      	ST   -Y,R30
000109 b7ef      	IN   R30,SREG
00010a 93ea      	ST   -Y,R30
                 ; 0000 00A4 static unsigned char input_index=0;
                 ; 0000 00A5 // Read the 8 most significant bits
                 ; 0000 00A6 // of the AD conversion result
                 ; 0000 00A7 adc_data[input_index]=ADCH;
00010b 91a0 0510 	LDS  R26,_input_index_S000001C000
00010d e0b0      	LDI  R27,0
00010e 5fa8      	SUBI R26,LOW(-_adc_data)
00010f 4fba      	SBCI R27,HIGH(-_adc_data)
000110 b1e5      	IN   R30,0x5
000111 93ec      	ST   X,R30
                 ; 0000 00A8 // Select next ADC input
                 ; 0000 00A9 if (++input_index > (LAST_ADC_INPUT-FIRST_ADC_INPUT))
000112 91a0 0510 	LDS  R26,_input_index_S000001C000
000114 5faf      	SUBI R26,-LOW(1)
000115 93a0 0510 	STS  _input_index_S000001C000,R26
000117 30a8      	CPI  R26,LOW(0x8)
000118 f018      	BRLO _0x56
                 ; 0000 00AA    input_index=0;
000119 e0e0      	LDI  R30,LOW(0)
00011a 93e0 0510 	STS  _input_index_S000001C000,R30
                 ; 0000 00AB ADMUX=(FIRST_ADC_INPUT | (ADC_VREF_TYPE & 0xff))+input_index;
                 _0x56:
00011c 91e0 0510 	LDS  R30,_input_index_S000001C000
00011e 5ee0      	SUBI R30,-LOW(32)
00011f b9e7      	OUT  0x7,R30
                 ; 0000 00AC // Delay needed for the stabilization of the ADC input voltage
                 ; 0000 00AD delay_us(10);
                +
000120 e385     +LDI R24 , LOW ( 53 )
                +__DELAY_USB_LOOP :
000121 958a     +DEC R24
000122 f7f1     +BRNE __DELAY_USB_LOOP
                 	__DELAY_USB 53
                 ; 0000 00AE // Start the AD conversion
                 ; 0000 00AF ADCSRA|=0x40;
000123 9a36      	SBI  0x6,6
                 ; 0000 00B0 }
000124 91e9      	LD   R30,Y+
000125 bfef      	OUT  SREG,R30
000126 91e9      	LD   R30,Y+
000127 91b9      	LD   R27,Y+
000128 91a9      	LD   R26,Y+
000129 9189      	LD   R24,Y+
00012a 9518      	RETI
                 ;
                 ;// Declare your global variables here
                 ;
                 ;void main(void)
                 ; 0000 00B5 {
                 _main:
                 ; 0000 00B6 // Declare your local variables here
                 ; 0000 00B7 
                 ; 0000 00B8 // Input/Output Ports initialization
                 ; 0000 00B9 // Port A initialization
                 ; 0000 00BA // Func7=Out Func6=Out Func5=Out Func4=Out Func3=Out Func2=Out Func1=Out Func0=Out
                 ; 0000 00BB // State7=0 State6=0 State5=0 State4=0 State3=0 State2=0 State1=0 State0=0
                 ; 0000 00BC PORTA=0x00;
00012b e0e0      	LDI  R30,LOW(0)
00012c bbeb      	OUT  0x1B,R30
                 ; 0000 00BD DDRA=0xFF;
00012d efef      	LDI  R30,LOW(255)
00012e bbea      	OUT  0x1A,R30
                 ; 0000 00BE 
                 ; 0000 00BF // Port B initialization
                 ; 0000 00C0 // Func7=Out Func6=Out Func5=Out Func4=Out Func3=Out Func2=In Func1=In Func0=In
                 ; 0000 00C1 // State7=0 State6=0 State5=0 State4=0 State3=0 State2=P State1=T State0=P
                 ; 0000 00C2 PORTB=0x05;
00012f e0e5      	LDI  R30,LOW(5)
000130 bbe8      	OUT  0x18,R30
                 ; 0000 00C3 DDRB=0xF8;
000131 efe8      	LDI  R30,LOW(248)
000132 bbe7      	OUT  0x17,R30
                 ; 0000 00C4 
                 ; 0000 00C5 // Port C initialization
                 ; 0000 00C6 // Func7=Out Func6=Out Func5=Out Func4=Out Func3=In Func2=In Func1=In Func0=In
                 ; 0000 00C7 // State7=0 State6=0 State5=0 State4=0 State3=P State2=P State1=P State0=P
                 ; 0000 00C8 PORTC=0x0F;
000133 e0ef      	LDI  R30,LOW(15)
000134 bbe5      	OUT  0x15,R30
                 ; 0000 00C9 DDRC=0xF0;
000135 efe0      	LDI  R30,LOW(240)
000136 bbe4      	OUT  0x14,R30
                 ; 0000 00CA 
                 ; 0000 00CB // Port D initialization
                 ; 0000 00CC // Func7=Out Func6=Out Func5=Out Func4=Out Func3=In Func2=In Func1=In Func0=In
                 ; 0000 00CD // State7=0 State6=0 State5=0 State4=0 State3=T State2=T State1=T State0=T
                 ; 0000 00CE PORTD=0x00;
000137 e0e0      	LDI  R30,LOW(0)
000138 bbe2      	OUT  0x12,R30
                 ; 0000 00CF DDRD=0xF0;
000139 efe0      	LDI  R30,LOW(240)
00013a bbe1      	OUT  0x11,R30
                 ; 0000 00D0 
                 ; 0000 00D1 // Port E initialization
                 ; 0000 00D2 // Func7=In Func6=In Func5=Out Func4=Out Func3=Out Func2=Out Func1=In Func0=In
                 ; 0000 00D3 // State7=P State6=P State5=0 State4=0 State3=0 State2=0 State1=T State0=T
                 ; 0000 00D4 PORTE=0xC0;
00013b ece0      	LDI  R30,LOW(192)
00013c b9e3      	OUT  0x3,R30
                 ; 0000 00D5 DDRE=0x3C;
00013d e3ec      	LDI  R30,LOW(60)
00013e b9e2      	OUT  0x2,R30
                 ; 0000 00D6 
                 ; 0000 00D7 // Port F initialization
                 ; 0000 00D8 // Func7=In Func6=In Func5=In Func4=In Func3=In Func2=In Func1=In Func0=In
                 ; 0000 00D9 // State7=T State6=T State5=T State4=T State3=T State2=T State1=T State0=T
                 ; 0000 00DA PORTF=0x00;
00013f e0e0      	LDI  R30,LOW(0)
000140 93e0 0062 	STS  98,R30
                 ; 0000 00DB DDRF=0x00;
000142 93e0 0061 	STS  97,R30
                 ; 0000 00DC 
                 ; 0000 00DD // Port G initialization
                 ; 0000 00DE // Func4=In Func3=In Func2=In Func1=In Func0=In
                 ; 0000 00DF // State4=T State3=P State2=P State1=P State0=P
                 ; 0000 00E0 PORTG=0x0F;
000144 e0ef      	LDI  R30,LOW(15)
000145 93e0 0065 	STS  101,R30
                 ; 0000 00E1 DDRG=0x00;
000147 e0e0      	LDI  R30,LOW(0)
000148 93e0 0064 	STS  100,R30
                 ; 0000 00E2 
                 ; 0000 00E3 // Timer/Counter 0 initialization
                 ; 0000 00E4 // Clock source: System Clock
                 ; 0000 00E5 // Clock value: 250.000 kHz
                 ; 0000 00E6 // Mode: CTC top=OCR0
                 ; 0000 00E7 // OC0 output: Toggle on compare match
                 ; 0000 00E8 ASSR=0x00;
00014a bfe0      	OUT  0x30,R30
                 ; 0000 00E9 TCCR0=0x1C;
00014b e1ec      	LDI  R30,LOW(28)
00014c bfe3      	OUT  0x33,R30
                 ; 0000 00EA TCNT0=0x00;
00014d e0e0      	LDI  R30,LOW(0)
00014e bfe2      	OUT  0x32,R30
                 ; 0000 00EB OCR0=0x00;
00014f bfe1      	OUT  0x31,R30
                 ; 0000 00EC 
                 ; 0000 00ED // Timer/Counter 1 initialization
                 ; 0000 00EE // Clock source: System Clock
                 ; 0000 00EF // Clock value: 2000.000 kHz
                 ; 0000 00F0 // Mode: Ph. & fr. cor. PWM top=ICR1
                 ; 0000 00F1 // OC1A output: Non-Inv.
                 ; 0000 00F2 // OC1B output: Non-Inv.
                 ; 0000 00F3 // OC1C output: Non-Inv.
                 ; 0000 00F4 // Noise Canceler: Off
                 ; 0000 00F5 // Input Capture on Falling Edge
                 ; 0000 00F6 // Timer1 Overflow Interrupt: Off
                 ; 0000 00F7 // Input Capture Interrupt: On
                 ; 0000 00F8 // Compare A Match Interrupt: Off
                 ; 0000 00F9 // Compare B Match Interrupt: Off
                 ; 0000 00FA // Compare C Match Interrupt: Off
                 ; 0000 00FB TCCR1A=0xA8;
000150 eae8      	LDI  R30,LOW(168)
000151 bdef      	OUT  0x2F,R30
                 ; 0000 00FC TCCR1B=0x12;
000152 e1e2      	LDI  R30,LOW(18)
000153 bdee      	OUT  0x2E,R30
                 ; 0000 00FD TCNT1H=0x00;
000154 e0e0      	LDI  R30,LOW(0)
000155 bded      	OUT  0x2D,R30
                 ; 0000 00FE TCNT1L=0x00;
000156 bdec      	OUT  0x2C,R30
                 ; 0000 00FF ICR1H=0x13;
000157 e1e3      	LDI  R30,LOW(19)
000158 bde7      	OUT  0x27,R30
                 ; 0000 0100 ICR1L=0x87;
000159 e8e7      	LDI  R30,LOW(135)
00015a bde6      	OUT  0x26,R30
                 ; 0000 0101 OCR1AH=0x00;
00015b e0e0      	LDI  R30,LOW(0)
00015c bdeb      	OUT  0x2B,R30
                 ; 0000 0102 OCR1AL=0x00;
00015d bdea      	OUT  0x2A,R30
                 ; 0000 0103 OCR1BH=0x00;
00015e bde9      	OUT  0x29,R30
                 ; 0000 0104 OCR1BL=0x00;
00015f bde8      	OUT  0x28,R30
                 ; 0000 0105 OCR1CH=0x00;
000160 93e0 0079 	STS  121,R30
                 ; 0000 0106 OCR1CL=0x00;
000162 93e0 0078 	STS  120,R30
                 ; 0000 0107 
                 ; 0000 0108 // Timer/Counter 2 initialization
                 ; 0000 0109 // Clock source: System Clock
                 ; 0000 010A // Clock value: 250.000 kHz
                 ; 0000 010B // Mode: CTC top=OCR2
                 ; 0000 010C // OC2 output: Disconnected
                 ; 0000 010D TCCR2=0x0B;
000164 e0eb      	LDI  R30,LOW(11)
000165 bde5      	OUT  0x25,R30
                 ; 0000 010E TCNT2=0x00;
000166 e0e0      	LDI  R30,LOW(0)
000167 bde4      	OUT  0x24,R30
                 ; 0000 010F OCR2=0xF9;
000168 efe9      	LDI  R30,LOW(249)
000169 bde3      	OUT  0x23,R30
                 ; 0000 0110 
                 ; 0000 0111 // Timer/Counter 3 initialization
                 ; 0000 0112 // Clock source: System Clock
                 ; 0000 0113 // Clock value: 16000.000 kHz
                 ; 0000 0114 // Mode: Ph. & fr. cor. PWM top=ICR3
                 ; 0000 0115 // OC3A output: Inverted
                 ; 0000 0116 // OC3B output: Inverted
                 ; 0000 0117 // OC3C output: Discon.
                 ; 0000 0118 // Noise Canceler: Off
                 ; 0000 0119 // Input Capture on Falling Edge
                 ; 0000 011A // Timer3 Overflow Interrupt: Off
                 ; 0000 011B // Input Capture Interrupt: Off
                 ; 0000 011C // Compare A Match Interrupt: Off
                 ; 0000 011D // Compare B Match Interrupt: Off
                 ; 0000 011E // Compare C Match Interrupt: Off
                 ; 0000 011F TCCR3A=0xF0;
00016a efe0      	LDI  R30,LOW(240)
00016b 93e0 008b 	STS  139,R30
                 ; 0000 0120 TCCR3B=0x11;
00016d e1e1      	LDI  R30,LOW(17)
00016e 93e0 008a 	STS  138,R30
                 ; 0000 0121 TCNT3H=0x00;
000170 e0e0      	LDI  R30,LOW(0)
000171 93e0 0089 	STS  137,R30
                 ; 0000 0122 TCNT3L=0x00;
000173 93e0 0088 	STS  136,R30
                 ; 0000 0123 ICR3H=0x01;
000175 e0e1      	LDI  R30,LOW(1)
000176 93e0 0081 	STS  129,R30
                 ; 0000 0124 ICR3L=0x90;
000178 e9e0      	LDI  R30,LOW(144)
000179 93e0 0080 	STS  128,R30
                 ; 0000 0125 OCR3AH=0x00;
00017b e0e0      	LDI  R30,LOW(0)
00017c 93e0 0087 	STS  135,R30
                 ; 0000 0126 OCR3AL=0x00;
00017e 93e0 0086 	STS  134,R30
                 ; 0000 0127 OCR3BH=0x00;
000180 93e0 0085 	STS  133,R30
                 ; 0000 0128 OCR3BL=0x00;
000182 93e0 0084 	STS  132,R30
                 ; 0000 0129 OCR3CH=0x00;
000184 93e0 0083 	STS  131,R30
                 ; 0000 012A OCR3CL=0xC8;
000186 ece8      	LDI  R30,LOW(200)
000187 93e0 0082 	STS  130,R30
                 ; 0000 012B 
                 ; 0000 012C // External Interrupt(s) initialization
                 ; 0000 012D // INT0: Off
                 ; 0000 012E // INT1: Off
                 ; 0000 012F // INT2: Off
                 ; 0000 0130 // INT3: Off
                 ; 0000 0131 // INT4: Off
                 ; 0000 0132 // INT5: Off
                 ; 0000 0133 // INT6: On
                 ; 0000 0134 // INT6 Mode: Any change
                 ; 0000 0135 // INT7: On
                 ; 0000 0136 // INT7 Mode: Any change
                 ; 0000 0137 EICRA=0x00;
000189 e0e0      	LDI  R30,LOW(0)
00018a 93e0 006a 	STS  106,R30
                 ; 0000 0138 EICRB=0x50;
00018c e5e0      	LDI  R30,LOW(80)
00018d bfea      	OUT  0x3A,R30
                 ; 0000 0139 EIMSK=0xC0;
00018e ece0      	LDI  R30,LOW(192)
00018f bfe9      	OUT  0x39,R30
                 ; 0000 013A EIFR=0xC0;
000190 bfe8      	OUT  0x38,R30
                 ; 0000 013B 
                 ; 0000 013C // Timer(s)/Counter(s) Interrupt(s) initialization
                 ; 0000 013D TIMSK=0xA0;
000191 eae0      	LDI  R30,LOW(160)
000192 bfe7      	OUT  0x37,R30
                 ; 0000 013E 
                 ; 0000 013F ETIMSK=0x00;
000193 e0e0      	LDI  R30,LOW(0)
000194 93e0 007d 	STS  125,R30
                 ; 0000 0140 
                 ; 0000 0141 // USART0 initialization
                 ; 0000 0142 // USART0 disabled
                 ; 0000 0143 UCSR0B=0x00;
000196 b9ea      	OUT  0xA,R30
                 ; 0000 0144 
                 ; 0000 0145 // USART1 initialization
                 ; 0000 0146 // Communication Parameters: 8 Data, 1 Stop, No Parity
                 ; 0000 0147 // USART1 Receiver: On
                 ; 0000 0148 // USART1 Transmitter: On
                 ; 0000 0149 // USART1 Mode: Asynchronous
                 ; 0000 014A // USART1 Baud Rate: 9600
                 ; 0000 014B UCSR1A=0x00;
000197 93e0 009b 	STS  155,R30
                 ; 0000 014C UCSR1B=0x98;
000199 e9e8      	LDI  R30,LOW(152)
00019a 93e0 009a 	STS  154,R30
                 ; 0000 014D UCSR1C=0x06;
00019c e0e6      	LDI  R30,LOW(6)
00019d 93e0 009d 	STS  157,R30
                 ; 0000 014E UBRR1H=0x00;
00019f e0e0      	LDI  R30,LOW(0)
0001a0 93e0 0098 	STS  152,R30
                 ; 0000 014F UBRR1L=0x67;
0001a2 e6e7      	LDI  R30,LOW(103)
0001a3 93e0 0099 	STS  153,R30
                 ; 0000 0150 
                 ; 0000 0151 // Analog Comparator initialization
                 ; 0000 0152 // Analog Comparator: Off
                 ; 0000 0153 // Analog Comparator Input Capture by Timer/Counter 1: Off
                 ; 0000 0154 ACSR=0x80;
0001a5 e8e0      	LDI  R30,LOW(128)
0001a6 b9e8      	OUT  0x8,R30
                 ; 0000 0155 SFIOR=0x00;
0001a7 e0e0      	LDI  R30,LOW(0)
0001a8 bde0      	OUT  0x20,R30
                 ; 0000 0156 
                 ; 0000 0157 // ADC initialization
                 ; 0000 0158 // ADC Clock frequency: 125.000 kHz
                 ; 0000 0159 // ADC Voltage Reference: AREF pin
                 ; 0000 015A // Only the 8 most significant bits of
                 ; 0000 015B // the AD conversion result are used
                 ; 0000 015C ADMUX=FIRST_ADC_INPUT | (ADC_VREF_TYPE & 0xff);
0001a9 e2e0      	LDI  R30,LOW(32)
0001aa b9e7      	OUT  0x7,R30
                 ; 0000 015D ADCSRA=0xCF;
0001ab ecef      	LDI  R30,LOW(207)
0001ac b9e6      	OUT  0x6,R30
                 ; 0000 015E 
                 ; 0000 015F // SPI initialization
                 ; 0000 0160 // SPI disabled
                 ; 0000 0161 SPCR=0x00;
0001ad e0e0      	LDI  R30,LOW(0)
0001ae b9ed      	OUT  0xD,R30
                 ; 0000 0162 
                 ; 0000 0163 // TWI initialization
                 ; 0000 0164 // TWI disabled
                 ; 0000 0165 TWCR=0x00;
0001af 93e0 0074 	STS  116,R30
                 ; 0000 0166 
                 ; 0000 0167 // Global enable interrupts
                 ; 0000 0168 #asm("sei")
0001b1 9478      	sei
                 ; 0000 0169 LCD_Init();
0001b2 def1      	RCALL _LCD_Init
                 ; 0000 016A //I2C_Init();
                 ; 0000 016B 
                 ; 0000 016C while (1)
                 _0x57:
                 ; 0000 016D       {
                 ; 0000 016E       // Place your code here
                 ; 0000 016F //    I2C_Start(0xE0 | I2C_WRITE);    // perintah menulis ealamat defaulr E0
                 ; 0000 0170 //    I2C_Write(0);                   // alamat command reg = 0
                 ; 0000 0171 //    I2C_Write(81);                  // membaca jarak dalam cm
                 ; 0000 0172 //    I2C_Stop();                     // stop komunikasi
                 ; 0000 0173 //    delay_ms(65);                   // menunggu waktu ranging default (65ms)
                 ; 0000 0174 //
                 ; 0000 0175 //    // Membaca data hasil dari proses ranging
                 ; 0000 0176 //    I2C_Start(0XE0 | I2C_WRITE);    // dialamati terlebih dahulu untuk menulis register yg diakses
                 ; 0000 0177 //    I2C_Write(2);                   // register no 2 adalah alamat dari data High Byte (HB)
                 ; 0000 0178 //    delay_us(5);
                 ; 0000 0179 //    I2C_Start(0xE0 | I2C_READ);     // memulai proses pembacaan data
                 ; 0000 017A //    data1 = I2C_ReadAck();          // membaca data HB, diikuti ack (ingin membaca alamat berikutnya)
                 ; 0000 017B //    data2 = I2C_ReadNak();          // membaca data LB, diikuti Nak (selesai membaca data)
                 ; 0000 017C //    I2C_Stop();                     // stop komunikasi
                 ; 0000 017D //    // menampilkan data ke LCD
                 ; 0000 017E //    Jarak =((int)data1<<8) + data2;// menggabungkan HB dan LB
                 ; 0000 017F     LCD_GotoXY(0,0);                // atur posisi cursor
0001b3 e0e0      	LDI  R30,LOW(0)
0001b4 93ea      	ST   -Y,R30
0001b5 e0a0      	LDI  R26,LOW(0)
0001b6 df04      	RCALL _LCD_GotoXY
                 ; 0000 0180 //    LCD_Angka4(Jarak);              // menulikan data jarak ke LCD
                 ; 0000 0181     LCD_TextF(" cm  ");             // menuliskan informasi satuan jarak
                +
0001b7 e8ae     +LDI R26 , LOW ( 2 * _0x0 + ( 0 ) )
0001b8 e0b0     +LDI R27 , HIGH ( 2 * _0x0 + ( 0 ) )
                 	__POINTW2FN _0x0,0
0001b9 df0f      	RCALL _LCD_TextF
                 ; 0000 0182 
                 ; 0000 0183       }
0001ba cff8      	RJMP _0x57
                 ; 0000 0184 }
                 _0x5A:
0001bb cfff      	RJMP _0x5A
                 
                 	.DSEG
                 _rx_buffer1:
000500           	.BYTE 0x8
                 _adc_data:
000508           	.BYTE 0x8
                 _input_index_S000001C000:
000510           	.BYTE 0x1
                 
                 	.CSEG
                 ;OPTIMIZER ADDED SUBROUTINE, CALLED 5 TIMES, CODE SIZE REDUCTION:9 WORDS
                 SUBOPT_0x0:
0001bc bbeb      	OUT  0x1B,R30
                +
0001bd e085     +LDI R24 , LOW ( 5 )
                +__DELAY_USB_LOOP :
0001be 958a     +DEC R24
0001bf f7f1     +BRNE __DELAY_USB_LOOP
                 	__DELAY_USB 5
0001c0 98da      	CBI  0x1B,2
0001c1 9508      	RET
                 
                 ;OPTIMIZER ADDED SUBROUTINE, CALLED 2 TIMES, CODE SIZE REDUCTION:1 WORDS
                 SUBOPT_0x1:
                +
0001c2 e18b     +LDI R24 , LOW ( 27 )
                +__DELAY_USB_LOOP :
0001c3 958a     +DEC R24
0001c4 f7f1     +BRNE __DELAY_USB_LOOP
                 	__DELAY_USB 27
0001c5 81e8      	LD   R30,Y
0001c6 95e2      	SWAP R30
0001c7 7fe0      	ANDI R30,0xF0
0001c8 9508      	RET
                 
                 ;OPTIMIZER ADDED SUBROUTINE, CALLED 3 TIMES, CODE SIZE REDUCTION:9 WORDS
                 SUBOPT_0x2:
0001c9 e0b0      	LDI  R27,0
0001ca 940e 01ce 	CALL _delay_ms
0001cc e3a0      	LDI  R26,LOW(48)
0001cd ceb3      	RJMP _LCD_Init_Cmd
                 
                 
                 	.CSEG
                 _delay_ms:
0001ce 9610      	adiw r26,0
0001cf f039      	breq __delay_ms1
                 __delay_ms0:
                +
0001d0 ea80     +LDI R24 , LOW ( 0xFA0 )
0001d1 e09f     +LDI R25 , HIGH ( 0xFA0 )
                +__DELAY_USW_LOOP :
0001d2 9701     +SBIW R24 , 1
0001d3 f7f1     +BRNE __DELAY_USW_LOOP
                 	__DELAY_USW 0xFA0
0001d4 95a8      	wdr
0001d5 9711      	sbiw r26,1
0001d6 f7c9      	brne __delay_ms0
                 __delay_ms1:
0001d7 9508      	ret
                 
                 ;END OF CODE MARKER
                 __END_OF_CODE:


RESOURCE USE INFORMATION
------------------------

Notice:
The register and instruction counts are symbol table hit counts,
and hence implicitly used resources are not counted, eg, the
'lpm' instruction without operands implicitly uses r0 and z,
none of which are counted.

x,y,z are separate entities in the symbol table and are
counted separately from r26..r31 here.

.dseg memory usage only counts static data declared with .byte

ATmega128 register use summary:
r0 :   4 r1 :   1 r2 :   1 r3 :   0 r4 :   0 r5 :   0 r6 :   0 r7 :   0 
r8 :   0 r9 :   4 r10:   0 r11:   3 r12:   0 r13:   0 r14:   0 r15:   0 
r16:   4 r17:   6 r18:   0 r19:   0 r20:   0 r21:   0 r22:   2 r23:   0 
r24:  22 r25:   4 r26:  36 r27:  11 r28:   4 r29:   1 r30: 176 r31:  13 
x  :   4 y  :  44 z  :  10 
Registers used: 19 out of 35 (54.3%)

ATmega128 instruction use summary:
.lds  :   0 .lds.l:   0 .sts  :   0 .sts.l:   0 adc   :   0 add   :   0 
adiw  :   5 and   :   0 andi  :   5 asr   :   0 bclr  :   0 bld   :   1 
brbc  :   0 brbs  :   0 brcc  :   0 brcs  :   0 break :   0 breq  :   3 
brge  :   0 brhc  :   0 brhs  :   0 brid  :   0 brie  :   0 brlo  :   1 
brlt  :   0 brmi  :   0 brne  :  14 brpl  :   0 brsh  :   0 brtc  :   0 
brts  :   0 brvc  :   0 brvs  :   0 bset  :   0 bst   :   0 call  :   2 
cbi   :   2 cbr   :   0 clc   :   0 clh   :   0 cli   :   1 cln   :   0 
clr   :   4 cls   :   0 clt   :   0 clv   :   0 clz   :   0 com   :   0 
cp    :   2 cpc   :   0 cpi   :   3 cpse  :   0 dec   :   5 des   :   0 
elpm  :   0 eor   :   0 fmul  :   0 fmuls :   0 fmulsu:   0 icall :   0 
ijmp  :   0 in    :   3 inc   :   2 jmp   :  36 ld    :  17 ldd   :   7 
ldi   :  89 lds   :   5 lpm   :  11 lsl   :   0 lsr   :   0 mov   :   2 
movw  :   3 mul   :   0 muls  :   0 mulsu :   0 neg   :   0 nop   :   0 
or    :   0 ori   :   5 out   :  49 pop   :   0 push  :   0 rcall :  21 
ret   :   7 reti  :   6 rjmp  :   8 rol   :   0 ror   :   0 sbc   :   0 
sbci  :   2 sbi   :   3 sbic  :   0 sbis  :   0 sbiw  :   6 sbr   :   0 
sbrc  :   0 sbrs  :   0 sec   :   0 seh   :   0 sei   :   1 sen   :   0 
ser   :   0 ses   :   0 set   :   1 sev   :   0 sez   :   0 sleep :   0 
spm   :   0 st    :  24 std   :   1 sts   :  29 sub   :   0 subi  :   6 
swap  :   1 tst   :   0 wdr   :   1 
Instructions used: 40 out of 117 (34.2%)

ATmega128 memory use summary [bytes]:
Segment   Begin    End      Code   Data   Used    Size   Use%
---------------------------------------------------------------
[.cseg] 0x000000 0x0003b0    928     16    944  131072   0.7%
[.dseg] 0x000100 0x000511      0     17     17    4351   0.4%
[.eseg] 0x000000 0x000000      0      0      0    4096   0.0%

Assembly complete, 0 errors, 6 warnings
