
AVRASM ver. 2.1.30  D:\Belajar\AVRProject2\06 Servo dengan PWM Hardware\List\servo.asm Mon Oct 14 09:55:59 2019

                 
                 
                 ;CodeVisionAVR C Compiler V2.05.3 Standard
                 ;(C) Copyright 1998-2011 Pavel Haiduc, HP InfoTech s.r.l.
                 ;http://www.hpinfotech.com
                 
                 ;Chip type                : ATmega8535
                 ;Program type             : Application
                 ;Clock frequency          : 11.059200 MHz
                 ;Memory model             : Small
                 ;Optimize for             : Size
                 ;(s)printf features       : int, width
                 ;(s)scanf features        : int, width
                 ;External RAM size        : 0
                 ;Data Stack size          : 128 byte(s)
                 ;Heap size                : 0 byte(s)
                 ;Promote 'char' to 'int'  : Yes
                 ;'char' is unsigned       : Yes
                 ;8 bit enums              : Yes
                 ;Global 'const' stored in FLASH     : No
                 ;Enhanced function parameter passing: Yes
                 ;Enhanced core instructions         : On
                 ;Smart register allocation          : On
                 ;Automatic register allocation      : On
                 
                 	#pragma AVRPART ADMIN PART_NAME ATmega8535
                 	#pragma AVRPART MEMORY PROG_FLASH 8192
                 	#pragma AVRPART MEMORY EEPROM 512
                 	#pragma AVRPART MEMORY INT_SRAM SIZE 607
                 	#pragma AVRPART MEMORY INT_SRAM START_ADDR 0x60
                 
                 	.LISTMAC
                 	.EQU UDRE=0x5
                 	.EQU RXC=0x7
                 	.EQU USR=0xB
                 	.EQU UDR=0xC
                 	.EQU SPSR=0xE
                 	.EQU SPDR=0xF
                 	.EQU EERE=0x0
                 	.EQU EEWE=0x1
                 	.EQU EEMWE=0x2
                 	.EQU EECR=0x1C
                 	.EQU EEDR=0x1D
                 	.EQU EEARL=0x1E
                 	.EQU EEARH=0x1F
                 	.EQU WDTCR=0x21
                 	.EQU MCUCR=0x35
                 	.EQU GICR=0x3B
                 	.EQU SPL=0x3D
                 	.EQU SPH=0x3E
                 	.EQU SREG=0x3F
                 
                 	.DEF R0X0=R0
                 	.DEF R0X1=R1
                 	.DEF R0X2=R2
                 	.DEF R0X3=R3
                 	.DEF R0X4=R4
                 	.DEF R0X5=R5
                 	.DEF R0X6=R6
                 	.DEF R0X7=R7
                 	.DEF R0X8=R8
                 	.DEF R0X9=R9
                 	.DEF R0XA=R10
                 	.DEF R0XB=R11
                 	.DEF R0XC=R12
                 	.DEF R0XD=R13
                 	.DEF R0XE=R14
                 	.DEF R0XF=R15
                 	.DEF R0X10=R16
                 	.DEF R0X11=R17
                 	.DEF R0X12=R18
                 	.DEF R0X13=R19
                 	.DEF R0X14=R20
                 	.DEF R0X15=R21
                 	.DEF R0X16=R22
                 	.DEF R0X17=R23
                 	.DEF R0X18=R24
                 	.DEF R0X19=R25
                 	.DEF R0X1A=R26
                 	.DEF R0X1B=R27
                 	.DEF R0X1C=R28
                 	.DEF R0X1D=R29
                 	.DEF R0X1E=R30
                 	.DEF R0X1F=R31
                 
                 	.EQU __SRAM_START=0x0060
                 	.EQU __SRAM_END=0x025F
                 	.EQU __DSTACK_SIZE=0x0080
                 	.EQU __HEAP_SIZE=0x0000
                 	.EQU __CLEAR_SRAM_SIZE=__SRAM_END-__SRAM_START+1
                 
                 	.MACRO __CPD1N
                 	CPI  R30,LOW(@0)
                 	LDI  R26,HIGH(@0)
                 	CPC  R31,R26
                 	LDI  R26,BYTE3(@0)
                 	CPC  R22,R26
                 	LDI  R26,BYTE4(@0)
                 	CPC  R23,R26
                 	.ENDM
                 
                 	.MACRO __CPD2N
                 	CPI  R26,LOW(@0)
                 	LDI  R30,HIGH(@0)
                 	CPC  R27,R30
                 	LDI  R30,BYTE3(@0)
                 	CPC  R24,R30
                 	LDI  R30,BYTE4(@0)
                 	CPC  R25,R30
                 	.ENDM
                 
                 	.MACRO __CPWRR
                 	CP   R@0,R@2
                 	CPC  R@1,R@3
                 	.ENDM
                 
                 	.MACRO __CPWRN
                 	CPI  R@0,LOW(@2)
                 	LDI  R30,HIGH(@2)
                 	CPC  R@1,R30
                 	.ENDM
                 
                 	.MACRO __ADDB1MN
                 	SUBI R30,LOW(-@0-(@1))
                 	.ENDM
                 
                 	.MACRO __ADDB2MN
                 	SUBI R26,LOW(-@0-(@1))
                 	.ENDM
                 
                 	.MACRO __ADDW1MN
                 	SUBI R30,LOW(-@0-(@1))
                 	SBCI R31,HIGH(-@0-(@1))
                 	.ENDM
                 
                 	.MACRO __ADDW2MN
                 	SUBI R26,LOW(-@0-(@1))
                 	SBCI R27,HIGH(-@0-(@1))
                 	.ENDM
                 
                 	.MACRO __ADDW1FN
                 	SUBI R30,LOW(-2*@0-(@1))
                 	SBCI R31,HIGH(-2*@0-(@1))
                 	.ENDM
                 
                 	.MACRO __ADDD1FN
                 	SUBI R30,LOW(-2*@0-(@1))
                 	SBCI R31,HIGH(-2*@0-(@1))
                 	SBCI R22,BYTE3(-2*@0-(@1))
                 	.ENDM
                 
                 	.MACRO __ADDD1N
                 	SUBI R30,LOW(-@0)
                 	SBCI R31,HIGH(-@0)
                 	SBCI R22,BYTE3(-@0)
                 	SBCI R23,BYTE4(-@0)
                 	.ENDM
                 
                 	.MACRO __ADDD2N
                 	SUBI R26,LOW(-@0)
                 	SBCI R27,HIGH(-@0)
                 	SBCI R24,BYTE3(-@0)
                 	SBCI R25,BYTE4(-@0)
                 	.ENDM
                 
                 	.MACRO __SUBD1N
                 	SUBI R30,LOW(@0)
                 	SBCI R31,HIGH(@0)
                 	SBCI R22,BYTE3(@0)
                 	SBCI R23,BYTE4(@0)
                 	.ENDM
                 
                 	.MACRO __SUBD2N
                 	SUBI R26,LOW(@0)
                 	SBCI R27,HIGH(@0)
                 	SBCI R24,BYTE3(@0)
                 	SBCI R25,BYTE4(@0)
                 	.ENDM
                 
                 	.MACRO __ANDBMNN
                 	LDS  R30,@0+(@1)
                 	ANDI R30,LOW(@2)
                 	STS  @0+(@1),R30
                 	.ENDM
                 
                 	.MACRO __ANDWMNN
                 	LDS  R30,@0+(@1)
                 	ANDI R30,LOW(@2)
                 	STS  @0+(@1),R30
                 	LDS  R30,@0+(@1)+1
                 	ANDI R30,HIGH(@2)
                 	STS  @0+(@1)+1,R30
                 	.ENDM
                 
                 	.MACRO __ANDD1N
                 	ANDI R30,LOW(@0)
                 	ANDI R31,HIGH(@0)
                 	ANDI R22,BYTE3(@0)
                 	ANDI R23,BYTE4(@0)
                 	.ENDM
                 
                 	.MACRO __ANDD2N
                 	ANDI R26,LOW(@0)
                 	ANDI R27,HIGH(@0)
                 	ANDI R24,BYTE3(@0)
                 	ANDI R25,BYTE4(@0)
                 	.ENDM
                 
                 	.MACRO __ORBMNN
                 	LDS  R30,@0+(@1)
                 	ORI  R30,LOW(@2)
                 	STS  @0+(@1),R30
                 	.ENDM
                 
                 	.MACRO __ORWMNN
                 	LDS  R30,@0+(@1)
                 	ORI  R30,LOW(@2)
                 	STS  @0+(@1),R30
                 	LDS  R30,@0+(@1)+1
                 	ORI  R30,HIGH(@2)
                 	STS  @0+(@1)+1,R30
                 	.ENDM
                 
                 	.MACRO __ORD1N
                 	ORI  R30,LOW(@0)
                 	ORI  R31,HIGH(@0)
                 	ORI  R22,BYTE3(@0)
                 	ORI  R23,BYTE4(@0)
                 	.ENDM
                 
                 	.MACRO __ORD2N
                 	ORI  R26,LOW(@0)
                 	ORI  R27,HIGH(@0)
                 	ORI  R24,BYTE3(@0)
                 	ORI  R25,BYTE4(@0)
                 	.ENDM
                 
                 	.MACRO __DELAY_USB
                 	LDI  R24,LOW(@0)
                 __DELAY_USB_LOOP:
                 	DEC  R24
                 	BRNE __DELAY_USB_LOOP
                 	.ENDM
                 
                 	.MACRO __DELAY_USW
                 	LDI  R24,LOW(@0)
                 	LDI  R25,HIGH(@0)
                 __DELAY_USW_LOOP:
                 	SBIW R24,1
                 	BRNE __DELAY_USW_LOOP
                 	.ENDM
                 
                 	.MACRO __GETD1S
                 	LDD  R30,Y+@0
                 	LDD  R31,Y+@0+1
                 	LDD  R22,Y+@0+2
                 	LDD  R23,Y+@0+3
                 	.ENDM
                 
                 	.MACRO __GETD2S
                 	LDD  R26,Y+@0
                 	LDD  R27,Y+@0+1
                 	LDD  R24,Y+@0+2
                 	LDD  R25,Y+@0+3
                 	.ENDM
                 
                 	.MACRO __PUTD1S
                 	STD  Y+@0,R30
                 	STD  Y+@0+1,R31
                 	STD  Y+@0+2,R22
                 	STD  Y+@0+3,R23
                 	.ENDM
                 
                 	.MACRO __PUTD2S
                 	STD  Y+@0,R26
                 	STD  Y+@0+1,R27
                 	STD  Y+@0+2,R24
                 	STD  Y+@0+3,R25
                 	.ENDM
                 
                 	.MACRO __PUTDZ2
                 	STD  Z+@0,R26
                 	STD  Z+@0+1,R27
                 	STD  Z+@0+2,R24
                 	STD  Z+@0+3,R25
                 	.ENDM
                 
                 	.MACRO __CLRD1S
                 	STD  Y+@0,R30
                 	STD  Y+@0+1,R30
                 	STD  Y+@0+2,R30
                 	STD  Y+@0+3,R30
                 	.ENDM
                 
                 	.MACRO __POINTB1MN
                 	LDI  R30,LOW(@0+(@1))
                 	.ENDM
                 
                 	.MACRO __POINTW1MN
                 	LDI  R30,LOW(@0+(@1))
                 	LDI  R31,HIGH(@0+(@1))
                 	.ENDM
                 
                 	.MACRO __POINTD1M
                 	LDI  R30,LOW(@0)
                 	LDI  R31,HIGH(@0)
                 	LDI  R22,BYTE3(@0)
                 	LDI  R23,BYTE4(@0)
                 	.ENDM
                 
                 	.MACRO __POINTW1FN
                 	LDI  R30,LOW(2*@0+(@1))
                 	LDI  R31,HIGH(2*@0+(@1))
                 	.ENDM
                 
                 	.MACRO __POINTD1FN
                 	LDI  R30,LOW(2*@0+(@1))
                 	LDI  R31,HIGH(2*@0+(@1))
                 	LDI  R22,BYTE3(2*@0+(@1))
                 	LDI  R23,BYTE4(2*@0+(@1))
                 	.ENDM
                 
                 	.MACRO __POINTB2MN
                 	LDI  R26,LOW(@0+(@1))
                 	.ENDM
                 
                 	.MACRO __POINTW2MN
                 	LDI  R26,LOW(@0+(@1))
                 	LDI  R27,HIGH(@0+(@1))
                 	.ENDM
                 
                 	.MACRO __POINTW2FN
                 	LDI  R26,LOW(2*@0+(@1))
                 	LDI  R27,HIGH(2*@0+(@1))
                 	.ENDM
                 
                 	.MACRO __POINTD2FN
                 	LDI  R26,LOW(2*@0+(@1))
                 	LDI  R27,HIGH(2*@0+(@1))
                 	LDI  R24,BYTE3(2*@0+(@1))
                 	LDI  R25,BYTE4(2*@0+(@1))
                 	.ENDM
                 
                 	.MACRO __POINTBRM
                 	LDI  R@0,LOW(@1)
                 	.ENDM
                 
                 	.MACRO __POINTWRM
                 	LDI  R@0,LOW(@2)
                 	LDI  R@1,HIGH(@2)
                 	.ENDM
                 
                 	.MACRO __POINTBRMN
                 	LDI  R@0,LOW(@1+(@2))
                 	.ENDM
                 
                 	.MACRO __POINTWRMN
                 	LDI  R@0,LOW(@2+(@3))
                 	LDI  R@1,HIGH(@2+(@3))
                 	.ENDM
                 
                 	.MACRO __POINTWRFN
                 	LDI  R@0,LOW(@2*2+(@3))
                 	LDI  R@1,HIGH(@2*2+(@3))
                 	.ENDM
                 
                 	.MACRO __GETD1N
                 	LDI  R30,LOW(@0)
                 	LDI  R31,HIGH(@0)
                 	LDI  R22,BYTE3(@0)
                 	LDI  R23,BYTE4(@0)
                 	.ENDM
                 
                 	.MACRO __GETD2N
                 	LDI  R26,LOW(@0)
                 	LDI  R27,HIGH(@0)
                 	LDI  R24,BYTE3(@0)
                 	LDI  R25,BYTE4(@0)
                 	.ENDM
                 
                 	.MACRO __GETB1MN
                 	LDS  R30,@0+(@1)
                 	.ENDM
                 
                 	.MACRO __GETB1HMN
                 	LDS  R31,@0+(@1)
                 	.ENDM
                 
                 	.MACRO __GETW1MN
                 	LDS  R30,@0+(@1)
                 	LDS  R31,@0+(@1)+1
                 	.ENDM
                 
                 	.MACRO __GETD1MN
                 	LDS  R30,@0+(@1)
                 	LDS  R31,@0+(@1)+1
                 	LDS  R22,@0+(@1)+2
                 	LDS  R23,@0+(@1)+3
                 	.ENDM
                 
                 	.MACRO __GETBRMN
                 	LDS  R@0,@1+(@2)
                 	.ENDM
                 
                 	.MACRO __GETWRMN
                 	LDS  R@0,@2+(@3)
                 	LDS  R@1,@2+(@3)+1
                 	.ENDM
                 
                 	.MACRO __GETWRZ
                 	LDD  R@0,Z+@2
                 	LDD  R@1,Z+@2+1
                 	.ENDM
                 
                 	.MACRO __GETD2Z
                 	LDD  R26,Z+@0
                 	LDD  R27,Z+@0+1
                 	LDD  R24,Z+@0+2
                 	LDD  R25,Z+@0+3
                 	.ENDM
                 
                 	.MACRO __GETB2MN
                 	LDS  R26,@0+(@1)
                 	.ENDM
                 
                 	.MACRO __GETW2MN
                 	LDS  R26,@0+(@1)
                 	LDS  R27,@0+(@1)+1
                 	.ENDM
                 
                 	.MACRO __GETD2MN
                 	LDS  R26,@0+(@1)
                 	LDS  R27,@0+(@1)+1
                 	LDS  R24,@0+(@1)+2
                 	LDS  R25,@0+(@1)+3
                 	.ENDM
                 
                 	.MACRO __PUTB1MN
                 	STS  @0+(@1),R30
                 	.ENDM
                 
                 	.MACRO __PUTW1MN
                 	STS  @0+(@1),R30
                 	STS  @0+(@1)+1,R31
                 	.ENDM
                 
                 	.MACRO __PUTD1MN
                 	STS  @0+(@1),R30
                 	STS  @0+(@1)+1,R31
                 	STS  @0+(@1)+2,R22
                 	STS  @0+(@1)+3,R23
                 	.ENDM
                 
                 	.MACRO __PUTB1EN
                 	LDI  R26,LOW(@0+(@1))
                 	LDI  R27,HIGH(@0+(@1))
                 	RCALL __EEPROMWRB
                 	.ENDM
                 
                 	.MACRO __PUTW1EN
                 	LDI  R26,LOW(@0+(@1))
                 	LDI  R27,HIGH(@0+(@1))
                 	RCALL __EEPROMWRW
                 	.ENDM
                 
                 	.MACRO __PUTD1EN
                 	LDI  R26,LOW(@0+(@1))
                 	LDI  R27,HIGH(@0+(@1))
                 	RCALL __EEPROMWRD
                 	.ENDM
                 
                 	.MACRO __PUTBR0MN
                 	STS  @0+(@1),R0
                 	.ENDM
                 
                 	.MACRO __PUTBMRN
                 	STS  @0+(@1),R@2
                 	.ENDM
                 
                 	.MACRO __PUTWMRN
                 	STS  @0+(@1),R@2
                 	STS  @0+(@1)+1,R@3
                 	.ENDM
                 
                 	.MACRO __PUTBZR
                 	STD  Z+@1,R@0
                 	.ENDM
                 
                 	.MACRO __PUTWZR
                 	STD  Z+@2,R@0
                 	STD  Z+@2+1,R@1
                 	.ENDM
                 
                 	.MACRO __GETW1R
                 	MOV  R30,R@0
                 	MOV  R31,R@1
                 	.ENDM
                 
                 	.MACRO __GETW2R
                 	MOV  R26,R@0
                 	MOV  R27,R@1
                 	.ENDM
                 
                 	.MACRO __GETWRN
                 	LDI  R@0,LOW(@2)
                 	LDI  R@1,HIGH(@2)
                 	.ENDM
                 
                 	.MACRO __PUTW1R
                 	MOV  R@0,R30
                 	MOV  R@1,R31
                 	.ENDM
                 
                 	.MACRO __PUTW2R
                 	MOV  R@0,R26
                 	MOV  R@1,R27
                 	.ENDM
                 
                 	.MACRO __ADDWRN
                 	SUBI R@0,LOW(-@2)
                 	SBCI R@1,HIGH(-@2)
                 	.ENDM
                 
                 	.MACRO __ADDWRR
                 	ADD  R@0,R@2
                 	ADC  R@1,R@3
                 	.ENDM
                 
                 	.MACRO __SUBWRN
                 	SUBI R@0,LOW(@2)
                 	SBCI R@1,HIGH(@2)
                 	.ENDM
                 
                 	.MACRO __SUBWRR
                 	SUB  R@0,R@2
                 	SBC  R@1,R@3
                 	.ENDM
                 
                 	.MACRO __ANDWRN
                 	ANDI R@0,LOW(@2)
                 	ANDI R@1,HIGH(@2)
                 	.ENDM
                 
                 	.MACRO __ANDWRR
                 	AND  R@0,R@2
                 	AND  R@1,R@3
                 	.ENDM
                 
                 	.MACRO __ORWRN
                 	ORI  R@0,LOW(@2)
                 	ORI  R@1,HIGH(@2)
                 	.ENDM
                 
                 	.MACRO __ORWRR
                 	OR   R@0,R@2
                 	OR   R@1,R@3
                 	.ENDM
                 
                 	.MACRO __EORWRR
                 	EOR  R@0,R@2
                 	EOR  R@1,R@3
                 	.ENDM
                 
                 	.MACRO __GETWRS
                 	LDD  R@0,Y+@2
                 	LDD  R@1,Y+@2+1
                 	.ENDM
                 
                 	.MACRO __PUTBSR
                 	STD  Y+@1,R@0
                 	.ENDM
                 
                 	.MACRO __PUTWSR
                 	STD  Y+@2,R@0
                 	STD  Y+@2+1,R@1
                 	.ENDM
                 
                 	.MACRO __MOVEWRR
                 	MOV  R@0,R@2
                 	MOV  R@1,R@3
                 	.ENDM
                 
                 	.MACRO __INWR
                 	IN   R@0,@2
                 	IN   R@1,@2+1
                 	.ENDM
                 
                 	.MACRO __OUTWR
                 	OUT  @2+1,R@1
                 	OUT  @2,R@0
                 	.ENDM
                 
                 	.MACRO __CALL1MN
                 	LDS  R30,@0+(@1)
                 	LDS  R31,@0+(@1)+1
                 	ICALL
                 	.ENDM
                 
                 	.MACRO __CALL1FN
                 	LDI  R30,LOW(2*@0+(@1))
                 	LDI  R31,HIGH(2*@0+(@1))
                 	RCALL __GETW1PF
                 	ICALL
                 	.ENDM
                 
                 	.MACRO __CALL2EN
                 	LDI  R26,LOW(@0+(@1))
                 	LDI  R27,HIGH(@0+(@1))
                 	RCALL __EEPROMRDW
                 	ICALL
                 	.ENDM
                 
                 	.MACRO __GETW1STACK
                 	IN   R26,SPL
                 	IN   R27,SPH
                 	ADIW R26,@0+1
                 	LD   R30,X+
                 	LD   R31,X
                 	.ENDM
                 
                 	.MACRO __GETD1STACK
                 	IN   R26,SPL
                 	IN   R27,SPH
                 	ADIW R26,@0+1
                 	LD   R30,X+
                 	LD   R31,X+
                 	LD   R22,X
                 	.ENDM
                 
                 	.MACRO __NBST
                 	BST  R@0,@1
                 	IN   R30,SREG
                 	LDI  R31,0x40
                 	EOR  R30,R31
                 	OUT  SREG,R30
                 	.ENDM
                 
                 
                 	.MACRO __PUTB1SN
                 	LDD  R26,Y+@0
                 	LDD  R27,Y+@0+1
                 	SUBI R26,LOW(-@1)
                 	SBCI R27,HIGH(-@1)
                 	ST   X,R30
                 	.ENDM
                 
                 	.MACRO __PUTW1SN
                 	LDD  R26,Y+@0
                 	LDD  R27,Y+@0+1
                 	SUBI R26,LOW(-@1)
                 	SBCI R27,HIGH(-@1)
                 	ST   X+,R30
                 	ST   X,R31
                 	.ENDM
                 
                 	.MACRO __PUTD1SN
                 	LDD  R26,Y+@0
                 	LDD  R27,Y+@0+1
                 	SUBI R26,LOW(-@1)
                 	SBCI R27,HIGH(-@1)
                 	RCALL __PUTDP1
                 	.ENDM
                 
                 	.MACRO __PUTB1SNS
                 	LDD  R26,Y+@0
                 	LDD  R27,Y+@0+1
                 	ADIW R26,@1
                 	ST   X,R30
                 	.ENDM
                 
                 	.MACRO __PUTW1SNS
                 	LDD  R26,Y+@0
                 	LDD  R27,Y+@0+1
                 	ADIW R26,@1
                 	ST   X+,R30
                 	ST   X,R31
                 	.ENDM
                 
                 	.MACRO __PUTD1SNS
                 	LDD  R26,Y+@0
                 	LDD  R27,Y+@0+1
                 	ADIW R26,@1
                 	RCALL __PUTDP1
                 	.ENDM
                 
                 	.MACRO __PUTB1PMN
                 	LDS  R26,@0
                 	LDS  R27,@0+1
                 	SUBI R26,LOW(-@1)
                 	SBCI R27,HIGH(-@1)
                 	ST   X,R30
                 	.ENDM
                 
                 	.MACRO __PUTW1PMN
                 	LDS  R26,@0
                 	LDS  R27,@0+1
                 	SUBI R26,LOW(-@1)
                 	SBCI R27,HIGH(-@1)
                 	ST   X+,R30
                 	ST   X,R31
                 	.ENDM
                 
                 	.MACRO __PUTD1PMN
                 	LDS  R26,@0
                 	LDS  R27,@0+1
                 	SUBI R26,LOW(-@1)
                 	SBCI R27,HIGH(-@1)
                 	RCALL __PUTDP1
                 	.ENDM
                 
                 	.MACRO __PUTB1PMNS
                 	LDS  R26,@0
                 	LDS  R27,@0+1
                 	ADIW R26,@1
                 	ST   X,R30
                 	.ENDM
                 
                 	.MACRO __PUTW1PMNS
                 	LDS  R26,@0
                 	LDS  R27,@0+1
                 	ADIW R26,@1
                 	ST   X+,R30
                 	ST   X,R31
                 	.ENDM
                 
                 	.MACRO __PUTD1PMNS
                 	LDS  R26,@0
                 	LDS  R27,@0+1
                 	ADIW R26,@1
                 	RCALL __PUTDP1
                 	.ENDM
                 
                 	.MACRO __PUTB1RN
                 	MOVW R26,R@0
                 	SUBI R26,LOW(-@1)
                 	SBCI R27,HIGH(-@1)
                 	ST   X,R30
                 	.ENDM
                 
                 	.MACRO __PUTW1RN
                 	MOVW R26,R@0
                 	SUBI R26,LOW(-@1)
                 	SBCI R27,HIGH(-@1)
                 	ST   X+,R30
                 	ST   X,R31
                 	.ENDM
                 
                 	.MACRO __PUTD1RN
                 	MOVW R26,R@0
                 	SUBI R26,LOW(-@1)
                 	SBCI R27,HIGH(-@1)
                 	RCALL __PUTDP1
                 	.ENDM
                 
                 	.MACRO __PUTB1RNS
                 	MOVW R26,R@0
                 	ADIW R26,@1
                 	ST   X,R30
                 	.ENDM
                 
                 	.MACRO __PUTW1RNS
                 	MOVW R26,R@0
                 	ADIW R26,@1
                 	ST   X+,R30
                 	ST   X,R31
                 	.ENDM
                 
                 	.MACRO __PUTD1RNS
                 	MOVW R26,R@0
                 	ADIW R26,@1
                 	RCALL __PUTDP1
                 	.ENDM
                 
                 	.MACRO __PUTB1RON
                 	MOV  R26,R@0
                 	MOV  R27,R@1
                 	SUBI R26,LOW(-@2)
                 	SBCI R27,HIGH(-@2)
                 	ST   X,R30
                 	.ENDM
                 
                 	.MACRO __PUTW1RON
                 	MOV  R26,R@0
                 	MOV  R27,R@1
                 	SUBI R26,LOW(-@2)
                 	SBCI R27,HIGH(-@2)
                 	ST   X+,R30
                 	ST   X,R31
                 	.ENDM
                 
                 	.MACRO __PUTD1RON
                 	MOV  R26,R@0
                 	MOV  R27,R@1
                 	SUBI R26,LOW(-@2)
                 	SBCI R27,HIGH(-@2)
                 	RCALL __PUTDP1
                 	.ENDM
                 
                 	.MACRO __PUTB1RONS
                 	MOV  R26,R@0
                 	MOV  R27,R@1
                 	ADIW R26,@2
                 	ST   X,R30
                 	.ENDM
                 
                 	.MACRO __PUTW1RONS
                 	MOV  R26,R@0
                 	MOV  R27,R@1
                 	ADIW R26,@2
                 	ST   X+,R30
                 	ST   X,R31
                 	.ENDM
                 
                 	.MACRO __PUTD1RONS
                 	MOV  R26,R@0
                 	MOV  R27,R@1
                 	ADIW R26,@2
                 	RCALL __PUTDP1
                 	.ENDM
                 
                 
                 	.MACRO __GETB1SX
                 	MOVW R30,R28
                 	SUBI R30,LOW(-@0)
                 	SBCI R31,HIGH(-@0)
                 	LD   R30,Z
                 	.ENDM
                 
                 	.MACRO __GETB1HSX
                 	MOVW R30,R28
                 	SUBI R30,LOW(-@0)
                 	SBCI R31,HIGH(-@0)
                 	LD   R31,Z
                 	.ENDM
                 
                 	.MACRO __GETW1SX
                 	MOVW R30,R28
                 	SUBI R30,LOW(-@0)
                 	SBCI R31,HIGH(-@0)
                 	LD   R0,Z+
                 	LD   R31,Z
                 	MOV  R30,R0
                 	.ENDM
                 
                 	.MACRO __GETD1SX
                 	MOVW R30,R28
                 	SUBI R30,LOW(-@0)
                 	SBCI R31,HIGH(-@0)
                 	LD   R0,Z+
                 	LD   R1,Z+
                 	LD   R22,Z+
                 	LD   R23,Z
                 	MOVW R30,R0
                 	.ENDM
                 
                 	.MACRO __GETB2SX
                 	MOVW R26,R28
                 	SUBI R26,LOW(-@0)
                 	SBCI R27,HIGH(-@0)
                 	LD   R26,X
                 	.ENDM
                 
                 	.MACRO __GETW2SX
                 	MOVW R26,R28
                 	SUBI R26,LOW(-@0)
                 	SBCI R27,HIGH(-@0)
                 	LD   R0,X+
                 	LD   R27,X
                 	MOV  R26,R0
                 	.ENDM
                 
                 	.MACRO __GETD2SX
                 	MOVW R26,R28
                 	SUBI R26,LOW(-@0)
                 	SBCI R27,HIGH(-@0)
                 	LD   R0,X+
                 	LD   R1,X+
                 	LD   R24,X+
                 	LD   R25,X
                 	MOVW R26,R0
                 	.ENDM
                 
                 	.MACRO __GETBRSX
                 	MOVW R30,R28
                 	SUBI R30,LOW(-@1)
                 	SBCI R31,HIGH(-@1)
                 	LD   R@0,Z
                 	.ENDM
                 
                 	.MACRO __GETWRSX
                 	MOVW R30,R28
                 	SUBI R30,LOW(-@2)
                 	SBCI R31,HIGH(-@2)
                 	LD   R@0,Z+
                 	LD   R@1,Z
                 	.ENDM
                 
                 	.MACRO __GETBRSX2
                 	MOVW R26,R28
                 	SUBI R26,LOW(-@1)
                 	SBCI R27,HIGH(-@1)
                 	LD   R@0,X
                 	.ENDM
                 
                 	.MACRO __GETWRSX2
                 	MOVW R26,R28
                 	SUBI R26,LOW(-@2)
                 	SBCI R27,HIGH(-@2)
                 	LD   R@0,X+
                 	LD   R@1,X
                 	.ENDM
                 
                 	.MACRO __LSLW8SX
                 	MOVW R30,R28
                 	SUBI R30,LOW(-@0)
                 	SBCI R31,HIGH(-@0)
                 	LD   R31,Z
                 	CLR  R30
                 	.ENDM
                 
                 	.MACRO __PUTB1SX
                 	MOVW R26,R28
                 	SUBI R26,LOW(-@0)
                 	SBCI R27,HIGH(-@0)
                 	ST   X,R30
                 	.ENDM
                 
                 	.MACRO __PUTW1SX
                 	MOVW R26,R28
                 	SUBI R26,LOW(-@0)
                 	SBCI R27,HIGH(-@0)
                 	ST   X+,R30
                 	ST   X,R31
                 	.ENDM
                 
                 	.MACRO __PUTD1SX
                 	MOVW R26,R28
                 	SUBI R26,LOW(-@0)
                 	SBCI R27,HIGH(-@0)
                 	ST   X+,R30
                 	ST   X+,R31
                 	ST   X+,R22
                 	ST   X,R23
                 	.ENDM
                 
                 	.MACRO __CLRW1SX
                 	MOVW R26,R28
                 	SUBI R26,LOW(-@0)
                 	SBCI R27,HIGH(-@0)
                 	ST   X+,R30
                 	ST   X,R30
                 	.ENDM
                 
                 	.MACRO __CLRD1SX
                 	MOVW R26,R28
                 	SUBI R26,LOW(-@0)
                 	SBCI R27,HIGH(-@0)
                 	ST   X+,R30
                 	ST   X+,R30
                 	ST   X+,R30
                 	ST   X,R30
                 	.ENDM
                 
                 	.MACRO __PUTB2SX
                 	MOVW R30,R28
                 	SUBI R30,LOW(-@0)
                 	SBCI R31,HIGH(-@0)
                 	ST   Z,R26
                 	.ENDM
                 
                 	.MACRO __PUTW2SX
                 	MOVW R30,R28
                 	SUBI R30,LOW(-@0)
                 	SBCI R31,HIGH(-@0)
                 	ST   Z+,R26
                 	ST   Z,R27
                 	.ENDM
                 
                 	.MACRO __PUTD2SX
                 	MOVW R30,R28
                 	SUBI R30,LOW(-@0)
                 	SBCI R31,HIGH(-@0)
                 	ST   Z+,R26
                 	ST   Z+,R27
                 	ST   Z+,R24
                 	ST   Z,R25
                 	.ENDM
                 
                 	.MACRO __PUTBSRX
                 	MOVW R30,R28
                 	SUBI R30,LOW(-@1)
                 	SBCI R31,HIGH(-@1)
                 	ST   Z,R@0
                 	.ENDM
                 
                 	.MACRO __PUTWSRX
                 	MOVW R30,R28
                 	SUBI R30,LOW(-@2)
                 	SBCI R31,HIGH(-@2)
                 	ST   Z+,R@0
                 	ST   Z,R@1
                 	.ENDM
                 
                 	.MACRO __PUTB1SNX
                 	MOVW R26,R28
                 	SUBI R26,LOW(-@0)
                 	SBCI R27,HIGH(-@0)
                 	LD   R0,X+
                 	LD   R27,X
                 	MOV  R26,R0
                 	SUBI R26,LOW(-@1)
                 	SBCI R27,HIGH(-@1)
                 	ST   X,R30
                 	.ENDM
                 
                 	.MACRO __PUTW1SNX
                 	MOVW R26,R28
                 	SUBI R26,LOW(-@0)
                 	SBCI R27,HIGH(-@0)
                 	LD   R0,X+
                 	LD   R27,X
                 	MOV  R26,R0
                 	SUBI R26,LOW(-@1)
                 	SBCI R27,HIGH(-@1)
                 	ST   X+,R30
                 	ST   X,R31
                 	.ENDM
                 
                 	.MACRO __PUTD1SNX
                 	MOVW R26,R28
                 	SUBI R26,LOW(-@0)
                 	SBCI R27,HIGH(-@0)
                 	LD   R0,X+
                 	LD   R27,X
                 	MOV  R26,R0
                 	SUBI R26,LOW(-@1)
                 	SBCI R27,HIGH(-@1)
                 	ST   X+,R30
                 	ST   X+,R31
                 	ST   X+,R22
                 	ST   X,R23
                 	.ENDM
                 
                 	.MACRO __MULBRR
                 	MULS R@0,R@1
                 	MOVW R30,R0
                 	.ENDM
                 
                 	.MACRO __MULBRRU
                 	MUL  R@0,R@1
                 	MOVW R30,R0
                 	.ENDM
                 
                 	.MACRO __MULBRR0
                 	MULS R@0,R@1
                 	.ENDM
                 
                 	.MACRO __MULBRRU0
                 	MUL  R@0,R@1
                 	.ENDM
                 
                 	.MACRO __MULBNWRU
                 	LDI  R26,@2
                 	MUL  R26,R@0
                 	MOVW R30,R0
                 	MUL  R26,R@1
                 	ADD  R31,R0
                 	.ENDM
                 
                 	.CSEG
                 	.ORG 0x00
                 
                 ;START OF CODE MARKER
                 __START_OF_CODE:
                 
                 ;INTERRUPT VECTORS
000000 c014      	RJMP __RESET
000001 cffe      	RJMP 0x00
000002 cffd      	RJMP 0x00
000003 cffc      	RJMP 0x00
000004 cffb      	RJMP 0x00
000005 cffa      	RJMP 0x00
000006 cff9      	RJMP 0x00
000007 cff8      	RJMP 0x00
000008 cff7      	RJMP 0x00
000009 cff6      	RJMP 0x00
00000a cff5      	RJMP 0x00
00000b cff4      	RJMP 0x00
00000c cff3      	RJMP 0x00
00000d cff2      	RJMP 0x00
00000e cff1      	RJMP 0x00
00000f cff0      	RJMP 0x00
000010 cfef      	RJMP 0x00
000011 cfee      	RJMP 0x00
000012 cfed      	RJMP 0x00
000013 cfec      	RJMP 0x00
000014 cfeb      	RJMP 0x00
                 
                 __RESET:
000015 94f8      	CLI
000016 27ee      	CLR  R30
000017 bbec      	OUT  EECR,R30
                 
                 ;INTERRUPT VECTORS ARE PLACED
                 ;AT THE START OF FLASH
000018 e0f1      	LDI  R31,1
000019 bffb      	OUT  GICR,R31
00001a bfeb      	OUT  GICR,R30
00001b bfe5      	OUT  MCUCR,R30
                 
                 ;DISABLE WATCHDOG
00001c e1f8      	LDI  R31,0x18
00001d bdf1      	OUT  WDTCR,R31
00001e bde1      	OUT  WDTCR,R30
                 
                 ;CLEAR R2-R14
00001f e08d      	LDI  R24,(14-2)+1
000020 e0a2      	LDI  R26,2
000021 27bb      	CLR  R27
                 __CLEAR_REG:
000022 93ed      	ST   X+,R30
000023 958a      	DEC  R24
000024 f7e9      	BRNE __CLEAR_REG
                 
                 ;CLEAR SRAM
000025 e080      	LDI  R24,LOW(__CLEAR_SRAM_SIZE)
000026 e092      	LDI  R25,HIGH(__CLEAR_SRAM_SIZE)
000027 e6a0      	LDI  R26,__SRAM_START
                 __CLEAR_SRAM:
000028 93ed      	ST   X+,R30
000029 9701      	SBIW R24,1
00002a f7e9      	BRNE __CLEAR_SRAM
                 
                 ;HARDWARE STACK POINTER INITIALIZATION
00002b e5ef      	LDI  R30,LOW(__SRAM_END-__HEAP_SIZE)
00002c bfed      	OUT  SPL,R30
00002d e0e2      	LDI  R30,HIGH(__SRAM_END-__HEAP_SIZE)
00002e bfee      	OUT  SPH,R30
                 
                 ;DATA STACK POINTER INITIALIZATION
00002f eec0      	LDI  R28,LOW(__SRAM_START+__DSTACK_SIZE)
000030 e0d0      	LDI  R29,HIGH(__SRAM_START+__DSTACK_SIZE)
                 
000031 c0b0      	RJMP _main
                 
                 	.ESEG
                 	.ORG 0
                 
                 	.DSEG
                 	.ORG 0xE0
                 
                 	.CSEG
                 ;/*****************************************************
                 ;This program was produced by the
                 ;CodeWizardAVR V2.05.3 Standard
                 ;Automatic Program Generator
                 ;© Copyright 1998-2011 Pavel Haiduc, HP InfoTech s.r.l.
                 ;http://www.hpinfotech.com
                 ;
                 ;Project :
                 ;Version :
                 ;Date    : 10/14/2019
                 ;Author  : unknown
                 ;Company :
                 ;Comments:
                 ;
                 ;
                 ;Chip type               : ATmega8535
                 ;Program type            : Application
                 ;AVR Core Clock frequency: 11.059200 MHz
                 ;Memory model            : Small
                 ;External RAM size       : 0
                 ;Data Stack size         : 128
                 ;*****************************************************/
                 ;
                 ;#include <mega8535.h>
                 	#ifndef __SLEEP_DEFINED__
                 	#define __SLEEP_DEFINED__
                 	.EQU __se_bit=0x40
                 	.EQU __sm_mask=0xB0
                 	.EQU __sm_powerdown=0x20
                 	.EQU __sm_powersave=0x30
                 	.EQU __sm_standby=0xA0
                 	.EQU __sm_ext_standby=0xB0
                 	.EQU __sm_adc_noise_red=0x10
                 	.SET power_ctrl_reg=mcucr
                 	#endif
                 ;#include <delay.h>
                 ;#include "myLCD.h"
                 
                 	.CSEG
                 _LCD_Init_Cmd:
000032 93aa      	ST   -Y,R26
                 ;	xData -> Y+0
000033 d0ff      	RCALL SUBOPT_0x0
000034 c0ab      	RJMP _0x2000001
                 _LCD_Perintah:
000035 93aa      	ST   -Y,R26
                 ;	xData -> Y+0
000036 98c3      	CBI  0x18,3
000037 d0fb      	RCALL SUBOPT_0x0
000038 d103      	RCALL SUBOPT_0x1
000039 60e4      	ORI  R30,4
00003a d108      	RCALL SUBOPT_0x2
                +
00003b e88f     +LDI R24 , LOW ( 1935 )
00003c e097     +LDI R25 , HIGH ( 1935 )
                +__DELAY_USW_LOOP :
00003d 9701     +SBIW R24 , 1
00003e f7f1     +BRNE __DELAY_USW_LOOP
                 	__DELAY_USW 1935
00003f 9ac2      	SBI  0x18,2
000040 c09f      	RJMP _0x2000001
                 _LCD_Data:
000041 93aa      	ST   -Y,R26
                 ;	xData -> Y+0
000042 9ac3      	SBI  0x18,3
000043 81e8      	LD   R30,Y
000044 7fe0      	ANDI R30,LOW(0xF0)
000045 60ec      	ORI  R30,LOW(0xC)
000046 d0fc      	RCALL SUBOPT_0x2
000047 d0f4      	RCALL SUBOPT_0x1
000048 60ec      	ORI  R30,LOW(0xC)
000049 d0f9      	RCALL SUBOPT_0x2
                +
00004a e983     +LDI R24 , LOW ( 147 )
                +__DELAY_USB_LOOP :
00004b 958a     +DEC R24
00004c f7f1     +BRNE __DELAY_USB_LOOP
                 	__DELAY_USB 147
00004d 9ac2      	SBI  0x18,2
00004e c091      	RJMP _0x2000001
                 _LCD_Init:
00004f e3a2      	LDI  R26,LOW(50)
000050 d0f8      	RCALL SUBOPT_0x3
000051 e0a5      	LDI  R26,LOW(5)
000052 d0f6      	RCALL SUBOPT_0x3
000053 e0a1      	LDI  R26,LOW(1)
000054 d0f4      	RCALL SUBOPT_0x3
000055 d0f7      	RCALL SUBOPT_0x4
000056 e2a0      	LDI  R26,LOW(32)
000057 dfda      	RCALL _LCD_Init_Cmd
000058 e2a8      	LDI  R26,LOW(40)
000059 dfdb      	RCALL _LCD_Perintah
00005a e1a0      	LDI  R26,LOW(16)
00005b dfd9      	RCALL _LCD_Perintah
00005c e0ac      	LDI  R26,LOW(12)
00005d dfd7      	RCALL _LCD_Perintah
00005e e0a6      	LDI  R26,LOW(6)
00005f dfd5      	RCALL _LCD_Perintah
000060 e0a1      	LDI  R26,LOW(1)
000061 dfd3      	RCALL _LCD_Perintah
000062 d0ea      	RCALL SUBOPT_0x4
000063 9508      	RET
                 _LCD_GotoXY:
000064 93aa      	ST   -Y,R26
000065 931a      	ST   -Y,R17
                 ;	x -> Y+2
                 ;	y -> Y+1
                 ;	baris -> R17
000066 81e9      	LDD  R30,Y+1
000067 30e0      	CPI  R30,0
000068 f419      	BRNE _0x15
000069 81aa      	LDD  R26,Y+2
00006a 58a0      	SUBI R26,-LOW(128)
00006b c002      	RJMP _0x3C
                 _0x15:
00006c 81aa      	LDD  R26,Y+2
00006d 54a0      	SUBI R26,-LOW(192)
                 _0x3C:
00006e dfc6      	RCALL _LCD_Perintah
00006f 8118      	LDD  R17,Y+0
000070 c03b      	RJMP _0x2000002
                 ;	*text -> Y+0
                 ;	*text -> Y+0
                 ;	Baris -> Y+2
                 ;	*text -> Y+0
                 ;	Baris -> Y+2
                 ;	*text -> Y+0
                 ;	Baris -> Y+1
                 ;	i -> R17
                 ;	Baris -> Y+1
                 ;	i -> R17
                 ;	Baris -> Y+2
                 ;	i -> R17
                 ;	j -> R16
                 ;	Baris -> Y+3
                 ;	*text -> Y+1
                 ;	i -> R17
                 ;	Baris -> Y+4
                 ;	*text -> Y+2
                 ;	i -> R17
                 ;	j -> R16
                 ;	Baris -> Y+4
                 ;	*text -> Y+2
                 ;	i -> R17
                 ;	j -> R16
                 ;	Baris -> Y+4
                 ;	*text -> Y+2
                 ;	i -> R17
                 ;	j -> R16
                 ;	x -> Y+0
                 _LCD_Angka3:
000071 93ba      	ST   -Y,R27
000072 93aa      	ST   -Y,R26
                 ;	x -> Y+0
000073 81a9      	LDD  R26,Y+1
000074 23aa      	TST  R26
000075 f44a      	BRPL _0x33
000076 81e8      	LD   R30,Y
000077 81f9      	LDD  R31,Y+1
000078 efaf      	LDI  R26,LOW(65535)
000079 efbf      	LDI  R27,HIGH(65535)
00007a d2cb      	RCALL __MULW12
00007b 83e8      	ST   Y,R30
00007c 83f9      	STD  Y+1,R31
00007d e2ad      	LDI  R26,LOW(45)
00007e dfc2      	RCALL _LCD_Data
                 _0x33:
00007f d0d0      	RCALL SUBOPT_0x5
000080 d0d4      	RCALL SUBOPT_0x6
000081 d0ce      	RCALL SUBOPT_0x5
000082 d30f      	RCALL __MODW21
000083 01df      	MOVW R26,R30
000084 e0ea      	LDI  R30,LOW(10)
000085 e0f0      	LDI  R31,HIGH(10)
000086 d0ce      	RCALL SUBOPT_0x6
000087 81a8      	LD   R26,Y
000088 81b9      	LDD  R27,Y+1
000089 e0ea      	LDI  R30,LOW(10)
00008a e0f0      	LDI  R31,HIGH(10)
00008b d306      	RCALL __MODW21
00008c 5de0      	SUBI R30,-LOW(48)
00008d 2fae      	MOV  R26,R30
00008e dfb2      	RCALL _LCD_Data
00008f 9622      	ADIW R28,2
000090 9508      	RET
                 ;	x -> Y+0
                 ;	x -> Y+0
                 ;
                 ;#define pwm1 OCR1A
                 ;#define pwm2 OCR1B
                 ;
                 ;// Declare your global variables here
                 ;#define MIN     600 // ganti nilai ini dengan nilai MIN kalibrasi Anda
                 ;#define MAX     3160 // ganti nilai ini dengan nilai MAX kalibrasi Anda
                 ;unsigned int SudutServo(unsigned char sudut)
                 ; 0000 0023 {   unsigned int dataServo;
                 _SudutServo:
                 ; 0000 0024     dataServo = (float)sudut/180.0 * (float)(MAX-MIN) + MIN;
000091 93aa      	ST   -Y,R26
000092 d33d      	RCALL __SAVELOCR2
                 ;	sudut -> Y+2
                 ;	dataServo -> R16,R17
000093 81ea      	LDD  R30,Y+2
000094 e0f0      	LDI  R31,0
000095 d283      	RCALL __CWD1
000096 d156      	RCALL __CDF1
000097 01df      	MOVW R26,R30
000098 01cb      	MOVW R24,R22
                +
000099 e0e0     +LDI R30 , LOW ( 0x43340000 )
00009a e0f0     +LDI R31 , HIGH ( 0x43340000 )
00009b e364     +LDI R22 , BYTE3 ( 0x43340000 )
00009c e473     +LDI R23 , BYTE4 ( 0x43340000 )
                 	__GETD1N 0x43340000
00009d d220      	RCALL __DIVF21
                +
00009e e0a0     +LDI R26 , LOW ( 0x45200000 )
00009f e0b0     +LDI R27 , HIGH ( 0x45200000 )
0000a0 e280     +LDI R24 , BYTE3 ( 0x45200000 )
0000a1 e495     +LDI R25 , BYTE4 ( 0x45200000 )
                 	__GETD2N 0x45200000
0000a2 d1cd      	RCALL __MULF12
                +
0000a3 e0a0     +LDI R26 , LOW ( 0x44160000 )
0000a4 e0b0     +LDI R27 , HIGH ( 0x44160000 )
0000a5 e186     +LDI R24 , BYTE3 ( 0x44160000 )
0000a6 e494     +LDI R25 , BYTE4 ( 0x44160000 )
                 	__GETD2N 0x44160000
0000a7 d178      	RCALL __ADDF12
0000a8 d10b      	RCALL __CFD1U
0000a9 018f      	MOVW R16,R30
                 ; 0000 0025     return  dataServo;
0000aa 01f8      	MOVW R30,R16
0000ab d327      	RCALL __LOADLOCR2
                 _0x2000002:
0000ac 9623      	ADIW R28,3
0000ad 9508      	RET
                 ; 0000 0026 }
                 ;
                 ;long map(long x, long in_min, long in_max, long out_min, long out_max){
                 ; 0000 0028 long map(long x, long in_min, long in_max, long out_min, long out_max){
                 _map:
                 ; 0000 0029     return (x - in_min) * (out_max - out_min) / (in_max - in_min) + out_min;
0000ae d31c      	RCALL __PUTPARD2
                 ;	x -> Y+16
                 ;	in_min -> Y+12
                 ;	in_max -> Y+8
                 ;	out_min -> Y+4
                 ;	out_max -> Y+0
0000af d0a9      	RCALL SUBOPT_0x7
                +
0000b0 89e8     +LDD R30 , Y + 16
0000b1 89f9     +LDD R31 , Y + 16 + 1
0000b2 896a     +LDD R22 , Y + 16 + 2
0000b3 897b     +LDD R23 , Y + 16 + 3
                 	__GETD1S 16
0000b4 d253      	RCALL __SUBD12
0000b5 937f      	PUSH R23
0000b6 936f      	PUSH R22
0000b7 93ff      	PUSH R31
0000b8 93ef      	PUSH R30
0000b9 d0a4      	RCALL SUBOPT_0x8
0000ba d306      	RCALL __GETD1S0
0000bb d24c      	RCALL __SUBD12
0000bc 91af      	POP  R26
0000bd 91bf      	POP  R27
0000be 918f      	POP  R24
0000bf 919f      	POP  R25
0000c0 d28a      	RCALL __MULD12
0000c1 937f      	PUSH R23
0000c2 936f      	PUSH R22
0000c3 93ff      	PUSH R31
0000c4 93ef      	PUSH R30
0000c5 d093      	RCALL SUBOPT_0x7
                +
0000c6 85e8     +LDD R30 , Y + 8
0000c7 85f9     +LDD R31 , Y + 8 + 1
0000c8 856a     +LDD R22 , Y + 8 + 2
0000c9 857b     +LDD R23 , Y + 8 + 3
                 	__GETD1S 8
0000ca d23d      	RCALL __SUBD12
0000cb 91af      	POP  R26
0000cc 91bf      	POP  R27
0000cd 918f      	POP  R24
0000ce 919f      	POP  R25
0000cf d2bd      	RCALL __DIVD21
0000d0 d08d      	RCALL SUBOPT_0x8
0000d1 d231      	RCALL __ADDD12
0000d2 9664      	ADIW R28,20
0000d3 9508      	RET
                 ; 0000 002A }
                 ;
                 ;#define ADC_VREF_TYPE 0x20
                 ;
                 ;// Read the 8 most significant bits
                 ;// of the AD conversion result
                 ;unsigned char read_adc(unsigned char adc_input)
                 ; 0000 0031 {
                 _read_adc:
                 ; 0000 0032 ADMUX=adc_input | (ADC_VREF_TYPE & 0xff);
0000d4 93aa      	ST   -Y,R26
                 ;	adc_input -> Y+0
0000d5 81e8      	LD   R30,Y
0000d6 62e0      	ORI  R30,0x20
0000d7 b9e7      	OUT  0x7,R30
                 ; 0000 0033 // Delay needed for the stabilization of the ADC input voltage
                 ; 0000 0034 delay_us(10);
                +
0000d8 e285     +LDI R24 , LOW ( 37 )
                +__DELAY_USB_LOOP :
0000d9 958a     +DEC R24
0000da f7f1     +BRNE __DELAY_USB_LOOP
                 	__DELAY_USB 37
                 ; 0000 0035 // Start the AD conversion
                 ; 0000 0036 ADCSRA|=0x40;
0000db 9a36      	SBI  0x6,6
                 ; 0000 0037 // Wait for the AD conversion to complete
                 ; 0000 0038 while ((ADCSRA & 0x10)==0);
                 _0x35:
0000dc 9b34      	SBIS 0x6,4
0000dd cffe      	RJMP _0x35
                 ; 0000 0039 ADCSRA|=0x10;
0000de 9a34      	SBI  0x6,4
                 ; 0000 003A return ADCH;
0000df b1e5      	IN   R30,0x5
                 _0x2000001:
0000e0 9621      	ADIW R28,1
0000e1 9508      	RET
                 ; 0000 003B }
                 ;
                 ;// Declare your global variables here
                 ;
                 ;void main(void)
                 ; 0000 0040 {
                 _main:
                 ; 0000 0041 // Declare your local variables here
                 ; 0000 0042 
                 ; 0000 0043 // Input/Output Ports initialization
                 ; 0000 0044 // Port A initialization
                 ; 0000 0045 // Func7=In Func6=In Func5=In Func4=In Func3=In Func2=In Func1=In Func0=In
                 ; 0000 0046 // State7=T State6=T State5=T State4=T State3=T State2=T State1=T State0=T
                 ; 0000 0047 PORTA=0x00;
0000e2 e0e0      	LDI  R30,LOW(0)
0000e3 bbeb      	OUT  0x1B,R30
                 ; 0000 0048 DDRA=0x00;
0000e4 bbea      	OUT  0x1A,R30
                 ; 0000 0049 
                 ; 0000 004A // Port B initialization
                 ; 0000 004B // Func7=Out Func6=Out Func5=Out Func4=Out Func3=Out Func2=Out Func1=Out Func0=Out
                 ; 0000 004C // State7=0 State6=0 State5=0 State4=0 State3=0 State2=0 State1=0 State0=0
                 ; 0000 004D PORTB=0x00;
0000e5 bbe8      	OUT  0x18,R30
                 ; 0000 004E DDRB=0xFF;
0000e6 efef      	LDI  R30,LOW(255)
0000e7 bbe7      	OUT  0x17,R30
                 ; 0000 004F 
                 ; 0000 0050 // Port C initialization
                 ; 0000 0051 // Func7=In Func6=In Func5=In Func4=In Func3=In Func2=In Func1=In Func0=In
                 ; 0000 0052 // State7=P State6=P State5=P State4=P State3=P State2=P State1=P State0=P
                 ; 0000 0053 PORTC=0xFF;
0000e8 bbe5      	OUT  0x15,R30
                 ; 0000 0054 DDRC=0x00;
0000e9 e0e0      	LDI  R30,LOW(0)
0000ea bbe4      	OUT  0x14,R30
                 ; 0000 0055 
                 ; 0000 0056 // Port D initialization
                 ; 0000 0057 // Func7=In Func6=In Func5=Out Func4=Out Func3=In Func2=In Func1=In Func0=In
                 ; 0000 0058 // State7=T State6=T State5=0 State4=0 State3=T State2=T State1=T State0=T
                 ; 0000 0059 PORTD=0x00;
0000eb bbe2      	OUT  0x12,R30
                 ; 0000 005A DDRD=0x30;
0000ec e3e0      	LDI  R30,LOW(48)
0000ed bbe1      	OUT  0x11,R30
                 ; 0000 005B 
                 ; 0000 005C // Timer/Counter 0 initialization
                 ; 0000 005D // Clock source: System Clock
                 ; 0000 005E // Clock value: Timer 0 Stopped
                 ; 0000 005F // Mode: Normal top=0xFF
                 ; 0000 0060 // OC0 output: Disconnected
                 ; 0000 0061 TCCR0=0x00;
0000ee e0e0      	LDI  R30,LOW(0)
0000ef bfe3      	OUT  0x33,R30
                 ; 0000 0062 TCNT0=0x00;
0000f0 bfe2      	OUT  0x32,R30
                 ; 0000 0063 OCR0=0x00;
0000f1 bfec      	OUT  0x3C,R30
                 ; 0000 0064 
                 ; 0000 0065 // Timer/Counter 1 initialization
                 ; 0000 0066 // Clock source: System Clock
                 ; 0000 0067 // Clock value: 1382.400 kHz
                 ; 0000 0068 // Mode: Fast PWM top=ICR1
                 ; 0000 0069 // OC1A output: Non-Inv.
                 ; 0000 006A // OC1B output: Non-Inv.
                 ; 0000 006B // Noise Canceler: Off
                 ; 0000 006C // Input Capture on Falling Edge
                 ; 0000 006D // Timer1 Overflow Interrupt: Off
                 ; 0000 006E // Input Capture Interrupt: Off
                 ; 0000 006F // Compare A Match Interrupt: Off
                 ; 0000 0070 // Compare B Match Interrupt: Off
                 ; 0000 0071 TCCR1A=0xA2;
0000f2 eae2      	LDI  R30,LOW(162)
0000f3 bdef      	OUT  0x2F,R30
                 ; 0000 0072 TCCR1B=0x1A;
0000f4 e1ea      	LDI  R30,LOW(26)
0000f5 bdee      	OUT  0x2E,R30
                 ; 0000 0073 TCNT1H=0x00;
0000f6 e0e0      	LDI  R30,LOW(0)
0000f7 bded      	OUT  0x2D,R30
                 ; 0000 0074 TCNT1L=0x00;
0000f8 bdec      	OUT  0x2C,R30
                 ; 0000 0075 ICR1H=0x6B;
0000f9 e6eb      	LDI  R30,LOW(107)
0000fa bde7      	OUT  0x27,R30
                 ; 0000 0076 ICR1L=0xFF;
0000fb efef      	LDI  R30,LOW(255)
0000fc bde6      	OUT  0x26,R30
                 ; 0000 0077 OCR1AH=0x00;
0000fd e0e0      	LDI  R30,LOW(0)
0000fe bdeb      	OUT  0x2B,R30
                 ; 0000 0078 OCR1AL=0x00;
0000ff bdea      	OUT  0x2A,R30
                 ; 0000 0079 OCR1BH=0x00;
000100 bde9      	OUT  0x29,R30
                 ; 0000 007A OCR1BL=0x00;
000101 bde8      	OUT  0x28,R30
                 ; 0000 007B 
                 ; 0000 007C // Timer/Counter 2 initialization
                 ; 0000 007D // Clock source: System Clock
                 ; 0000 007E // Clock value: Timer2 Stopped
                 ; 0000 007F // Mode: Normal top=0xFF
                 ; 0000 0080 // OC2 output: Disconnected
                 ; 0000 0081 ASSR=0x00;
000102 bde2      	OUT  0x22,R30
                 ; 0000 0082 TCCR2=0x00;
000103 bde5      	OUT  0x25,R30
                 ; 0000 0083 TCNT2=0x00;
000104 bde4      	OUT  0x24,R30
                 ; 0000 0084 OCR2=0x00;
000105 bde3      	OUT  0x23,R30
                 ; 0000 0085 
                 ; 0000 0086 // External Interrupt(s) initialization
                 ; 0000 0087 // INT0: Off
                 ; 0000 0088 // INT1: Off
                 ; 0000 0089 // INT2: Off
                 ; 0000 008A MCUCR=0x00;
000106 bfe5      	OUT  0x35,R30
                 ; 0000 008B MCUCSR=0x00;
000107 bfe4      	OUT  0x34,R30
                 ; 0000 008C 
                 ; 0000 008D // Timer(s)/Counter(s) Interrupt(s) initialization
                 ; 0000 008E TIMSK=0x00;
000108 bfe9      	OUT  0x39,R30
                 ; 0000 008F 
                 ; 0000 0090 // USART initialization
                 ; 0000 0091 // USART disabled
                 ; 0000 0092 UCSRB=0x00;
000109 b9ea      	OUT  0xA,R30
                 ; 0000 0093 
                 ; 0000 0094 // Analog Comparator initialization
                 ; 0000 0095 // Analog Comparator: Off
                 ; 0000 0096 // Analog Comparator Input Capture by Timer/Counter 1: Off
                 ; 0000 0097 ACSR=0x80;
00010a e8e0      	LDI  R30,LOW(128)
00010b b9e8      	OUT  0x8,R30
                 ; 0000 0098 SFIOR=0x00;
00010c e0e0      	LDI  R30,LOW(0)
00010d bfe0      	OUT  0x30,R30
                 ; 0000 0099 
                 ; 0000 009A // ADC initialization
                 ; 0000 009B // ADC Clock frequency: 691.200 kHz
                 ; 0000 009C // ADC Voltage Reference: AREF pin
                 ; 0000 009D // ADC High Speed Mode: Off
                 ; 0000 009E // ADC Auto Trigger Source: ADC Stopped
                 ; 0000 009F // Only the 8 most significant bits of
                 ; 0000 00A0 // the AD conversion result are used
                 ; 0000 00A1 ADMUX=ADC_VREF_TYPE & 0xff;
00010e e2e0      	LDI  R30,LOW(32)
00010f b9e7      	OUT  0x7,R30
                 ; 0000 00A2 ADCSRA=0x84;
000110 e8e4      	LDI  R30,LOW(132)
000111 b9e6      	OUT  0x6,R30
                 ; 0000 00A3 SFIOR&=0xEF;
000112 b7e0      	IN   R30,0x30
000113 7eef      	ANDI R30,0xEF
000114 bfe0      	OUT  0x30,R30
                 ; 0000 00A4 
                 ; 0000 00A5 // SPI initialization
                 ; 0000 00A6 // SPI disabled
                 ; 0000 00A7 SPCR=0x00;
000115 e0e0      	LDI  R30,LOW(0)
000116 b9ed      	OUT  0xD,R30
                 ; 0000 00A8 
                 ; 0000 00A9 // TWI initialization
                 ; 0000 00AA // TWI disabled
                 ; 0000 00AB TWCR=0x00;
000117 bfe6      	OUT  0x36,R30
                 ; 0000 00AC LCD_Init();
000118 df36      	RCALL _LCD_Init
                 ; 0000 00AD 
                 ; 0000 00AE while (1)
                 _0x38:
                 ; 0000 00AF       {
                 ; 0000 00B0       // Place your code here
                 ; 0000 00B1             // mengatur nilai duty cycle dari sinyal PWM (nilai 800 = maksimal, DC 100%)
                 ; 0000 00B2            // pwm1 = 27648;	//25/100* 27648= (25%)
                 ; 0000 00B3            // 0 = 1382
                 ; 0000 00B4            // 180 = 2765
                 ; 0000 00B5            // min = 1372
                 ; 0000 00B6            // pwm2 = 2955;	//75/100* 27648 = (75%)
                 ; 0000 00B7            // terbaru
                 ; 0000 00B8            // min 600
                 ; 0000 00B9            //max 3160
                 ; 0000 00BA //            for(i=600; i < 3200; i++){
                 ; 0000 00BB //                LCD_GotoXY(0,0);
                 ; 0000 00BC //                LCD_Angka4(i);
                 ; 0000 00BD //                pwm2 = i;
                 ; 0000 00BE //                while(~PINC.0);
                 ; 0000 00BF //                delay_ms(10);
                 ; 0000 00C0 ////            }
                 ; 0000 00C1 //            if(PINC.0)
                 ; 0000 00C2 //                pwm2 = SudutServo(0);
                 ; 0000 00C3 //            else
                 ; 0000 00C4 //                pwm2 = SudutServo(180);
                 ; 0000 00C5             LCD_GotoXY(0,0);
000119 e0e0      	LDI  R30,LOW(0)
00011a 93ea      	ST   -Y,R30
00011b e0a0      	LDI  R26,LOW(0)
00011c df47      	RCALL _LCD_GotoXY
                 ; 0000 00C6             LCD_Angka3(read_adc(7));
00011d e0a7      	LDI  R26,LOW(7)
00011e dfb5      	RCALL _read_adc
00011f e0f0      	LDI  R31,0
000120 01df      	MOVW R26,R30
000121 df4f      	RCALL _LCD_Angka3
                 ; 0000 00C7             LCD_GotoXY(0,1);
000122 e0e0      	LDI  R30,LOW(0)
000123 93ea      	ST   -Y,R30
000124 e0a1      	LDI  R26,LOW(1)
000125 df3e      	RCALL _LCD_GotoXY
                 ; 0000 00C8             LCD_Angka3(map(read_adc(7),0,255,0,180));
000126 d03c      	RCALL SUBOPT_0x9
000127 01df      	MOVW R26,R30
000128 df48      	RCALL _LCD_Angka3
                 ; 0000 00C9             pwm2 = SudutServo(map(read_adc(7),0,255,0,180));
000129 d039      	RCALL SUBOPT_0x9
00012a 2fae      	MOV  R26,R30
00012b df65      	RCALL _SudutServo
00012c bdf9      	OUT  0x28+1,R31
00012d bde8      	OUT  0x28,R30
                 ; 0000 00CA             delay_ms(20);
00012e e1a4      	LDI  R26,LOW(20)
00012f e0b0      	LDI  R27,0
000130 d04c      	RCALL _delay_ms
                 ; 0000 00CB       }
000131 cfe7      	RJMP _0x38
                 ; 0000 00CC }
                 _0x3B:
000132 cfff      	RJMP _0x3B
                 
                 	.CSEG
                 ;OPTIMIZER ADDED SUBROUTINE, CALLED 2 TIMES, CODE SIZE REDUCTION:5 WORDS
                 SUBOPT_0x0:
000133 81e8      	LD   R30,Y
000134 7fe0      	ANDI R30,LOW(0xF0)
000135 60e4      	ORI  R30,4
000136 bbe8      	OUT  0x18,R30
                +
000137 e084     +LDI R24 , LOW ( 4 )
                +__DELAY_USB_LOOP :
000138 958a     +DEC R24
000139 f7f1     +BRNE __DELAY_USB_LOOP
                 	__DELAY_USB 4
00013a 98c2      	CBI  0x18,2
00013b 9508      	RET
                 
                 ;OPTIMIZER ADDED SUBROUTINE, CALLED 2 TIMES, CODE SIZE REDUCTION:3 WORDS
                 SUBOPT_0x1:
                +
00013c e182     +LDI R24 , LOW ( 18 )
                +__DELAY_USB_LOOP :
00013d 958a     +DEC R24
00013e f7f1     +BRNE __DELAY_USB_LOOP
                 	__DELAY_USB 18
00013f 81e8      	LD   R30,Y
000140 95e2      	SWAP R30
000141 7fe0      	ANDI R30,0xF0
000142 9508      	RET
                 
                 ;OPTIMIZER ADDED SUBROUTINE, CALLED 3 TIMES, CODE SIZE REDUCTION:6 WORDS
                 SUBOPT_0x2:
000143 bbe8      	OUT  0x18,R30
                +
000144 e084     +LDI R24 , LOW ( 4 )
                +__DELAY_USB_LOOP :
000145 958a     +DEC R24
000146 f7f1     +BRNE __DELAY_USB_LOOP
                 	__DELAY_USB 4
000147 98c2      	CBI  0x18,2
000148 9508      	RET
                 
                 ;OPTIMIZER ADDED SUBROUTINE, CALLED 3 TIMES, CODE SIZE REDUCTION:8 WORDS
                 SUBOPT_0x3:
000149 e0b0      	LDI  R27,0
00014a d032      	RCALL _delay_ms
00014b e3a0      	LDI  R26,LOW(48)
00014c cee5      	RJMP _LCD_Init_Cmd
                 
                 ;OPTIMIZER ADDED SUBROUTINE, CALLED 2 TIMES, CODE SIZE REDUCTION:2 WORDS
                 SUBOPT_0x4:
00014d e0a1      	LDI  R26,LOW(1)
00014e e0b0      	LDI  R27,0
00014f c02d      	RJMP _delay_ms
                 
                 ;OPTIMIZER ADDED SUBROUTINE, CALLED 2 TIMES, CODE SIZE REDUCTION:1 WORDS
                 SUBOPT_0x5:
000150 81a8      	LD   R26,Y
000151 81b9      	LDD  R27,Y+1
000152 e6e4      	LDI  R30,LOW(100)
000153 e0f0      	LDI  R31,HIGH(100)
000154 9508      	RET
                 
                 ;OPTIMIZER ADDED SUBROUTINE, CALLED 2 TIMES, CODE SIZE REDUCTION:1 WORDS
                 SUBOPT_0x6:
000155 d20d      	RCALL __DIVW21
000156 5de0      	SUBI R30,-LOW(48)
000157 2fae      	MOV  R26,R30
000158 cee8      	RJMP _LCD_Data
                 
                 ;OPTIMIZER ADDED SUBROUTINE, CALLED 2 TIMES, CODE SIZE REDUCTION:1 WORDS
                 SUBOPT_0x7:
                +
000159 85ac     +LDD R26 , Y + 12
00015a 85bd     +LDD R27 , Y + 12 + 1
00015b 858e     +LDD R24 , Y + 12 + 2
00015c 859f     +LDD R25 , Y + 12 + 3
                 	__GETD2S 12
00015d 9508      	RET
                 
                 ;OPTIMIZER ADDED SUBROUTINE, CALLED 2 TIMES, CODE SIZE REDUCTION:1 WORDS
                 SUBOPT_0x8:
                +
00015e 81ac     +LDD R26 , Y + 4
00015f 81bd     +LDD R27 , Y + 4 + 1
000160 818e     +LDD R24 , Y + 4 + 2
000161 819f     +LDD R25 , Y + 4 + 3
                 	__GETD2S 4
000162 9508      	RET
                 
                 ;OPTIMIZER ADDED SUBROUTINE, CALLED 2 TIMES, CODE SIZE REDUCTION:23 WORDS
                 SUBOPT_0x9:
000163 e0a7      	LDI  R26,LOW(7)
000164 df6f      	RCALL _read_adc
000165 27ff      	CLR  R31
000166 2766      	CLR  R22
000167 2777      	CLR  R23
000168 d25d      	RCALL __PUTPARD1
                +
000169 e0e0     +LDI R30 , LOW ( 0x0 )
00016a e0f0     +LDI R31 , HIGH ( 0x0 )
00016b e060     +LDI R22 , BYTE3 ( 0x0 )
00016c e070     +LDI R23 , BYTE4 ( 0x0 )
                 	__GETD1N 0x0
00016d d258      	RCALL __PUTPARD1
                +
00016e efef     +LDI R30 , LOW ( 0xFF )
00016f e0f0     +LDI R31 , HIGH ( 0xFF )
000170 e060     +LDI R22 , BYTE3 ( 0xFF )
000171 e070     +LDI R23 , BYTE4 ( 0xFF )
                 	__GETD1N 0xFF
000172 d253      	RCALL __PUTPARD1
                +
000173 e0e0     +LDI R30 , LOW ( 0x0 )
000174 e0f0     +LDI R31 , HIGH ( 0x0 )
000175 e060     +LDI R22 , BYTE3 ( 0x0 )
000176 e070     +LDI R23 , BYTE4 ( 0x0 )
                 	__GETD1N 0x0
000177 d24e      	RCALL __PUTPARD1
                +
000178 eba4     +LDI R26 , LOW ( 0xB4 )
000179 e0b0     +LDI R27 , HIGH ( 0xB4 )
00017a e080     +LDI R24 , BYTE3 ( 0xB4 )
00017b e090     +LDI R25 , BYTE4 ( 0xB4 )
                 	__GETD2N 0xB4
00017c cf31      	RJMP _map
                 
                 
                 	.CSEG
                 _delay_ms:
00017d 9610      	adiw r26,0
00017e f039      	breq __delay_ms1
                 __delay_ms0:
                +
00017f ec8d     +LDI R24 , LOW ( 0xACD )
000180 e09a     +LDI R25 , HIGH ( 0xACD )
                +__DELAY_USW_LOOP :
000181 9701     +SBIW R24 , 1
000182 f7f1     +BRNE __DELAY_USW_LOOP
                 	__DELAY_USW 0xACD
000183 95a8      	wdr
000184 9711      	sbiw r26,1
000185 f7c9      	brne __delay_ms0
                 __delay_ms1:
000186 9508      	ret
                 
                 __ROUND_REPACK:
000187 2355      	TST  R21
000188 f442      	BRPL __REPACK
000189 3850      	CPI  R21,0x80
00018a f411      	BRNE __ROUND_REPACK0
00018b ffe0      	SBRS R30,0
00018c c004      	RJMP __REPACK
                 __ROUND_REPACK0:
00018d 9631      	ADIW R30,1
00018e 1f69      	ADC  R22,R25
00018f 1f79      	ADC  R23,R25
000190 f06b      	BRVS __REPACK1
                 
                 __REPACK:
000191 e850      	LDI  R21,0x80
000192 2757      	EOR  R21,R23
000193 f411      	BRNE __REPACK0
000194 935f      	PUSH R21
000195 c0c8      	RJMP __ZERORES
                 __REPACK0:
000196 3f5f      	CPI  R21,0xFF
000197 f031      	BREQ __REPACK1
000198 0f66      	LSL  R22
000199 0c00      	LSL  R0
00019a 9557      	ROR  R21
00019b 9567      	ROR  R22
00019c 2f75      	MOV  R23,R21
00019d 9508      	RET
                 __REPACK1:
00019e 935f      	PUSH R21
00019f 2000      	TST  R0
0001a0 f00a      	BRMI __REPACK2
0001a1 c0c8      	RJMP __MAXRES
                 __REPACK2:
0001a2 c0c1      	RJMP __MINRES
                 
                 __UNPACK:
0001a3 e850      	LDI  R21,0x80
0001a4 2e19      	MOV  R1,R25
0001a5 2215      	AND  R1,R21
0001a6 0f88      	LSL  R24
0001a7 1f99      	ROL  R25
0001a8 2795      	EOR  R25,R21
0001a9 0f55      	LSL  R21
0001aa 9587      	ROR  R24
                 
                 __UNPACK1:
0001ab e850      	LDI  R21,0x80
0001ac 2e07      	MOV  R0,R23
0001ad 2205      	AND  R0,R21
0001ae 0f66      	LSL  R22
0001af 1f77      	ROL  R23
0001b0 2775      	EOR  R23,R21
0001b1 0f55      	LSL  R21
0001b2 9567      	ROR  R22
0001b3 9508      	RET
                 
                 __CFD1U:
0001b4 9468      	SET
0001b5 c001      	RJMP __CFD1U0
                 __CFD1:
0001b6 94e8      	CLT
                 __CFD1U0:
0001b7 935f      	PUSH R21
0001b8 dff2      	RCALL __UNPACK1
0001b9 3870      	CPI  R23,0x80
0001ba f018      	BRLO __CFD10
0001bb 3f7f      	CPI  R23,0xFF
0001bc f408      	BRCC __CFD10
0001bd c0a0      	RJMP __ZERORES
                 __CFD10:
0001be e156      	LDI  R21,22
0001bf 1b57      	SUB  R21,R23
0001c0 f4aa      	BRPL __CFD11
0001c1 9551      	NEG  R21
0001c2 3058      	CPI  R21,8
0001c3 f40e      	BRTC __CFD19
0001c4 3059      	CPI  R21,9
                 __CFD19:
0001c5 f030      	BRLO __CFD17
0001c6 efef      	SER  R30
0001c7 efff      	SER  R31
0001c8 ef6f      	SER  R22
0001c9 e77f      	LDI  R23,0x7F
0001ca f977      	BLD  R23,7
0001cb c01a      	RJMP __CFD15
                 __CFD17:
0001cc 2777      	CLR  R23
0001cd 2355      	TST  R21
0001ce f0b9      	BREQ __CFD15
                 __CFD18:
0001cf 0fee      	LSL  R30
0001d0 1fff      	ROL  R31
0001d1 1f66      	ROL  R22
0001d2 1f77      	ROL  R23
0001d3 955a      	DEC  R21
0001d4 f7d1      	BRNE __CFD18
0001d5 c010      	RJMP __CFD15
                 __CFD11:
0001d6 2777      	CLR  R23
                 __CFD12:
0001d7 3058      	CPI  R21,8
0001d8 f028      	BRLO __CFD13
0001d9 2fef      	MOV  R30,R31
0001da 2ff6      	MOV  R31,R22
0001db 2f67      	MOV  R22,R23
0001dc 5058      	SUBI R21,8
0001dd cff9      	RJMP __CFD12
                 __CFD13:
0001de 2355      	TST  R21
0001df f031      	BREQ __CFD15
                 __CFD14:
0001e0 9576      	LSR  R23
0001e1 9567      	ROR  R22
0001e2 95f7      	ROR  R31
0001e3 95e7      	ROR  R30
0001e4 955a      	DEC  R21
0001e5 f7d1      	BRNE __CFD14
                 __CFD15:
0001e6 2000      	TST  R0
0001e7 f40a      	BRPL __CFD16
0001e8 d128      	RCALL __ANEGD1
                 __CFD16:
0001e9 915f      	POP  R21
0001ea 9508      	RET
                 
                 __CDF1U:
0001eb 9468      	SET
0001ec c001      	RJMP __CDF1U0
                 __CDF1:
0001ed 94e8      	CLT
                 __CDF1U0:
0001ee 9730      	SBIW R30,0
0001ef 4060      	SBCI R22,0
0001f0 4070      	SBCI R23,0
0001f1 f0b1      	BREQ __CDF10
0001f2 2400      	CLR  R0
0001f3 f026      	BRTS __CDF11
0001f4 2377      	TST  R23
0001f5 f412      	BRPL __CDF11
0001f6 9400      	COM  R0
0001f7 d119      	RCALL __ANEGD1
                 __CDF11:
0001f8 2e17      	MOV  R1,R23
0001f9 e17e      	LDI  R23,30
0001fa 2011      	TST  R1
                 __CDF12:
0001fb f032      	BRMI __CDF13
0001fc 957a      	DEC  R23
0001fd 0fee      	LSL  R30
0001fe 1fff      	ROL  R31
0001ff 1f66      	ROL  R22
000200 1c11      	ROL  R1
000201 cff9      	RJMP __CDF12
                 __CDF13:
000202 2fef      	MOV  R30,R31
000203 2ff6      	MOV  R31,R22
000204 2d61      	MOV  R22,R1
000205 935f      	PUSH R21
000206 df8a      	RCALL __REPACK
000207 915f      	POP  R21
                 __CDF10:
000208 9508      	RET
                 
                 __SWAPACC:
000209 934f      	PUSH R20
00020a 01af      	MOVW R20,R30
00020b 01fd      	MOVW R30,R26
00020c 01da      	MOVW R26,R20
00020d 01ab      	MOVW R20,R22
00020e 01bc      	MOVW R22,R24
00020f 01ca      	MOVW R24,R20
000210 2d40      	MOV  R20,R0
000211 2c01      	MOV  R0,R1
000212 2e14      	MOV  R1,R20
000213 914f      	POP  R20
000214 9508      	RET
                 
                 __UADD12:
000215 0fea      	ADD  R30,R26
000216 1ffb      	ADC  R31,R27
000217 1f68      	ADC  R22,R24
000218 9508      	RET
                 
                 __NEGMAN1:
000219 95e0      	COM  R30
00021a 95f0      	COM  R31
00021b 9560      	COM  R22
00021c 5fef      	SUBI R30,-1
00021d 4fff      	SBCI R31,-1
00021e 4f6f      	SBCI R22,-1
00021f 9508      	RET
                 
                 __ADDF12:
000220 935f      	PUSH R21
000221 df81      	RCALL __UNPACK
000222 3890      	CPI  R25,0x80
000223 f139      	BREQ __ADDF129
                 
                 __ADDF120:
000224 3870      	CPI  R23,0x80
000225 f121      	BREQ __ADDF128
                 __ADDF121:
000226 2f57      	MOV  R21,R23
000227 1b59      	SUB  R21,R25
000228 f12b      	BRVS __ADDF1211
000229 f412      	BRPL __ADDF122
00022a dfde      	RCALL __SWAPACC
00022b cffa      	RJMP __ADDF121
                 __ADDF122:
00022c 3158      	CPI  R21,24
00022d f018      	BRLO __ADDF123
00022e 27aa      	CLR  R26
00022f 27bb      	CLR  R27
000230 2788      	CLR  R24
                 __ADDF123:
000231 3058      	CPI  R21,8
000232 f028      	BRLO __ADDF124
000233 2fab      	MOV  R26,R27
000234 2fb8      	MOV  R27,R24
000235 2788      	CLR  R24
000236 5058      	SUBI R21,8
000237 cff9      	RJMP __ADDF123
                 __ADDF124:
000238 2355      	TST  R21
000239 f029      	BREQ __ADDF126
                 __ADDF125:
00023a 9586      	LSR  R24
00023b 95b7      	ROR  R27
00023c 95a7      	ROR  R26
00023d 955a      	DEC  R21
00023e f7d9      	BRNE __ADDF125
                 __ADDF126:
00023f 2d50      	MOV  R21,R0
000240 2551      	EOR  R21,R1
000241 f072      	BRMI __ADDF127
000242 dfd2      	RCALL __UADD12
000243 f438      	BRCC __ADDF129
000244 9567      	ROR  R22
000245 95f7      	ROR  R31
000246 95e7      	ROR  R30
000247 9573      	INC  R23
000248 f413      	BRVC __ADDF129
000249 c020      	RJMP __MAXRES
                 __ADDF128:
00024a dfbe      	RCALL __SWAPACC
                 __ADDF129:
00024b df45      	RCALL __REPACK
00024c 915f      	POP  R21
00024d 9508      	RET
                 __ADDF1211:
00024e f7d8      	BRCC __ADDF128
00024f cffb      	RJMP __ADDF129
                 __ADDF127:
000250 1bea      	SUB  R30,R26
000251 0bfb      	SBC  R31,R27
000252 0b68      	SBC  R22,R24
000253 f051      	BREQ __ZERORES
000254 f410      	BRCC __ADDF1210
000255 9400      	COM  R0
000256 dfc2      	RCALL __NEGMAN1
                 __ADDF1210:
000257 2366      	TST  R22
000258 f392      	BRMI __ADDF129
000259 0fee      	LSL  R30
00025a 1fff      	ROL  R31
00025b 1f66      	ROL  R22
00025c 957a      	DEC  R23
00025d f7cb      	BRVC __ADDF1210
                 
                 __ZERORES:
00025e 27ee      	CLR  R30
00025f 27ff      	CLR  R31
000260 2766      	CLR  R22
000261 2777      	CLR  R23
000262 915f      	POP  R21
000263 9508      	RET
                 
                 __MINRES:
000264 efef      	SER  R30
000265 efff      	SER  R31
000266 e76f      	LDI  R22,0x7F
000267 ef7f      	SER  R23
000268 915f      	POP  R21
000269 9508      	RET
                 
                 __MAXRES:
00026a efef      	SER  R30
00026b efff      	SER  R31
00026c e76f      	LDI  R22,0x7F
00026d e77f      	LDI  R23,0x7F
00026e 915f      	POP  R21
00026f 9508      	RET
                 
                 __MULF12:
000270 935f      	PUSH R21
000271 df31      	RCALL __UNPACK
000272 3870      	CPI  R23,0x80
000273 f351      	BREQ __ZERORES
000274 3890      	CPI  R25,0x80
000275 f341      	BREQ __ZERORES
000276 2401      	EOR  R0,R1
000277 9408      	SEC
000278 1f79      	ADC  R23,R25
000279 f423      	BRVC __MULF124
00027a f31c      	BRLT __ZERORES
                 __MULF125:
00027b 2000      	TST  R0
00027c f33a      	BRMI __MINRES
00027d cfec      	RJMP __MAXRES
                 __MULF124:
00027e 920f      	PUSH R0
00027f 931f      	PUSH R17
000280 932f      	PUSH R18
000281 933f      	PUSH R19
000282 934f      	PUSH R20
000283 2711      	CLR  R17
000284 2722      	CLR  R18
000285 2799      	CLR  R25
000286 9f68      	MUL  R22,R24
000287 01a0      	MOVW R20,R0
000288 9f8f      	MUL  R24,R31
000289 2d30      	MOV  R19,R0
00028a 0d41      	ADD  R20,R1
00028b 1f59      	ADC  R21,R25
00028c 9f6b      	MUL  R22,R27
00028d 0d30      	ADD  R19,R0
00028e 1d41      	ADC  R20,R1
00028f 1f59      	ADC  R21,R25
000290 9f8e      	MUL  R24,R30
000291 d027      	RCALL __MULF126
000292 9fbf      	MUL  R27,R31
000293 d025      	RCALL __MULF126
000294 9f6a      	MUL  R22,R26
000295 d023      	RCALL __MULF126
000296 9fbe      	MUL  R27,R30
000297 d01d      	RCALL __MULF127
000298 9faf      	MUL  R26,R31
000299 d01b      	RCALL __MULF127
00029a 9fae      	MUL  R26,R30
00029b 0d11      	ADD  R17,R1
00029c 1f29      	ADC  R18,R25
00029d 1f39      	ADC  R19,R25
00029e 1f49      	ADC  R20,R25
00029f 1f59      	ADC  R21,R25
0002a0 2fe3      	MOV  R30,R19
0002a1 2ff4      	MOV  R31,R20
0002a2 2f65      	MOV  R22,R21
0002a3 2f52      	MOV  R21,R18
0002a4 914f      	POP  R20
0002a5 913f      	POP  R19
0002a6 912f      	POP  R18
0002a7 911f      	POP  R17
0002a8 900f      	POP  R0
0002a9 2366      	TST  R22
0002aa f02a      	BRMI __MULF122
0002ab 0f55      	LSL  R21
0002ac 1fee      	ROL  R30
0002ad 1fff      	ROL  R31
0002ae 1f66      	ROL  R22
0002af c002      	RJMP __MULF123
                 __MULF122:
0002b0 9573      	INC  R23
0002b1 f24b      	BRVS __MULF125
                 __MULF123:
0002b2 ded4      	RCALL __ROUND_REPACK
0002b3 915f      	POP  R21
0002b4 9508      	RET
                 
                 __MULF127:
0002b5 0d10      	ADD  R17,R0
0002b6 1d21      	ADC  R18,R1
0002b7 1f39      	ADC  R19,R25
0002b8 c002      	RJMP __MULF128
                 __MULF126:
0002b9 0d20      	ADD  R18,R0
0002ba 1d31      	ADC  R19,R1
                 __MULF128:
0002bb 1f49      	ADC  R20,R25
0002bc 1f59      	ADC  R21,R25
0002bd 9508      	RET
                 
                 __DIVF21:
0002be 935f      	PUSH R21
0002bf dee3      	RCALL __UNPACK
0002c0 3870      	CPI  R23,0x80
0002c1 f421      	BRNE __DIVF210
0002c2 2011      	TST  R1
                 __DIVF211:
0002c3 f40a      	BRPL __DIVF219
0002c4 cf9f      	RJMP __MINRES
                 __DIVF219:
0002c5 cfa4      	RJMP __MAXRES
                 __DIVF210:
0002c6 3890      	CPI  R25,0x80
0002c7 f409      	BRNE __DIVF218
                 __DIVF217:
0002c8 cf95      	RJMP __ZERORES
                 __DIVF218:
0002c9 2401      	EOR  R0,R1
0002ca 9408      	SEC
0002cb 0b97      	SBC  R25,R23
0002cc f41b      	BRVC __DIVF216
0002cd f3d4      	BRLT __DIVF217
0002ce 2000      	TST  R0
0002cf cff3      	RJMP __DIVF211
                 __DIVF216:
0002d0 2f79      	MOV  R23,R25
0002d1 931f      	PUSH R17
0002d2 932f      	PUSH R18
0002d3 933f      	PUSH R19
0002d4 934f      	PUSH R20
0002d5 2411      	CLR  R1
0002d6 2711      	CLR  R17
0002d7 2722      	CLR  R18
0002d8 2733      	CLR  R19
0002d9 2744      	CLR  R20
0002da 2755      	CLR  R21
0002db e290      	LDI  R25,32
                 __DIVF212:
0002dc 17ae      	CP   R26,R30
0002dd 07bf      	CPC  R27,R31
0002de 0786      	CPC  R24,R22
0002df 0741      	CPC  R20,R17
0002e0 f030      	BRLO __DIVF213
0002e1 1bae      	SUB  R26,R30
0002e2 0bbf      	SBC  R27,R31
0002e3 0b86      	SBC  R24,R22
0002e4 0b41      	SBC  R20,R17
0002e5 9408      	SEC
0002e6 c001      	RJMP __DIVF214
                 __DIVF213:
0002e7 9488      	CLC
                 __DIVF214:
0002e8 1f55      	ROL  R21
0002e9 1f22      	ROL  R18
0002ea 1f33      	ROL  R19
0002eb 1c11      	ROL  R1
0002ec 1faa      	ROL  R26
0002ed 1fbb      	ROL  R27
0002ee 1f88      	ROL  R24
0002ef 1f44      	ROL  R20
0002f0 959a      	DEC  R25
0002f1 f751      	BRNE __DIVF212
0002f2 01f9      	MOVW R30,R18
0002f3 2d61      	MOV  R22,R1
0002f4 914f      	POP  R20
0002f5 913f      	POP  R19
0002f6 912f      	POP  R18
0002f7 911f      	POP  R17
0002f8 2366      	TST  R22
0002f9 f032      	BRMI __DIVF215
0002fa 0f55      	LSL  R21
0002fb 1fee      	ROL  R30
0002fc 1fff      	ROL  R31
0002fd 1f66      	ROL  R22
0002fe 957a      	DEC  R23
0002ff f243      	BRVS __DIVF217
                 __DIVF215:
000300 de86      	RCALL __ROUND_REPACK
000301 915f      	POP  R21
000302 9508      	RET
                 
                 __ADDD12:
000303 0fea      	ADD  R30,R26
000304 1ffb      	ADC  R31,R27
000305 1f68      	ADC  R22,R24
000306 1f79      	ADC  R23,R25
000307 9508      	RET
                 
                 __SUBD12:
000308 1bea      	SUB  R30,R26
000309 0bfb      	SBC  R31,R27
00030a 0b68      	SBC  R22,R24
00030b 0b79      	SBC  R23,R25
00030c 9508      	RET
                 
                 __ANEGW1:
00030d 95f1      	NEG  R31
00030e 95e1      	NEG  R30
00030f 40f0      	SBCI R31,0
000310 9508      	RET
                 
                 __ANEGD1:
000311 95f0      	COM  R31
000312 9560      	COM  R22
000313 9570      	COM  R23
000314 95e1      	NEG  R30
000315 4fff      	SBCI R31,-1
000316 4f6f      	SBCI R22,-1
000317 4f7f      	SBCI R23,-1
000318 9508      	RET
                 
                 __CWD1:
000319 2f6f      	MOV  R22,R31
00031a 0f66      	ADD  R22,R22
00031b 0b66      	SBC  R22,R22
00031c 2f76      	MOV  R23,R22
00031d 9508      	RET
                 
                 __MULW12U:
00031e 9ffa      	MUL  R31,R26
00031f 2df0      	MOV  R31,R0
000320 9feb      	MUL  R30,R27
000321 0df0      	ADD  R31,R0
000322 9fea      	MUL  R30,R26
000323 2de0      	MOV  R30,R0
000324 0df1      	ADD  R31,R1
000325 9508      	RET
                 
                 __MULD12U:
000326 9f7a      	MUL  R23,R26
000327 2d70      	MOV  R23,R0
000328 9f6b      	MUL  R22,R27
000329 0d70      	ADD  R23,R0
00032a 9ff8      	MUL  R31,R24
00032b 0d70      	ADD  R23,R0
00032c 9fe9      	MUL  R30,R25
00032d 0d70      	ADD  R23,R0
00032e 9f6a      	MUL  R22,R26
00032f 2d60      	MOV  R22,R0
000330 0d71      	ADD  R23,R1
000331 9ffb      	MUL  R31,R27
000332 0d60      	ADD  R22,R0
000333 1d71      	ADC  R23,R1
000334 9fe8      	MUL  R30,R24
000335 0d60      	ADD  R22,R0
000336 1d71      	ADC  R23,R1
000337 2788      	CLR  R24
000338 9ffa      	MUL  R31,R26
000339 2df0      	MOV  R31,R0
00033a 0d61      	ADD  R22,R1
00033b 1f78      	ADC  R23,R24
00033c 9feb      	MUL  R30,R27
00033d 0df0      	ADD  R31,R0
00033e 1d61      	ADC  R22,R1
00033f 1f78      	ADC  R23,R24
000340 9fea      	MUL  R30,R26
000341 2de0      	MOV  R30,R0
000342 0df1      	ADD  R31,R1
000343 1f68      	ADC  R22,R24
000344 1f78      	ADC  R23,R24
000345 9508      	RET
                 
                 __MULW12:
000346 d059      	RCALL __CHKSIGNW
000347 dfd6      	RCALL __MULW12U
000348 f40e      	BRTC __MULW121
000349 dfc3      	RCALL __ANEGW1
                 __MULW121:
00034a 9508      	RET
                 
                 __MULD12:
00034b d062      	RCALL __CHKSIGND
00034c dfd9      	RCALL __MULD12U
00034d f40e      	BRTC __MULD121
00034e dfc2      	RCALL __ANEGD1
                 __MULD121:
00034f 9508      	RET
                 
                 __DIVW21U:
000350 2400      	CLR  R0
000351 2411      	CLR  R1
000352 e190      	LDI  R25,16
                 __DIVW21U1:
000353 0faa      	LSL  R26
000354 1fbb      	ROL  R27
000355 1c00      	ROL  R0
000356 1c11      	ROL  R1
000357 1a0e      	SUB  R0,R30
000358 0a1f      	SBC  R1,R31
000359 f418      	BRCC __DIVW21U2
00035a 0e0e      	ADD  R0,R30
00035b 1e1f      	ADC  R1,R31
00035c c001      	RJMP __DIVW21U3
                 __DIVW21U2:
00035d 60a1      	SBR  R26,1
                 __DIVW21U3:
00035e 959a      	DEC  R25
00035f f799      	BRNE __DIVW21U1
000360 01fd      	MOVW R30,R26
000361 01d0      	MOVW R26,R0
000362 9508      	RET
                 
                 __DIVW21:
000363 d03c      	RCALL __CHKSIGNW
000364 dfeb      	RCALL __DIVW21U
000365 f40e      	BRTC __DIVW211
000366 dfa6      	RCALL __ANEGW1
                 __DIVW211:
000367 9508      	RET
                 
                 __DIVD21U:
000368 933f      	PUSH R19
000369 934f      	PUSH R20
00036a 935f      	PUSH R21
00036b 2400      	CLR  R0
00036c 2411      	CLR  R1
00036d 2744      	CLR  R20
00036e 2755      	CLR  R21
00036f e230      	LDI  R19,32
                 __DIVD21U1:
000370 0faa      	LSL  R26
000371 1fbb      	ROL  R27
000372 1f88      	ROL  R24
000373 1f99      	ROL  R25
000374 1c00      	ROL  R0
000375 1c11      	ROL  R1
000376 1f44      	ROL  R20
000377 1f55      	ROL  R21
000378 1a0e      	SUB  R0,R30
000379 0a1f      	SBC  R1,R31
00037a 0b46      	SBC  R20,R22
00037b 0b57      	SBC  R21,R23
00037c f428      	BRCC __DIVD21U2
00037d 0e0e      	ADD  R0,R30
00037e 1e1f      	ADC  R1,R31
00037f 1f46      	ADC  R20,R22
000380 1f57      	ADC  R21,R23
000381 c001      	RJMP __DIVD21U3
                 __DIVD21U2:
000382 60a1      	SBR  R26,1
                 __DIVD21U3:
000383 953a      	DEC  R19
000384 f759      	BRNE __DIVD21U1
000385 01fd      	MOVW R30,R26
000386 01bc      	MOVW R22,R24
000387 01d0      	MOVW R26,R0
000388 01ca      	MOVW R24,R20
000389 915f      	POP  R21
00038a 914f      	POP  R20
00038b 913f      	POP  R19
00038c 9508      	RET
                 
                 __DIVD21:
00038d d020      	RCALL __CHKSIGND
00038e dfd9      	RCALL __DIVD21U
00038f f40e      	BRTC __DIVD211
000390 df80      	RCALL __ANEGD1
                 __DIVD211:
000391 9508      	RET
                 
                 __MODW21:
000392 94e8      	CLT
000393 ffb7      	SBRS R27,7
000394 c004      	RJMP __MODW211
000395 95a0      	COM  R26
000396 95b0      	COM  R27
000397 9611      	ADIW R26,1
000398 9468      	SET
                 __MODW211:
000399 fdf7      	SBRC R31,7
00039a df72      	RCALL __ANEGW1
00039b dfb4      	RCALL __DIVW21U
00039c 01fd      	MOVW R30,R26
00039d f40e      	BRTC __MODW212
00039e df6e      	RCALL __ANEGW1
                 __MODW212:
00039f 9508      	RET
                 
                 __CHKSIGNW:
0003a0 94e8      	CLT
0003a1 fff7      	SBRS R31,7
0003a2 c002      	RJMP __CHKSW1
0003a3 df69      	RCALL __ANEGW1
0003a4 9468      	SET
                 __CHKSW1:
0003a5 ffb7      	SBRS R27,7
0003a6 c006      	RJMP __CHKSW2
0003a7 95a0      	COM  R26
0003a8 95b0      	COM  R27
0003a9 9611      	ADIW R26,1
0003aa f800      	BLD  R0,0
0003ab 9403      	INC  R0
0003ac fa00      	BST  R0,0
                 __CHKSW2:
0003ad 9508      	RET
                 
                 __CHKSIGND:
0003ae 94e8      	CLT
0003af ff77      	SBRS R23,7
0003b0 c002      	RJMP __CHKSD1
0003b1 df5f      	RCALL __ANEGD1
0003b2 9468      	SET
                 __CHKSD1:
0003b3 ff97      	SBRS R25,7
0003b4 c00b      	RJMP __CHKSD2
0003b5 2400      	CLR  R0
0003b6 95a0      	COM  R26
0003b7 95b0      	COM  R27
0003b8 9580      	COM  R24
0003b9 9590      	COM  R25
0003ba 9611      	ADIW R26,1
0003bb 1d80      	ADC  R24,R0
0003bc 1d90      	ADC  R25,R0
0003bd f800      	BLD  R0,0
0003be 9403      	INC  R0
0003bf fa00      	BST  R0,0
                 __CHKSD2:
0003c0 9508      	RET
                 
                 __GETD1S0:
0003c1 81e8      	LD   R30,Y
0003c2 81f9      	LDD  R31,Y+1
0003c3 816a      	LDD  R22,Y+2
0003c4 817b      	LDD  R23,Y+3
0003c5 9508      	RET
                 
                 __PUTPARD1:
0003c6 937a      	ST   -Y,R23
0003c7 936a      	ST   -Y,R22
0003c8 93fa      	ST   -Y,R31
0003c9 93ea      	ST   -Y,R30
0003ca 9508      	RET
                 
                 __PUTPARD2:
0003cb 939a      	ST   -Y,R25
0003cc 938a      	ST   -Y,R24
0003cd 93ba      	ST   -Y,R27
0003ce 93aa      	ST   -Y,R26
0003cf 9508      	RET
                 
                 __SAVELOCR2:
0003d0 931a      	ST   -Y,R17
0003d1 930a      	ST   -Y,R16
0003d2 9508      	RET
                 
                 __LOADLOCR2:
0003d3 8119      	LDD  R17,Y+1
0003d4 8108      	LD   R16,Y
0003d5 9508      	RET
                 
                 ;END OF CODE MARKER
                 __END_OF_CODE:


RESOURCE USE INFORMATION
------------------------

Notice:
The register and instruction counts are symbol table hit counts,
and hence implicitly used resources are not counted, eg, the
'lpm' instruction without operands implicitly uses r0 and z,
none of which are counted.

x,y,z are separate entities in the symbol table and are
counted separately from r26..r31 here.

.dseg memory usage only counts static data declared with .byte

ATmega8535 register use summary:
r0 :  54 r1 :  35 r2 :   0 r3 :   0 r4 :   0 r5 :   0 r6 :   0 r7 :   0 
r8 :   0 r9 :   0 r10:   0 r11:   0 r12:   0 r13:   0 r14:   0 r15:   0 
r16:   4 r17:  14 r18:  12 r19:  16 r20:  29 r21:  66 r22:  70 r23:  65 
r24:  57 r25:  44 r26:  88 r27:  41 r28:   5 r29:   1 r30: 164 r31:  71 
x  :   2 y  :  61 z  :   0 
Registers used: 20 out of 35 (57.1%)

ATmega8535 instruction use summary:
.lds  :   0 .lds.l:   0 .sts  :   0 .sts.l:   0 adc   :  33 add   :  21 
adiw  :   9 and   :   2 andi  :   4 asr   :   0 bclr  :   0 bld   :   3 
brbc  :   0 brbs  :   0 brcc  :   6 brcs  :   0 break :   0 breq  :  11 
brge  :   0 brhc  :   0 brhs  :   0 brid  :   0 brie  :   0 brlo  :   6 
brlt  :   2 brmi  :   7 brne  :  21 brpl  :   7 brsh  :   0 brtc  :   6 
brts  :   1 brvc  :   4 brvs  :   4 bset  :   0 bst   :   2 cbi   :   3 
cbr   :   0 clc   :   1 clh   :   0 cli   :   1 cln   :   0 clr   :  33 
cls   :   0 clt   :   5 clv   :   0 clz   :   0 com   :  16 cp    :   1 
cpc   :   3 cpi   :  16 cpse  :   0 dec   :  15 des   :   0 eor   :   6 
fmul  :   0 fmuls :   0 fmulsu:   0 icall :   0 ijmp  :   0 in    :   2 
inc   :   4 ld    :   9 ldd   :  29 ldi   : 108 lds   :   0 lpm   :   0 
lsl   :  13 lsr   :   2 mov   :  35 movw  :  22 mul   :  22 muls  :   0 
mulsu :   0 neg   :   4 nop   :   0 or    :   0 ori   :   5 out   :  49 
pop   :  29 push  :  28 rcall : 101 ret   :  47 reti  :   0 rjmp  :  64 
rol   :  34 ror   :  12 sbc   :  14 sbci  :   8 sbi   :   5 sbic  :   0 
sbis  :   1 sbiw  :   5 sbr   :   2 sbrc  :   1 sbrs  :   6 sec   :   3 
seh   :   0 sei   :   0 sen   :   0 ser   :   8 ses   :   0 set   :   5 
sev   :   0 sez   :   0 sleep :   0 spm   :   0 st    :  24 std   :   1 
sts   :   0 sub   :   7 subi  :   7 swap  :   1 tst   :  15 wdr   :   1 

Instructions used: 67 out of 114 (58.8%)

ATmega8535 memory use summary [bytes]:
Segment   Begin    End      Code   Data   Used    Size   Use%
---------------------------------------------------------------
[.cseg] 0x000000 0x0007ac   1964      0   1964    8192  24.0%
[.dseg] 0x000060 0x0000e0      0      0      0     607   0.0%
[.eseg] 0x000000 0x000000      0      0      0     512   0.0%

Assembly complete, 0 errors, 0 warnings
