
AVRASM ver. 2.1.30  D:\Belajar\AVR Project\Prak 05 (PWM)\Hasil Simulasi\List\PWM_hardware.asm Fri Apr 12 17:04:11 2019

                 
                 
                 ;CodeVisionAVR C Compiler V2.05.3 Standard
                 ;(C) Copyright 1998-2011 Pavel Haiduc, HP InfoTech s.r.l.
                 ;http://www.hpinfotech.com
                 
                 ;Chip type                : ATmega8535
                 ;Program type             : Application
                 ;Clock frequency          : 11.059200 MHz
                 ;Memory model             : Small
                 ;Optimize for             : Size
                 ;(s)printf features       : int, width
                 ;(s)scanf features        : int, width
                 ;External RAM size        : 0
                 ;Data Stack size          : 128 byte(s)
                 ;Heap size                : 0 byte(s)
                 ;Promote 'char' to 'int'  : Yes
                 ;'char' is unsigned       : Yes
                 ;8 bit enums              : Yes
                 ;Global 'const' stored in FLASH     : No
                 ;Enhanced function parameter passing: Yes
                 ;Enhanced core instructions         : On
                 ;Smart register allocation          : On
                 ;Automatic register allocation      : On
                 
                 	#pragma AVRPART ADMIN PART_NAME ATmega8535
                 	#pragma AVRPART MEMORY PROG_FLASH 8192
                 	#pragma AVRPART MEMORY EEPROM 512
                 	#pragma AVRPART MEMORY INT_SRAM SIZE 607
                 	#pragma AVRPART MEMORY INT_SRAM START_ADDR 0x60
                 
                 	.LISTMAC
                 	.EQU UDRE=0x5
                 	.EQU RXC=0x7
                 	.EQU USR=0xB
                 	.EQU UDR=0xC
                 	.EQU SPSR=0xE
                 	.EQU SPDR=0xF
                 	.EQU EERE=0x0
                 	.EQU EEWE=0x1
                 	.EQU EEMWE=0x2
                 	.EQU EECR=0x1C
                 	.EQU EEDR=0x1D
                 	.EQU EEARL=0x1E
                 	.EQU EEARH=0x1F
                 	.EQU WDTCR=0x21
                 	.EQU MCUCR=0x35
                 	.EQU GICR=0x3B
                 	.EQU SPL=0x3D
                 	.EQU SPH=0x3E
                 	.EQU SREG=0x3F
                 
                 	.DEF R0X0=R0
                 	.DEF R0X1=R1
                 	.DEF R0X2=R2
                 	.DEF R0X3=R3
                 	.DEF R0X4=R4
                 	.DEF R0X5=R5
                 	.DEF R0X6=R6
                 	.DEF R0X7=R7
                 	.DEF R0X8=R8
                 	.DEF R0X9=R9
                 	.DEF R0XA=R10
                 	.DEF R0XB=R11
                 	.DEF R0XC=R12
                 	.DEF R0XD=R13
                 	.DEF R0XE=R14
                 	.DEF R0XF=R15
                 	.DEF R0X10=R16
                 	.DEF R0X11=R17
                 	.DEF R0X12=R18
                 	.DEF R0X13=R19
                 	.DEF R0X14=R20
                 	.DEF R0X15=R21
                 	.DEF R0X16=R22
                 	.DEF R0X17=R23
                 	.DEF R0X18=R24
                 	.DEF R0X19=R25
                 	.DEF R0X1A=R26
                 	.DEF R0X1B=R27
                 	.DEF R0X1C=R28
                 	.DEF R0X1D=R29
                 	.DEF R0X1E=R30
                 	.DEF R0X1F=R31
                 
                 	.EQU __SRAM_START=0x0060
                 	.EQU __SRAM_END=0x025F
                 	.EQU __DSTACK_SIZE=0x0080
                 	.EQU __HEAP_SIZE=0x0000
                 	.EQU __CLEAR_SRAM_SIZE=__SRAM_END-__SRAM_START+1
                 
                 	.MACRO __CPD1N
                 	CPI  R30,LOW(@0)
                 	LDI  R26,HIGH(@0)
                 	CPC  R31,R26
                 	LDI  R26,BYTE3(@0)
                 	CPC  R22,R26
                 	LDI  R26,BYTE4(@0)
                 	CPC  R23,R26
                 	.ENDM
                 
                 	.MACRO __CPD2N
                 	CPI  R26,LOW(@0)
                 	LDI  R30,HIGH(@0)
                 	CPC  R27,R30
                 	LDI  R30,BYTE3(@0)
                 	CPC  R24,R30
                 	LDI  R30,BYTE4(@0)
                 	CPC  R25,R30
                 	.ENDM
                 
                 	.MACRO __CPWRR
                 	CP   R@0,R@2
                 	CPC  R@1,R@3
                 	.ENDM
                 
                 	.MACRO __CPWRN
                 	CPI  R@0,LOW(@2)
                 	LDI  R30,HIGH(@2)
                 	CPC  R@1,R30
                 	.ENDM
                 
                 	.MACRO __ADDB1MN
                 	SUBI R30,LOW(-@0-(@1))
                 	.ENDM
                 
                 	.MACRO __ADDB2MN
                 	SUBI R26,LOW(-@0-(@1))
                 	.ENDM
                 
                 	.MACRO __ADDW1MN
                 	SUBI R30,LOW(-@0-(@1))
                 	SBCI R31,HIGH(-@0-(@1))
                 	.ENDM
                 
                 	.MACRO __ADDW2MN
                 	SUBI R26,LOW(-@0-(@1))
                 	SBCI R27,HIGH(-@0-(@1))
                 	.ENDM
                 
                 	.MACRO __ADDW1FN
                 	SUBI R30,LOW(-2*@0-(@1))
                 	SBCI R31,HIGH(-2*@0-(@1))
                 	.ENDM
                 
                 	.MACRO __ADDD1FN
                 	SUBI R30,LOW(-2*@0-(@1))
                 	SBCI R31,HIGH(-2*@0-(@1))
                 	SBCI R22,BYTE3(-2*@0-(@1))
                 	.ENDM
                 
                 	.MACRO __ADDD1N
                 	SUBI R30,LOW(-@0)
                 	SBCI R31,HIGH(-@0)
                 	SBCI R22,BYTE3(-@0)
                 	SBCI R23,BYTE4(-@0)
                 	.ENDM
                 
                 	.MACRO __ADDD2N
                 	SUBI R26,LOW(-@0)
                 	SBCI R27,HIGH(-@0)
                 	SBCI R24,BYTE3(-@0)
                 	SBCI R25,BYTE4(-@0)
                 	.ENDM
                 
                 	.MACRO __SUBD1N
                 	SUBI R30,LOW(@0)
                 	SBCI R31,HIGH(@0)
                 	SBCI R22,BYTE3(@0)
                 	SBCI R23,BYTE4(@0)
                 	.ENDM
                 
                 	.MACRO __SUBD2N
                 	SUBI R26,LOW(@0)
                 	SBCI R27,HIGH(@0)
                 	SBCI R24,BYTE3(@0)
                 	SBCI R25,BYTE4(@0)
                 	.ENDM
                 
                 	.MACRO __ANDBMNN
                 	LDS  R30,@0+(@1)
                 	ANDI R30,LOW(@2)
                 	STS  @0+(@1),R30
                 	.ENDM
                 
                 	.MACRO __ANDWMNN
                 	LDS  R30,@0+(@1)
                 	ANDI R30,LOW(@2)
                 	STS  @0+(@1),R30
                 	LDS  R30,@0+(@1)+1
                 	ANDI R30,HIGH(@2)
                 	STS  @0+(@1)+1,R30
                 	.ENDM
                 
                 	.MACRO __ANDD1N
                 	ANDI R30,LOW(@0)
                 	ANDI R31,HIGH(@0)
                 	ANDI R22,BYTE3(@0)
                 	ANDI R23,BYTE4(@0)
                 	.ENDM
                 
                 	.MACRO __ANDD2N
                 	ANDI R26,LOW(@0)
                 	ANDI R27,HIGH(@0)
                 	ANDI R24,BYTE3(@0)
                 	ANDI R25,BYTE4(@0)
                 	.ENDM
                 
                 	.MACRO __ORBMNN
                 	LDS  R30,@0+(@1)
                 	ORI  R30,LOW(@2)
                 	STS  @0+(@1),R30
                 	.ENDM
                 
                 	.MACRO __ORWMNN
                 	LDS  R30,@0+(@1)
                 	ORI  R30,LOW(@2)
                 	STS  @0+(@1),R30
                 	LDS  R30,@0+(@1)+1
                 	ORI  R30,HIGH(@2)
                 	STS  @0+(@1)+1,R30
                 	.ENDM
                 
                 	.MACRO __ORD1N
                 	ORI  R30,LOW(@0)
                 	ORI  R31,HIGH(@0)
                 	ORI  R22,BYTE3(@0)
                 	ORI  R23,BYTE4(@0)
                 	.ENDM
                 
                 	.MACRO __ORD2N
                 	ORI  R26,LOW(@0)
                 	ORI  R27,HIGH(@0)
                 	ORI  R24,BYTE3(@0)
                 	ORI  R25,BYTE4(@0)
                 	.ENDM
                 
                 	.MACRO __DELAY_USB
                 	LDI  R24,LOW(@0)
                 __DELAY_USB_LOOP:
                 	DEC  R24
                 	BRNE __DELAY_USB_LOOP
                 	.ENDM
                 
                 	.MACRO __DELAY_USW
                 	LDI  R24,LOW(@0)
                 	LDI  R25,HIGH(@0)
                 __DELAY_USW_LOOP:
                 	SBIW R24,1
                 	BRNE __DELAY_USW_LOOP
                 	.ENDM
                 
                 	.MACRO __GETD1S
                 	LDD  R30,Y+@0
                 	LDD  R31,Y+@0+1
                 	LDD  R22,Y+@0+2
                 	LDD  R23,Y+@0+3
                 	.ENDM
                 
                 	.MACRO __GETD2S
                 	LDD  R26,Y+@0
                 	LDD  R27,Y+@0+1
                 	LDD  R24,Y+@0+2
                 	LDD  R25,Y+@0+3
                 	.ENDM
                 
                 	.MACRO __PUTD1S
                 	STD  Y+@0,R30
                 	STD  Y+@0+1,R31
                 	STD  Y+@0+2,R22
                 	STD  Y+@0+3,R23
                 	.ENDM
                 
                 	.MACRO __PUTD2S
                 	STD  Y+@0,R26
                 	STD  Y+@0+1,R27
                 	STD  Y+@0+2,R24
                 	STD  Y+@0+3,R25
                 	.ENDM
                 
                 	.MACRO __PUTDZ2
                 	STD  Z+@0,R26
                 	STD  Z+@0+1,R27
                 	STD  Z+@0+2,R24
                 	STD  Z+@0+3,R25
                 	.ENDM
                 
                 	.MACRO __CLRD1S
                 	STD  Y+@0,R30
                 	STD  Y+@0+1,R30
                 	STD  Y+@0+2,R30
                 	STD  Y+@0+3,R30
                 	.ENDM
                 
                 	.MACRO __POINTB1MN
                 	LDI  R30,LOW(@0+(@1))
                 	.ENDM
                 
                 	.MACRO __POINTW1MN
                 	LDI  R30,LOW(@0+(@1))
                 	LDI  R31,HIGH(@0+(@1))
                 	.ENDM
                 
                 	.MACRO __POINTD1M
                 	LDI  R30,LOW(@0)
                 	LDI  R31,HIGH(@0)
                 	LDI  R22,BYTE3(@0)
                 	LDI  R23,BYTE4(@0)
                 	.ENDM
                 
                 	.MACRO __POINTW1FN
                 	LDI  R30,LOW(2*@0+(@1))
                 	LDI  R31,HIGH(2*@0+(@1))
                 	.ENDM
                 
                 	.MACRO __POINTD1FN
                 	LDI  R30,LOW(2*@0+(@1))
                 	LDI  R31,HIGH(2*@0+(@1))
                 	LDI  R22,BYTE3(2*@0+(@1))
                 	LDI  R23,BYTE4(2*@0+(@1))
                 	.ENDM
                 
                 	.MACRO __POINTB2MN
                 	LDI  R26,LOW(@0+(@1))
                 	.ENDM
                 
                 	.MACRO __POINTW2MN
                 	LDI  R26,LOW(@0+(@1))
                 	LDI  R27,HIGH(@0+(@1))
                 	.ENDM
                 
                 	.MACRO __POINTW2FN
                 	LDI  R26,LOW(2*@0+(@1))
                 	LDI  R27,HIGH(2*@0+(@1))
                 	.ENDM
                 
                 	.MACRO __POINTD2FN
                 	LDI  R26,LOW(2*@0+(@1))
                 	LDI  R27,HIGH(2*@0+(@1))
                 	LDI  R24,BYTE3(2*@0+(@1))
                 	LDI  R25,BYTE4(2*@0+(@1))
                 	.ENDM
                 
                 	.MACRO __POINTBRM
                 	LDI  R@0,LOW(@1)
                 	.ENDM
                 
                 	.MACRO __POINTWRM
                 	LDI  R@0,LOW(@2)
                 	LDI  R@1,HIGH(@2)
                 	.ENDM
                 
                 	.MACRO __POINTBRMN
                 	LDI  R@0,LOW(@1+(@2))
                 	.ENDM
                 
                 	.MACRO __POINTWRMN
                 	LDI  R@0,LOW(@2+(@3))
                 	LDI  R@1,HIGH(@2+(@3))
                 	.ENDM
                 
                 	.MACRO __POINTWRFN
                 	LDI  R@0,LOW(@2*2+(@3))
                 	LDI  R@1,HIGH(@2*2+(@3))
                 	.ENDM
                 
                 	.MACRO __GETD1N
                 	LDI  R30,LOW(@0)
                 	LDI  R31,HIGH(@0)
                 	LDI  R22,BYTE3(@0)
                 	LDI  R23,BYTE4(@0)
                 	.ENDM
                 
                 	.MACRO __GETD2N
                 	LDI  R26,LOW(@0)
                 	LDI  R27,HIGH(@0)
                 	LDI  R24,BYTE3(@0)
                 	LDI  R25,BYTE4(@0)
                 	.ENDM
                 
                 	.MACRO __GETB1MN
                 	LDS  R30,@0+(@1)
                 	.ENDM
                 
                 	.MACRO __GETB1HMN
                 	LDS  R31,@0+(@1)
                 	.ENDM
                 
                 	.MACRO __GETW1MN
                 	LDS  R30,@0+(@1)
                 	LDS  R31,@0+(@1)+1
                 	.ENDM
                 
                 	.MACRO __GETD1MN
                 	LDS  R30,@0+(@1)
                 	LDS  R31,@0+(@1)+1
                 	LDS  R22,@0+(@1)+2
                 	LDS  R23,@0+(@1)+3
                 	.ENDM
                 
                 	.MACRO __GETBRMN
                 	LDS  R@0,@1+(@2)
                 	.ENDM
                 
                 	.MACRO __GETWRMN
                 	LDS  R@0,@2+(@3)
                 	LDS  R@1,@2+(@3)+1
                 	.ENDM
                 
                 	.MACRO __GETWRZ
                 	LDD  R@0,Z+@2
                 	LDD  R@1,Z+@2+1
                 	.ENDM
                 
                 	.MACRO __GETD2Z
                 	LDD  R26,Z+@0
                 	LDD  R27,Z+@0+1
                 	LDD  R24,Z+@0+2
                 	LDD  R25,Z+@0+3
                 	.ENDM
                 
                 	.MACRO __GETB2MN
                 	LDS  R26,@0+(@1)
                 	.ENDM
                 
                 	.MACRO __GETW2MN
                 	LDS  R26,@0+(@1)
                 	LDS  R27,@0+(@1)+1
                 	.ENDM
                 
                 	.MACRO __GETD2MN
                 	LDS  R26,@0+(@1)
                 	LDS  R27,@0+(@1)+1
                 	LDS  R24,@0+(@1)+2
                 	LDS  R25,@0+(@1)+3
                 	.ENDM
                 
                 	.MACRO __PUTB1MN
                 	STS  @0+(@1),R30
                 	.ENDM
                 
                 	.MACRO __PUTW1MN
                 	STS  @0+(@1),R30
                 	STS  @0+(@1)+1,R31
                 	.ENDM
                 
                 	.MACRO __PUTD1MN
                 	STS  @0+(@1),R30
                 	STS  @0+(@1)+1,R31
                 	STS  @0+(@1)+2,R22
                 	STS  @0+(@1)+3,R23
                 	.ENDM
                 
                 	.MACRO __PUTB1EN
                 	LDI  R26,LOW(@0+(@1))
                 	LDI  R27,HIGH(@0+(@1))
                 	RCALL __EEPROMWRB
                 	.ENDM
                 
                 	.MACRO __PUTW1EN
                 	LDI  R26,LOW(@0+(@1))
                 	LDI  R27,HIGH(@0+(@1))
                 	RCALL __EEPROMWRW
                 	.ENDM
                 
                 	.MACRO __PUTD1EN
                 	LDI  R26,LOW(@0+(@1))
                 	LDI  R27,HIGH(@0+(@1))
                 	RCALL __EEPROMWRD
                 	.ENDM
                 
                 	.MACRO __PUTBR0MN
                 	STS  @0+(@1),R0
                 	.ENDM
                 
                 	.MACRO __PUTBMRN
                 	STS  @0+(@1),R@2
                 	.ENDM
                 
                 	.MACRO __PUTWMRN
                 	STS  @0+(@1),R@2
                 	STS  @0+(@1)+1,R@3
                 	.ENDM
                 
                 	.MACRO __PUTBZR
                 	STD  Z+@1,R@0
                 	.ENDM
                 
                 	.MACRO __PUTWZR
                 	STD  Z+@2,R@0
                 	STD  Z+@2+1,R@1
                 	.ENDM
                 
                 	.MACRO __GETW1R
                 	MOV  R30,R@0
                 	MOV  R31,R@1
                 	.ENDM
                 
                 	.MACRO __GETW2R
                 	MOV  R26,R@0
                 	MOV  R27,R@1
                 	.ENDM
                 
                 	.MACRO __GETWRN
                 	LDI  R@0,LOW(@2)
                 	LDI  R@1,HIGH(@2)
                 	.ENDM
                 
                 	.MACRO __PUTW1R
                 	MOV  R@0,R30
                 	MOV  R@1,R31
                 	.ENDM
                 
                 	.MACRO __PUTW2R
                 	MOV  R@0,R26
                 	MOV  R@1,R27
                 	.ENDM
                 
                 	.MACRO __ADDWRN
                 	SUBI R@0,LOW(-@2)
                 	SBCI R@1,HIGH(-@2)
                 	.ENDM
                 
                 	.MACRO __ADDWRR
                 	ADD  R@0,R@2
                 	ADC  R@1,R@3
                 	.ENDM
                 
                 	.MACRO __SUBWRN
                 	SUBI R@0,LOW(@2)
                 	SBCI R@1,HIGH(@2)
                 	.ENDM
                 
                 	.MACRO __SUBWRR
                 	SUB  R@0,R@2
                 	SBC  R@1,R@3
                 	.ENDM
                 
                 	.MACRO __ANDWRN
                 	ANDI R@0,LOW(@2)
                 	ANDI R@1,HIGH(@2)
                 	.ENDM
                 
                 	.MACRO __ANDWRR
                 	AND  R@0,R@2
                 	AND  R@1,R@3
                 	.ENDM
                 
                 	.MACRO __ORWRN
                 	ORI  R@0,LOW(@2)
                 	ORI  R@1,HIGH(@2)
                 	.ENDM
                 
                 	.MACRO __ORWRR
                 	OR   R@0,R@2
                 	OR   R@1,R@3
                 	.ENDM
                 
                 	.MACRO __EORWRR
                 	EOR  R@0,R@2
                 	EOR  R@1,R@3
                 	.ENDM
                 
                 	.MACRO __GETWRS
                 	LDD  R@0,Y+@2
                 	LDD  R@1,Y+@2+1
                 	.ENDM
                 
                 	.MACRO __PUTBSR
                 	STD  Y+@1,R@0
                 	.ENDM
                 
                 	.MACRO __PUTWSR
                 	STD  Y+@2,R@0
                 	STD  Y+@2+1,R@1
                 	.ENDM
                 
                 	.MACRO __MOVEWRR
                 	MOV  R@0,R@2
                 	MOV  R@1,R@3
                 	.ENDM
                 
                 	.MACRO __INWR
                 	IN   R@0,@2
                 	IN   R@1,@2+1
                 	.ENDM
                 
                 	.MACRO __OUTWR
                 	OUT  @2+1,R@1
                 	OUT  @2,R@0
                 	.ENDM
                 
                 	.MACRO __CALL1MN
                 	LDS  R30,@0+(@1)
                 	LDS  R31,@0+(@1)+1
                 	ICALL
                 	.ENDM
                 
                 	.MACRO __CALL1FN
                 	LDI  R30,LOW(2*@0+(@1))
                 	LDI  R31,HIGH(2*@0+(@1))
                 	RCALL __GETW1PF
                 	ICALL
                 	.ENDM
                 
                 	.MACRO __CALL2EN
                 	LDI  R26,LOW(@0+(@1))
                 	LDI  R27,HIGH(@0+(@1))
                 	RCALL __EEPROMRDW
                 	ICALL
                 	.ENDM
                 
                 	.MACRO __GETW1STACK
                 	IN   R26,SPL
                 	IN   R27,SPH
                 	ADIW R26,@0+1
                 	LD   R30,X+
                 	LD   R31,X
                 	.ENDM
                 
                 	.MACRO __GETD1STACK
                 	IN   R26,SPL
                 	IN   R27,SPH
                 	ADIW R26,@0+1
                 	LD   R30,X+
                 	LD   R31,X+
                 	LD   R22,X
                 	.ENDM
                 
                 	.MACRO __NBST
                 	BST  R@0,@1
                 	IN   R30,SREG
                 	LDI  R31,0x40
                 	EOR  R30,R31
                 	OUT  SREG,R30
                 	.ENDM
                 
                 
                 	.MACRO __PUTB1SN
                 	LDD  R26,Y+@0
                 	LDD  R27,Y+@0+1
                 	SUBI R26,LOW(-@1)
                 	SBCI R27,HIGH(-@1)
                 	ST   X,R30
                 	.ENDM
                 
                 	.MACRO __PUTW1SN
                 	LDD  R26,Y+@0
                 	LDD  R27,Y+@0+1
                 	SUBI R26,LOW(-@1)
                 	SBCI R27,HIGH(-@1)
                 	ST   X+,R30
                 	ST   X,R31
                 	.ENDM
                 
                 	.MACRO __PUTD1SN
                 	LDD  R26,Y+@0
                 	LDD  R27,Y+@0+1
                 	SUBI R26,LOW(-@1)
                 	SBCI R27,HIGH(-@1)
                 	RCALL __PUTDP1
                 	.ENDM
                 
                 	.MACRO __PUTB1SNS
                 	LDD  R26,Y+@0
                 	LDD  R27,Y+@0+1
                 	ADIW R26,@1
                 	ST   X,R30
                 	.ENDM
                 
                 	.MACRO __PUTW1SNS
                 	LDD  R26,Y+@0
                 	LDD  R27,Y+@0+1
                 	ADIW R26,@1
                 	ST   X+,R30
                 	ST   X,R31
                 	.ENDM
                 
                 	.MACRO __PUTD1SNS
                 	LDD  R26,Y+@0
                 	LDD  R27,Y+@0+1
                 	ADIW R26,@1
                 	RCALL __PUTDP1
                 	.ENDM
                 
                 	.MACRO __PUTB1PMN
                 	LDS  R26,@0
                 	LDS  R27,@0+1
                 	SUBI R26,LOW(-@1)
                 	SBCI R27,HIGH(-@1)
                 	ST   X,R30
                 	.ENDM
                 
                 	.MACRO __PUTW1PMN
                 	LDS  R26,@0
                 	LDS  R27,@0+1
                 	SUBI R26,LOW(-@1)
                 	SBCI R27,HIGH(-@1)
                 	ST   X+,R30
                 	ST   X,R31
                 	.ENDM
                 
                 	.MACRO __PUTD1PMN
                 	LDS  R26,@0
                 	LDS  R27,@0+1
                 	SUBI R26,LOW(-@1)
                 	SBCI R27,HIGH(-@1)
                 	RCALL __PUTDP1
                 	.ENDM
                 
                 	.MACRO __PUTB1PMNS
                 	LDS  R26,@0
                 	LDS  R27,@0+1
                 	ADIW R26,@1
                 	ST   X,R30
                 	.ENDM
                 
                 	.MACRO __PUTW1PMNS
                 	LDS  R26,@0
                 	LDS  R27,@0+1
                 	ADIW R26,@1
                 	ST   X+,R30
                 	ST   X,R31
                 	.ENDM
                 
                 	.MACRO __PUTD1PMNS
                 	LDS  R26,@0
                 	LDS  R27,@0+1
                 	ADIW R26,@1
                 	RCALL __PUTDP1
                 	.ENDM
                 
                 	.MACRO __PUTB1RN
                 	MOVW R26,R@0
                 	SUBI R26,LOW(-@1)
                 	SBCI R27,HIGH(-@1)
                 	ST   X,R30
                 	.ENDM
                 
                 	.MACRO __PUTW1RN
                 	MOVW R26,R@0
                 	SUBI R26,LOW(-@1)
                 	SBCI R27,HIGH(-@1)
                 	ST   X+,R30
                 	ST   X,R31
                 	.ENDM
                 
                 	.MACRO __PUTD1RN
                 	MOVW R26,R@0
                 	SUBI R26,LOW(-@1)
                 	SBCI R27,HIGH(-@1)
                 	RCALL __PUTDP1
                 	.ENDM
                 
                 	.MACRO __PUTB1RNS
                 	MOVW R26,R@0
                 	ADIW R26,@1
                 	ST   X,R30
                 	.ENDM
                 
                 	.MACRO __PUTW1RNS
                 	MOVW R26,R@0
                 	ADIW R26,@1
                 	ST   X+,R30
                 	ST   X,R31
                 	.ENDM
                 
                 	.MACRO __PUTD1RNS
                 	MOVW R26,R@0
                 	ADIW R26,@1
                 	RCALL __PUTDP1
                 	.ENDM
                 
                 	.MACRO __PUTB1RON
                 	MOV  R26,R@0
                 	MOV  R27,R@1
                 	SUBI R26,LOW(-@2)
                 	SBCI R27,HIGH(-@2)
                 	ST   X,R30
                 	.ENDM
                 
                 	.MACRO __PUTW1RON
                 	MOV  R26,R@0
                 	MOV  R27,R@1
                 	SUBI R26,LOW(-@2)
                 	SBCI R27,HIGH(-@2)
                 	ST   X+,R30
                 	ST   X,R31
                 	.ENDM
                 
                 	.MACRO __PUTD1RON
                 	MOV  R26,R@0
                 	MOV  R27,R@1
                 	SUBI R26,LOW(-@2)
                 	SBCI R27,HIGH(-@2)
                 	RCALL __PUTDP1
                 	.ENDM
                 
                 	.MACRO __PUTB1RONS
                 	MOV  R26,R@0
                 	MOV  R27,R@1
                 	ADIW R26,@2
                 	ST   X,R30
                 	.ENDM
                 
                 	.MACRO __PUTW1RONS
                 	MOV  R26,R@0
                 	MOV  R27,R@1
                 	ADIW R26,@2
                 	ST   X+,R30
                 	ST   X,R31
                 	.ENDM
                 
                 	.MACRO __PUTD1RONS
                 	MOV  R26,R@0
                 	MOV  R27,R@1
                 	ADIW R26,@2
                 	RCALL __PUTDP1
                 	.ENDM
                 
                 
                 	.MACRO __GETB1SX
                 	MOVW R30,R28
                 	SUBI R30,LOW(-@0)
                 	SBCI R31,HIGH(-@0)
                 	LD   R30,Z
                 	.ENDM
                 
                 	.MACRO __GETB1HSX
                 	MOVW R30,R28
                 	SUBI R30,LOW(-@0)
                 	SBCI R31,HIGH(-@0)
                 	LD   R31,Z
                 	.ENDM
                 
                 	.MACRO __GETW1SX
                 	MOVW R30,R28
                 	SUBI R30,LOW(-@0)
                 	SBCI R31,HIGH(-@0)
                 	LD   R0,Z+
                 	LD   R31,Z
                 	MOV  R30,R0
                 	.ENDM
                 
                 	.MACRO __GETD1SX
                 	MOVW R30,R28
                 	SUBI R30,LOW(-@0)
                 	SBCI R31,HIGH(-@0)
                 	LD   R0,Z+
                 	LD   R1,Z+
                 	LD   R22,Z+
                 	LD   R23,Z
                 	MOVW R30,R0
                 	.ENDM
                 
                 	.MACRO __GETB2SX
                 	MOVW R26,R28
                 	SUBI R26,LOW(-@0)
                 	SBCI R27,HIGH(-@0)
                 	LD   R26,X
                 	.ENDM
                 
                 	.MACRO __GETW2SX
                 	MOVW R26,R28
                 	SUBI R26,LOW(-@0)
                 	SBCI R27,HIGH(-@0)
                 	LD   R0,X+
                 	LD   R27,X
                 	MOV  R26,R0
                 	.ENDM
                 
                 	.MACRO __GETD2SX
                 	MOVW R26,R28
                 	SUBI R26,LOW(-@0)
                 	SBCI R27,HIGH(-@0)
                 	LD   R0,X+
                 	LD   R1,X+
                 	LD   R24,X+
                 	LD   R25,X
                 	MOVW R26,R0
                 	.ENDM
                 
                 	.MACRO __GETBRSX
                 	MOVW R30,R28
                 	SUBI R30,LOW(-@1)
                 	SBCI R31,HIGH(-@1)
                 	LD   R@0,Z
                 	.ENDM
                 
                 	.MACRO __GETWRSX
                 	MOVW R30,R28
                 	SUBI R30,LOW(-@2)
                 	SBCI R31,HIGH(-@2)
                 	LD   R@0,Z+
                 	LD   R@1,Z
                 	.ENDM
                 
                 	.MACRO __GETBRSX2
                 	MOVW R26,R28
                 	SUBI R26,LOW(-@1)
                 	SBCI R27,HIGH(-@1)
                 	LD   R@0,X
                 	.ENDM
                 
                 	.MACRO __GETWRSX2
                 	MOVW R26,R28
                 	SUBI R26,LOW(-@2)
                 	SBCI R27,HIGH(-@2)
                 	LD   R@0,X+
                 	LD   R@1,X
                 	.ENDM
                 
                 	.MACRO __LSLW8SX
                 	MOVW R30,R28
                 	SUBI R30,LOW(-@0)
                 	SBCI R31,HIGH(-@0)
                 	LD   R31,Z
                 	CLR  R30
                 	.ENDM
                 
                 	.MACRO __PUTB1SX
                 	MOVW R26,R28
                 	SUBI R26,LOW(-@0)
                 	SBCI R27,HIGH(-@0)
                 	ST   X,R30
                 	.ENDM
                 
                 	.MACRO __PUTW1SX
                 	MOVW R26,R28
                 	SUBI R26,LOW(-@0)
                 	SBCI R27,HIGH(-@0)
                 	ST   X+,R30
                 	ST   X,R31
                 	.ENDM
                 
                 	.MACRO __PUTD1SX
                 	MOVW R26,R28
                 	SUBI R26,LOW(-@0)
                 	SBCI R27,HIGH(-@0)
                 	ST   X+,R30
                 	ST   X+,R31
                 	ST   X+,R22
                 	ST   X,R23
                 	.ENDM
                 
                 	.MACRO __CLRW1SX
                 	MOVW R26,R28
                 	SUBI R26,LOW(-@0)
                 	SBCI R27,HIGH(-@0)
                 	ST   X+,R30
                 	ST   X,R30
                 	.ENDM
                 
                 	.MACRO __CLRD1SX
                 	MOVW R26,R28
                 	SUBI R26,LOW(-@0)
                 	SBCI R27,HIGH(-@0)
                 	ST   X+,R30
                 	ST   X+,R30
                 	ST   X+,R30
                 	ST   X,R30
                 	.ENDM
                 
                 	.MACRO __PUTB2SX
                 	MOVW R30,R28
                 	SUBI R30,LOW(-@0)
                 	SBCI R31,HIGH(-@0)
                 	ST   Z,R26
                 	.ENDM
                 
                 	.MACRO __PUTW2SX
                 	MOVW R30,R28
                 	SUBI R30,LOW(-@0)
                 	SBCI R31,HIGH(-@0)
                 	ST   Z+,R26
                 	ST   Z,R27
                 	.ENDM
                 
                 	.MACRO __PUTD2SX
                 	MOVW R30,R28
                 	SUBI R30,LOW(-@0)
                 	SBCI R31,HIGH(-@0)
                 	ST   Z+,R26
                 	ST   Z+,R27
                 	ST   Z+,R24
                 	ST   Z,R25
                 	.ENDM
                 
                 	.MACRO __PUTBSRX
                 	MOVW R30,R28
                 	SUBI R30,LOW(-@1)
                 	SBCI R31,HIGH(-@1)
                 	ST   Z,R@0
                 	.ENDM
                 
                 	.MACRO __PUTWSRX
                 	MOVW R30,R28
                 	SUBI R30,LOW(-@2)
                 	SBCI R31,HIGH(-@2)
                 	ST   Z+,R@0
                 	ST   Z,R@1
                 	.ENDM
                 
                 	.MACRO __PUTB1SNX
                 	MOVW R26,R28
                 	SUBI R26,LOW(-@0)
                 	SBCI R27,HIGH(-@0)
                 	LD   R0,X+
                 	LD   R27,X
                 	MOV  R26,R0
                 	SUBI R26,LOW(-@1)
                 	SBCI R27,HIGH(-@1)
                 	ST   X,R30
                 	.ENDM
                 
                 	.MACRO __PUTW1SNX
                 	MOVW R26,R28
                 	SUBI R26,LOW(-@0)
                 	SBCI R27,HIGH(-@0)
                 	LD   R0,X+
                 	LD   R27,X
                 	MOV  R26,R0
                 	SUBI R26,LOW(-@1)
                 	SBCI R27,HIGH(-@1)
                 	ST   X+,R30
                 	ST   X,R31
                 	.ENDM
                 
                 	.MACRO __PUTD1SNX
                 	MOVW R26,R28
                 	SUBI R26,LOW(-@0)
                 	SBCI R27,HIGH(-@0)
                 	LD   R0,X+
                 	LD   R27,X
                 	MOV  R26,R0
                 	SUBI R26,LOW(-@1)
                 	SBCI R27,HIGH(-@1)
                 	ST   X+,R30
                 	ST   X+,R31
                 	ST   X+,R22
                 	ST   X,R23
                 	.ENDM
                 
                 	.MACRO __MULBRR
                 	MULS R@0,R@1
                 	MOVW R30,R0
                 	.ENDM
                 
                 	.MACRO __MULBRRU
                 	MUL  R@0,R@1
                 	MOVW R30,R0
                 	.ENDM
                 
                 	.MACRO __MULBRR0
                 	MULS R@0,R@1
                 	.ENDM
                 
                 	.MACRO __MULBRRU0
                 	MUL  R@0,R@1
                 	.ENDM
                 
                 	.MACRO __MULBNWRU
                 	LDI  R26,@2
                 	MUL  R26,R@0
                 	MOVW R30,R0
                 	MUL  R26,R@1
                 	ADD  R31,R0
                 	.ENDM
                 
                 	.CSEG
                 	.ORG 0x00
                 
                 ;START OF CODE MARKER
                 __START_OF_CODE:
                 
                 ;INTERRUPT VECTORS
000000 c035      	RJMP __RESET
000001 cffe      	RJMP 0x00
000002 cffd      	RJMP 0x00
000003 cffc      	RJMP 0x00
000004 cffb      	RJMP 0x00
000005 cffa      	RJMP 0x00
000006 cff9      	RJMP 0x00
000007 cff8      	RJMP 0x00
000008 cff7      	RJMP 0x00
000009 cff6      	RJMP 0x00
00000a cff5      	RJMP 0x00
00000b cff4      	RJMP 0x00
00000c cff3      	RJMP 0x00
00000d cff2      	RJMP 0x00
00000e cff1      	RJMP 0x00
00000f cff0      	RJMP 0x00
000010 cfef      	RJMP 0x00
000011 cfee      	RJMP 0x00
000012 cfed      	RJMP 0x00
000013 cfec      	RJMP 0x00
000014 cfeb      	RJMP 0x00
                 
                 _tbl10_G100:
000015 2710
000016 03e8
000017 0064
000018 000a      	.DB  0x10,0x27,0xE8,0x3,0x64,0x0,0xA,0x0
000019 0001      	.DB  0x1,0x0
                 _tbl16_G100:
00001a 1000
00001b 0100
00001c 0010
00001d 0001      	.DB  0x0,0x10,0x0,0x1,0x10,0x0,0x1,0x0
                 
                 _0x0:
00001e 7544
00001f 7974
000020 203a
000021 2000      	.DB  0x44,0x75,0x74,0x79,0x3A,0x20,0x0,0x20
000022 6570
000023 7372
000024 6e65
000025 4c00      	.DB  0x70,0x65,0x72,0x73,0x65,0x6E,0x0,0x4C
000026 766f
000027 2065
000028 2055
000029 6542      	.DB  0x6F,0x76,0x65,0x20,0x55,0x20,0x42,0x65
00002a 6269
D:\Belajar\AVR Project\Prak 05 (PWM)\Hasil Simulasi\List\PWM_hardware.asm(1108): warning: .cseg .db misalignment - padding zero byte
00002b 0000      	.DB  0x69,0x62,0x0
                 
                 __GLOBAL_INI_TBL:
00002c 0007      	.DW  0x07
00002d 00e0      	.DW  _0x39
00002e 003c      	.DW  _0x0*2
                 
00002f 0008      	.DW  0x08
000030 00e7      	.DW  _0x39+7
000031 0043      	.DW  _0x0*2+7
                 
000032 000c      	.DW  0x0C
000033 00ef      	.DW  _0x39+15
000034 004b      	.DW  _0x0*2+15
                 
                 _0xFFFFFFFF:
000035 0000      	.DW  0
                 
                 __RESET:
000036 94f8      	CLI
000037 27ee      	CLR  R30
000038 bbec      	OUT  EECR,R30
                 
                 ;INTERRUPT VECTORS ARE PLACED
                 ;AT THE START OF FLASH
000039 e0f1      	LDI  R31,1
00003a bffb      	OUT  GICR,R31
00003b bfeb      	OUT  GICR,R30
00003c bfe5      	OUT  MCUCR,R30
                 
                 ;DISABLE WATCHDOG
00003d e1f8      	LDI  R31,0x18
00003e bdf1      	OUT  WDTCR,R31
00003f bde1      	OUT  WDTCR,R30
                 
                 ;CLEAR R2-R14
000040 e08d      	LDI  R24,(14-2)+1
000041 e0a2      	LDI  R26,2
000042 27bb      	CLR  R27
                 __CLEAR_REG:
000043 93ed      	ST   X+,R30
000044 958a      	DEC  R24
000045 f7e9      	BRNE __CLEAR_REG
                 
                 ;CLEAR SRAM
000046 e080      	LDI  R24,LOW(__CLEAR_SRAM_SIZE)
000047 e092      	LDI  R25,HIGH(__CLEAR_SRAM_SIZE)
000048 e6a0      	LDI  R26,__SRAM_START
                 __CLEAR_SRAM:
000049 93ed      	ST   X+,R30
00004a 9701      	SBIW R24,1
00004b f7e9      	BRNE __CLEAR_SRAM
                 
                 ;GLOBAL VARIABLES INITIALIZATION
00004c e5e8      	LDI  R30,LOW(__GLOBAL_INI_TBL*2)
00004d e0f0      	LDI  R31,HIGH(__GLOBAL_INI_TBL*2)
                 __GLOBAL_INI_NEXT:
00004e 9185      	LPM  R24,Z+
00004f 9195      	LPM  R25,Z+
000050 9700      	SBIW R24,0
000051 f061      	BREQ __GLOBAL_INI_END
000052 91a5      	LPM  R26,Z+
000053 91b5      	LPM  R27,Z+
000054 9005      	LPM  R0,Z+
000055 9015      	LPM  R1,Z+
000056 01bf      	MOVW R22,R30
000057 01f0      	MOVW R30,R0
                 __GLOBAL_INI_LOOP:
000058 9005      	LPM  R0,Z+
000059 920d      	ST   X+,R0
00005a 9701      	SBIW R24,1
00005b f7e1      	BRNE __GLOBAL_INI_LOOP
00005c 01fb      	MOVW R30,R22
00005d cff0      	RJMP __GLOBAL_INI_NEXT
                 __GLOBAL_INI_END:
                 
                 ;HARDWARE STACK POINTER INITIALIZATION
00005e e5ef      	LDI  R30,LOW(__SRAM_END-__HEAP_SIZE)
00005f bfed      	OUT  SPL,R30
000060 e0e2      	LDI  R30,HIGH(__SRAM_END-__HEAP_SIZE)
000061 bfee      	OUT  SPH,R30
                 
                 ;DATA STACK POINTER INITIALIZATION
000062 eec0      	LDI  R28,LOW(__SRAM_START+__DSTACK_SIZE)
000063 e0d0      	LDI  R29,HIGH(__SRAM_START+__DSTACK_SIZE)
                 
000064 c071      	RJMP _main
                 
                 	.ESEG
                 	.ORG 0
                 
                 	.DSEG
                 	.ORG 0xE0
                 
                 	.CSEG
                 ;/*****************************************************
                 ;This program was produced by the
                 ;CodeWizardAVR V2.05.3 Standard
                 ;Automatic Program Generator
                 ;© Copyright 1998-2011 Pavel Haiduc, HP InfoTech s.r.l.
                 ;http://www.hpinfotech.com
                 ;
                 ;Project :
                 ;Version :
                 ;Date    : 4/12/2019
                 ;Author  : unknown
                 ;Company :
                 ;Comments:
                 ;
                 ;
                 ;Chip type               : ATmega8535
                 ;Program type            : Application
                 ;AVR Core Clock frequency: 11.059200 MHz
                 ;Memory model            : Small
                 ;External RAM size       : 0
                 ;Data Stack size         : 128
                 ;*****************************************************/
                 ;
                 ;#include <mega8535.h>
                 	#ifndef __SLEEP_DEFINED__
                 	#define __SLEEP_DEFINED__
                 	.EQU __se_bit=0x40
                 	.EQU __sm_mask=0xB0
                 	.EQU __sm_powerdown=0x20
                 	.EQU __sm_powersave=0x30
                 	.EQU __sm_standby=0xA0
                 	.EQU __sm_ext_standby=0xB0
                 	.EQU __sm_adc_noise_red=0x10
                 	.SET power_ctrl_reg=mcucr
                 	#endif
                 ;#include <delay.h>
                 ;#include <stdio.h>
                 ;#include "myLCD.h"
                 
                 	.CSEG
                 _LCD_Init_Cmd:
000065 93aa      	ST   -Y,R26
                 ;	xData -> Y+0
000066 d0da      	RCALL SUBOPT_0x0
000067 c018      	RJMP _0x2060003
                 _LCD_Perintah:
000068 93aa      	ST   -Y,R26
                 ;	xData -> Y+0
000069 98c3      	CBI  0x18,3
00006a d0d6      	RCALL SUBOPT_0x0
00006b d0de      	RCALL SUBOPT_0x1
00006c 60e4      	ORI  R30,4
00006d d0e3      	RCALL SUBOPT_0x2
                +
00006e e88f     +LDI R24 , LOW ( 1935 )
00006f e097     +LDI R25 , HIGH ( 1935 )
                +__DELAY_USW_LOOP :
000070 9701     +SBIW R24 , 1
000071 f7f1     +BRNE __DELAY_USW_LOOP
                 	__DELAY_USW 1935
000072 c00c      	RJMP _0x2060002
                 _LCD_Data:
000073 93aa      	ST   -Y,R26
                 ;	xData -> Y+0
000074 9ac3      	SBI  0x18,3
000075 81e8      	LD   R30,Y
000076 7fe0      	ANDI R30,LOW(0xF0)
000077 60ec      	ORI  R30,LOW(0xC)
000078 d0d8      	RCALL SUBOPT_0x2
000079 d0d0      	RCALL SUBOPT_0x1
00007a 60ec      	ORI  R30,LOW(0xC)
00007b d0d5      	RCALL SUBOPT_0x2
                +
00007c e983     +LDI R24 , LOW ( 147 )
                +__DELAY_USB_LOOP :
00007d 958a     +DEC R24
00007e f7f1     +BRNE __DELAY_USB_LOOP
                 	__DELAY_USB 147
                 _0x2060002:
00007f 9ac2      	SBI  0x18,2
                 _0x2060003:
000080 9621      	ADIW R28,1
000081 9508      	RET
                 _LCD_Init:
000082 e3a2      	LDI  R26,LOW(50)
000083 d0d3      	RCALL SUBOPT_0x3
000084 e0a5      	LDI  R26,LOW(5)
000085 d0d1      	RCALL SUBOPT_0x3
000086 e0a1      	LDI  R26,LOW(1)
000087 d0cf      	RCALL SUBOPT_0x3
000088 d0d2      	RCALL SUBOPT_0x4
000089 e2a0      	LDI  R26,LOW(32)
00008a dfda      	RCALL _LCD_Init_Cmd
00008b e2a8      	LDI  R26,LOW(40)
00008c dfdb      	RCALL _LCD_Perintah
00008d e1a0      	LDI  R26,LOW(16)
00008e dfd9      	RCALL _LCD_Perintah
00008f e0ac      	LDI  R26,LOW(12)
000090 dfd7      	RCALL _LCD_Perintah
000091 e0a6      	LDI  R26,LOW(6)
000092 dfd5      	RCALL _LCD_Perintah
000093 e0a1      	LDI  R26,LOW(1)
000094 dfd3      	RCALL _LCD_Perintah
000095 d0c5      	RCALL SUBOPT_0x4
000096 9508      	RET
                 _LCD_GotoXY:
000097 93aa      	ST   -Y,R26
000098 931a      	ST   -Y,R17
                 ;	x -> Y+2
                 ;	y -> Y+1
                 ;	baris -> R17
000099 81e9      	LDD  R30,Y+1
00009a 30e0      	CPI  R30,0
00009b f419      	BRNE _0x15
00009c 81aa      	LDD  R26,Y+2
00009d 58a0      	SUBI R26,-LOW(128)
00009e c002      	RJMP _0x3B
                 _0x15:
00009f 81aa      	LDD  R26,Y+2
0000a0 54a0      	SUBI R26,-LOW(192)
                 _0x3B:
0000a1 dfc6      	RCALL _LCD_Perintah
0000a2 8118      	LDD  R17,Y+0
0000a3 9623      	ADIW R28,3
0000a4 9508      	RET
                 ;	*text -> Y+0
                 _LCD_Text:
0000a5 93ba      	ST   -Y,R27
0000a6 93aa      	ST   -Y,R26
                 ;	*text -> Y+0
                 _0x1A:
0000a7 d0b6      	RCALL SUBOPT_0x5
0000a8 91ec      	LD   R30,X
0000a9 30e0      	CPI  R30,0
0000aa f049      	BREQ _0x1C
0000ab d0b2      	RCALL SUBOPT_0x5
0000ac 91ac      	LD   R26,X
0000ad dfc5      	RCALL _LCD_Data
0000ae 81e8      	LD   R30,Y
0000af 81f9      	LDD  R31,Y+1
0000b0 9631      	ADIW R30,1
0000b1 83e8      	ST   Y,R30
0000b2 83f9      	STD  Y+1,R31
0000b3 cff3      	RJMP _0x1A
                 _0x1C:
0000b4 c01f      	RJMP _0x2060001
                 ;	Baris -> Y+2
                 ;	*text -> Y+0
                 ;	Baris -> Y+2
                 ;	*text -> Y+0
                 ;	Baris -> Y+1
                 ;	i -> R17
                 ;	Baris -> Y+1
                 ;	i -> R17
                 ;	Baris -> Y+2
                 ;	i -> R17
                 ;	j -> R16
                 ;	Baris -> Y+3
                 ;	*text -> Y+1
                 ;	i -> R17
                 ;	Baris -> Y+4
                 ;	*text -> Y+2
                 ;	i -> R17
                 ;	j -> R16
                 ;	Baris -> Y+4
                 ;	*text -> Y+2
                 ;	i -> R17
                 ;	j -> R16
                 ;	Baris -> Y+4
                 ;	*text -> Y+2
                 ;	i -> R17
                 ;	j -> R16
                 ;	x -> Y+0
                 _LCD_Angka3:
0000b5 93ba      	ST   -Y,R27
0000b6 93aa      	ST   -Y,R26
                 ;	x -> Y+0
0000b7 81a9      	LDD  R26,Y+1
0000b8 23aa      	TST  R26
0000b9 f44a      	BRPL _0x33
0000ba 81e8      	LD   R30,Y
0000bb 81f9      	LDD  R31,Y+1
0000bc efaf      	LDI  R26,LOW(65535)
0000bd efbf      	LDI  R27,HIGH(65535)
0000be d1f1      	RCALL __MULW12
0000bf 83e8      	ST   Y,R30
0000c0 83f9      	STD  Y+1,R31
0000c1 e2ad      	LDI  R26,LOW(45)
0000c2 dfb0      	RCALL _LCD_Data
                 _0x33:
0000c3 d09a      	RCALL SUBOPT_0x5
0000c4 e6e4      	LDI  R30,LOW(100)
0000c5 e0f0      	LDI  R31,HIGH(100)
0000c6 d09a      	RCALL SUBOPT_0x6
0000c7 e6e4      	LDI  R30,LOW(100)
0000c8 e0f0      	LDI  R31,HIGH(100)
0000c9 d203      	RCALL __MODW21
0000ca 01df      	MOVW R26,R30
0000cb e0ea      	LDI  R30,LOW(10)
0000cc e0f0      	LDI  R31,HIGH(10)
0000cd d093      	RCALL SUBOPT_0x6
0000ce e0ea      	LDI  R30,LOW(10)
0000cf e0f0      	LDI  R31,HIGH(10)
0000d0 d1fc      	RCALL __MODW21
0000d1 5de0      	SUBI R30,-LOW(48)
0000d2 2fae      	MOV  R26,R30
0000d3 df9f      	RCALL _LCD_Data
                 _0x2060001:
0000d4 9622      	ADIW R28,2
0000d5 9508      	RET
                 ;	x -> Y+0
                 ;	x -> Y+0
                 ;	x -> Y+0
                 ;
                 ;// Declare your global variables here
                 ;
                 ;void main(void)
                 ; 0000 0020 {
                 _main:
                 ; 0000 0021 // Declare your local variables here
                 ; 0000 0022 float duty_in;
                 ; 0000 0023 
                 ; 0000 0024 // Input/Output Ports initialization
                 ; 0000 0025 // Port A initialization
                 ; 0000 0026 // Func7=In Func6=In Func5=In Func4=In Func3=In Func2=In Func1=In Func0=In
                 ; 0000 0027 // State7=T State6=T State5=T State4=T State3=T State2=T State1=T State0=T
                 ; 0000 0028 PORTA=0x00;
0000d6 9724      	SBIW R28,4
                 ;	duty_in -> Y+0
0000d7 e0e0      	LDI  R30,LOW(0)
0000d8 bbeb      	OUT  0x1B,R30
                 ; 0000 0029 DDRA=0x00;
0000d9 bbea      	OUT  0x1A,R30
                 ; 0000 002A 
                 ; 0000 002B // Port B initialization
                 ; 0000 002C // Func7=Out Func6=Out Func5=Out Func4=Out Func3=Out Func2=Out Func1=Out Func0=Out
                 ; 0000 002D // State7=0 State6=0 State5=0 State4=0 State3=0 State2=0 State1=0 State0=0
                 ; 0000 002E PORTB=0x00;
0000da bbe8      	OUT  0x18,R30
                 ; 0000 002F DDRB=0xFF;
0000db efef      	LDI  R30,LOW(255)
0000dc bbe7      	OUT  0x17,R30
                 ; 0000 0030 
                 ; 0000 0031 // Port C initialization
                 ; 0000 0032 // Func7=In Func6=In Func5=In Func4=In Func3=In Func2=In Func1=In Func0=In
                 ; 0000 0033 // State7=P State6=P State5=P State4=P State3=P State2=P State1=P State0=P
                 ; 0000 0034 PORTC=0xFF;
0000dd bbe5      	OUT  0x15,R30
                 ; 0000 0035 DDRC=0x00;
0000de e0e0      	LDI  R30,LOW(0)
0000df bbe4      	OUT  0x14,R30
                 ; 0000 0036 
                 ; 0000 0037 // Port D initialization
                 ; 0000 0038 // Func7=Out Func6=Out Func5=Out Func4=Out Func3=Out Func2=Out Func1=Out Func0=Out
                 ; 0000 0039 // State7=0 State6=0 State5=0 State4=0 State3=0 State2=0 State1=0 State0=0
                 ; 0000 003A PORTD=0x00;
0000e0 bbe2      	OUT  0x12,R30
                 ; 0000 003B DDRD=0xFF;
0000e1 efef      	LDI  R30,LOW(255)
0000e2 bbe1      	OUT  0x11,R30
                 ; 0000 003C 
                 ; 0000 003D // Timer/Counter 0 initialization
                 ; 0000 003E // Clock source: System Clock
                 ; 0000 003F // Clock value: Timer 0 Stopped
                 ; 0000 0040 // Mode: Normal top=0xFF
                 ; 0000 0041 // OC0 output: Disconnected
                 ; 0000 0042 TCCR0=0x00;
0000e3 e0e0      	LDI  R30,LOW(0)
0000e4 bfe3      	OUT  0x33,R30
                 ; 0000 0043 TCNT0=0x00;
0000e5 bfe2      	OUT  0x32,R30
                 ; 0000 0044 OCR0=0x22;
0000e6 e2e2      	LDI  R30,LOW(34)
0000e7 bfec      	OUT  0x3C,R30
                 ; 0000 0045 
                 ; 0000 0046 // Timer/Counter 1 initialization
                 ; 0000 0047 // Clock source: System Clock
                 ; 0000 0048 // Clock value: 1382.400 kHz
                 ; 0000 0049 // Mode: Fast PWM top=ICR1
                 ; 0000 004A // OC1A output: Non-Inv.
                 ; 0000 004B // OC1B output: Non-Inv.
                 ; 0000 004C // Noise Canceler: Off
                 ; 0000 004D // Input Capture on Falling Edge
                 ; 0000 004E // Timer1 Overflow Interrupt: Off
                 ; 0000 004F // Input Capture Interrupt: Off
                 ; 0000 0050 // Compare A Match Interrupt: Off
                 ; 0000 0051 // Compare B Match Interrupt: Off
                 ; 0000 0052 TCCR1A=0xA2;
0000e8 eae2      	LDI  R30,LOW(162)
0000e9 bdef      	OUT  0x2F,R30
                 ; 0000 0053 TCCR1B=0x1A;
0000ea e1ea      	LDI  R30,LOW(26)
0000eb bdee      	OUT  0x2E,R30
                 ; 0000 0054 TCNT1H=0x00;
0000ec e0e0      	LDI  R30,LOW(0)
0000ed bded      	OUT  0x2D,R30
                 ; 0000 0055 TCNT1L=0x00;
0000ee bdec      	OUT  0x2C,R30
                 ; 0000 0056 ICR1H=0x36;
0000ef e3e6      	LDI  R30,LOW(54)
0000f0 bde7      	OUT  0x27,R30
                 ; 0000 0057 ICR1L=0x00;
0000f1 e0e0      	LDI  R30,LOW(0)
0000f2 bde6      	OUT  0x26,R30
                 ; 0000 0058 OCR1AH=0x00;
0000f3 bdeb      	OUT  0x2B,R30
                 ; 0000 0059 OCR1AL=0x00;
0000f4 bdea      	OUT  0x2A,R30
                 ; 0000 005A OCR1BH=0x00;
0000f5 bde9      	OUT  0x29,R30
                 ; 0000 005B OCR1BL=0x00;
0000f6 bde8      	OUT  0x28,R30
                 ; 0000 005C 
                 ; 0000 005D // Timer/Counter 2 initialization
                 ; 0000 005E // Clock source: System Clock
                 ; 0000 005F // Clock value: Timer2 Stopped
                 ; 0000 0060 // Mode: Normal top=0xFF
                 ; 0000 0061 // OC2 output: Disconnected
                 ; 0000 0062 ASSR=0x00;
0000f7 bde2      	OUT  0x22,R30
                 ; 0000 0063 TCCR2=0x00;
0000f8 bde5      	OUT  0x25,R30
                 ; 0000 0064 TCNT2=0x00;
0000f9 bde4      	OUT  0x24,R30
                 ; 0000 0065 OCR2=0x00;
0000fa bde3      	OUT  0x23,R30
                 ; 0000 0066 
                 ; 0000 0067 // External Interrupt(s) initialization
                 ; 0000 0068 // INT0: Off
                 ; 0000 0069 // INT1: Off
                 ; 0000 006A // INT2: Off
                 ; 0000 006B MCUCR=0x00;
0000fb bfe5      	OUT  0x35,R30
                 ; 0000 006C MCUCSR=0x00;
0000fc bfe4      	OUT  0x34,R30
                 ; 0000 006D 
                 ; 0000 006E // Timer(s)/Counter(s) Interrupt(s) initialization
                 ; 0000 006F TIMSK=0x00;
0000fd bfe9      	OUT  0x39,R30
                 ; 0000 0070 
                 ; 0000 0071 // USART initialization
                 ; 0000 0072 // USART disabled
                 ; 0000 0073 UCSRB=0x00;
0000fe b9ea      	OUT  0xA,R30
                 ; 0000 0074 
                 ; 0000 0075 // Analog Comparator initialization
                 ; 0000 0076 // Analog Comparator: Off
                 ; 0000 0077 // Analog Comparator Input Capture by Timer/Counter 1: Off
                 ; 0000 0078 ACSR=0x80;
0000ff e8e0      	LDI  R30,LOW(128)
000100 b9e8      	OUT  0x8,R30
                 ; 0000 0079 SFIOR=0x00;
000101 e0e0      	LDI  R30,LOW(0)
000102 bfe0      	OUT  0x30,R30
                 ; 0000 007A 
                 ; 0000 007B // ADC initialization
                 ; 0000 007C // ADC disabled
                 ; 0000 007D ADCSRA=0x00;
000103 b9e6      	OUT  0x6,R30
                 ; 0000 007E 
                 ; 0000 007F // SPI initialization
                 ; 0000 0080 // SPI disabled
                 ; 0000 0081 SPCR=0x00;
000104 b9ed      	OUT  0xD,R30
                 ; 0000 0082 
                 ; 0000 0083 // TWI initialization
                 ; 0000 0084 // TWI disabled
                 ; 0000 0085 TWCR=0x00;
000105 bfe6      	OUT  0x36,R30
                 ; 0000 0086 
                 ; 0000 0087 OCR1A = 0x0D80;
000106 e8e0      	LDI  R30,LOW(3456)
000107 e0fd      	LDI  R31,HIGH(3456)
000108 bdfb      	OUT  0x2A+1,R31
000109 bdea      	OUT  0x2A,R30
                 ; 0000 0088 
                 ; 0000 0089 LCD_Init();
00010a df77      	RCALL _LCD_Init
                 ; 0000 008A 
                 ; 0000 008B while (1)
                 _0x36:
                 ; 0000 008C       {
                 ; 0000 008D       // Place your code here
                 ; 0000 008E       duty_in = 100.0*PINC/255;
00010b b3e3      	IN   R30,0x13
00010c e0f0      	LDI  R31,0
00010d d195      	RCALL __CWD1
00010e d0c7      	RCALL __CDF1
                +
00010f e0a0     +LDI R26 , LOW ( 0x42C80000 )
000110 e0b0     +LDI R27 , HIGH ( 0x42C80000 )
000111 ec88     +LDI R24 , BYTE3 ( 0x42C80000 )
000112 e492     +LDI R25 , BYTE4 ( 0x42C80000 )
                 	__GETD2N 0x42C80000
000113 d0f0      	RCALL __MULF12
000114 01df      	MOVW R26,R30
000115 01cb      	MOVW R24,R22
                +
000116 e0e0     +LDI R30 , LOW ( 0x437F0000 )
000117 e0f0     +LDI R31 , HIGH ( 0x437F0000 )
000118 e76f     +LDI R22 , BYTE3 ( 0x437F0000 )
000119 e473     +LDI R23 , BYTE4 ( 0x437F0000 )
                 	__GETD1N 0x437F0000
00011a d137      	RCALL __DIVF21
00011b d1d7      	RCALL __PUTD1S0
                 ; 0000 008F       OCR1A = (int) 13824 * (duty_in / 100);
00011c d1d1      	RCALL __GETD2S0
                +
00011d e0e0     +LDI R30 , LOW ( 0x42C80000 )
00011e e0f0     +LDI R31 , HIGH ( 0x42C80000 )
00011f ec68     +LDI R22 , BYTE3 ( 0x42C80000 )
000120 e472     +LDI R23 , BYTE4 ( 0x42C80000 )
                 	__GETD1N 0x42C80000
000121 d130      	RCALL __DIVF21
                +
000122 e0a0     +LDI R26 , LOW ( 0x46580000 )
000123 e0b0     +LDI R27 , HIGH ( 0x46580000 )
000124 e588     +LDI R24 , BYTE3 ( 0x46580000 )
000125 e496     +LDI R25 , BYTE4 ( 0x46580000 )
                 	__GETD2N 0x46580000
000126 d0dd      	RCALL __MULF12
000127 d075      	RCALL __CFD1U
000128 bdfb      	OUT  0x2A+1,R31
000129 bdea      	OUT  0x2A,R30
                 ; 0000 0090       LCD_GotoXY(0,0);
00012a e0e0      	LDI  R30,LOW(0)
00012b 93ea      	ST   -Y,R30
00012c e0a0      	LDI  R26,LOW(0)
00012d df69      	RCALL _LCD_GotoXY
                 ; 0000 0091       LCD_Text("Duty: ");
                +
00012e eea0     +LDI R26 , LOW ( _0x39 + ( 0 ) )
00012f e0b0     +LDI R27 , HIGH ( _0x39 + ( 0 ) )
                 	__POINTW2MN _0x39,0
000130 df74      	RCALL _LCD_Text
                 ; 0000 0092       LCD_Angka3(duty_in);
000131 d1b7      	RCALL __GETD1S0
000132 d06c      	RCALL __CFD1
000133 01df      	MOVW R26,R30
000134 df80      	RCALL _LCD_Angka3
                 ; 0000 0093       LCD_Text(" persen");
                +
000135 eea7     +LDI R26 , LOW ( _0x39 + ( 7 ) )
000136 e0b0     +LDI R27 , HIGH ( _0x39 + ( 7 ) )
                 	__POINTW2MN _0x39,7
000137 df6d      	RCALL _LCD_Text
                 ; 0000 0094       LCD_GotoXY(0,1);
000138 e0e0      	LDI  R30,LOW(0)
000139 93ea      	ST   -Y,R30
00013a e0a1      	LDI  R26,LOW(1)
00013b df5b      	RCALL _LCD_GotoXY
                 ; 0000 0095       LCD_Text("Love U Beib");
                +
00013c eeaf     +LDI R26 , LOW ( _0x39 + ( 15 ) )
00013d e0b0     +LDI R27 , HIGH ( _0x39 + ( 15 ) )
                 	__POINTW2MN _0x39,15
00013e df66      	RCALL _LCD_Text
                 ; 0000 0096       }
00013f cfcb      	RJMP _0x36
                 ; 0000 0097 }
                 _0x3A:
000140 cfff      	RJMP _0x3A
                 
                 	.DSEG
                 _0x39:
0000e0           	.BYTE 0x1B
                 	#ifndef __SLEEP_DEFINED__
                 	#endif
                 
                 	.CSEG
                 
                 	.CSEG
                 
                 	.CSEG
                 
                 	.CSEG
                 ;OPTIMIZER ADDED SUBROUTINE, CALLED 2 TIMES, CODE SIZE REDUCTION:5 WORDS
                 SUBOPT_0x0:
000141 81e8      	LD   R30,Y
000142 7fe0      	ANDI R30,LOW(0xF0)
000143 60e4      	ORI  R30,4
000144 bbe8      	OUT  0x18,R30
                +
000145 e084     +LDI R24 , LOW ( 4 )
                +__DELAY_USB_LOOP :
000146 958a     +DEC R24
000147 f7f1     +BRNE __DELAY_USB_LOOP
                 	__DELAY_USB 4
000148 98c2      	CBI  0x18,2
000149 9508      	RET
                 
                 ;OPTIMIZER ADDED SUBROUTINE, CALLED 2 TIMES, CODE SIZE REDUCTION:3 WORDS
                 SUBOPT_0x1:
                +
00014a e182     +LDI R24 , LOW ( 18 )
                +__DELAY_USB_LOOP :
00014b 958a     +DEC R24
00014c f7f1     +BRNE __DELAY_USB_LOOP
                 	__DELAY_USB 18
00014d 81e8      	LD   R30,Y
00014e 95e2      	SWAP R30
00014f 7fe0      	ANDI R30,0xF0
000150 9508      	RET
                 
                 ;OPTIMIZER ADDED SUBROUTINE, CALLED 3 TIMES, CODE SIZE REDUCTION:6 WORDS
                 SUBOPT_0x2:
000151 bbe8      	OUT  0x18,R30
                +
000152 e084     +LDI R24 , LOW ( 4 )
                +__DELAY_USB_LOOP :
000153 958a     +DEC R24
000154 f7f1     +BRNE __DELAY_USB_LOOP
                 	__DELAY_USB 4
000155 98c2      	CBI  0x18,2
000156 9508      	RET
                 
                 ;OPTIMIZER ADDED SUBROUTINE, CALLED 3 TIMES, CODE SIZE REDUCTION:8 WORDS
                 SUBOPT_0x3:
000157 e0b0      	LDI  R27,0
000158 d00d      	RCALL _delay_ms
000159 e3a0      	LDI  R26,LOW(48)
00015a cf0a      	RJMP _LCD_Init_Cmd
                 
                 ;OPTIMIZER ADDED SUBROUTINE, CALLED 2 TIMES, CODE SIZE REDUCTION:2 WORDS
                 SUBOPT_0x4:
00015b e0a1      	LDI  R26,LOW(1)
00015c e0b0      	LDI  R27,0
00015d c008      	RJMP _delay_ms
                 
                 ;OPTIMIZER ADDED SUBROUTINE, CALLED 5 TIMES, CODE SIZE REDUCTION:2 WORDS
                 SUBOPT_0x5:
00015e 81a8      	LD   R26,Y
00015f 81b9      	LDD  R27,Y+1
000160 9508      	RET
                 
                 ;OPTIMIZER ADDED SUBROUTINE, CALLED 2 TIMES, CODE SIZE REDUCTION:2 WORDS
                 SUBOPT_0x6:
000161 d166      	RCALL __DIVW21
000162 5de0      	SUBI R30,-LOW(48)
000163 2fae      	MOV  R26,R30
000164 df0e      	RCALL _LCD_Data
000165 cff8      	RJMP SUBOPT_0x5
                 
                 
                 	.CSEG
                 _delay_ms:
000166 9610      	adiw r26,0
000167 f039      	breq __delay_ms1
                 __delay_ms0:
                +
000168 ec8d     +LDI R24 , LOW ( 0xACD )
000169 e09a     +LDI R25 , HIGH ( 0xACD )
                +__DELAY_USW_LOOP :
00016a 9701     +SBIW R24 , 1
00016b f7f1     +BRNE __DELAY_USW_LOOP
                 	__DELAY_USW 0xACD
00016c 95a8      	wdr
00016d 9711      	sbiw r26,1
00016e f7c9      	brne __delay_ms0
                 __delay_ms1:
00016f 9508      	ret
                 
                 __ROUND_REPACK:
000170 2355      	TST  R21
000171 f442      	BRPL __REPACK
000172 3850      	CPI  R21,0x80
000173 f411      	BRNE __ROUND_REPACK0
000174 ffe0      	SBRS R30,0
000175 c004      	RJMP __REPACK
                 __ROUND_REPACK0:
000176 9631      	ADIW R30,1
000177 1f69      	ADC  R22,R25
000178 1f79      	ADC  R23,R25
000179 f06b      	BRVS __REPACK1
                 
                 __REPACK:
00017a e850      	LDI  R21,0x80
00017b 2757      	EOR  R21,R23
00017c f411      	BRNE __REPACK0
00017d 935f      	PUSH R21
00017e c073      	RJMP __ZERORES
                 __REPACK0:
00017f 3f5f      	CPI  R21,0xFF
000180 f031      	BREQ __REPACK1
000181 0f66      	LSL  R22
000182 0c00      	LSL  R0
000183 9557      	ROR  R21
000184 9567      	ROR  R22
000185 2f75      	MOV  R23,R21
000186 9508      	RET
                 __REPACK1:
000187 935f      	PUSH R21
000188 2000      	TST  R0
000189 f00a      	BRMI __REPACK2
00018a c073      	RJMP __MAXRES
                 __REPACK2:
00018b c06c      	RJMP __MINRES
                 
                 __UNPACK:
00018c e850      	LDI  R21,0x80
00018d 2e19      	MOV  R1,R25
00018e 2215      	AND  R1,R21
00018f 0f88      	LSL  R24
000190 1f99      	ROL  R25
000191 2795      	EOR  R25,R21
000192 0f55      	LSL  R21
000193 9587      	ROR  R24
                 
                 __UNPACK1:
000194 e850      	LDI  R21,0x80
000195 2e07      	MOV  R0,R23
000196 2205      	AND  R0,R21
000197 0f66      	LSL  R22
000198 1f77      	ROL  R23
000199 2775      	EOR  R23,R21
00019a 0f55      	LSL  R21
00019b 9567      	ROR  R22
00019c 9508      	RET
                 
                 __CFD1U:
00019d 9468      	SET
00019e c001      	RJMP __CFD1U0
                 __CFD1:
00019f 94e8      	CLT
                 __CFD1U0:
0001a0 935f      	PUSH R21
0001a1 dff2      	RCALL __UNPACK1
0001a2 3870      	CPI  R23,0x80
0001a3 f018      	BRLO __CFD10
0001a4 3f7f      	CPI  R23,0xFF
0001a5 f408      	BRCC __CFD10
0001a6 c04b      	RJMP __ZERORES
                 __CFD10:
0001a7 e156      	LDI  R21,22
0001a8 1b57      	SUB  R21,R23
0001a9 f4aa      	BRPL __CFD11
0001aa 9551      	NEG  R21
0001ab 3058      	CPI  R21,8
0001ac f40e      	BRTC __CFD19
0001ad 3059      	CPI  R21,9
                 __CFD19:
0001ae f030      	BRLO __CFD17
0001af efef      	SER  R30
0001b0 efff      	SER  R31
0001b1 ef6f      	SER  R22
0001b2 e77f      	LDI  R23,0x7F
0001b3 f977      	BLD  R23,7
0001b4 c01a      	RJMP __CFD15
                 __CFD17:
0001b5 2777      	CLR  R23
0001b6 2355      	TST  R21
0001b7 f0b9      	BREQ __CFD15
                 __CFD18:
0001b8 0fee      	LSL  R30
0001b9 1fff      	ROL  R31
0001ba 1f66      	ROL  R22
0001bb 1f77      	ROL  R23
0001bc 955a      	DEC  R21
0001bd f7d1      	BRNE __CFD18
0001be c010      	RJMP __CFD15
                 __CFD11:
0001bf 2777      	CLR  R23
                 __CFD12:
0001c0 3058      	CPI  R21,8
0001c1 f028      	BRLO __CFD13
0001c2 2fef      	MOV  R30,R31
0001c3 2ff6      	MOV  R31,R22
0001c4 2f67      	MOV  R22,R23
0001c5 5058      	SUBI R21,8
0001c6 cff9      	RJMP __CFD12
                 __CFD13:
0001c7 2355      	TST  R21
0001c8 f031      	BREQ __CFD15
                 __CFD14:
0001c9 9576      	LSR  R23
0001ca 9567      	ROR  R22
0001cb 95f7      	ROR  R31
0001cc 95e7      	ROR  R30
0001cd 955a      	DEC  R21
0001ce f7d1      	BRNE __CFD14
                 __CFD15:
0001cf 2000      	TST  R0
0001d0 f40a      	BRPL __CFD16
0001d1 d0c9      	RCALL __ANEGD1
                 __CFD16:
0001d2 915f      	POP  R21
0001d3 9508      	RET
                 
                 __CDF1U:
0001d4 9468      	SET
0001d5 c001      	RJMP __CDF1U0
                 __CDF1:
0001d6 94e8      	CLT
                 __CDF1U0:
0001d7 9730      	SBIW R30,0
0001d8 4060      	SBCI R22,0
0001d9 4070      	SBCI R23,0
0001da f0b1      	BREQ __CDF10
0001db 2400      	CLR  R0
0001dc f026      	BRTS __CDF11
0001dd 2377      	TST  R23
0001de f412      	BRPL __CDF11
0001df 9400      	COM  R0
0001e0 d0ba      	RCALL __ANEGD1
                 __CDF11:
0001e1 2e17      	MOV  R1,R23
0001e2 e17e      	LDI  R23,30
0001e3 2011      	TST  R1
                 __CDF12:
0001e4 f032      	BRMI __CDF13
0001e5 957a      	DEC  R23
0001e6 0fee      	LSL  R30
0001e7 1fff      	ROL  R31
0001e8 1f66      	ROL  R22
0001e9 1c11      	ROL  R1
0001ea cff9      	RJMP __CDF12
                 __CDF13:
0001eb 2fef      	MOV  R30,R31
0001ec 2ff6      	MOV  R31,R22
0001ed 2d61      	MOV  R22,R1
0001ee 935f      	PUSH R21
0001ef df8a      	RCALL __REPACK
0001f0 915f      	POP  R21
                 __CDF10:
0001f1 9508      	RET
                 
                 __ZERORES:
0001f2 27ee      	CLR  R30
0001f3 27ff      	CLR  R31
0001f4 2766      	CLR  R22
0001f5 2777      	CLR  R23
0001f6 915f      	POP  R21
0001f7 9508      	RET
                 
                 __MINRES:
0001f8 efef      	SER  R30
0001f9 efff      	SER  R31
0001fa e76f      	LDI  R22,0x7F
0001fb ef7f      	SER  R23
0001fc 915f      	POP  R21
0001fd 9508      	RET
                 
                 __MAXRES:
0001fe efef      	SER  R30
0001ff efff      	SER  R31
000200 e76f      	LDI  R22,0x7F
000201 e77f      	LDI  R23,0x7F
000202 915f      	POP  R21
000203 9508      	RET
                 
                 __MULF12:
000204 935f      	PUSH R21
000205 df86      	RCALL __UNPACK
000206 3870      	CPI  R23,0x80
000207 f351      	BREQ __ZERORES
000208 3890      	CPI  R25,0x80
000209 f341      	BREQ __ZERORES
00020a 2401      	EOR  R0,R1
00020b 9408      	SEC
00020c 1f79      	ADC  R23,R25
00020d f423      	BRVC __MULF124
00020e f31c      	BRLT __ZERORES
                 __MULF125:
00020f 2000      	TST  R0
000210 f33a      	BRMI __MINRES
000211 cfec      	RJMP __MAXRES
                 __MULF124:
000212 920f      	PUSH R0
000213 931f      	PUSH R17
000214 932f      	PUSH R18
000215 933f      	PUSH R19
000216 934f      	PUSH R20
000217 2711      	CLR  R17
000218 2722      	CLR  R18
000219 2799      	CLR  R25
00021a 9f68      	MUL  R22,R24
00021b 01a0      	MOVW R20,R0
00021c 9f8f      	MUL  R24,R31
00021d 2d30      	MOV  R19,R0
00021e 0d41      	ADD  R20,R1
00021f 1f59      	ADC  R21,R25
000220 9f6b      	MUL  R22,R27
000221 0d30      	ADD  R19,R0
000222 1d41      	ADC  R20,R1
000223 1f59      	ADC  R21,R25
000224 9f8e      	MUL  R24,R30
000225 d027      	RCALL __MULF126
000226 9fbf      	MUL  R27,R31
000227 d025      	RCALL __MULF126
000228 9f6a      	MUL  R22,R26
000229 d023      	RCALL __MULF126
00022a 9fbe      	MUL  R27,R30
00022b d01d      	RCALL __MULF127
00022c 9faf      	MUL  R26,R31
00022d d01b      	RCALL __MULF127
00022e 9fae      	MUL  R26,R30
00022f 0d11      	ADD  R17,R1
000230 1f29      	ADC  R18,R25
000231 1f39      	ADC  R19,R25
000232 1f49      	ADC  R20,R25
000233 1f59      	ADC  R21,R25
000234 2fe3      	MOV  R30,R19
000235 2ff4      	MOV  R31,R20
000236 2f65      	MOV  R22,R21
000237 2f52      	MOV  R21,R18
000238 914f      	POP  R20
000239 913f      	POP  R19
00023a 912f      	POP  R18
00023b 911f      	POP  R17
00023c 900f      	POP  R0
00023d 2366      	TST  R22
00023e f02a      	BRMI __MULF122
00023f 0f55      	LSL  R21
000240 1fee      	ROL  R30
000241 1fff      	ROL  R31
000242 1f66      	ROL  R22
000243 c002      	RJMP __MULF123
                 __MULF122:
000244 9573      	INC  R23
000245 f24b      	BRVS __MULF125
                 __MULF123:
000246 df29      	RCALL __ROUND_REPACK
000247 915f      	POP  R21
000248 9508      	RET
                 
                 __MULF127:
000249 0d10      	ADD  R17,R0
00024a 1d21      	ADC  R18,R1
00024b 1f39      	ADC  R19,R25
00024c c002      	RJMP __MULF128
                 __MULF126:
00024d 0d20      	ADD  R18,R0
00024e 1d31      	ADC  R19,R1
                 __MULF128:
00024f 1f49      	ADC  R20,R25
000250 1f59      	ADC  R21,R25
000251 9508      	RET
                 
                 __DIVF21:
000252 935f      	PUSH R21
000253 df38      	RCALL __UNPACK
000254 3870      	CPI  R23,0x80
000255 f421      	BRNE __DIVF210
000256 2011      	TST  R1
                 __DIVF211:
000257 f40a      	BRPL __DIVF219
000258 cf9f      	RJMP __MINRES
                 __DIVF219:
000259 cfa4      	RJMP __MAXRES
                 __DIVF210:
00025a 3890      	CPI  R25,0x80
00025b f409      	BRNE __DIVF218
                 __DIVF217:
00025c cf95      	RJMP __ZERORES
                 __DIVF218:
00025d 2401      	EOR  R0,R1
00025e 9408      	SEC
00025f 0b97      	SBC  R25,R23
000260 f41b      	BRVC __DIVF216
000261 f3d4      	BRLT __DIVF217
000262 2000      	TST  R0
000263 cff3      	RJMP __DIVF211
                 __DIVF216:
000264 2f79      	MOV  R23,R25
000265 931f      	PUSH R17
000266 932f      	PUSH R18
000267 933f      	PUSH R19
000268 934f      	PUSH R20
000269 2411      	CLR  R1
00026a 2711      	CLR  R17
00026b 2722      	CLR  R18
00026c 2733      	CLR  R19
00026d 2744      	CLR  R20
00026e 2755      	CLR  R21
00026f e290      	LDI  R25,32
                 __DIVF212:
000270 17ae      	CP   R26,R30
000271 07bf      	CPC  R27,R31
000272 0786      	CPC  R24,R22
000273 0741      	CPC  R20,R17
000274 f030      	BRLO __DIVF213
000275 1bae      	SUB  R26,R30
000276 0bbf      	SBC  R27,R31
000277 0b86      	SBC  R24,R22
000278 0b41      	SBC  R20,R17
000279 9408      	SEC
00027a c001      	RJMP __DIVF214
                 __DIVF213:
00027b 9488      	CLC
                 __DIVF214:
00027c 1f55      	ROL  R21
00027d 1f22      	ROL  R18
00027e 1f33      	ROL  R19
00027f 1c11      	ROL  R1
000280 1faa      	ROL  R26
000281 1fbb      	ROL  R27
000282 1f88      	ROL  R24
000283 1f44      	ROL  R20
000284 959a      	DEC  R25
000285 f751      	BRNE __DIVF212
000286 01f9      	MOVW R30,R18
000287 2d61      	MOV  R22,R1
000288 914f      	POP  R20
000289 913f      	POP  R19
00028a 912f      	POP  R18
00028b 911f      	POP  R17
00028c 2366      	TST  R22
00028d f032      	BRMI __DIVF215
00028e 0f55      	LSL  R21
00028f 1fee      	ROL  R30
000290 1fff      	ROL  R31
000291 1f66      	ROL  R22
000292 957a      	DEC  R23
000293 f243      	BRVS __DIVF217
                 __DIVF215:
000294 dedb      	RCALL __ROUND_REPACK
000295 915f      	POP  R21
000296 9508      	RET
                 
                 __ANEGW1:
000297 95f1      	NEG  R31
000298 95e1      	NEG  R30
000299 40f0      	SBCI R31,0
00029a 9508      	RET
                 
                 __ANEGD1:
00029b 95f0      	COM  R31
00029c 9560      	COM  R22
00029d 9570      	COM  R23
00029e 95e1      	NEG  R30
00029f 4fff      	SBCI R31,-1
0002a0 4f6f      	SBCI R22,-1
0002a1 4f7f      	SBCI R23,-1
0002a2 9508      	RET
                 
                 __CWD1:
0002a3 2f6f      	MOV  R22,R31
0002a4 0f66      	ADD  R22,R22
0002a5 0b66      	SBC  R22,R22
0002a6 2f76      	MOV  R23,R22
0002a7 9508      	RET
                 
                 __MULW12U:
0002a8 9ffa      	MUL  R31,R26
0002a9 2df0      	MOV  R31,R0
0002aa 9feb      	MUL  R30,R27
0002ab 0df0      	ADD  R31,R0
0002ac 9fea      	MUL  R30,R26
0002ad 2de0      	MOV  R30,R0
0002ae 0df1      	ADD  R31,R1
0002af 9508      	RET
                 
                 __MULW12:
0002b0 d02a      	RCALL __CHKSIGNW
0002b1 dff6      	RCALL __MULW12U
0002b2 f40e      	BRTC __MULW121
0002b3 dfe3      	RCALL __ANEGW1
                 __MULW121:
0002b4 9508      	RET
                 
                 __DIVW21U:
0002b5 2400      	CLR  R0
0002b6 2411      	CLR  R1
0002b7 e190      	LDI  R25,16
                 __DIVW21U1:
0002b8 0faa      	LSL  R26
0002b9 1fbb      	ROL  R27
0002ba 1c00      	ROL  R0
0002bb 1c11      	ROL  R1
0002bc 1a0e      	SUB  R0,R30
0002bd 0a1f      	SBC  R1,R31
0002be f418      	BRCC __DIVW21U2
0002bf 0e0e      	ADD  R0,R30
0002c0 1e1f      	ADC  R1,R31
0002c1 c001      	RJMP __DIVW21U3
                 __DIVW21U2:
0002c2 60a1      	SBR  R26,1
                 __DIVW21U3:
0002c3 959a      	DEC  R25
0002c4 f799      	BRNE __DIVW21U1
0002c5 01fd      	MOVW R30,R26
0002c6 01d0      	MOVW R26,R0
0002c7 9508      	RET
                 
                 __DIVW21:
0002c8 d012      	RCALL __CHKSIGNW
0002c9 dfeb      	RCALL __DIVW21U
0002ca f40e      	BRTC __DIVW211
0002cb dfcb      	RCALL __ANEGW1
                 __DIVW211:
0002cc 9508      	RET
                 
                 __MODW21:
0002cd 94e8      	CLT
0002ce ffb7      	SBRS R27,7
0002cf c004      	RJMP __MODW211
0002d0 95a0      	COM  R26
0002d1 95b0      	COM  R27
0002d2 9611      	ADIW R26,1
0002d3 9468      	SET
                 __MODW211:
0002d4 fdf7      	SBRC R31,7
0002d5 dfc1      	RCALL __ANEGW1
0002d6 dfde      	RCALL __DIVW21U
0002d7 01fd      	MOVW R30,R26
0002d8 f40e      	BRTC __MODW212
0002d9 dfbd      	RCALL __ANEGW1
                 __MODW212:
0002da 9508      	RET
                 
                 __CHKSIGNW:
0002db 94e8      	CLT
0002dc fff7      	SBRS R31,7
0002dd c002      	RJMP __CHKSW1
0002de dfb8      	RCALL __ANEGW1
0002df 9468      	SET
                 __CHKSW1:
0002e0 ffb7      	SBRS R27,7
0002e1 c006      	RJMP __CHKSW2
0002e2 95a0      	COM  R26
0002e3 95b0      	COM  R27
0002e4 9611      	ADIW R26,1
0002e5 f800      	BLD  R0,0
0002e6 9403      	INC  R0
0002e7 fa00      	BST  R0,0
                 __CHKSW2:
0002e8 9508      	RET
                 
                 __GETD1S0:
0002e9 81e8      	LD   R30,Y
0002ea 81f9      	LDD  R31,Y+1
0002eb 816a      	LDD  R22,Y+2
0002ec 817b      	LDD  R23,Y+3
0002ed 9508      	RET
                 
                 __GETD2S0:
0002ee 81a8      	LD   R26,Y
0002ef 81b9      	LDD  R27,Y+1
0002f0 818a      	LDD  R24,Y+2
0002f1 819b      	LDD  R25,Y+3
0002f2 9508      	RET
                 
                 __PUTD1S0:
0002f3 83e8      	ST   Y,R30
0002f4 83f9      	STD  Y+1,R31
0002f5 836a      	STD  Y+2,R22
0002f6 837b      	STD  Y+3,R23
0002f7 9508      	RET
                 
                 ;END OF CODE MARKER
                 __END_OF_CODE:


RESOURCE USE INFORMATION
------------------------

Notice:
The register and instruction counts are symbol table hit counts,
and hence implicitly used resources are not counted, eg, the
'lpm' instruction without operands implicitly uses r0 and z,
none of which are counted.

x,y,z are separate entities in the symbol table and are
counted separately from r26..r31 here.

.dseg memory usage only counts static data declared with .byte

ATmega8535 register use summary:
r0 :  33 r1 :  23 r2 :   0 r3 :   0 r4 :   0 r5 :   0 r6 :   0 r7 :   0 
r8 :   0 r9 :   0 r10:   0 r11:   0 r12:   0 r13:   0 r14:   0 r15:   0 
r16:   0 r17:  12 r18:  12 r19:  12 r20:  14 r21:  49 r22:  43 r23:  38 
r24:  31 r25:  31 r26:  62 r27:  26 r28:   5 r29:   1 r30: 137 r31:  53 
x  :   5 y  :  41 z  :   7 
Registers used: 20 out of 35 (57.1%)

ATmega8535 instruction use summary:
.lds  :   0 .lds.l:   0 .sts  :   0 .sts.l:   0 adc   :  16 add   :   9 
adiw  :   8 and   :   2 andi  :   3 asr   :   0 bclr  :   0 bld   :   2 
brbc  :   0 brbs  :   0 brcc  :   2 brcs  :   0 break :   0 breq  :   9 
brge  :   0 brhc  :   0 brhs  :   0 brid  :   0 brie  :   0 brlo  :   4 
brlt  :   2 brmi  :   5 brne  :  19 brpl  :   6 brsh  :   0 brtc  :   4 
brts  :   1 brvc  :   2 brvs  :   3 bset  :   0 bst   :   1 cbi   :   3 
cbr   :   0 clc   :   1 clh   :   0 cli   :   1 cln   :   0 clr   :  20 
cls   :   0 clt   :   4 clv   :   0 clz   :   0 com   :   8 cp    :   1 
cpc   :   3 cpi   :  13 cpse  :   0 dec   :  11 des   :   0 eor   :   5 
fmul  :   0 fmuls :   0 fmulsu:   0 icall :   0 ijmp  :   0 in    :   1 
inc   :   2 ld    :  10 ldd   :  14 ldi   :  98 lds   :   0 lpm   :   7 
lsl   :  11 lsr   :   1 mov   :  23 movw  :  12 mul   :  12 muls  :   0 
mulsu :   0 neg   :   4 nop   :   0 or    :   0 ori   :   4 out   :  48 
pop   :  16 push  :  15 rcall :  74 ret   :  31 reti  :   0 rjmp  :  56 
rol   :  25 ror   :   7 sbc   :   6 sbci  :   6 sbi   :   2 sbic  :   0 
sbis  :   0 sbiw  :   8 sbr   :   1 sbrc  :   1 sbrs  :   4 sec   :   3 
seh   :   0 sei   :   0 sen   :   0 ser   :   8 ses   :   0 set   :   4 
sev   :   0 sez   :   0 sleep :   0 spm   :   0 st    :  17 std   :   5 
sts   :   0 sub   :   3 subi  :   5 swap  :   1 tst   :  13 wdr   :   1 

Instructions used: 67 out of 114 (58.8%)

ATmega8535 memory use summary [bytes]:
Segment   Begin    End      Code   Data   Used    Size   Use%
---------------------------------------------------------------
[.cseg] 0x000000 0x0005f0   1454     66   1520    8192  18.6%
[.dseg] 0x000060 0x0000fb      0     27     27     607   4.4%
[.eseg] 0x000000 0x000000      0      0      0     512   0.0%

Assembly complete, 0 errors, 1 warnings
