
AVRASM ver. 2.1.30  D:\Belajar\AVR Project\Prak05\Timer Digital\List\timer.asm Thu Apr 11 15:25:09 2019

D:\Belajar\AVR Project\Prak05\Timer Digital\List\timer.asm(1070): warning: Register r5 already defined by the .DEF directive
D:\Belajar\AVR Project\Prak05\Timer Digital\List\timer.asm(1071): warning: Register r4 already defined by the .DEF directive
D:\Belajar\AVR Project\Prak05\Timer Digital\List\timer.asm(1072): warning: Register r7 already defined by the .DEF directive
                 
                 
                 ;CodeVisionAVR C Compiler V2.05.3 Standard
                 ;(C) Copyright 1998-2011 Pavel Haiduc, HP InfoTech s.r.l.
                 ;http://www.hpinfotech.com
                 
                 ;Chip type                : ATmega8535
                 ;Program type             : Application
                 ;Clock frequency          : 11.059200 MHz
                 ;Memory model             : Small
                 ;Optimize for             : Size
                 ;(s)printf features       : int, width
                 ;(s)scanf features        : int, width
                 ;External RAM size        : 0
                 ;Data Stack size          : 128 byte(s)
                 ;Heap size                : 0 byte(s)
                 ;Promote 'char' to 'int'  : Yes
                 ;'char' is unsigned       : Yes
                 ;8 bit enums              : Yes
                 ;Global 'const' stored in FLASH     : No
                 ;Enhanced function parameter passing: Yes
                 ;Enhanced core instructions         : On
                 ;Smart register allocation          : On
                 ;Automatic register allocation      : On
                 
                 	#pragma AVRPART ADMIN PART_NAME ATmega8535
                 	#pragma AVRPART MEMORY PROG_FLASH 8192
                 	#pragma AVRPART MEMORY EEPROM 512
                 	#pragma AVRPART MEMORY INT_SRAM SIZE 607
                 	#pragma AVRPART MEMORY INT_SRAM START_ADDR 0x60
                 
                 	.LISTMAC
                 	.EQU UDRE=0x5
                 	.EQU RXC=0x7
                 	.EQU USR=0xB
                 	.EQU UDR=0xC
                 	.EQU SPSR=0xE
                 	.EQU SPDR=0xF
                 	.EQU EERE=0x0
                 	.EQU EEWE=0x1
                 	.EQU EEMWE=0x2
                 	.EQU EECR=0x1C
                 	.EQU EEDR=0x1D
                 	.EQU EEARL=0x1E
                 	.EQU EEARH=0x1F
                 	.EQU WDTCR=0x21
                 	.EQU MCUCR=0x35
                 	.EQU GICR=0x3B
                 	.EQU SPL=0x3D
                 	.EQU SPH=0x3E
                 	.EQU SREG=0x3F
                 
                 	.DEF R0X0=R0
                 	.DEF R0X1=R1
                 	.DEF R0X2=R2
                 	.DEF R0X3=R3
                 	.DEF R0X4=R4
                 	.DEF R0X5=R5
                 	.DEF R0X6=R6
                 	.DEF R0X7=R7
                 	.DEF R0X8=R8
                 	.DEF R0X9=R9
                 	.DEF R0XA=R10
                 	.DEF R0XB=R11
                 	.DEF R0XC=R12
                 	.DEF R0XD=R13
                 	.DEF R0XE=R14
                 	.DEF R0XF=R15
                 	.DEF R0X10=R16
                 	.DEF R0X11=R17
                 	.DEF R0X12=R18
                 	.DEF R0X13=R19
                 	.DEF R0X14=R20
                 	.DEF R0X15=R21
                 	.DEF R0X16=R22
                 	.DEF R0X17=R23
                 	.DEF R0X18=R24
                 	.DEF R0X19=R25
                 	.DEF R0X1A=R26
                 	.DEF R0X1B=R27
                 	.DEF R0X1C=R28
                 	.DEF R0X1D=R29
                 	.DEF R0X1E=R30
                 	.DEF R0X1F=R31
                 
                 	.EQU __SRAM_START=0x0060
                 	.EQU __SRAM_END=0x025F
                 	.EQU __DSTACK_SIZE=0x0080
                 	.EQU __HEAP_SIZE=0x0000
                 	.EQU __CLEAR_SRAM_SIZE=__SRAM_END-__SRAM_START+1
                 
                 	.MACRO __CPD1N
                 	CPI  R30,LOW(@0)
                 	LDI  R26,HIGH(@0)
                 	CPC  R31,R26
                 	LDI  R26,BYTE3(@0)
                 	CPC  R22,R26
                 	LDI  R26,BYTE4(@0)
                 	CPC  R23,R26
                 	.ENDM
                 
                 	.MACRO __CPD2N
                 	CPI  R26,LOW(@0)
                 	LDI  R30,HIGH(@0)
                 	CPC  R27,R30
                 	LDI  R30,BYTE3(@0)
                 	CPC  R24,R30
                 	LDI  R30,BYTE4(@0)
                 	CPC  R25,R30
                 	.ENDM
                 
                 	.MACRO __CPWRR
                 	CP   R@0,R@2
                 	CPC  R@1,R@3
                 	.ENDM
                 
                 	.MACRO __CPWRN
                 	CPI  R@0,LOW(@2)
                 	LDI  R30,HIGH(@2)
                 	CPC  R@1,R30
                 	.ENDM
                 
                 	.MACRO __ADDB1MN
                 	SUBI R30,LOW(-@0-(@1))
                 	.ENDM
                 
                 	.MACRO __ADDB2MN
                 	SUBI R26,LOW(-@0-(@1))
                 	.ENDM
                 
                 	.MACRO __ADDW1MN
                 	SUBI R30,LOW(-@0-(@1))
                 	SBCI R31,HIGH(-@0-(@1))
                 	.ENDM
                 
                 	.MACRO __ADDW2MN
                 	SUBI R26,LOW(-@0-(@1))
                 	SBCI R27,HIGH(-@0-(@1))
                 	.ENDM
                 
                 	.MACRO __ADDW1FN
                 	SUBI R30,LOW(-2*@0-(@1))
                 	SBCI R31,HIGH(-2*@0-(@1))
                 	.ENDM
                 
                 	.MACRO __ADDD1FN
                 	SUBI R30,LOW(-2*@0-(@1))
                 	SBCI R31,HIGH(-2*@0-(@1))
                 	SBCI R22,BYTE3(-2*@0-(@1))
                 	.ENDM
                 
                 	.MACRO __ADDD1N
                 	SUBI R30,LOW(-@0)
                 	SBCI R31,HIGH(-@0)
                 	SBCI R22,BYTE3(-@0)
                 	SBCI R23,BYTE4(-@0)
                 	.ENDM
                 
                 	.MACRO __ADDD2N
                 	SUBI R26,LOW(-@0)
                 	SBCI R27,HIGH(-@0)
                 	SBCI R24,BYTE3(-@0)
                 	SBCI R25,BYTE4(-@0)
                 	.ENDM
                 
                 	.MACRO __SUBD1N
                 	SUBI R30,LOW(@0)
                 	SBCI R31,HIGH(@0)
                 	SBCI R22,BYTE3(@0)
                 	SBCI R23,BYTE4(@0)
                 	.ENDM
                 
                 	.MACRO __SUBD2N
                 	SUBI R26,LOW(@0)
                 	SBCI R27,HIGH(@0)
                 	SBCI R24,BYTE3(@0)
                 	SBCI R25,BYTE4(@0)
                 	.ENDM
                 
                 	.MACRO __ANDBMNN
                 	LDS  R30,@0+(@1)
                 	ANDI R30,LOW(@2)
                 	STS  @0+(@1),R30
                 	.ENDM
                 
                 	.MACRO __ANDWMNN
                 	LDS  R30,@0+(@1)
                 	ANDI R30,LOW(@2)
                 	STS  @0+(@1),R30
                 	LDS  R30,@0+(@1)+1
                 	ANDI R30,HIGH(@2)
                 	STS  @0+(@1)+1,R30
                 	.ENDM
                 
                 	.MACRO __ANDD1N
                 	ANDI R30,LOW(@0)
                 	ANDI R31,HIGH(@0)
                 	ANDI R22,BYTE3(@0)
                 	ANDI R23,BYTE4(@0)
                 	.ENDM
                 
                 	.MACRO __ANDD2N
                 	ANDI R26,LOW(@0)
                 	ANDI R27,HIGH(@0)
                 	ANDI R24,BYTE3(@0)
                 	ANDI R25,BYTE4(@0)
                 	.ENDM
                 
                 	.MACRO __ORBMNN
                 	LDS  R30,@0+(@1)
                 	ORI  R30,LOW(@2)
                 	STS  @0+(@1),R30
                 	.ENDM
                 
                 	.MACRO __ORWMNN
                 	LDS  R30,@0+(@1)
                 	ORI  R30,LOW(@2)
                 	STS  @0+(@1),R30
                 	LDS  R30,@0+(@1)+1
                 	ORI  R30,HIGH(@2)
                 	STS  @0+(@1)+1,R30
                 	.ENDM
                 
                 	.MACRO __ORD1N
                 	ORI  R30,LOW(@0)
                 	ORI  R31,HIGH(@0)
                 	ORI  R22,BYTE3(@0)
                 	ORI  R23,BYTE4(@0)
                 	.ENDM
                 
                 	.MACRO __ORD2N
                 	ORI  R26,LOW(@0)
                 	ORI  R27,HIGH(@0)
                 	ORI  R24,BYTE3(@0)
                 	ORI  R25,BYTE4(@0)
                 	.ENDM
                 
                 	.MACRO __DELAY_USB
                 	LDI  R24,LOW(@0)
                 __DELAY_USB_LOOP:
                 	DEC  R24
                 	BRNE __DELAY_USB_LOOP
                 	.ENDM
                 
                 	.MACRO __DELAY_USW
                 	LDI  R24,LOW(@0)
                 	LDI  R25,HIGH(@0)
                 __DELAY_USW_LOOP:
                 	SBIW R24,1
                 	BRNE __DELAY_USW_LOOP
                 	.ENDM
                 
                 	.MACRO __GETD1S
                 	LDD  R30,Y+@0
                 	LDD  R31,Y+@0+1
                 	LDD  R22,Y+@0+2
                 	LDD  R23,Y+@0+3
                 	.ENDM
                 
                 	.MACRO __GETD2S
                 	LDD  R26,Y+@0
                 	LDD  R27,Y+@0+1
                 	LDD  R24,Y+@0+2
                 	LDD  R25,Y+@0+3
                 	.ENDM
                 
                 	.MACRO __PUTD1S
                 	STD  Y+@0,R30
                 	STD  Y+@0+1,R31
                 	STD  Y+@0+2,R22
                 	STD  Y+@0+3,R23
                 	.ENDM
                 
                 	.MACRO __PUTD2S
                 	STD  Y+@0,R26
                 	STD  Y+@0+1,R27
                 	STD  Y+@0+2,R24
                 	STD  Y+@0+3,R25
                 	.ENDM
                 
                 	.MACRO __PUTDZ2
                 	STD  Z+@0,R26
                 	STD  Z+@0+1,R27
                 	STD  Z+@0+2,R24
                 	STD  Z+@0+3,R25
                 	.ENDM
                 
                 	.MACRO __CLRD1S
                 	STD  Y+@0,R30
                 	STD  Y+@0+1,R30
                 	STD  Y+@0+2,R30
                 	STD  Y+@0+3,R30
                 	.ENDM
                 
                 	.MACRO __POINTB1MN
                 	LDI  R30,LOW(@0+(@1))
                 	.ENDM
                 
                 	.MACRO __POINTW1MN
                 	LDI  R30,LOW(@0+(@1))
                 	LDI  R31,HIGH(@0+(@1))
                 	.ENDM
                 
                 	.MACRO __POINTD1M
                 	LDI  R30,LOW(@0)
                 	LDI  R31,HIGH(@0)
                 	LDI  R22,BYTE3(@0)
                 	LDI  R23,BYTE4(@0)
                 	.ENDM
                 
                 	.MACRO __POINTW1FN
                 	LDI  R30,LOW(2*@0+(@1))
                 	LDI  R31,HIGH(2*@0+(@1))
                 	.ENDM
                 
                 	.MACRO __POINTD1FN
                 	LDI  R30,LOW(2*@0+(@1))
                 	LDI  R31,HIGH(2*@0+(@1))
                 	LDI  R22,BYTE3(2*@0+(@1))
                 	LDI  R23,BYTE4(2*@0+(@1))
                 	.ENDM
                 
                 	.MACRO __POINTB2MN
                 	LDI  R26,LOW(@0+(@1))
                 	.ENDM
                 
                 	.MACRO __POINTW2MN
                 	LDI  R26,LOW(@0+(@1))
                 	LDI  R27,HIGH(@0+(@1))
                 	.ENDM
                 
                 	.MACRO __POINTW2FN
                 	LDI  R26,LOW(2*@0+(@1))
                 	LDI  R27,HIGH(2*@0+(@1))
                 	.ENDM
                 
                 	.MACRO __POINTD2FN
                 	LDI  R26,LOW(2*@0+(@1))
                 	LDI  R27,HIGH(2*@0+(@1))
                 	LDI  R24,BYTE3(2*@0+(@1))
                 	LDI  R25,BYTE4(2*@0+(@1))
                 	.ENDM
                 
                 	.MACRO __POINTBRM
                 	LDI  R@0,LOW(@1)
                 	.ENDM
                 
                 	.MACRO __POINTWRM
                 	LDI  R@0,LOW(@2)
                 	LDI  R@1,HIGH(@2)
                 	.ENDM
                 
                 	.MACRO __POINTBRMN
                 	LDI  R@0,LOW(@1+(@2))
                 	.ENDM
                 
                 	.MACRO __POINTWRMN
                 	LDI  R@0,LOW(@2+(@3))
                 	LDI  R@1,HIGH(@2+(@3))
                 	.ENDM
                 
                 	.MACRO __POINTWRFN
                 	LDI  R@0,LOW(@2*2+(@3))
                 	LDI  R@1,HIGH(@2*2+(@3))
                 	.ENDM
                 
                 	.MACRO __GETD1N
                 	LDI  R30,LOW(@0)
                 	LDI  R31,HIGH(@0)
                 	LDI  R22,BYTE3(@0)
                 	LDI  R23,BYTE4(@0)
                 	.ENDM
                 
                 	.MACRO __GETD2N
                 	LDI  R26,LOW(@0)
                 	LDI  R27,HIGH(@0)
                 	LDI  R24,BYTE3(@0)
                 	LDI  R25,BYTE4(@0)
                 	.ENDM
                 
                 	.MACRO __GETB1MN
                 	LDS  R30,@0+(@1)
                 	.ENDM
                 
                 	.MACRO __GETB1HMN
                 	LDS  R31,@0+(@1)
                 	.ENDM
                 
                 	.MACRO __GETW1MN
                 	LDS  R30,@0+(@1)
                 	LDS  R31,@0+(@1)+1
                 	.ENDM
                 
                 	.MACRO __GETD1MN
                 	LDS  R30,@0+(@1)
                 	LDS  R31,@0+(@1)+1
                 	LDS  R22,@0+(@1)+2
                 	LDS  R23,@0+(@1)+3
                 	.ENDM
                 
                 	.MACRO __GETBRMN
                 	LDS  R@0,@1+(@2)
                 	.ENDM
                 
                 	.MACRO __GETWRMN
                 	LDS  R@0,@2+(@3)
                 	LDS  R@1,@2+(@3)+1
                 	.ENDM
                 
                 	.MACRO __GETWRZ
                 	LDD  R@0,Z+@2
                 	LDD  R@1,Z+@2+1
                 	.ENDM
                 
                 	.MACRO __GETD2Z
                 	LDD  R26,Z+@0
                 	LDD  R27,Z+@0+1
                 	LDD  R24,Z+@0+2
                 	LDD  R25,Z+@0+3
                 	.ENDM
                 
                 	.MACRO __GETB2MN
                 	LDS  R26,@0+(@1)
                 	.ENDM
                 
                 	.MACRO __GETW2MN
                 	LDS  R26,@0+(@1)
                 	LDS  R27,@0+(@1)+1
                 	.ENDM
                 
                 	.MACRO __GETD2MN
                 	LDS  R26,@0+(@1)
                 	LDS  R27,@0+(@1)+1
                 	LDS  R24,@0+(@1)+2
                 	LDS  R25,@0+(@1)+3
                 	.ENDM
                 
                 	.MACRO __PUTB1MN
                 	STS  @0+(@1),R30
                 	.ENDM
                 
                 	.MACRO __PUTW1MN
                 	STS  @0+(@1),R30
                 	STS  @0+(@1)+1,R31
                 	.ENDM
                 
                 	.MACRO __PUTD1MN
                 	STS  @0+(@1),R30
                 	STS  @0+(@1)+1,R31
                 	STS  @0+(@1)+2,R22
                 	STS  @0+(@1)+3,R23
                 	.ENDM
                 
                 	.MACRO __PUTB1EN
                 	LDI  R26,LOW(@0+(@1))
                 	LDI  R27,HIGH(@0+(@1))
                 	RCALL __EEPROMWRB
                 	.ENDM
                 
                 	.MACRO __PUTW1EN
                 	LDI  R26,LOW(@0+(@1))
                 	LDI  R27,HIGH(@0+(@1))
                 	RCALL __EEPROMWRW
                 	.ENDM
                 
                 	.MACRO __PUTD1EN
                 	LDI  R26,LOW(@0+(@1))
                 	LDI  R27,HIGH(@0+(@1))
                 	RCALL __EEPROMWRD
                 	.ENDM
                 
                 	.MACRO __PUTBR0MN
                 	STS  @0+(@1),R0
                 	.ENDM
                 
                 	.MACRO __PUTBMRN
                 	STS  @0+(@1),R@2
                 	.ENDM
                 
                 	.MACRO __PUTWMRN
                 	STS  @0+(@1),R@2
                 	STS  @0+(@1)+1,R@3
                 	.ENDM
                 
                 	.MACRO __PUTBZR
                 	STD  Z+@1,R@0
                 	.ENDM
                 
                 	.MACRO __PUTWZR
                 	STD  Z+@2,R@0
                 	STD  Z+@2+1,R@1
                 	.ENDM
                 
                 	.MACRO __GETW1R
                 	MOV  R30,R@0
                 	MOV  R31,R@1
                 	.ENDM
                 
                 	.MACRO __GETW2R
                 	MOV  R26,R@0
                 	MOV  R27,R@1
                 	.ENDM
                 
                 	.MACRO __GETWRN
                 	LDI  R@0,LOW(@2)
                 	LDI  R@1,HIGH(@2)
                 	.ENDM
                 
                 	.MACRO __PUTW1R
                 	MOV  R@0,R30
                 	MOV  R@1,R31
                 	.ENDM
                 
                 	.MACRO __PUTW2R
                 	MOV  R@0,R26
                 	MOV  R@1,R27
                 	.ENDM
                 
                 	.MACRO __ADDWRN
                 	SUBI R@0,LOW(-@2)
                 	SBCI R@1,HIGH(-@2)
                 	.ENDM
                 
                 	.MACRO __ADDWRR
                 	ADD  R@0,R@2
                 	ADC  R@1,R@3
                 	.ENDM
                 
                 	.MACRO __SUBWRN
                 	SUBI R@0,LOW(@2)
                 	SBCI R@1,HIGH(@2)
                 	.ENDM
                 
                 	.MACRO __SUBWRR
                 	SUB  R@0,R@2
                 	SBC  R@1,R@3
                 	.ENDM
                 
                 	.MACRO __ANDWRN
                 	ANDI R@0,LOW(@2)
                 	ANDI R@1,HIGH(@2)
                 	.ENDM
                 
                 	.MACRO __ANDWRR
                 	AND  R@0,R@2
                 	AND  R@1,R@3
                 	.ENDM
                 
                 	.MACRO __ORWRN
                 	ORI  R@0,LOW(@2)
                 	ORI  R@1,HIGH(@2)
                 	.ENDM
                 
                 	.MACRO __ORWRR
                 	OR   R@0,R@2
                 	OR   R@1,R@3
                 	.ENDM
                 
                 	.MACRO __EORWRR
                 	EOR  R@0,R@2
                 	EOR  R@1,R@3
                 	.ENDM
                 
                 	.MACRO __GETWRS
                 	LDD  R@0,Y+@2
                 	LDD  R@1,Y+@2+1
                 	.ENDM
                 
                 	.MACRO __PUTBSR
                 	STD  Y+@1,R@0
                 	.ENDM
                 
                 	.MACRO __PUTWSR
                 	STD  Y+@2,R@0
                 	STD  Y+@2+1,R@1
                 	.ENDM
                 
                 	.MACRO __MOVEWRR
                 	MOV  R@0,R@2
                 	MOV  R@1,R@3
                 	.ENDM
                 
                 	.MACRO __INWR
                 	IN   R@0,@2
                 	IN   R@1,@2+1
                 	.ENDM
                 
                 	.MACRO __OUTWR
                 	OUT  @2+1,R@1
                 	OUT  @2,R@0
                 	.ENDM
                 
                 	.MACRO __CALL1MN
                 	LDS  R30,@0+(@1)
                 	LDS  R31,@0+(@1)+1
                 	ICALL
                 	.ENDM
                 
                 	.MACRO __CALL1FN
                 	LDI  R30,LOW(2*@0+(@1))
                 	LDI  R31,HIGH(2*@0+(@1))
                 	RCALL __GETW1PF
                 	ICALL
                 	.ENDM
                 
                 	.MACRO __CALL2EN
                 	LDI  R26,LOW(@0+(@1))
                 	LDI  R27,HIGH(@0+(@1))
                 	RCALL __EEPROMRDW
                 	ICALL
                 	.ENDM
                 
                 	.MACRO __GETW1STACK
                 	IN   R26,SPL
                 	IN   R27,SPH
                 	ADIW R26,@0+1
                 	LD   R30,X+
                 	LD   R31,X
                 	.ENDM
                 
                 	.MACRO __GETD1STACK
                 	IN   R26,SPL
                 	IN   R27,SPH
                 	ADIW R26,@0+1
                 	LD   R30,X+
                 	LD   R31,X+
                 	LD   R22,X
                 	.ENDM
                 
                 	.MACRO __NBST
                 	BST  R@0,@1
                 	IN   R30,SREG
                 	LDI  R31,0x40
                 	EOR  R30,R31
                 	OUT  SREG,R30
                 	.ENDM
                 
                 
                 	.MACRO __PUTB1SN
                 	LDD  R26,Y+@0
                 	LDD  R27,Y+@0+1
                 	SUBI R26,LOW(-@1)
                 	SBCI R27,HIGH(-@1)
                 	ST   X,R30
                 	.ENDM
                 
                 	.MACRO __PUTW1SN
                 	LDD  R26,Y+@0
                 	LDD  R27,Y+@0+1
                 	SUBI R26,LOW(-@1)
                 	SBCI R27,HIGH(-@1)
                 	ST   X+,R30
                 	ST   X,R31
                 	.ENDM
                 
                 	.MACRO __PUTD1SN
                 	LDD  R26,Y+@0
                 	LDD  R27,Y+@0+1
                 	SUBI R26,LOW(-@1)
                 	SBCI R27,HIGH(-@1)
                 	RCALL __PUTDP1
                 	.ENDM
                 
                 	.MACRO __PUTB1SNS
                 	LDD  R26,Y+@0
                 	LDD  R27,Y+@0+1
                 	ADIW R26,@1
                 	ST   X,R30
                 	.ENDM
                 
                 	.MACRO __PUTW1SNS
                 	LDD  R26,Y+@0
                 	LDD  R27,Y+@0+1
                 	ADIW R26,@1
                 	ST   X+,R30
                 	ST   X,R31
                 	.ENDM
                 
                 	.MACRO __PUTD1SNS
                 	LDD  R26,Y+@0
                 	LDD  R27,Y+@0+1
                 	ADIW R26,@1
                 	RCALL __PUTDP1
                 	.ENDM
                 
                 	.MACRO __PUTB1PMN
                 	LDS  R26,@0
                 	LDS  R27,@0+1
                 	SUBI R26,LOW(-@1)
                 	SBCI R27,HIGH(-@1)
                 	ST   X,R30
                 	.ENDM
                 
                 	.MACRO __PUTW1PMN
                 	LDS  R26,@0
                 	LDS  R27,@0+1
                 	SUBI R26,LOW(-@1)
                 	SBCI R27,HIGH(-@1)
                 	ST   X+,R30
                 	ST   X,R31
                 	.ENDM
                 
                 	.MACRO __PUTD1PMN
                 	LDS  R26,@0
                 	LDS  R27,@0+1
                 	SUBI R26,LOW(-@1)
                 	SBCI R27,HIGH(-@1)
                 	RCALL __PUTDP1
                 	.ENDM
                 
                 	.MACRO __PUTB1PMNS
                 	LDS  R26,@0
                 	LDS  R27,@0+1
                 	ADIW R26,@1
                 	ST   X,R30
                 	.ENDM
                 
                 	.MACRO __PUTW1PMNS
                 	LDS  R26,@0
                 	LDS  R27,@0+1
                 	ADIW R26,@1
                 	ST   X+,R30
                 	ST   X,R31
                 	.ENDM
                 
                 	.MACRO __PUTD1PMNS
                 	LDS  R26,@0
                 	LDS  R27,@0+1
                 	ADIW R26,@1
                 	RCALL __PUTDP1
                 	.ENDM
                 
                 	.MACRO __PUTB1RN
                 	MOVW R26,R@0
                 	SUBI R26,LOW(-@1)
                 	SBCI R27,HIGH(-@1)
                 	ST   X,R30
                 	.ENDM
                 
                 	.MACRO __PUTW1RN
                 	MOVW R26,R@0
                 	SUBI R26,LOW(-@1)
                 	SBCI R27,HIGH(-@1)
                 	ST   X+,R30
                 	ST   X,R31
                 	.ENDM
                 
                 	.MACRO __PUTD1RN
                 	MOVW R26,R@0
                 	SUBI R26,LOW(-@1)
                 	SBCI R27,HIGH(-@1)
                 	RCALL __PUTDP1
                 	.ENDM
                 
                 	.MACRO __PUTB1RNS
                 	MOVW R26,R@0
                 	ADIW R26,@1
                 	ST   X,R30
                 	.ENDM
                 
                 	.MACRO __PUTW1RNS
                 	MOVW R26,R@0
                 	ADIW R26,@1
                 	ST   X+,R30
                 	ST   X,R31
                 	.ENDM
                 
                 	.MACRO __PUTD1RNS
                 	MOVW R26,R@0
                 	ADIW R26,@1
                 	RCALL __PUTDP1
                 	.ENDM
                 
                 	.MACRO __PUTB1RON
                 	MOV  R26,R@0
                 	MOV  R27,R@1
                 	SUBI R26,LOW(-@2)
                 	SBCI R27,HIGH(-@2)
                 	ST   X,R30
                 	.ENDM
                 
                 	.MACRO __PUTW1RON
                 	MOV  R26,R@0
                 	MOV  R27,R@1
                 	SUBI R26,LOW(-@2)
                 	SBCI R27,HIGH(-@2)
                 	ST   X+,R30
                 	ST   X,R31
                 	.ENDM
                 
                 	.MACRO __PUTD1RON
                 	MOV  R26,R@0
                 	MOV  R27,R@1
                 	SUBI R26,LOW(-@2)
                 	SBCI R27,HIGH(-@2)
                 	RCALL __PUTDP1
                 	.ENDM
                 
                 	.MACRO __PUTB1RONS
                 	MOV  R26,R@0
                 	MOV  R27,R@1
                 	ADIW R26,@2
                 	ST   X,R30
                 	.ENDM
                 
                 	.MACRO __PUTW1RONS
                 	MOV  R26,R@0
                 	MOV  R27,R@1
                 	ADIW R26,@2
                 	ST   X+,R30
                 	ST   X,R31
                 	.ENDM
                 
                 	.MACRO __PUTD1RONS
                 	MOV  R26,R@0
                 	MOV  R27,R@1
                 	ADIW R26,@2
                 	RCALL __PUTDP1
                 	.ENDM
                 
                 
                 	.MACRO __GETB1SX
                 	MOVW R30,R28
                 	SUBI R30,LOW(-@0)
                 	SBCI R31,HIGH(-@0)
                 	LD   R30,Z
                 	.ENDM
                 
                 	.MACRO __GETB1HSX
                 	MOVW R30,R28
                 	SUBI R30,LOW(-@0)
                 	SBCI R31,HIGH(-@0)
                 	LD   R31,Z
                 	.ENDM
                 
                 	.MACRO __GETW1SX
                 	MOVW R30,R28
                 	SUBI R30,LOW(-@0)
                 	SBCI R31,HIGH(-@0)
                 	LD   R0,Z+
                 	LD   R31,Z
                 	MOV  R30,R0
                 	.ENDM
                 
                 	.MACRO __GETD1SX
                 	MOVW R30,R28
                 	SUBI R30,LOW(-@0)
                 	SBCI R31,HIGH(-@0)
                 	LD   R0,Z+
                 	LD   R1,Z+
                 	LD   R22,Z+
                 	LD   R23,Z
                 	MOVW R30,R0
                 	.ENDM
                 
                 	.MACRO __GETB2SX
                 	MOVW R26,R28
                 	SUBI R26,LOW(-@0)
                 	SBCI R27,HIGH(-@0)
                 	LD   R26,X
                 	.ENDM
                 
                 	.MACRO __GETW2SX
                 	MOVW R26,R28
                 	SUBI R26,LOW(-@0)
                 	SBCI R27,HIGH(-@0)
                 	LD   R0,X+
                 	LD   R27,X
                 	MOV  R26,R0
                 	.ENDM
                 
                 	.MACRO __GETD2SX
                 	MOVW R26,R28
                 	SUBI R26,LOW(-@0)
                 	SBCI R27,HIGH(-@0)
                 	LD   R0,X+
                 	LD   R1,X+
                 	LD   R24,X+
                 	LD   R25,X
                 	MOVW R26,R0
                 	.ENDM
                 
                 	.MACRO __GETBRSX
                 	MOVW R30,R28
                 	SUBI R30,LOW(-@1)
                 	SBCI R31,HIGH(-@1)
                 	LD   R@0,Z
                 	.ENDM
                 
                 	.MACRO __GETWRSX
                 	MOVW R30,R28
                 	SUBI R30,LOW(-@2)
                 	SBCI R31,HIGH(-@2)
                 	LD   R@0,Z+
                 	LD   R@1,Z
                 	.ENDM
                 
                 	.MACRO __GETBRSX2
                 	MOVW R26,R28
                 	SUBI R26,LOW(-@1)
                 	SBCI R27,HIGH(-@1)
                 	LD   R@0,X
                 	.ENDM
                 
                 	.MACRO __GETWRSX2
                 	MOVW R26,R28
                 	SUBI R26,LOW(-@2)
                 	SBCI R27,HIGH(-@2)
                 	LD   R@0,X+
                 	LD   R@1,X
                 	.ENDM
                 
                 	.MACRO __LSLW8SX
                 	MOVW R30,R28
                 	SUBI R30,LOW(-@0)
                 	SBCI R31,HIGH(-@0)
                 	LD   R31,Z
                 	CLR  R30
                 	.ENDM
                 
                 	.MACRO __PUTB1SX
                 	MOVW R26,R28
                 	SUBI R26,LOW(-@0)
                 	SBCI R27,HIGH(-@0)
                 	ST   X,R30
                 	.ENDM
                 
                 	.MACRO __PUTW1SX
                 	MOVW R26,R28
                 	SUBI R26,LOW(-@0)
                 	SBCI R27,HIGH(-@0)
                 	ST   X+,R30
                 	ST   X,R31
                 	.ENDM
                 
                 	.MACRO __PUTD1SX
                 	MOVW R26,R28
                 	SUBI R26,LOW(-@0)
                 	SBCI R27,HIGH(-@0)
                 	ST   X+,R30
                 	ST   X+,R31
                 	ST   X+,R22
                 	ST   X,R23
                 	.ENDM
                 
                 	.MACRO __CLRW1SX
                 	MOVW R26,R28
                 	SUBI R26,LOW(-@0)
                 	SBCI R27,HIGH(-@0)
                 	ST   X+,R30
                 	ST   X,R30
                 	.ENDM
                 
                 	.MACRO __CLRD1SX
                 	MOVW R26,R28
                 	SUBI R26,LOW(-@0)
                 	SBCI R27,HIGH(-@0)
                 	ST   X+,R30
                 	ST   X+,R30
                 	ST   X+,R30
                 	ST   X,R30
                 	.ENDM
                 
                 	.MACRO __PUTB2SX
                 	MOVW R30,R28
                 	SUBI R30,LOW(-@0)
                 	SBCI R31,HIGH(-@0)
                 	ST   Z,R26
                 	.ENDM
                 
                 	.MACRO __PUTW2SX
                 	MOVW R30,R28
                 	SUBI R30,LOW(-@0)
                 	SBCI R31,HIGH(-@0)
                 	ST   Z+,R26
                 	ST   Z,R27
                 	.ENDM
                 
                 	.MACRO __PUTD2SX
                 	MOVW R30,R28
                 	SUBI R30,LOW(-@0)
                 	SBCI R31,HIGH(-@0)
                 	ST   Z+,R26
                 	ST   Z+,R27
                 	ST   Z+,R24
                 	ST   Z,R25
                 	.ENDM
                 
                 	.MACRO __PUTBSRX
                 	MOVW R30,R28
                 	SUBI R30,LOW(-@1)
                 	SBCI R31,HIGH(-@1)
                 	ST   Z,R@0
                 	.ENDM
                 
                 	.MACRO __PUTWSRX
                 	MOVW R30,R28
                 	SUBI R30,LOW(-@2)
                 	SBCI R31,HIGH(-@2)
                 	ST   Z+,R@0
                 	ST   Z,R@1
                 	.ENDM
                 
                 	.MACRO __PUTB1SNX
                 	MOVW R26,R28
                 	SUBI R26,LOW(-@0)
                 	SBCI R27,HIGH(-@0)
                 	LD   R0,X+
                 	LD   R27,X
                 	MOV  R26,R0
                 	SUBI R26,LOW(-@1)
                 	SBCI R27,HIGH(-@1)
                 	ST   X,R30
                 	.ENDM
                 
                 	.MACRO __PUTW1SNX
                 	MOVW R26,R28
                 	SUBI R26,LOW(-@0)
                 	SBCI R27,HIGH(-@0)
                 	LD   R0,X+
                 	LD   R27,X
                 	MOV  R26,R0
                 	SUBI R26,LOW(-@1)
                 	SBCI R27,HIGH(-@1)
                 	ST   X+,R30
                 	ST   X,R31
                 	.ENDM
                 
                 	.MACRO __PUTD1SNX
                 	MOVW R26,R28
                 	SUBI R26,LOW(-@0)
                 	SBCI R27,HIGH(-@0)
                 	LD   R0,X+
                 	LD   R27,X
                 	MOV  R26,R0
                 	SUBI R26,LOW(-@1)
                 	SBCI R27,HIGH(-@1)
                 	ST   X+,R30
                 	ST   X+,R31
                 	ST   X+,R22
                 	ST   X,R23
                 	.ENDM
                 
                 	.MACRO __MULBRR
                 	MULS R@0,R@1
                 	MOVW R30,R0
                 	.ENDM
                 
                 	.MACRO __MULBRRU
                 	MUL  R@0,R@1
                 	MOVW R30,R0
                 	.ENDM
                 
                 	.MACRO __MULBRR0
                 	MULS R@0,R@1
                 	.ENDM
                 
                 	.MACRO __MULBRRU0
                 	MUL  R@0,R@1
                 	.ENDM
                 
                 	.MACRO __MULBNWRU
                 	LDI  R26,@2
                 	MUL  R26,R@0
                 	MOVW R30,R0
                 	MUL  R26,R@1
                 	ADD  R31,R0
                 	.ENDM
                 
                 ;NAME DEFINITIONS FOR GLOBAL VARIABLES ALLOCATED TO REGISTERS
                 	.DEF _menit=R5
                 	.DEF _detik=R4
                 	.DEF _mili=R7
                 
                 	.CSEG
                 	.ORG 0x00
                 
                 ;START OF CODE MARKER
                 __START_OF_CODE:
                 
                 ;INTERRUPT VECTORS
000000 c031      	RJMP __RESET
000001 cffe      	RJMP 0x00
000002 cffd      	RJMP 0x00
000003 cffc      	RJMP 0x00
000004 cffb      	RJMP 0x00
000005 cffa      	RJMP 0x00
000006 c0ca      	RJMP _timer1_compa_isr
000007 cff8      	RJMP 0x00
000008 cff7      	RJMP 0x00
000009 cff6      	RJMP 0x00
00000a cff5      	RJMP 0x00
00000b cff4      	RJMP 0x00
00000c cff3      	RJMP 0x00
00000d cff2      	RJMP 0x00
00000e cff1      	RJMP 0x00
00000f cff0      	RJMP 0x00
000010 cfef      	RJMP 0x00
000011 cfee      	RJMP 0x00
000012 cfed      	RJMP 0x00
000013 cfec      	RJMP 0x00
000014 cfeb      	RJMP 0x00
                 
                 _tbl10_G100:
000015 2710
000016 03e8
000017 0064
000018 000a      	.DB  0x10,0x27,0xE8,0x3,0x64,0x0,0xA,0x0
000019 0001      	.DB  0x1,0x0
                 _tbl16_G100:
00001a 1000
00001b 0100
00001c 0010
00001d 0001      	.DB  0x0,0x10,0x0,0x1,0x10,0x0,0x1,0x0
                 
                 _0x0:
00001e 003a
00001f 6c43
000020 636f
000021 206b      	.DB  0x3A,0x0,0x43,0x6C,0x6F,0x63,0x6B,0x20
000022 6b61
000023 6974
000024 0066
000025 6c43      	.DB  0x61,0x6B,0x74,0x69,0x66,0x0,0x43,0x6C
000026 636f
000027 206b
000028 7453
000029 706f      	.DB  0x6F,0x63,0x6B,0x20,0x53,0x74,0x6F,0x70
00002a 0020      	.DB  0x20,0x0
                 
                 __GLOBAL_INI_TBL:
00002b 0002      	.DW  0x02
00002c 00e0      	.DW  _0x3E
00002d 003c      	.DW  _0x0*2
                 
00002e 0002      	.DW  0x02
00002f 00e2      	.DW  _0x3E+2
000030 003c      	.DW  _0x0*2
                 
                 _0xFFFFFFFF:
000031 0000      	.DW  0
                 
                 __RESET:
000032 94f8      	CLI
000033 27ee      	CLR  R30
000034 bbec      	OUT  EECR,R30
                 
                 ;INTERRUPT VECTORS ARE PLACED
                 ;AT THE START OF FLASH
000035 e0f1      	LDI  R31,1
000036 bffb      	OUT  GICR,R31
000037 bfeb      	OUT  GICR,R30
000038 bfe5      	OUT  MCUCR,R30
                 
                 ;DISABLE WATCHDOG
000039 e1f8      	LDI  R31,0x18
00003a bdf1      	OUT  WDTCR,R31
00003b bde1      	OUT  WDTCR,R30
                 
                 ;CLEAR R2-R14
00003c e08d      	LDI  R24,(14-2)+1
00003d e0a2      	LDI  R26,2
00003e 27bb      	CLR  R27
                 __CLEAR_REG:
00003f 93ed      	ST   X+,R30
000040 958a      	DEC  R24
000041 f7e9      	BRNE __CLEAR_REG
                 
                 ;CLEAR SRAM
000042 e080      	LDI  R24,LOW(__CLEAR_SRAM_SIZE)
000043 e092      	LDI  R25,HIGH(__CLEAR_SRAM_SIZE)
000044 e6a0      	LDI  R26,__SRAM_START
                 __CLEAR_SRAM:
000045 93ed      	ST   X+,R30
000046 9701      	SBIW R24,1
000047 f7e9      	BRNE __CLEAR_SRAM
                 
                 ;GLOBAL VARIABLES INITIALIZATION
000048 e5e6      	LDI  R30,LOW(__GLOBAL_INI_TBL*2)
000049 e0f0      	LDI  R31,HIGH(__GLOBAL_INI_TBL*2)
                 __GLOBAL_INI_NEXT:
00004a 9185      	LPM  R24,Z+
00004b 9195      	LPM  R25,Z+
00004c 9700      	SBIW R24,0
00004d f061      	BREQ __GLOBAL_INI_END
00004e 91a5      	LPM  R26,Z+
00004f 91b5      	LPM  R27,Z+
000050 9005      	LPM  R0,Z+
000051 9015      	LPM  R1,Z+
000052 01bf      	MOVW R22,R30
000053 01f0      	MOVW R30,R0
                 __GLOBAL_INI_LOOP:
000054 9005      	LPM  R0,Z+
000055 920d      	ST   X+,R0
000056 9701      	SBIW R24,1
000057 f7e1      	BRNE __GLOBAL_INI_LOOP
000058 01fb      	MOVW R30,R22
000059 cff0      	RJMP __GLOBAL_INI_NEXT
                 __GLOBAL_INI_END:
                 
                 ;HARDWARE STACK POINTER INITIALIZATION
00005a e5ef      	LDI  R30,LOW(__SRAM_END-__HEAP_SIZE)
00005b bfed      	OUT  SPL,R30
00005c e0e2      	LDI  R30,HIGH(__SRAM_END-__HEAP_SIZE)
00005d bfee      	OUT  SPH,R30
                 
                 ;DATA STACK POINTER INITIALIZATION
00005e eec0      	LDI  R28,LOW(__SRAM_START+__DSTACK_SIZE)
00005f e0d0      	LDI  R29,HIGH(__SRAM_START+__DSTACK_SIZE)
                 
000060 c0a4      	RJMP _main
                 
                 	.ESEG
                 	.ORG 0
                 
                 	.DSEG
                 	.ORG 0xE0
                 
                 	.CSEG
                 ;/*****************************************************
                 ;This program was produced by the
                 ;CodeWizardAVR V2.05.3 Standard
                 ;Automatic Program Generator
                 ;© Copyright 1998-2011 Pavel Haiduc, HP InfoTech s.r.l.
                 ;http://www.hpinfotech.com
                 ;
                 ;Project :
                 ;Version :
                 ;Date    : 4/11/2019
                 ;Author  : unknown
                 ;Company :
                 ;Comments:
                 ;
                 ;
                 ;Chip type               : ATmega8535
                 ;Program type            : Application
                 ;AVR Core Clock frequency: 11.059200 MHz
                 ;Memory model            : Small
                 ;External RAM size       : 0
                 ;Data Stack size         : 128
                 ;*****************************************************/
                 ;
                 ;#include <mega8535.h>
                 	#ifndef __SLEEP_DEFINED__
                 	#define __SLEEP_DEFINED__
                 	.EQU __se_bit=0x40
                 	.EQU __sm_mask=0xB0
                 	.EQU __sm_powerdown=0x20
                 	.EQU __sm_powersave=0x30
                 	.EQU __sm_standby=0xA0
                 	.EQU __sm_ext_standby=0xB0
                 	.EQU __sm_adc_noise_red=0x10
                 	.SET power_ctrl_reg=mcucr
                 	#endif
                 ;#include <delay.h>
                 ;#include <stdio.h>
                 ;#include "myLCD.h"
                 
                 	.CSEG
                 _LCD_Init_Cmd:
000061 93aa      	ST   -Y,R26
                 ;	xData -> Y+0
000062 d284      	RCALL SUBOPT_0x0
000063 c018      	RJMP _0x2060004
                 _LCD_Perintah:
000064 93aa      	ST   -Y,R26
                 ;	xData -> Y+0
000065 98c3      	CBI  0x18,3
000066 d280      	RCALL SUBOPT_0x0
000067 d288      	RCALL SUBOPT_0x1
000068 60e4      	ORI  R30,4
000069 d28d      	RCALL SUBOPT_0x2
                +
00006a e88f     +LDI R24 , LOW ( 1935 )
00006b e097     +LDI R25 , HIGH ( 1935 )
                +__DELAY_USW_LOOP :
00006c 9701     +SBIW R24 , 1
00006d f7f1     +BRNE __DELAY_USW_LOOP
                 	__DELAY_USW 1935
00006e c00c      	RJMP _0x2060003
                 _LCD_Data:
00006f 93aa      	ST   -Y,R26
                 ;	xData -> Y+0
000070 9ac3      	SBI  0x18,3
000071 81e8      	LD   R30,Y
000072 7fe0      	ANDI R30,LOW(0xF0)
000073 60ec      	ORI  R30,LOW(0xC)
000074 d282      	RCALL SUBOPT_0x2
000075 d27a      	RCALL SUBOPT_0x1
000076 60ec      	ORI  R30,LOW(0xC)
000077 d27f      	RCALL SUBOPT_0x2
                +
000078 e983     +LDI R24 , LOW ( 147 )
                +__DELAY_USB_LOOP :
000079 958a     +DEC R24
00007a f7f1     +BRNE __DELAY_USB_LOOP
                 	__DELAY_USB 147
                 _0x2060003:
00007b 9ac2      	SBI  0x18,2
                 _0x2060004:
00007c 9621      	ADIW R28,1
00007d 9508      	RET
                 _LCD_Init:
00007e e3a2      	LDI  R26,LOW(50)
00007f d27d      	RCALL SUBOPT_0x3
000080 e0a5      	LDI  R26,LOW(5)
000081 d27b      	RCALL SUBOPT_0x3
000082 e0a1      	LDI  R26,LOW(1)
000083 d279      	RCALL SUBOPT_0x3
000084 d27c      	RCALL SUBOPT_0x4
000085 e2a0      	LDI  R26,LOW(32)
000086 dfda      	RCALL _LCD_Init_Cmd
000087 e2a8      	LDI  R26,LOW(40)
000088 dfdb      	RCALL _LCD_Perintah
000089 e1a0      	LDI  R26,LOW(16)
00008a dfd9      	RCALL _LCD_Perintah
00008b e0ac      	LDI  R26,LOW(12)
00008c dfd7      	RCALL _LCD_Perintah
00008d e0a6      	LDI  R26,LOW(6)
00008e dfd5      	RCALL _LCD_Perintah
00008f e0a1      	LDI  R26,LOW(1)
000090 dfd3      	RCALL _LCD_Perintah
000091 d26f      	RCALL SUBOPT_0x4
000092 9508      	RET
                 _LCD_GotoXY:
000093 93aa      	ST   -Y,R26
000094 931a      	ST   -Y,R17
                 ;	x -> Y+2
                 ;	y -> Y+1
                 ;	baris -> R17
000095 81e9      	LDD  R30,Y+1
000096 30e0      	CPI  R30,0
000097 f419      	BRNE _0x15
000098 81aa      	LDD  R26,Y+2
000099 58a0      	SUBI R26,-LOW(128)
00009a c002      	RJMP _0x43
                 _0x15:
00009b 81aa      	LDD  R26,Y+2
00009c 54a0      	SUBI R26,-LOW(192)
                 _0x43:
00009d dfc6      	RCALL _LCD_Perintah
00009e 8118      	LDD  R17,Y+0
00009f 9623      	ADIW R28,3
0000a0 9508      	RET
                 ;	*text -> Y+0
                 _LCD_Text:
0000a1 d262      	RCALL SUBOPT_0x5
                 ;	*text -> Y+0
                 _0x1A:
0000a2 d264      	RCALL SUBOPT_0x6
0000a3 91ec      	LD   R30,X
0000a4 30e0      	CPI  R30,0
0000a5 f049      	BREQ _0x1C
0000a6 d260      	RCALL SUBOPT_0x6
0000a7 91ac      	LD   R26,X
0000a8 dfc6      	RCALL _LCD_Data
0000a9 81e8      	LD   R30,Y
0000aa 81f9      	LDD  R31,Y+1
0000ab 9631      	ADIW R30,1
0000ac 83e8      	ST   Y,R30
0000ad 83f9      	STD  Y+1,R31
0000ae cff3      	RJMP _0x1A
                 _0x1C:
0000af c01f      	RJMP _0x2060002
                 ;	Baris -> Y+2
                 ;	*text -> Y+0
                 ;	Baris -> Y+2
                 ;	*text -> Y+0
                 ;	Baris -> Y+1
                 ;	i -> R17
                 ;	Baris -> Y+1
                 ;	i -> R17
                 ;	Baris -> Y+2
                 ;	i -> R17
                 ;	j -> R16
                 ;	Baris -> Y+3
                 ;	*text -> Y+1
                 ;	i -> R17
                 ;	Baris -> Y+4
                 ;	*text -> Y+2
                 ;	i -> R17
                 ;	j -> R16
                 ;	Baris -> Y+4
                 ;	*text -> Y+2
                 ;	i -> R17
                 ;	j -> R16
                 ;	Baris -> Y+4
                 ;	*text -> Y+2
                 ;	i -> R17
                 ;	j -> R16
                 ;	x -> Y+0
                 ;	x -> Y+0
                 _LCD_Angka2:
0000b0 d253      	RCALL SUBOPT_0x5
                 ;	x -> Y+0
0000b1 81a9      	LDD  R26,Y+1
0000b2 23aa      	TST  R26
0000b3 f44a      	BRPL _0x34
0000b4 81e8      	LD   R30,Y
0000b5 81f9      	LDD  R31,Y+1
0000b6 efaf      	LDI  R26,LOW(65535)
0000b7 efbf      	LDI  R27,HIGH(65535)
0000b8 d2a6      	RCALL __MULW12
0000b9 83e8      	ST   Y,R30
0000ba 83f9      	STD  Y+1,R31
0000bb e2ad      	LDI  R26,LOW(45)
0000bc dfb2      	RCALL _LCD_Data
                 _0x34:
0000bd d249      	RCALL SUBOPT_0x6
0000be e6e4      	LDI  R30,LOW(100)
0000bf e0f0      	LDI  R31,HIGH(100)
0000c0 d2bb      	RCALL __MODW21
0000c1 01df      	MOVW R26,R30
0000c2 e0ea      	LDI  R30,LOW(10)
0000c3 e0f0      	LDI  R31,HIGH(10)
0000c4 d2b2      	RCALL __DIVW21
0000c5 5de0      	SUBI R30,-LOW(48)
0000c6 2fae      	MOV  R26,R30
0000c7 dfa7      	RCALL _LCD_Data
0000c8 d23e      	RCALL SUBOPT_0x6
0000c9 e0ea      	LDI  R30,LOW(10)
0000ca e0f0      	LDI  R31,HIGH(10)
0000cb d2b0      	RCALL __MODW21
0000cc 5de0      	SUBI R30,-LOW(48)
0000cd 2fae      	MOV  R26,R30
0000ce dfa0      	RCALL _LCD_Data
                 _0x2060002:
0000cf 9622      	ADIW R28,2
0000d0 9508      	RET
                 ;	x -> Y+0
                 ;	x -> Y+0
                 ;
                 ;void clock_add();
                 ;void clock_reset();
                 ;
                 ;// Timer1 output compare A interrupt service routine
                 ;interrupt [TIM1_COMPA] void timer1_compa_isr(void)
                 ; 0000 0022 {
                 _timer1_compa_isr:
0000d1 920a      	ST   -Y,R0
0000d2 921a      	ST   -Y,R1
0000d3 92fa      	ST   -Y,R15
0000d4 936a      	ST   -Y,R22
0000d5 937a      	ST   -Y,R23
0000d6 938a      	ST   -Y,R24
0000d7 939a      	ST   -Y,R25
0000d8 93aa      	ST   -Y,R26
0000d9 93ba      	ST   -Y,R27
0000da 93ea      	ST   -Y,R30
0000db 93fa      	ST   -Y,R31
0000dc b7ef      	IN   R30,SREG
0000dd 93ea      	ST   -Y,R30
                 ; 0000 0023 // Place your code here
                 ; 0000 0024     if(PINC.0) clock_add();
0000de 9998      	SBIC 0x13,0
0000df d010      	RCALL _clock_add
                 ; 0000 0025     if(PINC.1) clock_reset();
0000e0 9999      	SBIC 0x13,1
0000e1 d01e      	RCALL _clock_reset
                 ; 0000 0026 }
0000e2 91e9      	LD   R30,Y+
0000e3 bfef      	OUT  SREG,R30
0000e4 91f9      	LD   R31,Y+
0000e5 91e9      	LD   R30,Y+
0000e6 91b9      	LD   R27,Y+
0000e7 91a9      	LD   R26,Y+
0000e8 9199      	LD   R25,Y+
0000e9 9189      	LD   R24,Y+
0000ea 9179      	LD   R23,Y+
0000eb 9169      	LD   R22,Y+
0000ec 90f9      	LD   R15,Y+
0000ed 9019      	LD   R1,Y+
0000ee 9009      	LD   R0,Y+
0000ef 9518      	RETI
                 ;
                 ;// Declare your global variables here
                 ;unsigned char menit, detik, mili;
                 ;
                 ;void clock_add()
                 ; 0000 002C {
                 _clock_add:
                 ; 0000 002D     mili++;
0000f0 9473      	INC  R7
                 ; 0000 002E     if(mili > 99)
0000f1 e6e3      	LDI  R30,LOW(99)
0000f2 15e7      	CP   R30,R7
0000f3 f410      	BRSH _0x38
                 ; 0000 002F     {
                 ; 0000 0030         detik++;
0000f4 9443      	INC  R4
                 ; 0000 0031         mili = 0;
0000f5 2477      	CLR  R7
                 ; 0000 0032     }
                 ; 0000 0033     if(detik > 59)
                 _0x38:
0000f6 e3eb      	LDI  R30,LOW(59)
0000f7 15e4      	CP   R30,R4
0000f8 f410      	BRSH _0x39
                 ; 0000 0034     {
                 ; 0000 0035         menit++;
0000f9 9453      	INC  R5
                 ; 0000 0036        detik = 0;
0000fa 2444      	CLR  R4
                 ; 0000 0037     }
                 ; 0000 0038     if(menit > 59)
                 _0x39:
0000fb e3eb      	LDI  R30,LOW(59)
0000fc 15e5      	CP   R30,R5
0000fd f408      	BRSH _0x3A
                 ; 0000 0039     {
                 ; 0000 003A         menit = 0;
0000fe 2455      	CLR  R5
                 ; 0000 003B     }
                 ; 0000 003C }
                 _0x3A:
0000ff 9508      	RET
                 ;
                 ;void clock_reset()
                 ; 0000 003F {
                 _clock_reset:
                 ; 0000 0040     menit = detik = mili = 0;
000100 e0e0      	LDI  R30,LOW(0)
000101 2e7e      	MOV  R7,R30
000102 2e4e      	MOV  R4,R30
000103 2e5e      	MOV  R5,R30
                 ; 0000 0041 }
000104 9508      	RET
                 ;
                 ;void main(void)
                 ; 0000 0044 {
                 _main:
                 ; 0000 0045 // Declare your local variables here
                 ; 0000 0046     char buff[16];
                 ; 0000 0047 
                 ; 0000 0048 // Input/Output Ports initialization
                 ; 0000 0049 // Port A initialization
                 ; 0000 004A // Func7=In Func6=In Func5=In Func4=In Func3=In Func2=In Func1=In Func0=In
                 ; 0000 004B // State7=T State6=T State5=T State4=T State3=T State2=T State1=T State0=T
                 ; 0000 004C PORTA=0x00;
000105 9760      	SBIW R28,16
                 ;	buff -> Y+0
000106 e0e0      	LDI  R30,LOW(0)
000107 bbeb      	OUT  0x1B,R30
                 ; 0000 004D DDRA=0x00;
000108 bbea      	OUT  0x1A,R30
                 ; 0000 004E 
                 ; 0000 004F // Port B initialization
                 ; 0000 0050 // Func7=Out Func6=Out Func5=Out Func4=Out Func3=Out Func2=Out Func1=Out Func0=Out
                 ; 0000 0051 // State7=0 State6=0 State5=0 State4=0 State3=0 State2=0 State1=0 State0=0
                 ; 0000 0052 PORTB=0x00;
000109 bbe8      	OUT  0x18,R30
                 ; 0000 0053 DDRB=0xFF;
00010a efef      	LDI  R30,LOW(255)
00010b bbe7      	OUT  0x17,R30
                 ; 0000 0054 
                 ; 0000 0055 // Port C initialization
                 ; 0000 0056 // Func7=In Func6=In Func5=In Func4=In Func3=In Func2=In Func1=In Func0=In
                 ; 0000 0057 // State7=P State6=P State5=P State4=P State3=P State2=P State1=P State0=P
                 ; 0000 0058 PORTC=0xFF;
00010c bbe5      	OUT  0x15,R30
                 ; 0000 0059 DDRC=0x00;
00010d e0e0      	LDI  R30,LOW(0)
00010e bbe4      	OUT  0x14,R30
                 ; 0000 005A 
                 ; 0000 005B // Port D initialization
                 ; 0000 005C // Func7=In Func6=In Func5=In Func4=In Func3=In Func2=In Func1=In Func0=In
                 ; 0000 005D // State7=T State6=T State5=T State4=T State3=T State2=T State1=T State0=T
                 ; 0000 005E PORTD=0x00;
00010f bbe2      	OUT  0x12,R30
                 ; 0000 005F DDRD=0x00;
000110 bbe1      	OUT  0x11,R30
                 ; 0000 0060 
                 ; 0000 0061 // Timer/Counter 0 initialization
                 ; 0000 0062 // Clock source: System Clock
                 ; 0000 0063 // Clock value: Timer 0 Stopped
                 ; 0000 0064 // Mode: Normal top=0xFF
                 ; 0000 0065 // OC0 output: Disconnected
                 ; 0000 0066 TCCR0=0x00;
000111 bfe3      	OUT  0x33,R30
                 ; 0000 0067 TCNT0=0x00;
000112 bfe2      	OUT  0x32,R30
                 ; 0000 0068 OCR0=0x00;
000113 bfec      	OUT  0x3C,R30
                 ; 0000 0069 
                 ; 0000 006A // Timer/Counter 1 initialization
                 ; 0000 006B // Clock source: System Clock
                 ; 0000 006C // Clock value: 1382.400 kHz
                 ; 0000 006D // Mode: CTC top=OCR1A
                 ; 0000 006E // OC1A output: Discon.
                 ; 0000 006F // OC1B output: Discon.
                 ; 0000 0070 // Noise Canceler: Off
                 ; 0000 0071 // Input Capture on Falling Edge
                 ; 0000 0072 // Timer1 Overflow Interrupt: Off
                 ; 0000 0073 // Input Capture Interrupt: Off
                 ; 0000 0074 // Compare A Match Interrupt: On
                 ; 0000 0075 // Compare B Match Interrupt: Off
                 ; 0000 0076 TCCR1A=0x00;
000114 bdef      	OUT  0x2F,R30
                 ; 0000 0077 TCCR1B=0x0A;
000115 e0ea      	LDI  R30,LOW(10)
000116 bdee      	OUT  0x2E,R30
                 ; 0000 0078 TCNT1H=0x00;
000117 e0e0      	LDI  R30,LOW(0)
000118 bded      	OUT  0x2D,R30
                 ; 0000 0079 TCNT1L=0x00;
000119 bdec      	OUT  0x2C,R30
                 ; 0000 007A ICR1H=0x00;
00011a bde7      	OUT  0x27,R30
                 ; 0000 007B ICR1L=0x00;
00011b bde6      	OUT  0x26,R30
                 ; 0000 007C OCR1AH=0x35;
00011c e3e5      	LDI  R30,LOW(53)
00011d bdeb      	OUT  0x2B,R30
                 ; 0000 007D OCR1AL=0xFF;
00011e efef      	LDI  R30,LOW(255)
00011f bdea      	OUT  0x2A,R30
                 ; 0000 007E OCR1BH=0x00;
000120 e0e0      	LDI  R30,LOW(0)
000121 bde9      	OUT  0x29,R30
                 ; 0000 007F OCR1BL=0x00;
000122 bde8      	OUT  0x28,R30
                 ; 0000 0080 
                 ; 0000 0081 // Timer/Counter 2 initialization
                 ; 0000 0082 // Clock source: System Clock
                 ; 0000 0083 // Clock value: Timer2 Stopped
                 ; 0000 0084 // Mode: Normal top=0xFF
                 ; 0000 0085 // OC2 output: Disconnected
                 ; 0000 0086 ASSR=0x00;
000123 bde2      	OUT  0x22,R30
                 ; 0000 0087 TCCR2=0x00;
000124 bde5      	OUT  0x25,R30
                 ; 0000 0088 TCNT2=0x00;
000125 bde4      	OUT  0x24,R30
                 ; 0000 0089 OCR2=0x00;
000126 bde3      	OUT  0x23,R30
                 ; 0000 008A 
                 ; 0000 008B // External Interrupt(s) initialization
                 ; 0000 008C // INT0: Off
                 ; 0000 008D // INT1: Off
                 ; 0000 008E // INT2: Off
                 ; 0000 008F MCUCR=0x00;
000127 bfe5      	OUT  0x35,R30
                 ; 0000 0090 MCUCSR=0x00;
000128 bfe4      	OUT  0x34,R30
                 ; 0000 0091 
                 ; 0000 0092 // Timer(s)/Counter(s) Interrupt(s) initialization
                 ; 0000 0093 TIMSK=0x10;
000129 e1e0      	LDI  R30,LOW(16)
00012a bfe9      	OUT  0x39,R30
                 ; 0000 0094 
                 ; 0000 0095 // USART initialization
                 ; 0000 0096 // USART disabled
                 ; 0000 0097 UCSRB=0x00;
00012b e0e0      	LDI  R30,LOW(0)
00012c b9ea      	OUT  0xA,R30
                 ; 0000 0098 
                 ; 0000 0099 // Analog Comparator initialization
                 ; 0000 009A // Analog Comparator: Off
                 ; 0000 009B // Analog Comparator Input Capture by Timer/Counter 1: Off
                 ; 0000 009C ACSR=0x80;
00012d e8e0      	LDI  R30,LOW(128)
00012e b9e8      	OUT  0x8,R30
                 ; 0000 009D SFIOR=0x00;
00012f e0e0      	LDI  R30,LOW(0)
000130 bfe0      	OUT  0x30,R30
                 ; 0000 009E 
                 ; 0000 009F // ADC initialization
                 ; 0000 00A0 // ADC disabled
                 ; 0000 00A1 ADCSRA=0x00;
000131 b9e6      	OUT  0x6,R30
                 ; 0000 00A2 
                 ; 0000 00A3 // SPI initialization
                 ; 0000 00A4 // SPI disabled
                 ; 0000 00A5 SPCR=0x00;
000132 b9ed      	OUT  0xD,R30
                 ; 0000 00A6 
                 ; 0000 00A7 // TWI initialization
                 ; 0000 00A8 // TWI disabled
                 ; 0000 00A9 TWCR=0x00;
000133 bfe6      	OUT  0x36,R30
                 ; 0000 00AA 
                 ; 0000 00AB // Global enable interrupts
                 ; 0000 00AC #asm("sei")
000134 9478      	sei
                 ; 0000 00AD 
                 ; 0000 00AE LCD_Init();
000135 df48      	RCALL _LCD_Init
                 ; 0000 00AF 
                 ; 0000 00B0 while (1)
                 _0x3B:
                 ; 0000 00B1       {
                 ; 0000 00B2       // Place your code here
                 ; 0000 00B3       LCD_GotoXY(0,0);
000136 e0e0      	LDI  R30,LOW(0)
000137 93ea      	ST   -Y,R30
000138 e0a0      	LDI  R26,LOW(0)
000139 df59      	RCALL _LCD_GotoXY
                 ; 0000 00B4       // sprintf(buff, "%i:%i:%i    ", menit, detik, mili);
                 ; 0000 00B5       // LCD_Text(buff);
                 ; 0000 00B6       LCD_Angka2(menit);
00013a 2da5      	MOV  R26,R5
00013b 27bb      	CLR  R27
00013c df73      	RCALL _LCD_Angka2
                 ; 0000 00B7       LCD_Text(":");
                +
00013d eea0     +LDI R26 , LOW ( _0x3E + ( 0 ) )
00013e e0b0     +LDI R27 , HIGH ( _0x3E + ( 0 ) )
                 	__POINTW2MN _0x3E,0
00013f df61      	RCALL _LCD_Text
                 ; 0000 00B8       LCD_Angka2(detik);
000140 2da4      	MOV  R26,R4
000141 27bb      	CLR  R27
000142 df6d      	RCALL _LCD_Angka2
                 ; 0000 00B9       LCD_Text(":");
                +
000143 eea2     +LDI R26 , LOW ( _0x3E + ( 2 ) )
000144 e0b0     +LDI R27 , HIGH ( _0x3E + ( 2 ) )
                 	__POINTW2MN _0x3E,2
000145 df5b      	RCALL _LCD_Text
                 ; 0000 00BA       LCD_Angka2(mili);
000146 2da7      	MOV  R26,R7
000147 27bb      	CLR  R27
000148 df67      	RCALL _LCD_Angka2
                 ; 0000 00BB       delay_ms(10);
000149 d1c0      	RCALL SUBOPT_0x7
                 ; 0000 00BC       LCD_GotoXY(0,1);
00014a e0e0      	LDI  R30,LOW(0)
00014b 93ea      	ST   -Y,R30
00014c e0a1      	LDI  R26,LOW(1)
00014d df45      	RCALL _LCD_GotoXY
                 ; 0000 00BD       sprintf(buff, PINC.0 ? "Clock aktif": "Clock Stop ");
00014e 01fe      	MOVW R30,R28
00014f d1bd      	RCALL SUBOPT_0x8
000150 9b98      	SBIS 0x13,0
000151 c003      	RJMP _0x3F
                +
000152 e3ee     +LDI R30 , LOW ( 2 * _0x0 + ( 2 ) )
000153 e0f0     +LDI R31 , HIGH ( 2 * _0x0 + ( 2 ) )
                 	__POINTW1FN _0x0,2
000154 c002      	RJMP _0x40
                 _0x3F:
                +
000155 e4ea     +LDI R30 , LOW ( 2 * _0x0 + ( 14 ) )
000156 e0f0     +LDI R31 , HIGH ( 2 * _0x0 + ( 14 ) )
                 	__POINTW1FN _0x0,14
                 _0x40:
000157 d1b5      	RCALL SUBOPT_0x8
000158 e080      	LDI  R24,0
000159 d14c      	RCALL _sprintf
00015a 9624      	ADIW R28,4
                 ; 0000 00BE       LCD_Text(buff);
00015b 01de      	MOVW R26,R28
00015c df44      	RCALL _LCD_Text
                 ; 0000 00BF       delay_ms(10);
00015d d1ac      	RCALL SUBOPT_0x7
                 ; 0000 00C0       }
00015e cfd7      	RJMP _0x3B
                 ; 0000 00C1 }
                 _0x42:
00015f cfff      	RJMP _0x42
                 
                 	.DSEG
                 _0x3E:
0000e0           	.BYTE 0x4
                 	#ifndef __SLEEP_DEFINED__
                 	#endif
                 
                 	.CSEG
                 _put_buff_G100:
000160 d1a3      	RCALL SUBOPT_0x5
000161 d242      	RCALL __SAVELOCR2
000162 d1ad      	RCALL SUBOPT_0x9
000163 9612      	ADIW R26,2
000164 d233      	RCALL __GETW1P
000165 9730      	SBIW R30,0
000166 f0f1      	BREQ _0x2000010
000167 d1a8      	RCALL SUBOPT_0x9
000168 d1aa      	RCALL SUBOPT_0xA
000169 018f      	MOVW R16,R30
00016a 9730      	SBIW R30,0
00016b f061      	BREQ _0x2000012
                +
00016c 3002     +CPI R16 , LOW ( 2 )
00016d e0e0     +LDI R30 , HIGH ( 2 )
00016e 071e     +CPC R17 , R30
                 	__CPWRN 16,17,2
00016f f0a0      	BRLO _0x2000013
000170 01f8      	MOVW R30,R16
000171 9731      	SBIW R30,1
000172 018f      	MOVW R16,R30
                +
000173 81aa     +LDD R26 , Y + 2
000174 81bb     +LDD R27 , Y + 2 + 1
000175 9614     +ADIW R26 , 4
000176 93ed     +ST X + , R30
000177 93fc     +ST X , R31
                 	__PUTW1SNS 2,4
                 _0x2000012:
000178 d197      	RCALL SUBOPT_0x9
000179 9612      	ADIW R26,2
00017a d19b      	RCALL SUBOPT_0xB
00017b 9731      	SBIW R30,1
00017c 81ac      	LDD  R26,Y+4
00017d 83a0      	STD  Z+0,R26
00017e d191      	RCALL SUBOPT_0x9
00017f d218      	RCALL __GETW1P
000180 23ff      	TST  R31
000181 f012      	BRMI _0x2000014
000182 d18d      	RCALL SUBOPT_0x9
000183 d192      	RCALL SUBOPT_0xB
                 _0x2000014:
                 _0x2000013:
000184 c005      	RJMP _0x2000015
                 _0x2000010:
000185 d18a      	RCALL SUBOPT_0x9
000186 efef      	LDI  R30,LOW(65535)
000187 efff      	LDI  R31,HIGH(65535)
000188 93ed      	ST   X+,R30
000189 93fc      	ST   X,R31
                 _0x2000015:
00018a d220      	RCALL __LOADLOCR2
00018b 9625      	ADIW R28,5
00018c 9508      	RET
                 __print_G100:
00018d d176      	RCALL SUBOPT_0x5
00018e 9726      	SBIW R28,6
00018f d210      	RCALL __SAVELOCR6
000190 e010      	LDI  R17,0
000191 85ac      	LDD  R26,Y+12
000192 85bd      	LDD  R27,Y+12+1
000193 e0e0      	LDI  R30,LOW(0)
000194 e0f0      	LDI  R31,HIGH(0)
000195 93ed      	ST   X+,R30
000196 93fc      	ST   X,R31
                 _0x2000016:
000197 89ea      	LDD  R30,Y+18
000198 89fb      	LDD  R31,Y+18+1
000199 9631      	ADIW R30,1
00019a 8bea      	STD  Y+18,R30
00019b 8bfb      	STD  Y+18+1,R31
00019c 9731      	SBIW R30,1
00019d 91e4      	LPM  R30,Z
00019e 2f2e      	MOV  R18,R30
00019f 30e0      	CPI  R30,0
0001a0 f409      	BRNE PC+2
0001a1 c0fe      	RJMP _0x2000018
0001a2 2fe1      	MOV  R30,R17
0001a3 30e0      	CPI  R30,0
0001a4 f431      	BRNE _0x200001C
0001a5 3225      	CPI  R18,37
0001a6 f411      	BRNE _0x200001D
0001a7 e011      	LDI  R17,LOW(1)
0001a8 c001      	RJMP _0x200001E
                 _0x200001D:
0001a9 d172      	RCALL SUBOPT_0xC
                 _0x200001E:
0001aa c0f4      	RJMP _0x200001B
                 _0x200001C:
0001ab 30e1      	CPI  R30,LOW(0x1)
0001ac f4a1      	BRNE _0x200001F
0001ad 3225      	CPI  R18,37
0001ae f411      	BRNE _0x2000020
0001af d16c      	RCALL SUBOPT_0xC
0001b0 c0ed      	RJMP _0x20000C9
                 _0x2000020:
0001b1 e012      	LDI  R17,LOW(2)
0001b2 e040      	LDI  R20,LOW(0)
0001b3 e000      	LDI  R16,LOW(0)
0001b4 322d      	CPI  R18,45
0001b5 f411      	BRNE _0x2000021
0001b6 e001      	LDI  R16,LOW(1)
0001b7 c0e7      	RJMP _0x200001B
                 _0x2000021:
0001b8 322b      	CPI  R18,43
0001b9 f411      	BRNE _0x2000022
0001ba e24b      	LDI  R20,LOW(43)
0001bb c0e3      	RJMP _0x200001B
                 _0x2000022:
0001bc 3220      	CPI  R18,32
0001bd f411      	BRNE _0x2000023
0001be e240      	LDI  R20,LOW(32)
0001bf c0df      	RJMP _0x200001B
                 _0x2000023:
0001c0 c002      	RJMP _0x2000024
                 _0x200001F:
0001c1 30e2      	CPI  R30,LOW(0x2)
0001c2 f439      	BRNE _0x2000025
                 _0x2000024:
0001c3 e050      	LDI  R21,LOW(0)
0001c4 e013      	LDI  R17,LOW(3)
0001c5 3320      	CPI  R18,48
0001c6 f411      	BRNE _0x2000026
0001c7 6800      	ORI  R16,LOW(128)
0001c8 c0d6      	RJMP _0x200001B
                 _0x2000026:
0001c9 c003      	RJMP _0x2000027
                 _0x2000025:
0001ca 30e3      	CPI  R30,LOW(0x3)
0001cb f009      	BREQ PC+2
0001cc c0d2      	RJMP _0x200001B
                 _0x2000027:
0001cd 3320      	CPI  R18,48
0001ce f010      	BRLO _0x200002A
0001cf 332a      	CPI  R18,58
0001d0 f008      	BRLO _0x200002B
                 _0x200002A:
0001d1 c007      	RJMP _0x2000029
                 _0x200002B:
0001d2 e0aa      	LDI  R26,LOW(10)
0001d3 9f5a      	MUL  R21,R26
0001d4 2d50      	MOV  R21,R0
0001d5 2fe2      	MOV  R30,R18
0001d6 53e0      	SUBI R30,LOW(48)
0001d7 0f5e      	ADD  R21,R30
0001d8 c0c6      	RJMP _0x200001B
                 _0x2000029:
0001d9 2fe2      	MOV  R30,R18
0001da 36e3      	CPI  R30,LOW(0x63)
0001db f439      	BRNE _0x200002F
0001dc d146      	RCALL SUBOPT_0xD
0001dd d148      	RCALL SUBOPT_0xE
0001de d144      	RCALL SUBOPT_0xD
0001df 81a4      	LDD  R26,Z+4
0001e0 93aa      	ST   -Y,R26
0001e1 d148      	RCALL SUBOPT_0xF
0001e2 c0bb      	RJMP _0x2000030
                 _0x200002F:
0001e3 37e3      	CPI  R30,LOW(0x73)
0001e4 f431      	BRNE _0x2000032
0001e5 d14a      	RCALL SUBOPT_0x10
0001e6 d14b      	RCALL SUBOPT_0x11
0001e7 d14d      	RCALL SUBOPT_0x12
0001e8 d0e7      	RCALL _strlen
0001e9 2f1e      	MOV  R17,R30
0001ea c008      	RJMP _0x2000033
                 _0x2000032:
0001eb 37e0      	CPI  R30,LOW(0x70)
0001ec f451      	BRNE _0x2000035
0001ed d142      	RCALL SUBOPT_0x10
0001ee d143      	RCALL SUBOPT_0x11
0001ef d145      	RCALL SUBOPT_0x12
0001f0 d0ea      	RCALL _strlenf
0001f1 2f1e      	MOV  R17,R30
0001f2 6008      	ORI  R16,LOW(8)
                 _0x2000033:
0001f3 6002      	ORI  R16,LOW(2)
0001f4 770f      	ANDI R16,LOW(127)
0001f5 e030      	LDI  R19,LOW(0)
0001f6 c02e      	RJMP _0x2000036
                 _0x2000035:
0001f7 36e4      	CPI  R30,LOW(0x64)
0001f8 f011      	BREQ _0x2000039
0001f9 36e9      	CPI  R30,LOW(0x69)
0001fa f411      	BRNE _0x200003A
                 _0x2000039:
0001fb 6004      	ORI  R16,LOW(4)
0001fc c002      	RJMP _0x200003B
                 _0x200003A:
0001fd 37e5      	CPI  R30,LOW(0x75)
0001fe f429      	BRNE _0x200003C
                 _0x200003B:
0001ff e2ea      	LDI  R30,LOW(_tbl10_G100*2)
000200 e0f0      	LDI  R31,HIGH(_tbl10_G100*2)
000201 d138      	RCALL SUBOPT_0x13
000202 e015      	LDI  R17,LOW(5)
000203 c00b      	RJMP _0x200003D
                 _0x200003C:
000204 35e8      	CPI  R30,LOW(0x58)
000205 f411      	BRNE _0x200003F
000206 6008      	ORI  R16,LOW(8)
000207 c003      	RJMP _0x2000040
                 _0x200003F:
000208 37e8      	CPI  R30,LOW(0x78)
000209 f009      	BREQ PC+2
00020a c093      	RJMP _0x2000071
                 _0x2000040:
00020b e3e4      	LDI  R30,LOW(_tbl16_G100*2)
00020c e0f0      	LDI  R31,HIGH(_tbl16_G100*2)
00020d d12c      	RCALL SUBOPT_0x13
00020e e014      	LDI  R17,LOW(4)
                 _0x200003D:
00020f ff02      	SBRS R16,2
000210 c011      	RJMP _0x2000042
000211 d11e      	RCALL SUBOPT_0x10
000212 d11f      	RCALL SUBOPT_0x11
000213 d129      	RCALL SUBOPT_0x14
000214 85ab      	LDD  R26,Y+11
000215 23aa      	TST  R26
000216 f42a      	BRPL _0x2000043
000217 85ea      	LDD  R30,Y+10
000218 85fb      	LDD  R31,Y+10+1
000219 d139      	RCALL __ANEGW1
00021a d122      	RCALL SUBOPT_0x14
00021b e24d      	LDI  R20,LOW(45)
                 _0x2000043:
00021c 3040      	CPI  R20,0
00021d f011      	BREQ _0x2000044
00021e 5f1f      	SUBI R17,-LOW(1)
00021f c001      	RJMP _0x2000045
                 _0x2000044:
000220 7f0b      	ANDI R16,LOW(251)
                 _0x2000045:
000221 c003      	RJMP _0x2000046
                 _0x2000042:
000222 d10d      	RCALL SUBOPT_0x10
000223 d10e      	RCALL SUBOPT_0x11
000224 d118      	RCALL SUBOPT_0x14
                 _0x2000046:
                 _0x2000036:
000225 fd00      	SBRC R16,0
000226 c010      	RJMP _0x2000047
                 _0x2000048:
000227 1715      	CP   R17,R21
000228 f470      	BRSH _0x200004A
000229 ff07      	SBRS R16,7
00022a c008      	RJMP _0x200004B
00022b ff02      	SBRS R16,2
00022c c004      	RJMP _0x200004C
00022d 7f0b      	ANDI R16,LOW(251)
00022e 2f24      	MOV  R18,R20
00022f 5011      	SUBI R17,LOW(1)
000230 c001      	RJMP _0x200004D
                 _0x200004C:
000231 e320      	LDI  R18,LOW(48)
                 _0x200004D:
000232 c001      	RJMP _0x200004E
                 _0x200004B:
000233 e220      	LDI  R18,LOW(32)
                 _0x200004E:
000234 d0e7      	RCALL SUBOPT_0xC
000235 5051      	SUBI R21,LOW(1)
000236 cff0      	RJMP _0x2000048
                 _0x200004A:
                 _0x2000047:
000237 2f31      	MOV  R19,R17
000238 ff01      	SBRS R16,1
000239 c015      	RJMP _0x200004F
                 _0x2000050:
00023a 3030      	CPI  R19,0
00023b f091      	BREQ _0x2000052
00023c ff03      	SBRS R16,3
00023d c005      	RJMP _0x2000053
00023e 81ee      	LDD  R30,Y+6
00023f 81ff      	LDD  R31,Y+6+1
000240 9125      	LPM  R18,Z+
000241 d0f8      	RCALL SUBOPT_0x13
000242 c005      	RJMP _0x2000054
                 _0x2000053:
000243 81ae      	LDD  R26,Y+6
000244 81bf      	LDD  R27,Y+6+1
000245 912d      	LD   R18,X+
000246 83ae      	STD  Y+6,R26
000247 83bf      	STD  Y+6+1,R27
                 _0x2000054:
000248 d0d3      	RCALL SUBOPT_0xC
000249 3050      	CPI  R21,0
00024a f009      	BREQ _0x2000055
00024b 5051      	SUBI R21,LOW(1)
                 _0x2000055:
00024c 5031      	SUBI R19,LOW(1)
00024d cfec      	RJMP _0x2000050
                 _0x2000052:
00024e c046      	RJMP _0x2000056
                 _0x200004F:
                 _0x2000058:
00024f e320      	LDI  R18,LOW(48)
000250 81ee      	LDD  R30,Y+6
000251 81ff      	LDD  R31,Y+6+1
000252 d149      	RCALL __GETW1PF
000253 87e8      	STD  Y+8,R30
000254 87f9      	STD  Y+8+1,R31
000255 81ee      	LDD  R30,Y+6
000256 81ff      	LDD  R31,Y+6+1
000257 9632      	ADIW R30,2
000258 d0e1      	RCALL SUBOPT_0x13
                 _0x200005A:
000259 85e8      	LDD  R30,Y+8
00025a 85f9      	LDD  R31,Y+8+1
00025b 85aa      	LDD  R26,Y+10
00025c 85bb      	LDD  R27,Y+10+1
00025d 17ae      	CP   R26,R30
00025e 07bf      	CPC  R27,R31
00025f f048      	BRLO _0x200005C
000260 5f2f      	SUBI R18,-LOW(1)
000261 85a8      	LDD  R26,Y+8
000262 85b9      	LDD  R27,Y+8+1
000263 85ea      	LDD  R30,Y+10
000264 85fb      	LDD  R31,Y+10+1
000265 1bea      	SUB  R30,R26
000266 0bfb      	SBC  R31,R27
000267 d0d5      	RCALL SUBOPT_0x14
000268 cff0      	RJMP _0x200005A
                 _0x200005C:
000269 332a      	CPI  R18,58
00026a f028      	BRLO _0x200005D
00026b ff03      	SBRS R16,3
00026c c002      	RJMP _0x200005E
00026d 5f29      	SUBI R18,-LOW(7)
00026e c001      	RJMP _0x200005F
                 _0x200005E:
00026f 5d29      	SUBI R18,-LOW(39)
                 _0x200005F:
                 _0x200005D:
000270 fd04      	SBRC R16,4
000271 c019      	RJMP _0x2000061
000272 3321      	CPI  R18,49
000273 f420      	BRSH _0x2000063
000274 85a8      	LDD  R26,Y+8
000275 85b9      	LDD  R27,Y+8+1
000276 9711      	SBIW R26,1
000277 f409      	BRNE _0x2000062
                 _0x2000063:
000278 c009      	RJMP _0x20000CA
                 _0x2000062:
000279 1753      	CP   R21,R19
00027a f010      	BRLO _0x2000067
00027b ff00      	SBRS R16,0
00027c c001      	RJMP _0x2000068
                 _0x2000067:
00027d c011      	RJMP _0x2000066
                 _0x2000068:
00027e e220      	LDI  R18,LOW(32)
00027f ff07      	SBRS R16,7
000280 c00a      	RJMP _0x2000069
000281 e320      	LDI  R18,LOW(48)
                 _0x20000CA:
000282 6100      	ORI  R16,LOW(16)
000283 ff02      	SBRS R16,2
000284 c006      	RJMP _0x200006A
000285 7f0b      	ANDI R16,LOW(251)
000286 934a      	ST   -Y,R20
000287 d0a2      	RCALL SUBOPT_0xF
000288 3050      	CPI  R21,0
000289 f009      	BREQ _0x200006B
00028a 5051      	SUBI R21,LOW(1)
                 _0x200006B:
                 _0x200006A:
                 _0x2000069:
                 _0x2000061:
00028b d090      	RCALL SUBOPT_0xC
00028c 3050      	CPI  R21,0
00028d f009      	BREQ _0x200006C
00028e 5051      	SUBI R21,LOW(1)
                 _0x200006C:
                 _0x2000066:
00028f 5031      	SUBI R19,LOW(1)
000290 85a8      	LDD  R26,Y+8
000291 85b9      	LDD  R27,Y+8+1
000292 9712      	SBIW R26,2
000293 f008      	BRLO _0x2000059
000294 cfba      	RJMP _0x2000058
                 _0x2000059:
                 _0x2000056:
000295 ff00      	SBRS R16,0
000296 c007      	RJMP _0x200006D
                 _0x200006E:
000297 3050      	CPI  R21,0
000298 f029      	BREQ _0x2000070
000299 5051      	SUBI R21,LOW(1)
00029a e2e0      	LDI  R30,LOW(32)
00029b 93ea      	ST   -Y,R30
00029c d08d      	RCALL SUBOPT_0xF
00029d cff9      	RJMP _0x200006E
                 _0x2000070:
                 _0x200006D:
                 _0x2000071:
                 _0x2000030:
                 _0x20000C9:
00029e e010      	LDI  R17,LOW(0)
                 _0x200001B:
00029f cef7      	RJMP _0x2000016
                 _0x2000018:
0002a0 85ac      	LDD  R26,Y+12
0002a1 85bd      	LDD  R27,Y+12+1
0002a2 d0f5      	RCALL __GETW1P
0002a3 d103      	RCALL __LOADLOCR6
0002a4 9664      	ADIW R28,20
0002a5 9508      	RET
                 _sprintf:
0002a6 92ff      	PUSH R15
0002a7 2ef8      	MOV  R15,R24
0002a8 9726      	SBIW R28,6
0002a9 d0f8      	RCALL __SAVELOCR4
0002aa d095      	RCALL SUBOPT_0x15
0002ab 9730      	SBIW R30,0
0002ac f419      	BRNE _0x2000072
0002ad efef      	LDI  R30,LOW(65535)
0002ae efff      	LDI  R31,HIGH(65535)
0002af c01c      	RJMP _0x2060001
                 _0x2000072:
0002b0 01de      	MOVW R26,R28
0002b1 9616      	ADIW R26,6
0002b2 d09c      	RCALL __ADDW2R15
0002b3 018d      	MOVW R16,R26
0002b4 d08b      	RCALL SUBOPT_0x15
0002b5 d084      	RCALL SUBOPT_0x13
0002b6 e0e0      	LDI  R30,LOW(0)
0002b7 87e8      	STD  Y+8,R30
0002b8 87e9      	STD  Y+8+1,R30
0002b9 01de      	MOVW R26,R28
0002ba 961a      	ADIW R26,10
0002bb d093      	RCALL __ADDW2R15
0002bc d0db      	RCALL __GETW1P
0002bd d04f      	RCALL SUBOPT_0x8
0002be 931a      	ST   -Y,R17
0002bf 930a      	ST   -Y,R16
0002c0 e6e0      	LDI  R30,LOW(_put_buff_G100)
0002c1 e0f1      	LDI  R31,HIGH(_put_buff_G100)
0002c2 d04a      	RCALL SUBOPT_0x8
0002c3 01de      	MOVW R26,R28
0002c4 961a      	ADIW R26,10
0002c5 dec7      	RCALL __print_G100
0002c6 019f      	MOVW R18,R30
0002c7 81ae      	LDD  R26,Y+6
0002c8 81bf      	LDD  R27,Y+6+1
0002c9 e0e0      	LDI  R30,LOW(0)
0002ca 93ec      	ST   X,R30
0002cb 01f9      	MOVW R30,R18
                 _0x2060001:
0002cc d0dc      	RCALL __LOADLOCR4
0002cd 962a      	ADIW R28,10
0002ce 90ff      	POP  R15
0002cf 9508      	RET
                 
                 	.CSEG
                 
                 	.CSEG
                 _strlen:
0002d0 d033      	RCALL SUBOPT_0x5
0002d1 91a9          ld   r26,y+
0002d2 91b9          ld   r27,y+
0002d3 27ee          clr  r30
0002d4 27ff          clr  r31
                 strlen0:
0002d5 916d          ld   r22,x+
0002d6 2366          tst  r22
0002d7 f011          breq strlen1
0002d8 9631          adiw r30,1
0002d9 cffb          rjmp strlen0
                 strlen1:
0002da 9508          ret
                 _strlenf:
0002db d028      	RCALL SUBOPT_0x5
0002dc 27aa          clr  r26
0002dd 27bb          clr  r27
0002de 91e9          ld   r30,y+
0002df 91f9          ld   r31,y+
                 strlenf0:
0002e0 9005      	lpm  r0,z+
0002e1 2000          tst  r0
0002e2 f011          breq strlenf1
0002e3 9611          adiw r26,1
0002e4 cffb          rjmp strlenf0
                 strlenf1:
0002e5 01fd          movw r30,r26
0002e6 9508          ret
                 
                 	.CSEG
                 ;OPTIMIZER ADDED SUBROUTINE, CALLED 2 TIMES, CODE SIZE REDUCTION:5 WORDS
                 SUBOPT_0x0:
0002e7 81e8      	LD   R30,Y
0002e8 7fe0      	ANDI R30,LOW(0xF0)
0002e9 60e4      	ORI  R30,4
0002ea bbe8      	OUT  0x18,R30
                +
0002eb e084     +LDI R24 , LOW ( 4 )
                +__DELAY_USB_LOOP :
0002ec 958a     +DEC R24
0002ed f7f1     +BRNE __DELAY_USB_LOOP
                 	__DELAY_USB 4
0002ee 98c2      	CBI  0x18,2
0002ef 9508      	RET
                 
                 ;OPTIMIZER ADDED SUBROUTINE, CALLED 2 TIMES, CODE SIZE REDUCTION:3 WORDS
                 SUBOPT_0x1:
                +
0002f0 e182     +LDI R24 , LOW ( 18 )
                +__DELAY_USB_LOOP :
0002f1 958a     +DEC R24
0002f2 f7f1     +BRNE __DELAY_USB_LOOP
                 	__DELAY_USB 18
0002f3 81e8      	LD   R30,Y
0002f4 95e2      	SWAP R30
0002f5 7fe0      	ANDI R30,0xF0
0002f6 9508      	RET
                 
                 ;OPTIMIZER ADDED SUBROUTINE, CALLED 3 TIMES, CODE SIZE REDUCTION:6 WORDS
                 SUBOPT_0x2:
0002f7 bbe8      	OUT  0x18,R30
                +
0002f8 e084     +LDI R24 , LOW ( 4 )
                +__DELAY_USB_LOOP :
0002f9 958a     +DEC R24
0002fa f7f1     +BRNE __DELAY_USB_LOOP
                 	__DELAY_USB 4
0002fb 98c2      	CBI  0x18,2
0002fc 9508      	RET
                 
                 ;OPTIMIZER ADDED SUBROUTINE, CALLED 3 TIMES, CODE SIZE REDUCTION:8 WORDS
                 SUBOPT_0x3:
0002fd e0b0      	LDI  R27,0
0002fe d046      	RCALL _delay_ms
0002ff e3a0      	LDI  R26,LOW(48)
000300 cd60      	RJMP _LCD_Init_Cmd
                 
                 ;OPTIMIZER ADDED SUBROUTINE, CALLED 2 TIMES, CODE SIZE REDUCTION:2 WORDS
                 SUBOPT_0x4:
000301 e0a1      	LDI  R26,LOW(1)
000302 e0b0      	LDI  R27,0
000303 c041      	RJMP _delay_ms
                 
                 ;OPTIMIZER ADDED SUBROUTINE, CALLED 6 TIMES, CODE SIZE REDUCTION:3 WORDS
                 SUBOPT_0x5:
000304 93ba      	ST   -Y,R27
000305 93aa      	ST   -Y,R26
000306 9508      	RET
                 
                 ;OPTIMIZER ADDED SUBROUTINE, CALLED 4 TIMES, CODE SIZE REDUCTION:1 WORDS
                 SUBOPT_0x6:
000307 81a8      	LD   R26,Y
000308 81b9      	LDD  R27,Y+1
000309 9508      	RET
                 
                 ;OPTIMIZER ADDED SUBROUTINE, CALLED 2 TIMES, CODE SIZE REDUCTION:2 WORDS
                 SUBOPT_0x7:
00030a e0aa      	LDI  R26,LOW(10)
00030b e0b0      	LDI  R27,0
00030c c038      	RJMP _delay_ms
                 
                 ;OPTIMIZER ADDED SUBROUTINE, CALLED 4 TIMES, CODE SIZE REDUCTION:1 WORDS
                 SUBOPT_0x8:
00030d 93fa      	ST   -Y,R31
00030e 93ea      	ST   -Y,R30
00030f 9508      	RET
                 
                 ;OPTIMIZER ADDED SUBROUTINE, CALLED 6 TIMES, CODE SIZE REDUCTION:3 WORDS
                 SUBOPT_0x9:
000310 81aa      	LDD  R26,Y+2
000311 81bb      	LDD  R27,Y+2+1
000312 9508      	RET
                 
                 ;OPTIMIZER ADDED SUBROUTINE, CALLED 5 TIMES, CODE SIZE REDUCTION:2 WORDS
                 SUBOPT_0xA:
000313 9614      	ADIW R26,4
000314 d083      	RCALL __GETW1P
000315 9508      	RET
                 
                 ;OPTIMIZER ADDED SUBROUTINE, CALLED 2 TIMES, CODE SIZE REDUCTION:2 WORDS
                 SUBOPT_0xB:
000316 91ed      	LD   R30,X+
000317 91fd      	LD   R31,X+
000318 9631      	ADIW R30,1
000319 93fe      	ST   -X,R31
00031a 93ee      	ST   -X,R30
00031b 9508      	RET
                 
                 ;OPTIMIZER ADDED SUBROUTINE, CALLED 5 TIMES, CODE SIZE REDUCTION:18 WORDS
                 SUBOPT_0xC:
00031c 932a      	ST   -Y,R18
00031d 85ad      	LDD  R26,Y+13
00031e 85be      	LDD  R27,Y+13+1
00031f 85ef      	LDD  R30,Y+15
000320 89f8      	LDD  R31,Y+15+1
000321 9509      	ICALL
000322 9508      	RET
                 
                 ;OPTIMIZER ADDED SUBROUTINE, CALLED 6 TIMES, CODE SIZE REDUCTION:3 WORDS
                 SUBOPT_0xD:
000323 89e8      	LDD  R30,Y+16
000324 89f9      	LDD  R31,Y+16+1
000325 9508      	RET
                 
                 ;OPTIMIZER ADDED SUBROUTINE, CALLED 5 TIMES, CODE SIZE REDUCTION:6 WORDS
                 SUBOPT_0xE:
000326 9734      	SBIW R30,4
000327 8be8      	STD  Y+16,R30
000328 8bf9      	STD  Y+16+1,R31
000329 9508      	RET
                 
                 ;OPTIMIZER ADDED SUBROUTINE, CALLED 3 TIMES, CODE SIZE REDUCTION:6 WORDS
                 SUBOPT_0xF:
00032a 85ad      	LDD  R26,Y+13
00032b 85be      	LDD  R27,Y+13+1
00032c 85ef      	LDD  R30,Y+15
00032d 89f8      	LDD  R31,Y+15+1
00032e 9509      	ICALL
00032f 9508      	RET
                 
                 ;OPTIMIZER ADDED SUBROUTINE, CALLED 4 TIMES, CODE SIZE REDUCTION:1 WORDS
                 SUBOPT_0x10:
000330 dff2      	RCALL SUBOPT_0xD
000331 cff4      	RJMP SUBOPT_0xE
                 
                 ;OPTIMIZER ADDED SUBROUTINE, CALLED 4 TIMES, CODE SIZE REDUCTION:4 WORDS
                 SUBOPT_0x11:
000332 89a8      	LDD  R26,Y+16
000333 89b9      	LDD  R27,Y+16+1
000334 cfde      	RJMP SUBOPT_0xA
                 
                 ;OPTIMIZER ADDED SUBROUTINE, CALLED 2 TIMES, CODE SIZE REDUCTION:1 WORDS
                 SUBOPT_0x12:
000335 83ee      	STD  Y+6,R30
000336 83ff      	STD  Y+6+1,R31
000337 81ae      	LDD  R26,Y+6
000338 81bf      	LDD  R27,Y+6+1
000339 9508      	RET
                 
                 ;OPTIMIZER ADDED SUBROUTINE, CALLED 5 TIMES, CODE SIZE REDUCTION:2 WORDS
                 SUBOPT_0x13:
00033a 83ee      	STD  Y+6,R30
00033b 83ff      	STD  Y+6+1,R31
00033c 9508      	RET
                 
                 ;OPTIMIZER ADDED SUBROUTINE, CALLED 4 TIMES, CODE SIZE REDUCTION:1 WORDS
                 SUBOPT_0x14:
00033d 87ea      	STD  Y+10,R30
00033e 87fb      	STD  Y+10+1,R31
00033f 9508      	RET
                 
                 ;OPTIMIZER ADDED SUBROUTINE, CALLED 2 TIMES, CODE SIZE REDUCTION:1 WORDS
                 SUBOPT_0x15:
000340 01de      	MOVW R26,R28
000341 961c      	ADIW R26,12
000342 d00c      	RCALL __ADDW2R15
000343 d054      	RCALL __GETW1P
000344 9508      	RET
                 
                 
                 	.CSEG
                 _delay_ms:
000345 9610      	adiw r26,0
000346 f039      	breq __delay_ms1
                 __delay_ms0:
                +
000347 ec8d     +LDI R24 , LOW ( 0xACD )
000348 e09a     +LDI R25 , HIGH ( 0xACD )
                +__DELAY_USW_LOOP :
000349 9701     +SBIW R24 , 1
00034a f7f1     +BRNE __DELAY_USW_LOOP
                 	__DELAY_USW 0xACD
00034b 95a8      	wdr
00034c 9711      	sbiw r26,1
00034d f7c9      	brne __delay_ms0
                 __delay_ms1:
00034e 9508      	ret
                 
                 __ADDW2R15:
00034f 2400      	CLR  R0
000350 0daf      	ADD  R26,R15
000351 1db0      	ADC  R27,R0
000352 9508      	RET
                 
                 __ANEGW1:
000353 95f1      	NEG  R31
000354 95e1      	NEG  R30
000355 40f0      	SBCI R31,0
000356 9508      	RET
                 
                 __MULW12U:
000357 9ffa      	MUL  R31,R26
000358 2df0      	MOV  R31,R0
000359 9feb      	MUL  R30,R27
00035a 0df0      	ADD  R31,R0
00035b 9fea      	MUL  R30,R26
00035c 2de0      	MOV  R30,R0
00035d 0df1      	ADD  R31,R1
00035e 9508      	RET
                 
                 __MULW12:
00035f d02a      	RCALL __CHKSIGNW
000360 dff6      	RCALL __MULW12U
000361 f40e      	BRTC __MULW121
000362 dff0      	RCALL __ANEGW1
                 __MULW121:
000363 9508      	RET
                 
                 __DIVW21U:
000364 2400      	CLR  R0
000365 2411      	CLR  R1
000366 e190      	LDI  R25,16
                 __DIVW21U1:
000367 0faa      	LSL  R26
000368 1fbb      	ROL  R27
000369 1c00      	ROL  R0
00036a 1c11      	ROL  R1
00036b 1a0e      	SUB  R0,R30
00036c 0a1f      	SBC  R1,R31
00036d f418      	BRCC __DIVW21U2
00036e 0e0e      	ADD  R0,R30
00036f 1e1f      	ADC  R1,R31
000370 c001      	RJMP __DIVW21U3
                 __DIVW21U2:
000371 60a1      	SBR  R26,1
                 __DIVW21U3:
000372 959a      	DEC  R25
000373 f799      	BRNE __DIVW21U1
000374 01fd      	MOVW R30,R26
000375 01d0      	MOVW R26,R0
000376 9508      	RET
                 
                 __DIVW21:
000377 d012      	RCALL __CHKSIGNW
000378 dfeb      	RCALL __DIVW21U
000379 f40e      	BRTC __DIVW211
00037a dfd8      	RCALL __ANEGW1
                 __DIVW211:
00037b 9508      	RET
                 
                 __MODW21:
00037c 94e8      	CLT
00037d ffb7      	SBRS R27,7
00037e c004      	RJMP __MODW211
00037f 95a0      	COM  R26
000380 95b0      	COM  R27
000381 9611      	ADIW R26,1
000382 9468      	SET
                 __MODW211:
000383 fdf7      	SBRC R31,7
000384 dfce      	RCALL __ANEGW1
000385 dfde      	RCALL __DIVW21U
000386 01fd      	MOVW R30,R26
000387 f40e      	BRTC __MODW212
000388 dfca      	RCALL __ANEGW1
                 __MODW212:
000389 9508      	RET
                 
                 __CHKSIGNW:
00038a 94e8      	CLT
00038b fff7      	SBRS R31,7
00038c c002      	RJMP __CHKSW1
00038d dfc5      	RCALL __ANEGW1
00038e 9468      	SET
                 __CHKSW1:
00038f ffb7      	SBRS R27,7
000390 c006      	RJMP __CHKSW2
000391 95a0      	COM  R26
000392 95b0      	COM  R27
000393 9611      	ADIW R26,1
000394 f800      	BLD  R0,0
000395 9403      	INC  R0
000396 fa00      	BST  R0,0
                 __CHKSW2:
000397 9508      	RET
                 
                 __GETW1P:
000398 91ed      	LD   R30,X+
000399 91fc      	LD   R31,X
00039a 9711      	SBIW R26,1
00039b 9508      	RET
                 
                 __GETW1PF:
00039c 9005      	LPM  R0,Z+
00039d 91f4      	LPM  R31,Z
00039e 2de0      	MOV  R30,R0
00039f 9508      	RET
                 
                 __SAVELOCR6:
0003a0 935a      	ST   -Y,R21
                 __SAVELOCR5:
0003a1 934a      	ST   -Y,R20
                 __SAVELOCR4:
0003a2 933a      	ST   -Y,R19
                 __SAVELOCR3:
0003a3 932a      	ST   -Y,R18
                 __SAVELOCR2:
0003a4 931a      	ST   -Y,R17
0003a5 930a      	ST   -Y,R16
0003a6 9508      	RET
                 
                 __LOADLOCR6:
0003a7 815d      	LDD  R21,Y+5
                 __LOADLOCR5:
0003a8 814c      	LDD  R20,Y+4
                 __LOADLOCR4:
0003a9 813b      	LDD  R19,Y+3
                 __LOADLOCR3:
0003aa 812a      	LDD  R18,Y+2
                 __LOADLOCR2:
0003ab 8119      	LDD  R17,Y+1
0003ac 8108      	LD   R16,Y
0003ad 9508      	RET
                 
                 ;END OF CODE MARKER
                 __END_OF_CODE:


RESOURCE USE INFORMATION
------------------------

Notice:
The register and instruction counts are symbol table hit counts,
and hence implicitly used resources are not counted, eg, the
'lpm' instruction without operands implicitly uses r0 and z,
none of which are counted.

x,y,z are separate entities in the symbol table and are
counted separately from r26..r31 here.

.dseg memory usage only counts static data declared with .byte

ATmega8535 register use summary:
r0 :  24 r1 :   8 r2 :   0 r3 :   0 r4 :   5 r5 :   5 r6 :   0 r7 :   5 
r8 :   0 r9 :   0 r10:   0 r11:   0 r12:   0 r13:   0 r14:   0 r15:   6 
r16:  32 r17:  20 r18:  29 r19:   8 r20:   9 r21:  17 r22:   6 r23:   2 
r24:  23 r25:   8 r26: 102 r27:  41 r28:  17 r29:   1 r30: 204 r31:  61 
x  :  20 y  : 141 z  :  14 
Registers used: 25 out of 35 (71.4%)

ATmega8535 instruction use summary:
.lds  :   0 .lds.l:   0 .sts  :   0 .sts.l:   0 adc   :   2 add   :   5 
adiw  :  24 and   :   0 andi  :   7 asr   :   0 bclr  :   0 bld   :   1 
brbc  :   0 brbs  :   0 brcc  :   1 brcs  :   0 break :   0 breq  :  16 
brge  :   0 brhc  :   0 brhs  :   0 brid  :   0 brie  :   0 brlo  :   7 
brlt  :   0 brmi  :   1 brne  :  30 brpl  :   2 brsh  :   5 brtc  :   3 
brts  :   0 brvc  :   0 brvs  :   0 bset  :   0 bst   :   1 cbi   :   3 
cbr   :   0 clc   :   0 clh   :   0 cli   :   1 cln   :   0 clr   :  15 
cls   :   0 clt   :   2 clv   :   0 clz   :   0 com   :   4 cp    :   6 
cpc   :   2 cpi   :  32 cpse  :   0 dec   :   6 des   :   0 eor   :   0 
fmul  :   0 fmuls :   0 fmulsu:   0 icall :   2 ijmp  :   0 in    :   1 
inc   :   4 ld    :  31 ldd   :  64 ldi   : 112 lds   :   0 lpm   :  14 
lsl   :   1 lsr   :   0 mov   :  21 movw  :  20 mul   :   4 muls  :   0 
mulsu :   0 neg   :   2 nop   :   0 or    :   0 ori   :  10 out   :  45 
pop   :   1 push  :   1 rcall : 128 ret   :  41 reti  :   1 rjmp  :  92 
rol   :   3 ror   :   0 sbc   :   2 sbci  :   1 sbi   :   2 sbic  :   2 
sbis  :   1 sbiw  :  19 sbr   :   1 sbrc  :   3 sbrs  :  13 sec   :   0 
seh   :   0 sei   :   1 sen   :   0 ser   :   0 ses   :   0 set   :   2 
sev   :   0 sez   :   0 sleep :   0 spm   :   0 st    :  49 std   :  19 
sts   :   0 sub   :   2 subi  :  17 swap  :   1 tst   :   5 wdr   :   1 

Instructions used: 62 out of 114 (54.4%)

ATmega8535 memory use summary [bytes]:
Segment   Begin    End      Code   Data   Used    Size   Use%
---------------------------------------------------------------
[.cseg] 0x000000 0x00075c   1826     58   1884    8192  23.0%
[.dseg] 0x000060 0x0000e4      0      4      4     607   0.7%
[.eseg] 0x000000 0x000000      0      0      0     512   0.0%

Assembly complete, 0 errors, 3 warnings
